[2024-07-25T09:22:31.296+0000] {taskinstance.py:1159} INFO - Dependencies all met for dep_context=non-requeueable deps ti=<TaskInstance: simple_ids_ingest.first_task scheduled__2023-04-18T00:00:00+00:00 [queued]>
[2024-07-25T09:22:31.585+0000] {taskinstance.py:1159} INFO - Dependencies all met for dep_context=requeueable deps ti=<TaskInstance: simple_ids_ingest.first_task scheduled__2023-04-18T00:00:00+00:00 [queued]>
[2024-07-25T09:22:31.586+0000] {taskinstance.py:1361} INFO - Starting attempt 1 of 2
[2024-07-25T09:22:31.967+0000] {taskinstance.py:1382} INFO - Executing <Task(BashOperator): first_task> on 2023-04-18 00:00:00+00:00
[2024-07-25T09:22:32.186+0000] {standard_task_runner.py:57} INFO - Started process 819 to run task
[2024-07-25T09:22:32.197+0000] {standard_task_runner.py:84} INFO - Running: ['***', 'tasks', 'run', 'simple_ids_ingest', 'first_task', 'scheduled__2023-04-18T00:00:00+00:00', '--job-id', '64', '--raw', '--subdir', 'DAGS_FOLDER/ids_ingest/ids_ingest_dag.py', '--cfg-path', '/tmp/tmpys319roe']
[2024-07-25T09:22:32.232+0000] {standard_task_runner.py:85} INFO - Job 64: Subtask first_task
[2024-07-25T09:22:32.766+0000] {task_command.py:416} INFO - Running <TaskInstance: simple_ids_ingest.first_task scheduled__2023-04-18T00:00:00+00:00 [running]> on host c7799c7b21e5
[2024-07-25T09:22:34.446+0000] {taskinstance.py:1662} INFO - Exporting env vars: AIRFLOW_CTX_DAG_OWNER='Ajay' AIRFLOW_CTX_DAG_ID='simple_ids_ingest' AIRFLOW_CTX_TASK_ID='first_task' AIRFLOW_CTX_EXECUTION_DATE='2023-04-18T00:00:00+00:00' AIRFLOW_CTX_TRY_NUMBER='1' AIRFLOW_CTX_DAG_RUN_ID='scheduled__2023-04-18T00:00:00+00:00'
[2024-07-25T09:22:34.448+0000] {subprocess.py:63} INFO - Tmp dir root location: /tmp
[2024-07-25T09:22:34.509+0000] {subprocess.py:75} INFO - Running command: ['/bin/bash', '-c', 'echo $AIRFLOW_HOME']
[2024-07-25T09:22:35.040+0000] {subprocess.py:86} INFO - Output:
[2024-07-25T09:22:35.221+0000] {subprocess.py:93} INFO - /opt/***
[2024-07-25T09:22:35.291+0000] {subprocess.py:97} INFO - Command exited with return code 0
[2024-07-25T09:22:35.943+0000] {taskinstance.py:1400} INFO - Marking task as SUCCESS. dag_id=simple_ids_ingest, task_id=first_task, execution_date=20230418T000000, start_date=20240725T092231, end_date=20240725T092235
[2024-07-25T09:22:36.826+0000] {local_task_job_runner.py:228} INFO - Task exited with return code 0
[2024-07-25T09:22:37.093+0000] {taskinstance.py:2778} INFO - 0 downstream tasks scheduled from follow-on schedule check
[2024-07-25T14:22:12.414+0000] {taskinstance.py:1159} INFO - Dependencies all met for dep_context=non-requeueable deps ti=<TaskInstance: simple_ids_ingest.first_task scheduled__2023-04-18T00:00:00+00:00 [queued]>
[2024-07-25T14:22:12.680+0000] {taskinstance.py:1159} INFO - Dependencies all met for dep_context=requeueable deps ti=<TaskInstance: simple_ids_ingest.first_task scheduled__2023-04-18T00:00:00+00:00 [queued]>
[2024-07-25T14:22:12.716+0000] {taskinstance.py:1361} INFO - Starting attempt 1 of 2
[2024-07-25T14:22:13.250+0000] {taskinstance.py:1382} INFO - Executing <Task(BashOperator): first_task> on 2023-04-18 00:00:00+00:00
[2024-07-25T14:22:13.393+0000] {standard_task_runner.py:57} INFO - Started process 3414 to run task
[2024-07-25T14:22:13.468+0000] {standard_task_runner.py:84} INFO - Running: ['***', 'tasks', 'run', 'simple_ids_ingest', 'first_task', 'scheduled__2023-04-18T00:00:00+00:00', '--job-id', '370', '--raw', '--subdir', 'DAGS_FOLDER/ids_ingest/ids_ingest_dag.py', '--cfg-path', '/tmp/tmpn6jc9i8u']
[2024-07-25T14:22:13.504+0000] {standard_task_runner.py:85} INFO - Job 370: Subtask first_task
[2024-07-25T14:22:14.957+0000] {task_command.py:416} INFO - Running <TaskInstance: simple_ids_ingest.first_task scheduled__2023-04-18T00:00:00+00:00 [running]> on host b7334bec8397
[2024-07-25T14:22:18.357+0000] {taskinstance.py:1662} INFO - Exporting env vars: AIRFLOW_CTX_DAG_OWNER='Ajay' AIRFLOW_CTX_DAG_ID='simple_ids_ingest' AIRFLOW_CTX_TASK_ID='first_task' AIRFLOW_CTX_EXECUTION_DATE='2023-04-18T00:00:00+00:00' AIRFLOW_CTX_TRY_NUMBER='1' AIRFLOW_CTX_DAG_RUN_ID='scheduled__2023-04-18T00:00:00+00:00'
[2024-07-25T14:22:18.394+0000] {subprocess.py:63} INFO - Tmp dir root location: /tmp
[2024-07-25T14:22:18.461+0000] {subprocess.py:75} INFO - Running command: ['/bin/bash', '-c', 'echo $AIRFLOW_HOME']
[2024-07-25T14:22:18.831+0000] {subprocess.py:86} INFO - Output:
[2024-07-25T14:22:18.835+0000] {subprocess.py:93} INFO - /opt/***
[2024-07-25T14:22:18.961+0000] {subprocess.py:97} INFO - Command exited with return code 0
[2024-07-25T14:22:19.682+0000] {taskinstance.py:1400} INFO - Marking task as SUCCESS. dag_id=simple_ids_ingest, task_id=first_task, execution_date=20230418T000000, start_date=20240725T142212, end_date=20240725T142219
[2024-07-25T14:22:20.599+0000] {local_task_job_runner.py:228} INFO - Task exited with return code 0
[2024-07-25T14:22:20.956+0000] {taskinstance.py:2778} INFO - 1 downstream tasks scheduled from follow-on schedule check
