[2024-07-25T10:07:26.919+0000] {taskinstance.py:1159} INFO - Dependencies all met for dep_context=non-requeueable deps ti=<TaskInstance: holiday_ingest.holiday_api_ingestion scheduled__2023-04-09T00:00:00+00:00 [queued]>
[2024-07-25T10:07:27.055+0000] {taskinstance.py:1159} INFO - Dependencies all met for dep_context=requeueable deps ti=<TaskInstance: holiday_ingest.holiday_api_ingestion scheduled__2023-04-09T00:00:00+00:00 [queued]>
[2024-07-25T10:07:27.056+0000] {taskinstance.py:1361} INFO - Starting attempt 1 of 2
[2024-07-25T10:07:27.208+0000] {taskinstance.py:1382} INFO - Executing <Task(HolidayAPIIngestOperator): holiday_api_ingestion> on 2023-04-09 00:00:00+00:00
[2024-07-25T10:07:27.285+0000] {standard_task_runner.py:57} INFO - Started process 4810 to run task
[2024-07-25T10:07:27.301+0000] {standard_task_runner.py:84} INFO - Running: ['***', 'tasks', 'run', 'holiday_ingest', 'holiday_api_ingestion', 'scheduled__2023-04-09T00:00:00+00:00', '--job-id', '1073', '--raw', '--subdir', 'DAGS_FOLDER/holiday_ingest/holiday_ingest_dag.py', '--cfg-path', '/tmp/tmpm9m1o5p2']
[2024-07-25T10:07:27.308+0000] {standard_task_runner.py:85} INFO - Job 1073: Subtask holiday_api_ingestion
[2024-07-25T10:07:27.624+0000] {task_command.py:416} INFO - Running <TaskInstance: holiday_ingest.holiday_api_ingestion scheduled__2023-04-09T00:00:00+00:00 [running]> on host c7799c7b21e5
[2024-07-25T10:07:28.704+0000] {taskinstance.py:1662} INFO - Exporting env vars: AIRFLOW_CTX_DAG_OWNER='Ajay' AIRFLOW_CTX_DAG_ID='holiday_ingest' AIRFLOW_CTX_TASK_ID='holiday_api_ingestion' AIRFLOW_CTX_EXECUTION_DATE='2023-04-09T00:00:00+00:00' AIRFLOW_CTX_TRY_NUMBER='1' AIRFLOW_CTX_DAG_RUN_ID='scheduled__2023-04-09T00:00:00+00:00'
[2024-07-25T10:07:29.521+0000] {logging_mixin.py:154} INFO - {'status': 402, 'requests': {'used': 36, 'available': 9964, 'resets': '2024-08-01 00:00:00'}, 'error': "Free accounts are limited to last year's historical data only. Upgrade to premium for access to all holiday data. For more information, please visit https://holidayapi.com/docs"}
[2024-07-25T10:07:29.802+0000] {taskinstance.py:1400} INFO - Marking task as SUCCESS. dag_id=holiday_ingest, task_id=holiday_api_ingestion, execution_date=20230409T000000, start_date=20240725T100726, end_date=20240725T100729
[2024-07-25T10:07:30.046+0000] {local_task_job_runner.py:228} INFO - Task exited with return code 0
[2024-07-25T10:07:30.145+0000] {taskinstance.py:2778} INFO - 0 downstream tasks scheduled from follow-on schedule check
[2024-07-25T14:21:33.053+0000] {taskinstance.py:1159} INFO - Dependencies all met for dep_context=non-requeueable deps ti=<TaskInstance: holiday_ingest.holiday_api_ingestion scheduled__2023-04-09T00:00:00+00:00 [queued]>
[2024-07-25T14:21:33.426+0000] {taskinstance.py:1159} INFO - Dependencies all met for dep_context=requeueable deps ti=<TaskInstance: holiday_ingest.holiday_api_ingestion scheduled__2023-04-09T00:00:00+00:00 [queued]>
[2024-07-25T14:21:33.457+0000] {taskinstance.py:1361} INFO - Starting attempt 1 of 2
[2024-07-25T14:21:33.741+0000] {taskinstance.py:1382} INFO - Executing <Task(HolidayAPIIngestOperator): holiday_api_ingestion> on 2023-04-09 00:00:00+00:00
[2024-07-25T14:21:33.983+0000] {standard_task_runner.py:57} INFO - Started process 3320 to run task
[2024-07-25T14:21:34.007+0000] {standard_task_runner.py:84} INFO - Running: ['***', 'tasks', 'run', 'holiday_ingest', 'holiday_api_ingestion', 'scheduled__2023-04-09T00:00:00+00:00', '--job-id', '328', '--raw', '--subdir', 'DAGS_FOLDER/holiday_ingest/holiday_ingest_dag.py', '--cfg-path', '/tmp/tmpw59u6436']
[2024-07-25T14:21:34.276+0000] {standard_task_runner.py:85} INFO - Job 328: Subtask holiday_api_ingestion
[2024-07-25T14:21:35.569+0000] {task_command.py:416} INFO - Running <TaskInstance: holiday_ingest.holiday_api_ingestion scheduled__2023-04-09T00:00:00+00:00 [running]> on host b7334bec8397
[2024-07-25T14:21:37.451+0000] {taskinstance.py:1662} INFO - Exporting env vars: AIRFLOW_CTX_DAG_OWNER='Ajay' AIRFLOW_CTX_DAG_ID='holiday_ingest' AIRFLOW_CTX_TASK_ID='holiday_api_ingestion' AIRFLOW_CTX_EXECUTION_DATE='2023-04-09T00:00:00+00:00' AIRFLOW_CTX_TRY_NUMBER='1' AIRFLOW_CTX_DAG_RUN_ID='scheduled__2023-04-09T00:00:00+00:00'
[2024-07-25T14:21:38.940+0000] {logging_mixin.py:154} INFO - {'status': 402, 'requests': {'used': 527, 'available': 9473, 'resets': '2024-08-01 00:00:00'}, 'error': "Free accounts are limited to last year's historical data only. Upgrade to premium for access to all holiday data. For more information, please visit https://holidayapi.com/docs"}
[2024-07-25T14:21:39.130+0000] {taskinstance.py:1400} INFO - Marking task as SUCCESS. dag_id=holiday_ingest, task_id=holiday_api_ingestion, execution_date=20230409T000000, start_date=20240725T142133, end_date=20240725T142139
[2024-07-25T14:21:39.505+0000] {local_task_job_runner.py:228} INFO - Task exited with return code 0
[2024-07-25T14:21:39.908+0000] {taskinstance.py:2778} INFO - 0 downstream tasks scheduled from follow-on schedule check
