[2024-07-25T10:07:34.574+0000] {taskinstance.py:1159} INFO - Dependencies all met for dep_context=non-requeueable deps ti=<TaskInstance: holiday_ingest.holiday_api_ingestion scheduled__2023-04-22T00:00:00+00:00 [queued]>
[2024-07-25T10:07:34.726+0000] {taskinstance.py:1159} INFO - Dependencies all met for dep_context=requeueable deps ti=<TaskInstance: holiday_ingest.holiday_api_ingestion scheduled__2023-04-22T00:00:00+00:00 [queued]>
[2024-07-25T10:07:34.726+0000] {taskinstance.py:1361} INFO - Starting attempt 1 of 2
[2024-07-25T10:07:34.783+0000] {taskinstance.py:1382} INFO - Executing <Task(HolidayAPIIngestOperator): holiday_api_ingestion> on 2023-04-22 00:00:00+00:00
[2024-07-25T10:07:34.802+0000] {standard_task_runner.py:57} INFO - Started process 4830 to run task
[2024-07-25T10:07:34.995+0000] {standard_task_runner.py:84} INFO - Running: ['***', 'tasks', 'run', 'holiday_ingest', 'holiday_api_ingestion', 'scheduled__2023-04-22T00:00:00+00:00', '--job-id', '1086', '--raw', '--subdir', 'DAGS_FOLDER/holiday_ingest/holiday_ingest_dag.py', '--cfg-path', '/tmp/tmp8rlofx2h']
[2024-07-25T10:07:35.141+0000] {standard_task_runner.py:85} INFO - Job 1086: Subtask holiday_api_ingestion
[2024-07-25T10:07:35.785+0000] {task_command.py:416} INFO - Running <TaskInstance: holiday_ingest.holiday_api_ingestion scheduled__2023-04-22T00:00:00+00:00 [running]> on host c7799c7b21e5
[2024-07-25T10:07:36.894+0000] {taskinstance.py:1662} INFO - Exporting env vars: AIRFLOW_CTX_DAG_OWNER='Ajay' AIRFLOW_CTX_DAG_ID='holiday_ingest' AIRFLOW_CTX_TASK_ID='holiday_api_ingestion' AIRFLOW_CTX_EXECUTION_DATE='2023-04-22T00:00:00+00:00' AIRFLOW_CTX_TRY_NUMBER='1' AIRFLOW_CTX_DAG_RUN_ID='scheduled__2023-04-22T00:00:00+00:00'
[2024-07-25T10:07:38.629+0000] {logging_mixin.py:154} INFO - {'status': 402, 'requests': {'used': 48, 'available': 9952, 'resets': '2024-08-01 00:00:00'}, 'error': "Free accounts are limited to last year's historical data only. Upgrade to premium for access to all holiday data. For more information, please visit https://holidayapi.com/docs"}
[2024-07-25T10:07:38.681+0000] {taskinstance.py:1400} INFO - Marking task as SUCCESS. dag_id=holiday_ingest, task_id=holiday_api_ingestion, execution_date=20230422T000000, start_date=20240725T100734, end_date=20240725T100738
[2024-07-25T10:07:38.784+0000] {local_task_job_runner.py:228} INFO - Task exited with return code 0
[2024-07-25T10:07:38.851+0000] {taskinstance.py:2778} INFO - 0 downstream tasks scheduled from follow-on schedule check
[2024-07-25T14:21:52.299+0000] {taskinstance.py:1159} INFO - Dependencies all met for dep_context=non-requeueable deps ti=<TaskInstance: holiday_ingest.holiday_api_ingestion scheduled__2023-04-22T00:00:00+00:00 [queued]>
[2024-07-25T14:21:52.412+0000] {taskinstance.py:1159} INFO - Dependencies all met for dep_context=requeueable deps ti=<TaskInstance: holiday_ingest.holiday_api_ingestion scheduled__2023-04-22T00:00:00+00:00 [queued]>
[2024-07-25T14:21:52.413+0000] {taskinstance.py:1361} INFO - Starting attempt 1 of 2
[2024-07-25T14:21:52.662+0000] {taskinstance.py:1382} INFO - Executing <Task(HolidayAPIIngestOperator): holiday_api_ingestion> on 2023-04-22 00:00:00+00:00
[2024-07-25T14:21:52.715+0000] {standard_task_runner.py:57} INFO - Started process 3360 to run task
[2024-07-25T14:21:52.788+0000] {standard_task_runner.py:84} INFO - Running: ['***', 'tasks', 'run', 'holiday_ingest', 'holiday_api_ingestion', 'scheduled__2023-04-22T00:00:00+00:00', '--job-id', '351', '--raw', '--subdir', 'DAGS_FOLDER/holiday_ingest/holiday_ingest_dag.py', '--cfg-path', '/tmp/tmpl2j16lgn']
[2024-07-25T14:21:52.809+0000] {standard_task_runner.py:85} INFO - Job 351: Subtask holiday_api_ingestion
[2024-07-25T14:21:53.217+0000] {task_command.py:416} INFO - Running <TaskInstance: holiday_ingest.holiday_api_ingestion scheduled__2023-04-22T00:00:00+00:00 [running]> on host b7334bec8397
[2024-07-25T14:21:54.136+0000] {taskinstance.py:1662} INFO - Exporting env vars: AIRFLOW_CTX_DAG_OWNER='Ajay' AIRFLOW_CTX_DAG_ID='holiday_ingest' AIRFLOW_CTX_TASK_ID='holiday_api_ingestion' AIRFLOW_CTX_EXECUTION_DATE='2023-04-22T00:00:00+00:00' AIRFLOW_CTX_TRY_NUMBER='1' AIRFLOW_CTX_DAG_RUN_ID='scheduled__2023-04-22T00:00:00+00:00'
[2024-07-25T14:21:55.008+0000] {logging_mixin.py:154} INFO - {'status': 402, 'requests': {'used': 540, 'available': 9460, 'resets': '2024-08-01 00:00:00'}, 'error': "Free accounts are limited to last year's historical data only. Upgrade to premium for access to all holiday data. For more information, please visit https://holidayapi.com/docs"}
[2024-07-25T14:21:55.207+0000] {taskinstance.py:1400} INFO - Marking task as SUCCESS. dag_id=holiday_ingest, task_id=holiday_api_ingestion, execution_date=20230422T000000, start_date=20240725T142152, end_date=20240725T142155
[2024-07-25T14:21:55.373+0000] {local_task_job_runner.py:228} INFO - Task exited with return code 0
[2024-07-25T14:21:55.464+0000] {taskinstance.py:2778} INFO - 0 downstream tasks scheduled from follow-on schedule check
