[2024-07-25T10:07:32.167+0000] {taskinstance.py:1159} INFO - Dependencies all met for dep_context=non-requeueable deps ti=<TaskInstance: holiday_ingest.holiday_api_ingestion scheduled__2023-04-18T00:00:00+00:00 [queued]>
[2024-07-25T10:07:32.388+0000] {taskinstance.py:1159} INFO - Dependencies all met for dep_context=requeueable deps ti=<TaskInstance: holiday_ingest.holiday_api_ingestion scheduled__2023-04-18T00:00:00+00:00 [queued]>
[2024-07-25T10:07:32.406+0000] {taskinstance.py:1361} INFO - Starting attempt 1 of 2
[2024-07-25T10:07:32.668+0000] {taskinstance.py:1382} INFO - Executing <Task(HolidayAPIIngestOperator): holiday_api_ingestion> on 2023-04-18 00:00:00+00:00
[2024-07-25T10:07:32.761+0000] {standard_task_runner.py:57} INFO - Started process 4826 to run task
[2024-07-25T10:07:32.809+0000] {standard_task_runner.py:84} INFO - Running: ['***', 'tasks', 'run', 'holiday_ingest', 'holiday_api_ingestion', 'scheduled__2023-04-18T00:00:00+00:00', '--job-id', '1082', '--raw', '--subdir', 'DAGS_FOLDER/holiday_ingest/holiday_ingest_dag.py', '--cfg-path', '/tmp/tmpkrs9x67k']
[2024-07-25T10:07:32.857+0000] {standard_task_runner.py:85} INFO - Job 1082: Subtask holiday_api_ingestion
[2024-07-25T10:07:33.553+0000] {task_command.py:416} INFO - Running <TaskInstance: holiday_ingest.holiday_api_ingestion scheduled__2023-04-18T00:00:00+00:00 [running]> on host c7799c7b21e5
[2024-07-25T10:07:34.267+0000] {taskinstance.py:1662} INFO - Exporting env vars: AIRFLOW_CTX_DAG_OWNER='Ajay' AIRFLOW_CTX_DAG_ID='holiday_ingest' AIRFLOW_CTX_TASK_ID='holiday_api_ingestion' AIRFLOW_CTX_EXECUTION_DATE='2023-04-18T00:00:00+00:00' AIRFLOW_CTX_TRY_NUMBER='1' AIRFLOW_CTX_DAG_RUN_ID='scheduled__2023-04-18T00:00:00+00:00'
[2024-07-25T10:07:35.173+0000] {logging_mixin.py:154} INFO - {'status': 402, 'requests': {'used': 43, 'available': 9957, 'resets': '2024-08-01 00:00:00'}, 'error': "Free accounts are limited to last year's historical data only. Upgrade to premium for access to all holiday data. For more information, please visit https://holidayapi.com/docs"}
[2024-07-25T10:07:35.413+0000] {taskinstance.py:1400} INFO - Marking task as SUCCESS. dag_id=holiday_ingest, task_id=holiday_api_ingestion, execution_date=20230418T000000, start_date=20240725T100732, end_date=20240725T100735
[2024-07-25T10:07:35.728+0000] {local_task_job_runner.py:228} INFO - Task exited with return code 0
[2024-07-25T10:07:35.805+0000] {taskinstance.py:2778} INFO - 0 downstream tasks scheduled from follow-on schedule check
[2024-07-25T14:21:46.273+0000] {taskinstance.py:1159} INFO - Dependencies all met for dep_context=non-requeueable deps ti=<TaskInstance: holiday_ingest.holiday_api_ingestion scheduled__2023-04-18T00:00:00+00:00 [queued]>
[2024-07-25T14:21:46.772+0000] {taskinstance.py:1159} INFO - Dependencies all met for dep_context=requeueable deps ti=<TaskInstance: holiday_ingest.holiday_api_ingestion scheduled__2023-04-18T00:00:00+00:00 [queued]>
[2024-07-25T14:21:46.778+0000] {taskinstance.py:1361} INFO - Starting attempt 1 of 2
[2024-07-25T14:21:47.076+0000] {taskinstance.py:1382} INFO - Executing <Task(HolidayAPIIngestOperator): holiday_api_ingestion> on 2023-04-18 00:00:00+00:00
[2024-07-25T14:21:47.180+0000] {standard_task_runner.py:57} INFO - Started process 3353 to run task
[2024-07-25T14:21:47.277+0000] {standard_task_runner.py:84} INFO - Running: ['***', 'tasks', 'run', 'holiday_ingest', 'holiday_api_ingestion', 'scheduled__2023-04-18T00:00:00+00:00', '--job-id', '345', '--raw', '--subdir', 'DAGS_FOLDER/holiday_ingest/holiday_ingest_dag.py', '--cfg-path', '/tmp/tmpwfkrjngr']
[2024-07-25T14:21:47.331+0000] {standard_task_runner.py:85} INFO - Job 345: Subtask holiday_api_ingestion
[2024-07-25T14:21:48.335+0000] {task_command.py:416} INFO - Running <TaskInstance: holiday_ingest.holiday_api_ingestion scheduled__2023-04-18T00:00:00+00:00 [running]> on host b7334bec8397
[2024-07-25T14:21:49.524+0000] {taskinstance.py:1662} INFO - Exporting env vars: AIRFLOW_CTX_DAG_OWNER='Ajay' AIRFLOW_CTX_DAG_ID='holiday_ingest' AIRFLOW_CTX_TASK_ID='holiday_api_ingestion' AIRFLOW_CTX_EXECUTION_DATE='2023-04-18T00:00:00+00:00' AIRFLOW_CTX_TRY_NUMBER='1' AIRFLOW_CTX_DAG_RUN_ID='scheduled__2023-04-18T00:00:00+00:00'
[2024-07-25T14:21:51.586+0000] {logging_mixin.py:154} INFO - {'status': 402, 'requests': {'used': 537, 'available': 9463, 'resets': '2024-08-01 00:00:00'}, 'error': "Free accounts are limited to last year's historical data only. Upgrade to premium for access to all holiday data. For more information, please visit https://holidayapi.com/docs"}
[2024-07-25T14:21:51.852+0000] {taskinstance.py:1400} INFO - Marking task as SUCCESS. dag_id=holiday_ingest, task_id=holiday_api_ingestion, execution_date=20230418T000000, start_date=20240725T142146, end_date=20240725T142151
[2024-07-25T14:21:52.190+0000] {local_task_job_runner.py:228} INFO - Task exited with return code 0
[2024-07-25T14:21:52.423+0000] {taskinstance.py:2778} INFO - 0 downstream tasks scheduled from follow-on schedule check
