[2024-07-25T10:47:34.143+0000] {taskinstance.py:1159} INFO - Dependencies all met for dep_context=non-requeueable deps ti=<TaskInstance: sensors_move_file.move_file_on_saturdays scheduled__2023-03-22T00:00:00+00:00 [queued]>
[2024-07-25T10:47:34.152+0000] {taskinstance.py:1159} INFO - Dependencies all met for dep_context=requeueable deps ti=<TaskInstance: sensors_move_file.move_file_on_saturdays scheduled__2023-03-22T00:00:00+00:00 [queued]>
[2024-07-25T10:47:34.152+0000] {taskinstance.py:1361} INFO - Starting attempt 1 of 1
[2024-07-25T10:47:34.174+0000] {taskinstance.py:1382} INFO - Executing <Task(DayOfWeekSensor): move_file_on_saturdays> on 2023-03-22 00:00:00+00:00
[2024-07-25T10:47:34.181+0000] {standard_task_runner.py:57} INFO - Started process 7180 to run task
[2024-07-25T10:47:34.187+0000] {standard_task_runner.py:84} INFO - Running: ['***', 'tasks', 'run', 'sensors_move_file', 'move_file_on_saturdays', 'scheduled__2023-03-22T00:00:00+00:00', '--job-id', '1546', '--raw', '--subdir', 'DAGS_FOLDER/move_file/move_file_to_output_dag.py', '--cfg-path', '/tmp/tmpqmtu5snu']
[2024-07-25T10:47:34.188+0000] {standard_task_runner.py:85} INFO - Job 1546: Subtask move_file_on_saturdays
[2024-07-25T10:47:34.361+0000] {task_command.py:416} INFO - Running <TaskInstance: sensors_move_file.move_file_on_saturdays scheduled__2023-03-22T00:00:00+00:00 [running]> on host c7799c7b21e5
[2024-07-25T10:47:34.532+0000] {taskinstance.py:1662} INFO - Exporting env vars: AIRFLOW_CTX_DAG_OWNER='***' AIRFLOW_CTX_DAG_ID='sensors_move_file' AIRFLOW_CTX_TASK_ID='move_file_on_saturdays' AIRFLOW_CTX_EXECUTION_DATE='2023-03-22T00:00:00+00:00' AIRFLOW_CTX_TRY_NUMBER='1' AIRFLOW_CTX_DAG_RUN_ID='scheduled__2023-03-22T00:00:00+00:00'
[2024-07-25T10:47:34.538+0000] {weekday.py:108} INFO - Poking until weekday is in 4, Today is THURSDAY
[2024-07-25T10:47:34.538+0000] {base.py:287} INFO - Success criteria met. Exiting.
[2024-07-25T10:47:34.557+0000] {taskinstance.py:1400} INFO - Marking task as SUCCESS. dag_id=sensors_move_file, task_id=move_file_on_saturdays, execution_date=20230322T000000, start_date=20240725T104734, end_date=20240725T104734
[2024-07-25T10:47:34.700+0000] {local_task_job_runner.py:228} INFO - Task exited with return code 0
[2024-07-25T10:47:34.755+0000] {taskinstance.py:2778} INFO - 0 downstream tasks scheduled from follow-on schedule check
[2024-07-25T14:21:01.349+0000] {taskinstance.py:1159} INFO - Dependencies all met for dep_context=non-requeueable deps ti=<TaskInstance: sensors_move_file.move_file_on_saturdays scheduled__2023-03-22T00:00:00+00:00 [queued]>
[2024-07-25T14:21:01.404+0000] {taskinstance.py:1159} INFO - Dependencies all met for dep_context=requeueable deps ti=<TaskInstance: sensors_move_file.move_file_on_saturdays scheduled__2023-03-22T00:00:00+00:00 [queued]>
[2024-07-25T14:21:01.413+0000] {taskinstance.py:1361} INFO - Starting attempt 1 of 1
[2024-07-25T14:21:01.725+0000] {taskinstance.py:1382} INFO - Executing <Task(DayOfWeekSensor): move_file_on_saturdays> on 2023-03-22 00:00:00+00:00
[2024-07-25T14:21:01.831+0000] {standard_task_runner.py:57} INFO - Started process 3220 to run task
[2024-07-25T14:21:01.886+0000] {standard_task_runner.py:84} INFO - Running: ['***', 'tasks', 'run', 'sensors_move_file', 'move_file_on_saturdays', 'scheduled__2023-03-22T00:00:00+00:00', '--job-id', '295', '--raw', '--subdir', 'DAGS_FOLDER/move_file/move_file_to_output_dag.py', '--cfg-path', '/tmp/tmp5aihb7ue']
[2024-07-25T14:21:01.935+0000] {standard_task_runner.py:85} INFO - Job 295: Subtask move_file_on_saturdays
[2024-07-25T14:21:03.080+0000] {task_command.py:416} INFO - Running <TaskInstance: sensors_move_file.move_file_on_saturdays scheduled__2023-03-22T00:00:00+00:00 [running]> on host b7334bec8397
[2024-07-25T14:21:04.408+0000] {taskinstance.py:1662} INFO - Exporting env vars: AIRFLOW_CTX_DAG_OWNER='***' AIRFLOW_CTX_DAG_ID='sensors_move_file' AIRFLOW_CTX_TASK_ID='move_file_on_saturdays' AIRFLOW_CTX_EXECUTION_DATE='2023-03-22T00:00:00+00:00' AIRFLOW_CTX_TRY_NUMBER='1' AIRFLOW_CTX_DAG_RUN_ID='scheduled__2023-03-22T00:00:00+00:00'
[2024-07-25T14:21:04.423+0000] {weekday.py:108} INFO - Poking until weekday is in 4, Today is THURSDAY
[2024-07-25T14:21:04.429+0000] {base.py:287} INFO - Success criteria met. Exiting.
[2024-07-25T14:21:04.583+0000] {taskinstance.py:1400} INFO - Marking task as SUCCESS. dag_id=sensors_move_file, task_id=move_file_on_saturdays, execution_date=20230322T000000, start_date=20240725T142101, end_date=20240725T142104
[2024-07-25T14:21:05.100+0000] {local_task_job_runner.py:228} INFO - Task exited with return code 0
[2024-07-25T14:21:05.211+0000] {taskinstance.py:2778} INFO - 0 downstream tasks scheduled from follow-on schedule check
