[2024-07-25T10:07:47.082+0000] {taskinstance.py:1159} INFO - Dependencies all met for dep_context=non-requeueable deps ti=<TaskInstance: holiday_ingest.holiday_api_ingestion scheduled__2023-05-03T00:00:00+00:00 [queued]>
[2024-07-25T10:07:47.124+0000] {taskinstance.py:1159} INFO - Dependencies all met for dep_context=requeueable deps ti=<TaskInstance: holiday_ingest.holiday_api_ingestion scheduled__2023-05-03T00:00:00+00:00 [queued]>
[2024-07-25T10:07:47.125+0000] {taskinstance.py:1361} INFO - Starting attempt 1 of 2
[2024-07-25T10:07:47.208+0000] {taskinstance.py:1382} INFO - Executing <Task(HolidayAPIIngestOperator): holiday_api_ingestion> on 2023-05-03 00:00:00+00:00
[2024-07-25T10:07:47.235+0000] {standard_task_runner.py:57} INFO - Started process 4861 to run task
[2024-07-25T10:07:47.310+0000] {standard_task_runner.py:84} INFO - Running: ['***', 'tasks', 'run', 'holiday_ingest', 'holiday_api_ingestion', 'scheduled__2023-05-03T00:00:00+00:00', '--job-id', '1097', '--raw', '--subdir', 'DAGS_FOLDER/holiday_ingest/holiday_ingest_dag.py', '--cfg-path', '/tmp/tmp9ve84dss']
[2024-07-25T10:07:47.342+0000] {standard_task_runner.py:85} INFO - Job 1097: Subtask holiday_api_ingestion
[2024-07-25T10:07:47.521+0000] {task_command.py:416} INFO - Running <TaskInstance: holiday_ingest.holiday_api_ingestion scheduled__2023-05-03T00:00:00+00:00 [running]> on host c7799c7b21e5
[2024-07-25T10:07:47.798+0000] {taskinstance.py:1662} INFO - Exporting env vars: AIRFLOW_CTX_DAG_OWNER='Ajay' AIRFLOW_CTX_DAG_ID='holiday_ingest' AIRFLOW_CTX_TASK_ID='holiday_api_ingestion' AIRFLOW_CTX_EXECUTION_DATE='2023-05-03T00:00:00+00:00' AIRFLOW_CTX_TRY_NUMBER='1' AIRFLOW_CTX_DAG_RUN_ID='scheduled__2023-05-03T00:00:00+00:00'
[2024-07-25T10:07:50.251+0000] {logging_mixin.py:154} INFO - {'status': 402, 'requests': {'used': 62, 'available': 9938, 'resets': '2024-08-01 00:00:00'}, 'error': "Free accounts are limited to last year's historical data only. Upgrade to premium for access to all holiday data. For more information, please visit https://holidayapi.com/docs"}
[2024-07-25T10:07:50.334+0000] {taskinstance.py:1400} INFO - Marking task as SUCCESS. dag_id=holiday_ingest, task_id=holiday_api_ingestion, execution_date=20230503T000000, start_date=20240725T100747, end_date=20240725T100750
[2024-07-25T10:07:50.408+0000] {local_task_job_runner.py:228} INFO - Task exited with return code 0
[2024-07-25T10:07:50.455+0000] {taskinstance.py:2778} INFO - 0 downstream tasks scheduled from follow-on schedule check
[2024-07-25T14:22:27.194+0000] {taskinstance.py:1159} INFO - Dependencies all met for dep_context=non-requeueable deps ti=<TaskInstance: holiday_ingest.holiday_api_ingestion scheduled__2023-05-03T00:00:00+00:00 [queued]>
[2024-07-25T14:22:27.333+0000] {taskinstance.py:1159} INFO - Dependencies all met for dep_context=requeueable deps ti=<TaskInstance: holiday_ingest.holiday_api_ingestion scheduled__2023-05-03T00:00:00+00:00 [queued]>
[2024-07-25T14:22:27.334+0000] {taskinstance.py:1361} INFO - Starting attempt 1 of 2
[2024-07-25T14:22:27.568+0000] {taskinstance.py:1382} INFO - Executing <Task(HolidayAPIIngestOperator): holiday_api_ingestion> on 2023-05-03 00:00:00+00:00
[2024-07-25T14:22:27.771+0000] {standard_task_runner.py:57} INFO - Started process 3450 to run task
[2024-07-25T14:22:27.787+0000] {standard_task_runner.py:84} INFO - Running: ['***', 'tasks', 'run', 'holiday_ingest', 'holiday_api_ingestion', 'scheduled__2023-05-03T00:00:00+00:00', '--job-id', '378', '--raw', '--subdir', 'DAGS_FOLDER/holiday_ingest/holiday_ingest_dag.py', '--cfg-path', '/tmp/tmpn2c9gy6l']
[2024-07-25T14:22:27.904+0000] {standard_task_runner.py:85} INFO - Job 378: Subtask holiday_api_ingestion
[2024-07-25T14:22:28.744+0000] {task_command.py:416} INFO - Running <TaskInstance: holiday_ingest.holiday_api_ingestion scheduled__2023-05-03T00:00:00+00:00 [running]> on host b7334bec8397
[2024-07-25T14:22:30.432+0000] {taskinstance.py:1662} INFO - Exporting env vars: AIRFLOW_CTX_DAG_OWNER='Ajay' AIRFLOW_CTX_DAG_ID='holiday_ingest' AIRFLOW_CTX_TASK_ID='holiday_api_ingestion' AIRFLOW_CTX_EXECUTION_DATE='2023-05-03T00:00:00+00:00' AIRFLOW_CTX_TRY_NUMBER='1' AIRFLOW_CTX_DAG_RUN_ID='scheduled__2023-05-03T00:00:00+00:00'
[2024-07-25T14:22:31.268+0000] {logging_mixin.py:154} INFO - {'status': 402, 'requests': {'used': 549, 'available': 9451, 'resets': '2024-08-01 00:00:00'}, 'error': "Free accounts are limited to last year's historical data only. Upgrade to premium for access to all holiday data. For more information, please visit https://holidayapi.com/docs"}
[2024-07-25T14:22:31.632+0000] {taskinstance.py:1400} INFO - Marking task as SUCCESS. dag_id=holiday_ingest, task_id=holiday_api_ingestion, execution_date=20230503T000000, start_date=20240725T142227, end_date=20240725T142231
[2024-07-25T14:22:32.376+0000] {local_task_job_runner.py:228} INFO - Task exited with return code 0
[2024-07-25T14:22:32.853+0000] {taskinstance.py:2778} INFO - 0 downstream tasks scheduled from follow-on schedule check
