[2024-07-25T09:16:59.242+0000] {taskinstance.py:1159} INFO - Dependencies all met for dep_context=non-requeueable deps ti=<TaskInstance: simple_ids_ingest.first_task scheduled__2023-04-04T00:00:00+00:00 [queued]>
[2024-07-25T09:16:59.692+0000] {taskinstance.py:1159} INFO - Dependencies all met for dep_context=requeueable deps ti=<TaskInstance: simple_ids_ingest.first_task scheduled__2023-04-04T00:00:00+00:00 [queued]>
[2024-07-25T09:16:59.693+0000] {taskinstance.py:1361} INFO - Starting attempt 1 of 2
[2024-07-25T09:17:00.199+0000] {taskinstance.py:1382} INFO - Executing <Task(BashOperator): first_task> on 2023-04-04 00:00:00+00:00
[2024-07-25T09:17:00.283+0000] {standard_task_runner.py:57} INFO - Started process 506 to run task
[2024-07-25T09:17:00.392+0000] {standard_task_runner.py:84} INFO - Running: ['***', 'tasks', 'run', 'simple_ids_ingest', 'first_task', 'scheduled__2023-04-04T00:00:00+00:00', '--job-id', '18', '--raw', '--subdir', 'DAGS_FOLDER/ids_ingest/ids_ingest_dag.py', '--cfg-path', '/tmp/tmp39gyp68m']
[2024-07-25T09:17:00.428+0000] {standard_task_runner.py:85} INFO - Job 18: Subtask first_task
[2024-07-25T09:17:01.106+0000] {task_command.py:416} INFO - Running <TaskInstance: simple_ids_ingest.first_task scheduled__2023-04-04T00:00:00+00:00 [running]> on host c7799c7b21e5
[2024-07-25T09:17:02.397+0000] {taskinstance.py:1662} INFO - Exporting env vars: AIRFLOW_CTX_DAG_OWNER='Ajay' AIRFLOW_CTX_DAG_ID='simple_ids_ingest' AIRFLOW_CTX_TASK_ID='first_task' AIRFLOW_CTX_EXECUTION_DATE='2023-04-04T00:00:00+00:00' AIRFLOW_CTX_TRY_NUMBER='1' AIRFLOW_CTX_DAG_RUN_ID='scheduled__2023-04-04T00:00:00+00:00'
[2024-07-25T09:17:02.412+0000] {subprocess.py:63} INFO - Tmp dir root location: /tmp
[2024-07-25T09:17:02.452+0000] {subprocess.py:75} INFO - Running command: ['/bin/bash', '-c', 'echo $AIRFLOW_HOME']
[2024-07-25T09:17:02.909+0000] {subprocess.py:86} INFO - Output:
[2024-07-25T09:17:02.940+0000] {subprocess.py:93} INFO - /opt/***
[2024-07-25T09:17:02.941+0000] {subprocess.py:97} INFO - Command exited with return code 0
[2024-07-25T09:17:03.216+0000] {taskinstance.py:1400} INFO - Marking task as SUCCESS. dag_id=simple_ids_ingest, task_id=first_task, execution_date=20230404T000000, start_date=20240725T091659, end_date=20240725T091703
[2024-07-25T09:17:03.640+0000] {local_task_job_runner.py:228} INFO - Task exited with return code 0
[2024-07-25T09:17:03.818+0000] {taskinstance.py:2778} INFO - 1 downstream tasks scheduled from follow-on schedule check
[2024-07-25T14:21:23.381+0000] {taskinstance.py:1159} INFO - Dependencies all met for dep_context=non-requeueable deps ti=<TaskInstance: simple_ids_ingest.first_task scheduled__2023-04-04T00:00:00+00:00 [queued]>
[2024-07-25T14:21:23.622+0000] {taskinstance.py:1159} INFO - Dependencies all met for dep_context=requeueable deps ti=<TaskInstance: simple_ids_ingest.first_task scheduled__2023-04-04T00:00:00+00:00 [queued]>
[2024-07-25T14:21:23.628+0000] {taskinstance.py:1361} INFO - Starting attempt 1 of 2
[2024-07-25T14:21:24.134+0000] {taskinstance.py:1382} INFO - Executing <Task(BashOperator): first_task> on 2023-04-04 00:00:00+00:00
[2024-07-25T14:21:24.375+0000] {standard_task_runner.py:57} INFO - Started process 3289 to run task
[2024-07-25T14:21:24.523+0000] {standard_task_runner.py:84} INFO - Running: ['***', 'tasks', 'run', 'simple_ids_ingest', 'first_task', 'scheduled__2023-04-04T00:00:00+00:00', '--job-id', '318', '--raw', '--subdir', 'DAGS_FOLDER/ids_ingest/ids_ingest_dag.py', '--cfg-path', '/tmp/tmp9mankgq3']
[2024-07-25T14:21:24.597+0000] {standard_task_runner.py:85} INFO - Job 318: Subtask first_task
[2024-07-25T14:21:25.352+0000] {task_command.py:416} INFO - Running <TaskInstance: simple_ids_ingest.first_task scheduled__2023-04-04T00:00:00+00:00 [running]> on host b7334bec8397
[2024-07-25T14:21:26.664+0000] {taskinstance.py:1662} INFO - Exporting env vars: AIRFLOW_CTX_DAG_OWNER='Ajay' AIRFLOW_CTX_DAG_ID='simple_ids_ingest' AIRFLOW_CTX_TASK_ID='first_task' AIRFLOW_CTX_EXECUTION_DATE='2023-04-04T00:00:00+00:00' AIRFLOW_CTX_TRY_NUMBER='1' AIRFLOW_CTX_DAG_RUN_ID='scheduled__2023-04-04T00:00:00+00:00'
[2024-07-25T14:21:26.677+0000] {subprocess.py:63} INFO - Tmp dir root location: /tmp
[2024-07-25T14:21:26.688+0000] {subprocess.py:75} INFO - Running command: ['/bin/bash', '-c', 'echo $AIRFLOW_HOME']
[2024-07-25T14:21:26.953+0000] {subprocess.py:86} INFO - Output:
[2024-07-25T14:21:26.974+0000] {subprocess.py:93} INFO - /opt/***
[2024-07-25T14:21:26.982+0000] {subprocess.py:97} INFO - Command exited with return code 0
[2024-07-25T14:21:27.189+0000] {taskinstance.py:1400} INFO - Marking task as SUCCESS. dag_id=simple_ids_ingest, task_id=first_task, execution_date=20230404T000000, start_date=20240725T142123, end_date=20240725T142127
[2024-07-25T14:21:27.417+0000] {local_task_job_runner.py:228} INFO - Task exited with return code 0
[2024-07-25T14:21:27.757+0000] {taskinstance.py:2778} INFO - 0 downstream tasks scheduled from follow-on schedule check
