[2024-07-25T10:07:31.601+0000] {taskinstance.py:1159} INFO - Dependencies all met for dep_context=non-requeueable deps ti=<TaskInstance: holiday_ingest.holiday_api_ingestion scheduled__2023-04-17T00:00:00+00:00 [queued]>
[2024-07-25T10:07:31.768+0000] {taskinstance.py:1159} INFO - Dependencies all met for dep_context=requeueable deps ti=<TaskInstance: holiday_ingest.holiday_api_ingestion scheduled__2023-04-17T00:00:00+00:00 [queued]>
[2024-07-25T10:07:31.788+0000] {taskinstance.py:1361} INFO - Starting attempt 1 of 2
[2024-07-25T10:07:32.053+0000] {taskinstance.py:1382} INFO - Executing <Task(HolidayAPIIngestOperator): holiday_api_ingestion> on 2023-04-17 00:00:00+00:00
[2024-07-25T10:07:32.176+0000] {standard_task_runner.py:57} INFO - Started process 4824 to run task
[2024-07-25T10:07:32.231+0000] {standard_task_runner.py:84} INFO - Running: ['***', 'tasks', 'run', 'holiday_ingest', 'holiday_api_ingestion', 'scheduled__2023-04-17T00:00:00+00:00', '--job-id', '1080', '--raw', '--subdir', 'DAGS_FOLDER/holiday_ingest/holiday_ingest_dag.py', '--cfg-path', '/tmp/tmp21g2unww']
[2024-07-25T10:07:32.313+0000] {standard_task_runner.py:85} INFO - Job 1080: Subtask holiday_api_ingestion
[2024-07-25T10:07:33.107+0000] {task_command.py:416} INFO - Running <TaskInstance: holiday_ingest.holiday_api_ingestion scheduled__2023-04-17T00:00:00+00:00 [running]> on host c7799c7b21e5
[2024-07-25T10:07:34.064+0000] {taskinstance.py:1662} INFO - Exporting env vars: AIRFLOW_CTX_DAG_OWNER='Ajay' AIRFLOW_CTX_DAG_ID='holiday_ingest' AIRFLOW_CTX_TASK_ID='holiday_api_ingestion' AIRFLOW_CTX_EXECUTION_DATE='2023-04-17T00:00:00+00:00' AIRFLOW_CTX_TRY_NUMBER='1' AIRFLOW_CTX_DAG_RUN_ID='scheduled__2023-04-17T00:00:00+00:00'
[2024-07-25T10:07:35.025+0000] {logging_mixin.py:154} INFO - {'status': 402, 'requests': {'used': 42, 'available': 9958, 'resets': '2024-08-01 00:00:00'}, 'error': "Free accounts are limited to last year's historical data only. Upgrade to premium for access to all holiday data. For more information, please visit https://holidayapi.com/docs"}
[2024-07-25T10:07:35.420+0000] {taskinstance.py:1400} INFO - Marking task as SUCCESS. dag_id=holiday_ingest, task_id=holiday_api_ingestion, execution_date=20230417T000000, start_date=20240725T100731, end_date=20240725T100735
[2024-07-25T10:07:35.647+0000] {local_task_job_runner.py:228} INFO - Task exited with return code 0
[2024-07-25T10:07:35.840+0000] {taskinstance.py:2778} INFO - 0 downstream tasks scheduled from follow-on schedule check
[2024-07-25T14:21:44.526+0000] {taskinstance.py:1159} INFO - Dependencies all met for dep_context=non-requeueable deps ti=<TaskInstance: holiday_ingest.holiday_api_ingestion scheduled__2023-04-17T00:00:00+00:00 [queued]>
[2024-07-25T14:21:44.580+0000] {taskinstance.py:1159} INFO - Dependencies all met for dep_context=requeueable deps ti=<TaskInstance: holiday_ingest.holiday_api_ingestion scheduled__2023-04-17T00:00:00+00:00 [queued]>
[2024-07-25T14:21:44.580+0000] {taskinstance.py:1361} INFO - Starting attempt 1 of 2
[2024-07-25T14:21:44.610+0000] {taskinstance.py:1382} INFO - Executing <Task(HolidayAPIIngestOperator): holiday_api_ingestion> on 2023-04-17 00:00:00+00:00
[2024-07-25T14:21:44.785+0000] {standard_task_runner.py:57} INFO - Started process 3343 to run task
[2024-07-25T14:21:44.870+0000] {standard_task_runner.py:84} INFO - Running: ['***', 'tasks', 'run', 'holiday_ingest', 'holiday_api_ingestion', 'scheduled__2023-04-17T00:00:00+00:00', '--job-id', '342', '--raw', '--subdir', 'DAGS_FOLDER/holiday_ingest/holiday_ingest_dag.py', '--cfg-path', '/tmp/tmpwbnyn3cd']
[2024-07-25T14:21:44.888+0000] {standard_task_runner.py:85} INFO - Job 342: Subtask holiday_api_ingestion
[2024-07-25T14:21:45.837+0000] {task_command.py:416} INFO - Running <TaskInstance: holiday_ingest.holiday_api_ingestion scheduled__2023-04-17T00:00:00+00:00 [running]> on host b7334bec8397
[2024-07-25T14:21:47.535+0000] {taskinstance.py:1662} INFO - Exporting env vars: AIRFLOW_CTX_DAG_OWNER='Ajay' AIRFLOW_CTX_DAG_ID='holiday_ingest' AIRFLOW_CTX_TASK_ID='holiday_api_ingestion' AIRFLOW_CTX_EXECUTION_DATE='2023-04-17T00:00:00+00:00' AIRFLOW_CTX_TRY_NUMBER='1' AIRFLOW_CTX_DAG_RUN_ID='scheduled__2023-04-17T00:00:00+00:00'
[2024-07-25T14:21:50.747+0000] {logging_mixin.py:154} INFO - {'status': 402, 'requests': {'used': 534, 'available': 9466, 'resets': '2024-08-01 00:00:00'}, 'error': "Free accounts are limited to last year's historical data only. Upgrade to premium for access to all holiday data. For more information, please visit https://holidayapi.com/docs"}
[2024-07-25T14:21:50.894+0000] {taskinstance.py:1400} INFO - Marking task as SUCCESS. dag_id=holiday_ingest, task_id=holiday_api_ingestion, execution_date=20230417T000000, start_date=20240725T142144, end_date=20240725T142150
[2024-07-25T14:21:51.179+0000] {local_task_job_runner.py:228} INFO - Task exited with return code 0
[2024-07-25T14:21:51.246+0000] {taskinstance.py:2778} INFO - 0 downstream tasks scheduled from follow-on schedule check
