[2024-07-25T10:07:37.359+0000] {taskinstance.py:1159} INFO - Dependencies all met for dep_context=non-requeueable deps ti=<TaskInstance: holiday_ingest.holiday_api_ingestion scheduled__2023-04-23T00:00:00+00:00 [queued]>
[2024-07-25T10:07:37.405+0000] {taskinstance.py:1159} INFO - Dependencies all met for dep_context=requeueable deps ti=<TaskInstance: holiday_ingest.holiday_api_ingestion scheduled__2023-04-23T00:00:00+00:00 [queued]>
[2024-07-25T10:07:37.405+0000] {taskinstance.py:1361} INFO - Starting attempt 1 of 2
[2024-07-25T10:07:37.468+0000] {taskinstance.py:1382} INFO - Executing <Task(HolidayAPIIngestOperator): holiday_api_ingestion> on 2023-04-23 00:00:00+00:00
[2024-07-25T10:07:37.511+0000] {standard_task_runner.py:57} INFO - Started process 4837 to run task
[2024-07-25T10:07:37.526+0000] {standard_task_runner.py:84} INFO - Running: ['***', 'tasks', 'run', 'holiday_ingest', 'holiday_api_ingestion', 'scheduled__2023-04-23T00:00:00+00:00', '--job-id', '1087', '--raw', '--subdir', 'DAGS_FOLDER/holiday_ingest/holiday_ingest_dag.py', '--cfg-path', '/tmp/tmp3iv24hub']
[2024-07-25T10:07:37.527+0000] {standard_task_runner.py:85} INFO - Job 1087: Subtask holiday_api_ingestion
[2024-07-25T10:07:37.714+0000] {task_command.py:416} INFO - Running <TaskInstance: holiday_ingest.holiday_api_ingestion scheduled__2023-04-23T00:00:00+00:00 [running]> on host c7799c7b21e5
[2024-07-25T10:07:38.037+0000] {taskinstance.py:1662} INFO - Exporting env vars: AIRFLOW_CTX_DAG_OWNER='Ajay' AIRFLOW_CTX_DAG_ID='holiday_ingest' AIRFLOW_CTX_TASK_ID='holiday_api_ingestion' AIRFLOW_CTX_EXECUTION_DATE='2023-04-23T00:00:00+00:00' AIRFLOW_CTX_TRY_NUMBER='1' AIRFLOW_CTX_DAG_RUN_ID='scheduled__2023-04-23T00:00:00+00:00'
[2024-07-25T10:07:39.680+0000] {logging_mixin.py:154} INFO - {'status': 402, 'requests': {'used': 50, 'available': 9950, 'resets': '2024-08-01 00:00:00'}, 'error': "Free accounts are limited to last year's historical data only. Upgrade to premium for access to all holiday data. For more information, please visit https://holidayapi.com/docs"}
[2024-07-25T10:07:39.774+0000] {taskinstance.py:1400} INFO - Marking task as SUCCESS. dag_id=holiday_ingest, task_id=holiday_api_ingestion, execution_date=20230423T000000, start_date=20240725T100737, end_date=20240725T100739
[2024-07-25T10:07:39.856+0000] {local_task_job_runner.py:228} INFO - Task exited with return code 0
[2024-07-25T10:07:39.882+0000] {taskinstance.py:2778} INFO - 0 downstream tasks scheduled from follow-on schedule check
[2024-07-25T14:21:53.022+0000] {taskinstance.py:1159} INFO - Dependencies all met for dep_context=non-requeueable deps ti=<TaskInstance: holiday_ingest.holiday_api_ingestion scheduled__2023-04-23T00:00:00+00:00 [queued]>
[2024-07-25T14:21:53.120+0000] {taskinstance.py:1159} INFO - Dependencies all met for dep_context=requeueable deps ti=<TaskInstance: holiday_ingest.holiday_api_ingestion scheduled__2023-04-23T00:00:00+00:00 [queued]>
[2024-07-25T14:21:53.121+0000] {taskinstance.py:1361} INFO - Starting attempt 1 of 2
[2024-07-25T14:21:53.292+0000] {taskinstance.py:1382} INFO - Executing <Task(HolidayAPIIngestOperator): holiday_api_ingestion> on 2023-04-23 00:00:00+00:00
[2024-07-25T14:21:53.394+0000] {standard_task_runner.py:57} INFO - Started process 3361 to run task
[2024-07-25T14:21:53.407+0000] {standard_task_runner.py:84} INFO - Running: ['***', 'tasks', 'run', 'holiday_ingest', 'holiday_api_ingestion', 'scheduled__2023-04-23T00:00:00+00:00', '--job-id', '352', '--raw', '--subdir', 'DAGS_FOLDER/holiday_ingest/holiday_ingest_dag.py', '--cfg-path', '/tmp/tmpmjbsvx98']
[2024-07-25T14:21:53.451+0000] {standard_task_runner.py:85} INFO - Job 352: Subtask holiday_api_ingestion
[2024-07-25T14:21:53.882+0000] {task_command.py:416} INFO - Running <TaskInstance: holiday_ingest.holiday_api_ingestion scheduled__2023-04-23T00:00:00+00:00 [running]> on host b7334bec8397
[2024-07-25T14:21:55.159+0000] {taskinstance.py:1662} INFO - Exporting env vars: AIRFLOW_CTX_DAG_OWNER='Ajay' AIRFLOW_CTX_DAG_ID='holiday_ingest' AIRFLOW_CTX_TASK_ID='holiday_api_ingestion' AIRFLOW_CTX_EXECUTION_DATE='2023-04-23T00:00:00+00:00' AIRFLOW_CTX_TRY_NUMBER='1' AIRFLOW_CTX_DAG_RUN_ID='scheduled__2023-04-23T00:00:00+00:00'
[2024-07-25T14:21:57.014+0000] {logging_mixin.py:154} INFO - {'status': 402, 'requests': {'used': 541, 'available': 9459, 'resets': '2024-08-01 00:00:00'}, 'error': "Free accounts are limited to last year's historical data only. Upgrade to premium for access to all holiday data. For more information, please visit https://holidayapi.com/docs"}
[2024-07-25T14:21:57.126+0000] {taskinstance.py:1400} INFO - Marking task as SUCCESS. dag_id=holiday_ingest, task_id=holiday_api_ingestion, execution_date=20230423T000000, start_date=20240725T142153, end_date=20240725T142157
[2024-07-25T14:21:57.264+0000] {local_task_job_runner.py:228} INFO - Task exited with return code 0
[2024-07-25T14:21:57.431+0000] {taskinstance.py:2778} INFO - 0 downstream tasks scheduled from follow-on schedule check
