[2024-07-25T09:22:28.071+0000] {taskinstance.py:1159} INFO - Dependencies all met for dep_context=non-requeueable deps ti=<TaskInstance: simple_ids_ingest.first_task scheduled__2023-04-13T00:00:00+00:00 [queued]>
[2024-07-25T09:22:28.290+0000] {taskinstance.py:1159} INFO - Dependencies all met for dep_context=requeueable deps ti=<TaskInstance: simple_ids_ingest.first_task scheduled__2023-04-13T00:00:00+00:00 [queued]>
[2024-07-25T09:22:28.290+0000] {taskinstance.py:1361} INFO - Starting attempt 1 of 2
[2024-07-25T09:22:28.404+0000] {taskinstance.py:1382} INFO - Executing <Task(BashOperator): first_task> on 2023-04-13 00:00:00+00:00
[2024-07-25T09:22:28.426+0000] {standard_task_runner.py:57} INFO - Started process 796 to run task
[2024-07-25T09:22:28.469+0000] {standard_task_runner.py:84} INFO - Running: ['***', 'tasks', 'run', 'simple_ids_ingest', 'first_task', 'scheduled__2023-04-13T00:00:00+00:00', '--job-id', '56', '--raw', '--subdir', 'DAGS_FOLDER/ids_ingest/ids_ingest_dag.py', '--cfg-path', '/tmp/tmpx64jvcca']
[2024-07-25T09:22:28.484+0000] {standard_task_runner.py:85} INFO - Job 56: Subtask first_task
[2024-07-25T09:22:28.880+0000] {task_command.py:416} INFO - Running <TaskInstance: simple_ids_ingest.first_task scheduled__2023-04-13T00:00:00+00:00 [running]> on host c7799c7b21e5
[2024-07-25T09:22:29.950+0000] {taskinstance.py:1662} INFO - Exporting env vars: AIRFLOW_CTX_DAG_OWNER='Ajay' AIRFLOW_CTX_DAG_ID='simple_ids_ingest' AIRFLOW_CTX_TASK_ID='first_task' AIRFLOW_CTX_EXECUTION_DATE='2023-04-13T00:00:00+00:00' AIRFLOW_CTX_TRY_NUMBER='1' AIRFLOW_CTX_DAG_RUN_ID='scheduled__2023-04-13T00:00:00+00:00'
[2024-07-25T09:22:29.951+0000] {subprocess.py:63} INFO - Tmp dir root location: /tmp
[2024-07-25T09:22:29.966+0000] {subprocess.py:75} INFO - Running command: ['/bin/bash', '-c', 'echo $AIRFLOW_HOME']
[2024-07-25T09:22:30.234+0000] {subprocess.py:86} INFO - Output:
[2024-07-25T09:22:30.238+0000] {subprocess.py:93} INFO - /opt/***
[2024-07-25T09:22:30.258+0000] {subprocess.py:97} INFO - Command exited with return code 0
[2024-07-25T09:22:30.427+0000] {taskinstance.py:1400} INFO - Marking task as SUCCESS. dag_id=simple_ids_ingest, task_id=first_task, execution_date=20230413T000000, start_date=20240725T092228, end_date=20240725T092230
[2024-07-25T09:22:30.787+0000] {local_task_job_runner.py:228} INFO - Task exited with return code 0
[2024-07-25T09:22:31.021+0000] {taskinstance.py:2778} INFO - 1 downstream tasks scheduled from follow-on schedule check
[2024-07-25T14:22:09.417+0000] {taskinstance.py:1159} INFO - Dependencies all met for dep_context=non-requeueable deps ti=<TaskInstance: simple_ids_ingest.first_task scheduled__2023-04-13T00:00:00+00:00 [queued]>
[2024-07-25T14:22:09.767+0000] {taskinstance.py:1159} INFO - Dependencies all met for dep_context=requeueable deps ti=<TaskInstance: simple_ids_ingest.first_task scheduled__2023-04-13T00:00:00+00:00 [queued]>
[2024-07-25T14:22:09.816+0000] {taskinstance.py:1361} INFO - Starting attempt 1 of 2
[2024-07-25T14:22:10.252+0000] {taskinstance.py:1382} INFO - Executing <Task(BashOperator): first_task> on 2023-04-13 00:00:00+00:00
[2024-07-25T14:22:10.423+0000] {standard_task_runner.py:57} INFO - Started process 3400 to run task
[2024-07-25T14:22:10.503+0000] {standard_task_runner.py:84} INFO - Running: ['***', 'tasks', 'run', 'simple_ids_ingest', 'first_task', 'scheduled__2023-04-13T00:00:00+00:00', '--job-id', '362', '--raw', '--subdir', 'DAGS_FOLDER/ids_ingest/ids_ingest_dag.py', '--cfg-path', '/tmp/tmp0w7sfk_f']
[2024-07-25T14:22:10.612+0000] {standard_task_runner.py:85} INFO - Job 362: Subtask first_task
[2024-07-25T14:22:11.297+0000] {task_command.py:416} INFO - Running <TaskInstance: simple_ids_ingest.first_task scheduled__2023-04-13T00:00:00+00:00 [running]> on host b7334bec8397
[2024-07-25T14:22:13.072+0000] {taskinstance.py:1662} INFO - Exporting env vars: AIRFLOW_CTX_DAG_OWNER='Ajay' AIRFLOW_CTX_DAG_ID='simple_ids_ingest' AIRFLOW_CTX_TASK_ID='first_task' AIRFLOW_CTX_EXECUTION_DATE='2023-04-13T00:00:00+00:00' AIRFLOW_CTX_TRY_NUMBER='1' AIRFLOW_CTX_DAG_RUN_ID='scheduled__2023-04-13T00:00:00+00:00'
[2024-07-25T14:22:13.099+0000] {subprocess.py:63} INFO - Tmp dir root location: /tmp
[2024-07-25T14:22:13.130+0000] {subprocess.py:75} INFO - Running command: ['/bin/bash', '-c', 'echo $AIRFLOW_HOME']
[2024-07-25T14:22:13.526+0000] {subprocess.py:86} INFO - Output:
[2024-07-25T14:22:13.601+0000] {subprocess.py:93} INFO - /opt/***
[2024-07-25T14:22:13.607+0000] {subprocess.py:97} INFO - Command exited with return code 0
[2024-07-25T14:22:13.903+0000] {taskinstance.py:1400} INFO - Marking task as SUCCESS. dag_id=simple_ids_ingest, task_id=first_task, execution_date=20230413T000000, start_date=20240725T142209, end_date=20240725T142213
[2024-07-25T14:22:14.970+0000] {local_task_job_runner.py:228} INFO - Task exited with return code 0
[2024-07-25T14:22:15.407+0000] {taskinstance.py:2778} INFO - 0 downstream tasks scheduled from follow-on schedule check
