[2024-07-25T09:22:27.966+0000] {taskinstance.py:1159} INFO - Dependencies all met for dep_context=non-requeueable deps ti=<TaskInstance: simple_ids_ingest.first_task scheduled__2023-04-11T00:00:00+00:00 [queued]>
[2024-07-25T09:22:28.147+0000] {taskinstance.py:1159} INFO - Dependencies all met for dep_context=requeueable deps ti=<TaskInstance: simple_ids_ingest.first_task scheduled__2023-04-11T00:00:00+00:00 [queued]>
[2024-07-25T09:22:28.148+0000] {taskinstance.py:1361} INFO - Starting attempt 1 of 2
[2024-07-25T09:22:28.443+0000] {taskinstance.py:1382} INFO - Executing <Task(BashOperator): first_task> on 2023-04-11 00:00:00+00:00
[2024-07-25T09:22:28.512+0000] {standard_task_runner.py:57} INFO - Started process 797 to run task
[2024-07-25T09:22:28.570+0000] {standard_task_runner.py:84} INFO - Running: ['***', 'tasks', 'run', 'simple_ids_ingest', 'first_task', 'scheduled__2023-04-11T00:00:00+00:00', '--job-id', '55', '--raw', '--subdir', 'DAGS_FOLDER/ids_ingest/ids_ingest_dag.py', '--cfg-path', '/tmp/tmp_tfi2sxp']
[2024-07-25T09:22:28.579+0000] {standard_task_runner.py:85} INFO - Job 55: Subtask first_task
[2024-07-25T09:22:28.983+0000] {task_command.py:416} INFO - Running <TaskInstance: simple_ids_ingest.first_task scheduled__2023-04-11T00:00:00+00:00 [running]> on host c7799c7b21e5
[2024-07-25T09:22:30.067+0000] {taskinstance.py:1662} INFO - Exporting env vars: AIRFLOW_CTX_DAG_OWNER='Ajay' AIRFLOW_CTX_DAG_ID='simple_ids_ingest' AIRFLOW_CTX_TASK_ID='first_task' AIRFLOW_CTX_EXECUTION_DATE='2023-04-11T00:00:00+00:00' AIRFLOW_CTX_TRY_NUMBER='1' AIRFLOW_CTX_DAG_RUN_ID='scheduled__2023-04-11T00:00:00+00:00'
[2024-07-25T09:22:30.073+0000] {subprocess.py:63} INFO - Tmp dir root location: /tmp
[2024-07-25T09:22:30.078+0000] {subprocess.py:75} INFO - Running command: ['/bin/bash', '-c', 'echo $AIRFLOW_HOME']
[2024-07-25T09:22:30.385+0000] {subprocess.py:86} INFO - Output:
[2024-07-25T09:22:30.412+0000] {subprocess.py:93} INFO - /opt/***
[2024-07-25T09:22:30.417+0000] {subprocess.py:97} INFO - Command exited with return code 0
[2024-07-25T09:22:30.603+0000] {taskinstance.py:1400} INFO - Marking task as SUCCESS. dag_id=simple_ids_ingest, task_id=first_task, execution_date=20230411T000000, start_date=20240725T092227, end_date=20240725T092230
[2024-07-25T09:22:31.117+0000] {local_task_job_runner.py:228} INFO - Task exited with return code 0
[2024-07-25T09:22:31.236+0000] {taskinstance.py:2778} INFO - 0 downstream tasks scheduled from follow-on schedule check
[2024-07-25T14:22:07.992+0000] {taskinstance.py:1159} INFO - Dependencies all met for dep_context=non-requeueable deps ti=<TaskInstance: simple_ids_ingest.first_task scheduled__2023-04-11T00:00:00+00:00 [queued]>
[2024-07-25T14:22:08.160+0000] {taskinstance.py:1159} INFO - Dependencies all met for dep_context=requeueable deps ti=<TaskInstance: simple_ids_ingest.first_task scheduled__2023-04-11T00:00:00+00:00 [queued]>
[2024-07-25T14:22:08.173+0000] {taskinstance.py:1361} INFO - Starting attempt 1 of 2
[2024-07-25T14:22:08.476+0000] {taskinstance.py:1382} INFO - Executing <Task(BashOperator): first_task> on 2023-04-11 00:00:00+00:00
[2024-07-25T14:22:08.643+0000] {standard_task_runner.py:57} INFO - Started process 3395 to run task
[2024-07-25T14:22:08.839+0000] {standard_task_runner.py:84} INFO - Running: ['***', 'tasks', 'run', 'simple_ids_ingest', 'first_task', 'scheduled__2023-04-11T00:00:00+00:00', '--job-id', '359', '--raw', '--subdir', 'DAGS_FOLDER/ids_ingest/ids_ingest_dag.py', '--cfg-path', '/tmp/tmpp4u5vrzj']
[2024-07-25T14:22:09.165+0000] {standard_task_runner.py:85} INFO - Job 359: Subtask first_task
[2024-07-25T14:22:10.204+0000] {task_command.py:416} INFO - Running <TaskInstance: simple_ids_ingest.first_task scheduled__2023-04-11T00:00:00+00:00 [running]> on host b7334bec8397
[2024-07-25T14:22:11.853+0000] {taskinstance.py:1662} INFO - Exporting env vars: AIRFLOW_CTX_DAG_OWNER='Ajay' AIRFLOW_CTX_DAG_ID='simple_ids_ingest' AIRFLOW_CTX_TASK_ID='first_task' AIRFLOW_CTX_EXECUTION_DATE='2023-04-11T00:00:00+00:00' AIRFLOW_CTX_TRY_NUMBER='1' AIRFLOW_CTX_DAG_RUN_ID='scheduled__2023-04-11T00:00:00+00:00'
[2024-07-25T14:22:11.854+0000] {subprocess.py:63} INFO - Tmp dir root location: /tmp
[2024-07-25T14:22:11.855+0000] {subprocess.py:75} INFO - Running command: ['/bin/bash', '-c', 'echo $AIRFLOW_HOME']
[2024-07-25T14:22:12.683+0000] {subprocess.py:86} INFO - Output:
[2024-07-25T14:22:12.799+0000] {subprocess.py:93} INFO - /opt/***
[2024-07-25T14:22:12.799+0000] {subprocess.py:97} INFO - Command exited with return code 0
[2024-07-25T14:22:13.127+0000] {taskinstance.py:1400} INFO - Marking task as SUCCESS. dag_id=simple_ids_ingest, task_id=first_task, execution_date=20230411T000000, start_date=20240725T142208, end_date=20240725T142213
[2024-07-25T14:22:13.643+0000] {local_task_job_runner.py:228} INFO - Task exited with return code 0
[2024-07-25T14:22:13.931+0000] {taskinstance.py:2778} INFO - 1 downstream tasks scheduled from follow-on schedule check
