[2024-07-25T10:07:59.748+0000] {taskinstance.py:1159} INFO - Dependencies all met for dep_context=non-requeueable deps ti=<TaskInstance: holiday_ingest.holiday_api_ingestion scheduled__2023-05-13T00:00:00+00:00 [queued]>
[2024-07-25T10:07:59.974+0000] {taskinstance.py:1159} INFO - Dependencies all met for dep_context=requeueable deps ti=<TaskInstance: holiday_ingest.holiday_api_ingestion scheduled__2023-05-13T00:00:00+00:00 [queued]>
[2024-07-25T10:07:59.981+0000] {taskinstance.py:1361} INFO - Starting attempt 1 of 2
[2024-07-25T10:08:00.236+0000] {taskinstance.py:1382} INFO - Executing <Task(HolidayAPIIngestOperator): holiday_api_ingestion> on 2023-05-13 00:00:00+00:00
[2024-07-25T10:08:00.319+0000] {standard_task_runner.py:57} INFO - Started process 4895 to run task
[2024-07-25T10:08:00.414+0000] {standard_task_runner.py:84} INFO - Running: ['***', 'tasks', 'run', 'holiday_ingest', 'holiday_api_ingestion', 'scheduled__2023-05-13T00:00:00+00:00', '--job-id', '1107', '--raw', '--subdir', 'DAGS_FOLDER/holiday_ingest/holiday_ingest_dag.py', '--cfg-path', '/tmp/tmp3a4yggjr']
[2024-07-25T10:08:00.448+0000] {standard_task_runner.py:85} INFO - Job 1107: Subtask holiday_api_ingestion
[2024-07-25T10:08:01.089+0000] {task_command.py:416} INFO - Running <TaskInstance: holiday_ingest.holiday_api_ingestion scheduled__2023-05-13T00:00:00+00:00 [running]> on host c7799c7b21e5
[2024-07-25T10:08:02.165+0000] {taskinstance.py:1662} INFO - Exporting env vars: AIRFLOW_CTX_DAG_OWNER='Ajay' AIRFLOW_CTX_DAG_ID='holiday_ingest' AIRFLOW_CTX_TASK_ID='holiday_api_ingestion' AIRFLOW_CTX_EXECUTION_DATE='2023-05-13T00:00:00+00:00' AIRFLOW_CTX_TRY_NUMBER='1' AIRFLOW_CTX_DAG_RUN_ID='scheduled__2023-05-13T00:00:00+00:00'
[2024-07-25T10:08:02.921+0000] {logging_mixin.py:154} INFO - {'status': 402, 'requests': {'used': 70, 'available': 9930, 'resets': '2024-08-01 00:00:00'}, 'error': "Free accounts are limited to last year's historical data only. Upgrade to premium for access to all holiday data. For more information, please visit https://holidayapi.com/docs"}
[2024-07-25T10:08:03.299+0000] {taskinstance.py:1400} INFO - Marking task as SUCCESS. dag_id=holiday_ingest, task_id=holiday_api_ingestion, execution_date=20230513T000000, start_date=20240725T100759, end_date=20240725T100803
[2024-07-25T10:08:03.555+0000] {local_task_job_runner.py:228} INFO - Task exited with return code 0
[2024-07-25T10:08:03.680+0000] {taskinstance.py:2778} INFO - 0 downstream tasks scheduled from follow-on schedule check
[2024-07-25T14:22:50.112+0000] {taskinstance.py:1159} INFO - Dependencies all met for dep_context=non-requeueable deps ti=<TaskInstance: holiday_ingest.holiday_api_ingestion scheduled__2023-05-13T00:00:00+00:00 [queued]>
[2024-07-25T14:22:50.319+0000] {taskinstance.py:1159} INFO - Dependencies all met for dep_context=requeueable deps ti=<TaskInstance: holiday_ingest.holiday_api_ingestion scheduled__2023-05-13T00:00:00+00:00 [queued]>
[2024-07-25T14:22:50.332+0000] {taskinstance.py:1361} INFO - Starting attempt 1 of 2
[2024-07-25T14:22:50.544+0000] {taskinstance.py:1382} INFO - Executing <Task(HolidayAPIIngestOperator): holiday_api_ingestion> on 2023-05-13 00:00:00+00:00
[2024-07-25T14:22:50.673+0000] {standard_task_runner.py:57} INFO - Started process 3511 to run task
[2024-07-25T14:22:50.717+0000] {standard_task_runner.py:84} INFO - Running: ['***', 'tasks', 'run', 'holiday_ingest', 'holiday_api_ingestion', 'scheduled__2023-05-13T00:00:00+00:00', '--job-id', '406', '--raw', '--subdir', 'DAGS_FOLDER/holiday_ingest/holiday_ingest_dag.py', '--cfg-path', '/tmp/tmp4r393maq']
[2024-07-25T14:22:50.722+0000] {standard_task_runner.py:85} INFO - Job 406: Subtask holiday_api_ingestion
[2024-07-25T14:22:51.181+0000] {task_command.py:416} INFO - Running <TaskInstance: holiday_ingest.holiday_api_ingestion scheduled__2023-05-13T00:00:00+00:00 [running]> on host b7334bec8397
[2024-07-25T14:22:52.140+0000] {taskinstance.py:1662} INFO - Exporting env vars: AIRFLOW_CTX_DAG_OWNER='Ajay' AIRFLOW_CTX_DAG_ID='holiday_ingest' AIRFLOW_CTX_TASK_ID='holiday_api_ingestion' AIRFLOW_CTX_EXECUTION_DATE='2023-05-13T00:00:00+00:00' AIRFLOW_CTX_TRY_NUMBER='1' AIRFLOW_CTX_DAG_RUN_ID='scheduled__2023-05-13T00:00:00+00:00'
[2024-07-25T14:22:53.823+0000] {logging_mixin.py:154} INFO - {'status': 402, 'requests': {'used': 561, 'available': 9439, 'resets': '2024-08-01 00:00:00'}, 'error': "Free accounts are limited to last year's historical data only. Upgrade to premium for access to all holiday data. For more information, please visit https://holidayapi.com/docs"}
[2024-07-25T14:22:53.877+0000] {taskinstance.py:1400} INFO - Marking task as SUCCESS. dag_id=holiday_ingest, task_id=holiday_api_ingestion, execution_date=20230513T000000, start_date=20240725T142250, end_date=20240725T142253
[2024-07-25T14:22:53.970+0000] {local_task_job_runner.py:228} INFO - Task exited with return code 0
[2024-07-25T14:22:54.041+0000] {taskinstance.py:2778} INFO - 0 downstream tasks scheduled from follow-on schedule check
