[2024-07-25T09:27:59.392+0000] {taskinstance.py:1159} INFO - Dependencies all met for dep_context=non-requeueable deps ti=<TaskInstance: simple_ids_ingest.first_task scheduled__2023-04-23T00:00:00+00:00 [queued]>
[2024-07-25T09:27:59.529+0000] {taskinstance.py:1159} INFO - Dependencies all met for dep_context=requeueable deps ti=<TaskInstance: simple_ids_ingest.first_task scheduled__2023-04-23T00:00:00+00:00 [queued]>
[2024-07-25T09:27:59.536+0000] {taskinstance.py:1361} INFO - Starting attempt 1 of 2
[2024-07-25T09:27:59.803+0000] {taskinstance.py:1382} INFO - Executing <Task(BashOperator): first_task> on 2023-04-23 00:00:00+00:00
[2024-07-25T09:27:59.932+0000] {standard_task_runner.py:57} INFO - Started process 1098 to run task
[2024-07-25T09:27:59.965+0000] {standard_task_runner.py:84} INFO - Running: ['***', 'tasks', 'run', 'simple_ids_ingest', 'first_task', 'scheduled__2023-04-23T00:00:00+00:00', '--job-id', '100', '--raw', '--subdir', 'DAGS_FOLDER/ids_ingest/ids_ingest_dag.py', '--cfg-path', '/tmp/tmp98kaxsbs']
[2024-07-25T09:28:00.156+0000] {standard_task_runner.py:85} INFO - Job 100: Subtask first_task
[2024-07-25T09:28:01.168+0000] {task_command.py:416} INFO - Running <TaskInstance: simple_ids_ingest.first_task scheduled__2023-04-23T00:00:00+00:00 [running]> on host c7799c7b21e5
[2024-07-25T09:28:02.013+0000] {taskinstance.py:1662} INFO - Exporting env vars: AIRFLOW_CTX_DAG_OWNER='Ajay' AIRFLOW_CTX_DAG_ID='simple_ids_ingest' AIRFLOW_CTX_TASK_ID='first_task' AIRFLOW_CTX_EXECUTION_DATE='2023-04-23T00:00:00+00:00' AIRFLOW_CTX_TRY_NUMBER='1' AIRFLOW_CTX_DAG_RUN_ID='scheduled__2023-04-23T00:00:00+00:00'
[2024-07-25T09:28:02.016+0000] {subprocess.py:63} INFO - Tmp dir root location: /tmp
[2024-07-25T09:28:02.031+0000] {subprocess.py:75} INFO - Running command: ['/bin/bash', '-c', 'echo $AIRFLOW_HOME']
[2024-07-25T09:28:02.404+0000] {subprocess.py:86} INFO - Output:
[2024-07-25T09:28:02.452+0000] {subprocess.py:93} INFO - /opt/***
[2024-07-25T09:28:02.486+0000] {subprocess.py:97} INFO - Command exited with return code 0
[2024-07-25T09:28:02.818+0000] {taskinstance.py:1400} INFO - Marking task as SUCCESS. dag_id=simple_ids_ingest, task_id=first_task, execution_date=20230423T000000, start_date=20240725T092759, end_date=20240725T092802
[2024-07-25T09:28:03.291+0000] {local_task_job_runner.py:228} INFO - Task exited with return code 0
[2024-07-25T09:28:03.476+0000] {taskinstance.py:2778} INFO - 0 downstream tasks scheduled from follow-on schedule check
[2024-07-25T14:22:48.993+0000] {taskinstance.py:1159} INFO - Dependencies all met for dep_context=non-requeueable deps ti=<TaskInstance: simple_ids_ingest.first_task scheduled__2023-04-23T00:00:00+00:00 [queued]>
[2024-07-25T14:22:49.097+0000] {taskinstance.py:1159} INFO - Dependencies all met for dep_context=requeueable deps ti=<TaskInstance: simple_ids_ingest.first_task scheduled__2023-04-23T00:00:00+00:00 [queued]>
[2024-07-25T14:22:49.118+0000] {taskinstance.py:1361} INFO - Starting attempt 1 of 2
[2024-07-25T14:22:49.257+0000] {taskinstance.py:1382} INFO - Executing <Task(BashOperator): first_task> on 2023-04-23 00:00:00+00:00
[2024-07-25T14:22:49.323+0000] {standard_task_runner.py:57} INFO - Started process 3508 to run task
[2024-07-25T14:22:49.350+0000] {standard_task_runner.py:84} INFO - Running: ['***', 'tasks', 'run', 'simple_ids_ingest', 'first_task', 'scheduled__2023-04-23T00:00:00+00:00', '--job-id', '404', '--raw', '--subdir', 'DAGS_FOLDER/ids_ingest/ids_ingest_dag.py', '--cfg-path', '/tmp/tmpew2k0nol']
[2024-07-25T14:22:49.376+0000] {standard_task_runner.py:85} INFO - Job 404: Subtask first_task
[2024-07-25T14:22:49.697+0000] {task_command.py:416} INFO - Running <TaskInstance: simple_ids_ingest.first_task scheduled__2023-04-23T00:00:00+00:00 [running]> on host b7334bec8397
[2024-07-25T14:22:50.430+0000] {taskinstance.py:1662} INFO - Exporting env vars: AIRFLOW_CTX_DAG_OWNER='Ajay' AIRFLOW_CTX_DAG_ID='simple_ids_ingest' AIRFLOW_CTX_TASK_ID='first_task' AIRFLOW_CTX_EXECUTION_DATE='2023-04-23T00:00:00+00:00' AIRFLOW_CTX_TRY_NUMBER='1' AIRFLOW_CTX_DAG_RUN_ID='scheduled__2023-04-23T00:00:00+00:00'
[2024-07-25T14:22:50.458+0000] {subprocess.py:63} INFO - Tmp dir root location: /tmp
[2024-07-25T14:22:50.475+0000] {subprocess.py:75} INFO - Running command: ['/bin/bash', '-c', 'echo $AIRFLOW_HOME']
[2024-07-25T14:22:50.657+0000] {subprocess.py:86} INFO - Output:
[2024-07-25T14:22:50.706+0000] {subprocess.py:93} INFO - /opt/***
[2024-07-25T14:22:50.708+0000] {subprocess.py:97} INFO - Command exited with return code 0
[2024-07-25T14:22:50.920+0000] {taskinstance.py:1400} INFO - Marking task as SUCCESS. dag_id=simple_ids_ingest, task_id=first_task, execution_date=20230423T000000, start_date=20240725T142249, end_date=20240725T142250
[2024-07-25T14:22:51.208+0000] {local_task_job_runner.py:228} INFO - Task exited with return code 0
[2024-07-25T14:22:51.516+0000] {taskinstance.py:2778} INFO - 1 downstream tasks scheduled from follow-on schedule check
