[2024-07-25T10:07:30.742+0000] {taskinstance.py:1159} INFO - Dependencies all met for dep_context=non-requeueable deps ti=<TaskInstance: holiday_ingest.holiday_api_ingestion scheduled__2023-04-14T00:00:00+00:00 [queued]>
[2024-07-25T10:07:30.896+0000] {taskinstance.py:1159} INFO - Dependencies all met for dep_context=requeueable deps ti=<TaskInstance: holiday_ingest.holiday_api_ingestion scheduled__2023-04-14T00:00:00+00:00 [queued]>
[2024-07-25T10:07:30.897+0000] {taskinstance.py:1361} INFO - Starting attempt 1 of 2
[2024-07-25T10:07:31.200+0000] {taskinstance.py:1382} INFO - Executing <Task(HolidayAPIIngestOperator): holiday_api_ingestion> on 2023-04-14 00:00:00+00:00
[2024-07-25T10:07:31.274+0000] {standard_task_runner.py:57} INFO - Started process 4821 to run task
[2024-07-25T10:07:31.338+0000] {standard_task_runner.py:84} INFO - Running: ['***', 'tasks', 'run', 'holiday_ingest', 'holiday_api_ingestion', 'scheduled__2023-04-14T00:00:00+00:00', '--job-id', '1078', '--raw', '--subdir', 'DAGS_FOLDER/holiday_ingest/holiday_ingest_dag.py', '--cfg-path', '/tmp/tmpp_f5ba52']
[2024-07-25T10:07:31.352+0000] {standard_task_runner.py:85} INFO - Job 1078: Subtask holiday_api_ingestion
[2024-07-25T10:07:31.969+0000] {task_command.py:416} INFO - Running <TaskInstance: holiday_ingest.holiday_api_ingestion scheduled__2023-04-14T00:00:00+00:00 [running]> on host c7799c7b21e5
[2024-07-25T10:07:33.392+0000] {taskinstance.py:1662} INFO - Exporting env vars: AIRFLOW_CTX_DAG_OWNER='Ajay' AIRFLOW_CTX_DAG_ID='holiday_ingest' AIRFLOW_CTX_TASK_ID='holiday_api_ingestion' AIRFLOW_CTX_EXECUTION_DATE='2023-04-14T00:00:00+00:00' AIRFLOW_CTX_TRY_NUMBER='1' AIRFLOW_CTX_DAG_RUN_ID='scheduled__2023-04-14T00:00:00+00:00'
[2024-07-25T10:07:34.292+0000] {logging_mixin.py:154} INFO - {'status': 402, 'requests': {'used': 41, 'available': 9959, 'resets': '2024-08-01 00:00:00'}, 'error': "Free accounts are limited to last year's historical data only. Upgrade to premium for access to all holiday data. For more information, please visit https://holidayapi.com/docs"}
[2024-07-25T10:07:34.540+0000] {taskinstance.py:1400} INFO - Marking task as SUCCESS. dag_id=holiday_ingest, task_id=holiday_api_ingestion, execution_date=20230414T000000, start_date=20240725T100730, end_date=20240725T100734
[2024-07-25T10:07:34.786+0000] {local_task_job_runner.py:228} INFO - Task exited with return code 0
[2024-07-25T10:07:34.861+0000] {taskinstance.py:2778} INFO - 0 downstream tasks scheduled from follow-on schedule check
[2024-07-25T14:21:42.459+0000] {taskinstance.py:1159} INFO - Dependencies all met for dep_context=non-requeueable deps ti=<TaskInstance: holiday_ingest.holiday_api_ingestion scheduled__2023-04-14T00:00:00+00:00 [queued]>
[2024-07-25T14:21:42.488+0000] {taskinstance.py:1159} INFO - Dependencies all met for dep_context=requeueable deps ti=<TaskInstance: holiday_ingest.holiday_api_ingestion scheduled__2023-04-14T00:00:00+00:00 [queued]>
[2024-07-25T14:21:42.495+0000] {taskinstance.py:1361} INFO - Starting attempt 1 of 2
[2024-07-25T14:21:42.775+0000] {taskinstance.py:1382} INFO - Executing <Task(HolidayAPIIngestOperator): holiday_api_ingestion> on 2023-04-14 00:00:00+00:00
[2024-07-25T14:21:42.951+0000] {standard_task_runner.py:57} INFO - Started process 3338 to run task
[2024-07-25T14:21:43.037+0000] {standard_task_runner.py:84} INFO - Running: ['***', 'tasks', 'run', 'holiday_ingest', 'holiday_api_ingestion', 'scheduled__2023-04-14T00:00:00+00:00', '--job-id', '338', '--raw', '--subdir', 'DAGS_FOLDER/holiday_ingest/holiday_ingest_dag.py', '--cfg-path', '/tmp/tmpjl012bse']
[2024-07-25T14:21:43.061+0000] {standard_task_runner.py:85} INFO - Job 338: Subtask holiday_api_ingestion
[2024-07-25T14:21:43.691+0000] {task_command.py:416} INFO - Running <TaskInstance: holiday_ingest.holiday_api_ingestion scheduled__2023-04-14T00:00:00+00:00 [running]> on host b7334bec8397
[2024-07-25T14:21:45.296+0000] {taskinstance.py:1662} INFO - Exporting env vars: AIRFLOW_CTX_DAG_OWNER='Ajay' AIRFLOW_CTX_DAG_ID='holiday_ingest' AIRFLOW_CTX_TASK_ID='holiday_api_ingestion' AIRFLOW_CTX_EXECUTION_DATE='2023-04-14T00:00:00+00:00' AIRFLOW_CTX_TRY_NUMBER='1' AIRFLOW_CTX_DAG_RUN_ID='scheduled__2023-04-14T00:00:00+00:00'
[2024-07-25T14:21:46.338+0000] {logging_mixin.py:154} INFO - {'status': 402, 'requests': {'used': 532, 'available': 9468, 'resets': '2024-08-01 00:00:00'}, 'error': "Free accounts are limited to last year's historical data only. Upgrade to premium for access to all holiday data. For more information, please visit https://holidayapi.com/docs"}
[2024-07-25T14:21:46.779+0000] {taskinstance.py:1400} INFO - Marking task as SUCCESS. dag_id=holiday_ingest, task_id=holiday_api_ingestion, execution_date=20230414T000000, start_date=20240725T142142, end_date=20240725T142146
[2024-07-25T14:21:47.252+0000] {local_task_job_runner.py:228} INFO - Task exited with return code 0
[2024-07-25T14:21:47.363+0000] {taskinstance.py:2778} INFO - 0 downstream tasks scheduled from follow-on schedule check
