[2024-07-25T09:22:30.310+0000] {taskinstance.py:1159} INFO - Dependencies all met for dep_context=non-requeueable deps ti=<TaskInstance: simple_ids_ingest.first_task scheduled__2023-04-17T00:00:00+00:00 [queued]>
[2024-07-25T09:22:30.465+0000] {taskinstance.py:1159} INFO - Dependencies all met for dep_context=requeueable deps ti=<TaskInstance: simple_ids_ingest.first_task scheduled__2023-04-17T00:00:00+00:00 [queued]>
[2024-07-25T09:22:30.478+0000] {taskinstance.py:1361} INFO - Starting attempt 1 of 2
[2024-07-25T09:22:30.825+0000] {taskinstance.py:1382} INFO - Executing <Task(BashOperator): first_task> on 2023-04-17 00:00:00+00:00
[2024-07-25T09:22:30.948+0000] {standard_task_runner.py:57} INFO - Started process 811 to run task
[2024-07-25T09:22:31.015+0000] {standard_task_runner.py:84} INFO - Running: ['***', 'tasks', 'run', 'simple_ids_ingest', 'first_task', 'scheduled__2023-04-17T00:00:00+00:00', '--job-id', '62', '--raw', '--subdir', 'DAGS_FOLDER/ids_ingest/ids_ingest_dag.py', '--cfg-path', '/tmp/tmp3v1umw1l']
[2024-07-25T09:22:31.048+0000] {standard_task_runner.py:85} INFO - Job 62: Subtask first_task
[2024-07-25T09:22:31.971+0000] {task_command.py:416} INFO - Running <TaskInstance: simple_ids_ingest.first_task scheduled__2023-04-17T00:00:00+00:00 [running]> on host c7799c7b21e5
[2024-07-25T09:22:32.785+0000] {taskinstance.py:1662} INFO - Exporting env vars: AIRFLOW_CTX_DAG_OWNER='Ajay' AIRFLOW_CTX_DAG_ID='simple_ids_ingest' AIRFLOW_CTX_TASK_ID='first_task' AIRFLOW_CTX_EXECUTION_DATE='2023-04-17T00:00:00+00:00' AIRFLOW_CTX_TRY_NUMBER='1' AIRFLOW_CTX_DAG_RUN_ID='scheduled__2023-04-17T00:00:00+00:00'
[2024-07-25T09:22:32.794+0000] {subprocess.py:63} INFO - Tmp dir root location: /tmp
[2024-07-25T09:22:32.795+0000] {subprocess.py:75} INFO - Running command: ['/bin/bash', '-c', 'echo $AIRFLOW_HOME']
[2024-07-25T09:22:33.454+0000] {subprocess.py:86} INFO - Output:
[2024-07-25T09:22:33.502+0000] {subprocess.py:93} INFO - /opt/***
[2024-07-25T09:22:33.521+0000] {subprocess.py:97} INFO - Command exited with return code 0
[2024-07-25T09:22:33.825+0000] {taskinstance.py:1400} INFO - Marking task as SUCCESS. dag_id=simple_ids_ingest, task_id=first_task, execution_date=20230417T000000, start_date=20240725T092230, end_date=20240725T092233
[2024-07-25T09:22:34.452+0000] {local_task_job_runner.py:228} INFO - Task exited with return code 0
[2024-07-25T09:22:34.764+0000] {taskinstance.py:2778} INFO - 1 downstream tasks scheduled from follow-on schedule check
[2024-07-25T14:22:11.611+0000] {taskinstance.py:1159} INFO - Dependencies all met for dep_context=non-requeueable deps ti=<TaskInstance: simple_ids_ingest.first_task scheduled__2023-04-17T00:00:00+00:00 [queued]>
[2024-07-25T14:22:12.051+0000] {taskinstance.py:1159} INFO - Dependencies all met for dep_context=requeueable deps ti=<TaskInstance: simple_ids_ingest.first_task scheduled__2023-04-17T00:00:00+00:00 [queued]>
[2024-07-25T14:22:12.051+0000] {taskinstance.py:1361} INFO - Starting attempt 1 of 2
[2024-07-25T14:22:12.714+0000] {taskinstance.py:1382} INFO - Executing <Task(BashOperator): first_task> on 2023-04-17 00:00:00+00:00
[2024-07-25T14:22:12.915+0000] {standard_task_runner.py:57} INFO - Started process 3411 to run task
[2024-07-25T14:22:13.067+0000] {standard_task_runner.py:84} INFO - Running: ['***', 'tasks', 'run', 'simple_ids_ingest', 'first_task', 'scheduled__2023-04-17T00:00:00+00:00', '--job-id', '368', '--raw', '--subdir', 'DAGS_FOLDER/ids_ingest/ids_ingest_dag.py', '--cfg-path', '/tmp/tmpvgnav6j2']
[2024-07-25T14:22:13.126+0000] {standard_task_runner.py:85} INFO - Job 368: Subtask first_task
[2024-07-25T14:22:14.065+0000] {task_command.py:416} INFO - Running <TaskInstance: simple_ids_ingest.first_task scheduled__2023-04-17T00:00:00+00:00 [running]> on host b7334bec8397
[2024-07-25T14:22:17.445+0000] {taskinstance.py:1662} INFO - Exporting env vars: AIRFLOW_CTX_DAG_OWNER='Ajay' AIRFLOW_CTX_DAG_ID='simple_ids_ingest' AIRFLOW_CTX_TASK_ID='first_task' AIRFLOW_CTX_EXECUTION_DATE='2023-04-17T00:00:00+00:00' AIRFLOW_CTX_TRY_NUMBER='1' AIRFLOW_CTX_DAG_RUN_ID='scheduled__2023-04-17T00:00:00+00:00'
[2024-07-25T14:22:17.446+0000] {subprocess.py:63} INFO - Tmp dir root location: /tmp
[2024-07-25T14:22:17.447+0000] {subprocess.py:75} INFO - Running command: ['/bin/bash', '-c', 'echo $AIRFLOW_HOME']
[2024-07-25T14:22:18.303+0000] {subprocess.py:86} INFO - Output:
[2024-07-25T14:22:18.400+0000] {subprocess.py:93} INFO - /opt/***
[2024-07-25T14:22:18.402+0000] {subprocess.py:97} INFO - Command exited with return code 0
[2024-07-25T14:22:18.749+0000] {taskinstance.py:1400} INFO - Marking task as SUCCESS. dag_id=simple_ids_ingest, task_id=first_task, execution_date=20230417T000000, start_date=20240725T142211, end_date=20240725T142218
[2024-07-25T14:22:19.772+0000] {local_task_job_runner.py:228} INFO - Task exited with return code 0
[2024-07-25T14:22:20.245+0000] {taskinstance.py:2778} INFO - 0 downstream tasks scheduled from follow-on schedule check
