[2024-07-25T10:07:46.974+0000] {taskinstance.py:1159} INFO - Dependencies all met for dep_context=non-requeueable deps ti=<TaskInstance: holiday_ingest.holiday_api_ingestion scheduled__2023-05-02T00:00:00+00:00 [queued]>
[2024-07-25T10:07:47.016+0000] {taskinstance.py:1159} INFO - Dependencies all met for dep_context=requeueable deps ti=<TaskInstance: holiday_ingest.holiday_api_ingestion scheduled__2023-05-02T00:00:00+00:00 [queued]>
[2024-07-25T10:07:47.017+0000] {taskinstance.py:1361} INFO - Starting attempt 1 of 2
[2024-07-25T10:07:47.073+0000] {taskinstance.py:1382} INFO - Executing <Task(HolidayAPIIngestOperator): holiday_api_ingestion> on 2023-05-02 00:00:00+00:00
[2024-07-25T10:07:47.098+0000] {standard_task_runner.py:57} INFO - Started process 4859 to run task
[2024-07-25T10:07:47.115+0000] {standard_task_runner.py:84} INFO - Running: ['***', 'tasks', 'run', 'holiday_ingest', 'holiday_api_ingestion', 'scheduled__2023-05-02T00:00:00+00:00', '--job-id', '1096', '--raw', '--subdir', 'DAGS_FOLDER/holiday_ingest/holiday_ingest_dag.py', '--cfg-path', '/tmp/tmp38gk0n2_']
[2024-07-25T10:07:47.125+0000] {standard_task_runner.py:85} INFO - Job 1096: Subtask holiday_api_ingestion
[2024-07-25T10:07:47.367+0000] {task_command.py:416} INFO - Running <TaskInstance: holiday_ingest.holiday_api_ingestion scheduled__2023-05-02T00:00:00+00:00 [running]> on host c7799c7b21e5
[2024-07-25T10:07:47.738+0000] {taskinstance.py:1662} INFO - Exporting env vars: AIRFLOW_CTX_DAG_OWNER='Ajay' AIRFLOW_CTX_DAG_ID='holiday_ingest' AIRFLOW_CTX_TASK_ID='holiday_api_ingestion' AIRFLOW_CTX_EXECUTION_DATE='2023-05-02T00:00:00+00:00' AIRFLOW_CTX_TRY_NUMBER='1' AIRFLOW_CTX_DAG_RUN_ID='scheduled__2023-05-02T00:00:00+00:00'
[2024-07-25T10:07:48.705+0000] {logging_mixin.py:154} INFO - {'status': 402, 'requests': {'used': 58, 'available': 9942, 'resets': '2024-08-01 00:00:00'}, 'error': "Free accounts are limited to last year's historical data only. Upgrade to premium for access to all holiday data. For more information, please visit https://holidayapi.com/docs"}
[2024-07-25T10:07:48.732+0000] {taskinstance.py:1400} INFO - Marking task as SUCCESS. dag_id=holiday_ingest, task_id=holiday_api_ingestion, execution_date=20230502T000000, start_date=20240725T100746, end_date=20240725T100748
[2024-07-25T10:07:48.791+0000] {local_task_job_runner.py:228} INFO - Task exited with return code 0
[2024-07-25T10:07:48.804+0000] {taskinstance.py:2778} INFO - 0 downstream tasks scheduled from follow-on schedule check
[2024-07-25T14:22:27.294+0000] {taskinstance.py:1159} INFO - Dependencies all met for dep_context=non-requeueable deps ti=<TaskInstance: holiday_ingest.holiday_api_ingestion scheduled__2023-05-02T00:00:00+00:00 [queued]>
[2024-07-25T14:22:27.469+0000] {taskinstance.py:1159} INFO - Dependencies all met for dep_context=requeueable deps ti=<TaskInstance: holiday_ingest.holiday_api_ingestion scheduled__2023-05-02T00:00:00+00:00 [queued]>
[2024-07-25T14:22:27.488+0000] {taskinstance.py:1361} INFO - Starting attempt 1 of 2
[2024-07-25T14:22:27.740+0000] {taskinstance.py:1382} INFO - Executing <Task(HolidayAPIIngestOperator): holiday_api_ingestion> on 2023-05-02 00:00:00+00:00
[2024-07-25T14:22:27.871+0000] {standard_task_runner.py:57} INFO - Started process 3452 to run task
[2024-07-25T14:22:27.959+0000] {standard_task_runner.py:84} INFO - Running: ['***', 'tasks', 'run', 'holiday_ingest', 'holiday_api_ingestion', 'scheduled__2023-05-02T00:00:00+00:00', '--job-id', '379', '--raw', '--subdir', 'DAGS_FOLDER/holiday_ingest/holiday_ingest_dag.py', '--cfg-path', '/tmp/tmpl5ptdkas']
[2024-07-25T14:22:28.038+0000] {standard_task_runner.py:85} INFO - Job 379: Subtask holiday_api_ingestion
[2024-07-25T14:22:29.174+0000] {task_command.py:416} INFO - Running <TaskInstance: holiday_ingest.holiday_api_ingestion scheduled__2023-05-02T00:00:00+00:00 [running]> on host b7334bec8397
[2024-07-25T14:22:30.834+0000] {taskinstance.py:1662} INFO - Exporting env vars: AIRFLOW_CTX_DAG_OWNER='Ajay' AIRFLOW_CTX_DAG_ID='holiday_ingest' AIRFLOW_CTX_TASK_ID='holiday_api_ingestion' AIRFLOW_CTX_EXECUTION_DATE='2023-05-02T00:00:00+00:00' AIRFLOW_CTX_TRY_NUMBER='1' AIRFLOW_CTX_DAG_RUN_ID='scheduled__2023-05-02T00:00:00+00:00'
[2024-07-25T14:22:31.721+0000] {logging_mixin.py:154} INFO - {'status': 402, 'requests': {'used': 551, 'available': 9449, 'resets': '2024-08-01 00:00:00'}, 'error': "Free accounts are limited to last year's historical data only. Upgrade to premium for access to all holiday data. For more information, please visit https://holidayapi.com/docs"}
[2024-07-25T14:22:32.223+0000] {taskinstance.py:1400} INFO - Marking task as SUCCESS. dag_id=holiday_ingest, task_id=holiday_api_ingestion, execution_date=20230502T000000, start_date=20240725T142227, end_date=20240725T142232
[2024-07-25T14:22:33.349+0000] {local_task_job_runner.py:228} INFO - Task exited with return code 0
[2024-07-25T14:22:33.675+0000] {taskinstance.py:2778} INFO - 0 downstream tasks scheduled from follow-on schedule check
