[2024-07-25T09:22:30.694+0000] {taskinstance.py:1159} INFO - Dependencies all met for dep_context=non-requeueable deps ti=<TaskInstance: simple_ids_ingest.get_id_from_json scheduled__2023-04-06T00:00:00+00:00 [queued]>
[2024-07-25T09:22:30.956+0000] {taskinstance.py:1159} INFO - Dependencies all met for dep_context=requeueable deps ti=<TaskInstance: simple_ids_ingest.get_id_from_json scheduled__2023-04-06T00:00:00+00:00 [queued]>
[2024-07-25T09:22:30.961+0000] {taskinstance.py:1361} INFO - Starting attempt 1 of 2
[2024-07-25T09:22:31.480+0000] {taskinstance.py:1382} INFO - Executing <Task(PythonOperator): get_id_from_json> on 2023-04-06 00:00:00+00:00
[2024-07-25T09:22:31.634+0000] {standard_task_runner.py:57} INFO - Started process 812 to run task
[2024-07-25T09:22:31.761+0000] {standard_task_runner.py:84} INFO - Running: ['***', 'tasks', 'run', 'simple_ids_ingest', 'get_id_from_json', 'scheduled__2023-04-06T00:00:00+00:00', '--job-id', '63', '--raw', '--subdir', 'DAGS_FOLDER/ids_ingest/ids_ingest_dag.py', '--cfg-path', '/tmp/tmpxj63u7ii']
[2024-07-25T09:22:31.785+0000] {standard_task_runner.py:85} INFO - Job 63: Subtask get_id_from_json
[2024-07-25T09:22:32.444+0000] {task_command.py:416} INFO - Running <TaskInstance: simple_ids_ingest.get_id_from_json scheduled__2023-04-06T00:00:00+00:00 [running]> on host c7799c7b21e5
[2024-07-25T09:22:33.902+0000] {taskinstance.py:1662} INFO - Exporting env vars: AIRFLOW_CTX_DAG_OWNER='Ajay' AIRFLOW_CTX_DAG_ID='simple_ids_ingest' AIRFLOW_CTX_TASK_ID='get_id_from_json' AIRFLOW_CTX_EXECUTION_DATE='2023-04-06T00:00:00+00:00' AIRFLOW_CTX_TRY_NUMBER='1' AIRFLOW_CTX_DAG_RUN_ID='scheduled__2023-04-06T00:00:00+00:00'
[2024-07-25T09:22:33.903+0000] {taskinstance.py:1937} ERROR - Task failed with exception
Traceback (most recent call last):
  File "/home/airflow/.local/lib/python3.8/site-packages/airflow/operators/python.py", line 192, in execute
    return_value = self.execute_callable()
  File "/home/airflow/.local/lib/python3.8/site-packages/airflow/operators/python.py", line 209, in execute_callable
    return self.python_callable(*self.op_args, **self.op_kwargs)
  File "/opt/airflow/dags/ids_ingest/ids_ingest_dag.py", line 19, in get_ids_from_json
    git = json.loads(f.read())
  File "/usr/local/lib/python3.8/json/__init__.py", line 357, in loads
    return _default_decoder.decode(s)
  File "/usr/local/lib/python3.8/json/decoder.py", line 337, in decode
    obj, end = self.raw_decode(s, idx=_w(s, 0).end())
  File "/usr/local/lib/python3.8/json/decoder.py", line 355, in raw_decode
    raise JSONDecodeError("Expecting value", s, err.value) from None
json.decoder.JSONDecodeError: Expecting value: line 1 column 1 (char 0)
[2024-07-25T09:22:34.099+0000] {taskinstance.py:1400} INFO - Marking task as UP_FOR_RETRY. dag_id=simple_ids_ingest, task_id=get_id_from_json, execution_date=20230406T000000, start_date=20240725T092230, end_date=20240725T092234
[2024-07-25T09:22:34.275+0000] {standard_task_runner.py:104} ERROR - Failed to execute job 63 for task get_id_from_json (Expecting value: line 1 column 1 (char 0); 812)
[2024-07-25T09:22:34.716+0000] {local_task_job_runner.py:228} INFO - Task exited with return code 1
[2024-07-25T09:22:34.899+0000] {taskinstance.py:2778} INFO - 0 downstream tasks scheduled from follow-on schedule check
[2024-07-25T14:21:51.602+0000] {taskinstance.py:1159} INFO - Dependencies all met for dep_context=non-requeueable deps ti=<TaskInstance: simple_ids_ingest.get_id_from_json scheduled__2023-04-06T00:00:00+00:00 [queued]>
[2024-07-25T14:21:51.942+0000] {taskinstance.py:1159} INFO - Dependencies all met for dep_context=requeueable deps ti=<TaskInstance: simple_ids_ingest.get_id_from_json scheduled__2023-04-06T00:00:00+00:00 [queued]>
[2024-07-25T14:21:51.953+0000] {taskinstance.py:1361} INFO - Starting attempt 1 of 2
[2024-07-25T14:21:52.164+0000] {taskinstance.py:1382} INFO - Executing <Task(PythonOperator): get_id_from_json> on 2023-04-06 00:00:00+00:00
[2024-07-25T14:21:52.310+0000] {standard_task_runner.py:57} INFO - Started process 3358 to run task
[2024-07-25T14:21:52.367+0000] {standard_task_runner.py:84} INFO - Running: ['***', 'tasks', 'run', 'simple_ids_ingest', 'get_id_from_json', 'scheduled__2023-04-06T00:00:00+00:00', '--job-id', '349', '--raw', '--subdir', 'DAGS_FOLDER/ids_ingest/ids_ingest_dag.py', '--cfg-path', '/tmp/tmpyy9bo6ot']
[2024-07-25T14:21:52.459+0000] {standard_task_runner.py:85} INFO - Job 349: Subtask get_id_from_json
[2024-07-25T14:21:52.866+0000] {task_command.py:416} INFO - Running <TaskInstance: simple_ids_ingest.get_id_from_json scheduled__2023-04-06T00:00:00+00:00 [running]> on host b7334bec8397
[2024-07-25T14:21:53.799+0000] {taskinstance.py:1662} INFO - Exporting env vars: AIRFLOW_CTX_DAG_OWNER='Ajay' AIRFLOW_CTX_DAG_ID='simple_ids_ingest' AIRFLOW_CTX_TASK_ID='get_id_from_json' AIRFLOW_CTX_EXECUTION_DATE='2023-04-06T00:00:00+00:00' AIRFLOW_CTX_TRY_NUMBER='1' AIRFLOW_CTX_DAG_RUN_ID='scheduled__2023-04-06T00:00:00+00:00'
[2024-07-25T14:21:53.839+0000] {logging_mixin.py:154} INFO - ['25208138097', '25208138110', '25208138076', '25208138082', '25208138077', '25208138087', '25208138078', '25208138069', '25208138072', '25208138080', '25208138070', '25208138067', '25208138068', '25208138066', '25208138047', '25208138051', '25208138053', '25208138060', '25208138071', '25208138061', '25208138030', '25208138044', '25208138043', '25208138038', '25208138032', '25208138018', '25208138016', '25208138012', '25208138008', '25208137998']
[2024-07-25T14:21:53.863+0000] {python.py:194} INFO - Done. Returned value was: None
[2024-07-25T14:21:53.931+0000] {taskinstance.py:1400} INFO - Marking task as SUCCESS. dag_id=simple_ids_ingest, task_id=get_id_from_json, execution_date=20230406T000000, start_date=20240725T142151, end_date=20240725T142153
[2024-07-25T14:21:54.256+0000] {local_task_job_runner.py:228} INFO - Task exited with return code 0
[2024-07-25T14:21:54.305+0000] {taskinstance.py:2778} INFO - 0 downstream tasks scheduled from follow-on schedule check
