[2024-07-25T10:07:46.631+0000] {taskinstance.py:1159} INFO - Dependencies all met for dep_context=non-requeueable deps ti=<TaskInstance: holiday_ingest.holiday_api_ingestion scheduled__2023-05-01T00:00:00+00:00 [queued]>
[2024-07-25T10:07:46.718+0000] {taskinstance.py:1159} INFO - Dependencies all met for dep_context=requeueable deps ti=<TaskInstance: holiday_ingest.holiday_api_ingestion scheduled__2023-05-01T00:00:00+00:00 [queued]>
[2024-07-25T10:07:46.724+0000] {taskinstance.py:1361} INFO - Starting attempt 1 of 2
[2024-07-25T10:07:46.800+0000] {taskinstance.py:1382} INFO - Executing <Task(HolidayAPIIngestOperator): holiday_api_ingestion> on 2023-05-01 00:00:00+00:00
[2024-07-25T10:07:46.857+0000] {standard_task_runner.py:57} INFO - Started process 4858 to run task
[2024-07-25T10:07:46.878+0000] {standard_task_runner.py:84} INFO - Running: ['***', 'tasks', 'run', 'holiday_ingest', 'holiday_api_ingestion', 'scheduled__2023-05-01T00:00:00+00:00', '--job-id', '1095', '--raw', '--subdir', 'DAGS_FOLDER/holiday_ingest/holiday_ingest_dag.py', '--cfg-path', '/tmp/tmpvc3u_qr1']
[2024-07-25T10:07:46.880+0000] {standard_task_runner.py:85} INFO - Job 1095: Subtask holiday_api_ingestion
[2024-07-25T10:07:47.123+0000] {task_command.py:416} INFO - Running <TaskInstance: holiday_ingest.holiday_api_ingestion scheduled__2023-05-01T00:00:00+00:00 [running]> on host c7799c7b21e5
[2024-07-25T10:07:47.615+0000] {taskinstance.py:1662} INFO - Exporting env vars: AIRFLOW_CTX_DAG_OWNER='Ajay' AIRFLOW_CTX_DAG_ID='holiday_ingest' AIRFLOW_CTX_TASK_ID='holiday_api_ingestion' AIRFLOW_CTX_EXECUTION_DATE='2023-05-01T00:00:00+00:00' AIRFLOW_CTX_TRY_NUMBER='1' AIRFLOW_CTX_DAG_RUN_ID='scheduled__2023-05-01T00:00:00+00:00'
[2024-07-25T10:07:48.134+0000] {logging_mixin.py:154} INFO - {'status': 402, 'requests': {'used': 57, 'available': 9943, 'resets': '2024-08-01 00:00:00'}, 'error': "Free accounts are limited to last year's historical data only. Upgrade to premium for access to all holiday data. For more information, please visit https://holidayapi.com/docs"}
[2024-07-25T10:07:48.179+0000] {taskinstance.py:1400} INFO - Marking task as SUCCESS. dag_id=holiday_ingest, task_id=holiday_api_ingestion, execution_date=20230501T000000, start_date=20240725T100746, end_date=20240725T100748
[2024-07-25T10:07:48.233+0000] {local_task_job_runner.py:228} INFO - Task exited with return code 0
[2024-07-25T10:07:48.246+0000] {taskinstance.py:2778} INFO - 0 downstream tasks scheduled from follow-on schedule check
[2024-07-25T14:22:24.950+0000] {taskinstance.py:1159} INFO - Dependencies all met for dep_context=non-requeueable deps ti=<TaskInstance: holiday_ingest.holiday_api_ingestion scheduled__2023-05-01T00:00:00+00:00 [queued]>
[2024-07-25T14:22:25.519+0000] {taskinstance.py:1159} INFO - Dependencies all met for dep_context=requeueable deps ti=<TaskInstance: holiday_ingest.holiday_api_ingestion scheduled__2023-05-01T00:00:00+00:00 [queued]>
[2024-07-25T14:22:25.562+0000] {taskinstance.py:1361} INFO - Starting attempt 1 of 2
[2024-07-25T14:22:25.844+0000] {taskinstance.py:1382} INFO - Executing <Task(HolidayAPIIngestOperator): holiday_api_ingestion> on 2023-05-01 00:00:00+00:00
[2024-07-25T14:22:25.971+0000] {standard_task_runner.py:57} INFO - Started process 3444 to run task
[2024-07-25T14:22:26.009+0000] {standard_task_runner.py:84} INFO - Running: ['***', 'tasks', 'run', 'holiday_ingest', 'holiday_api_ingestion', 'scheduled__2023-05-01T00:00:00+00:00', '--job-id', '374', '--raw', '--subdir', 'DAGS_FOLDER/holiday_ingest/holiday_ingest_dag.py', '--cfg-path', '/tmp/tmpc3w3htzu']
[2024-07-25T14:22:26.031+0000] {standard_task_runner.py:85} INFO - Job 374: Subtask holiday_api_ingestion
[2024-07-25T14:22:26.857+0000] {task_command.py:416} INFO - Running <TaskInstance: holiday_ingest.holiday_api_ingestion scheduled__2023-05-01T00:00:00+00:00 [running]> on host b7334bec8397
[2024-07-25T14:22:28.290+0000] {taskinstance.py:1662} INFO - Exporting env vars: AIRFLOW_CTX_DAG_OWNER='Ajay' AIRFLOW_CTX_DAG_ID='holiday_ingest' AIRFLOW_CTX_TASK_ID='holiday_api_ingestion' AIRFLOW_CTX_EXECUTION_DATE='2023-05-01T00:00:00+00:00' AIRFLOW_CTX_TRY_NUMBER='1' AIRFLOW_CTX_DAG_RUN_ID='scheduled__2023-05-01T00:00:00+00:00'
[2024-07-25T14:22:30.897+0000] {logging_mixin.py:154} INFO - {'status': 402, 'requests': {'used': 548, 'available': 9452, 'resets': '2024-08-01 00:00:00'}, 'error': "Free accounts are limited to last year's historical data only. Upgrade to premium for access to all holiday data. For more information, please visit https://holidayapi.com/docs"}
[2024-07-25T14:22:31.126+0000] {taskinstance.py:1400} INFO - Marking task as SUCCESS. dag_id=holiday_ingest, task_id=holiday_api_ingestion, execution_date=20230501T000000, start_date=20240725T142224, end_date=20240725T142231
[2024-07-25T14:22:31.705+0000] {local_task_job_runner.py:228} INFO - Task exited with return code 0
[2024-07-25T14:22:31.900+0000] {taskinstance.py:2778} INFO - 0 downstream tasks scheduled from follow-on schedule check
