[2024-07-25T10:02:00.608+0000] {taskinstance.py:1159} INFO - Dependencies all met for dep_context=non-requeueable deps ti=<TaskInstance: holiday_ingest.holiday_api_ingestion scheduled__2023-03-22T00:00:00+00:00 [queued]>
[2024-07-25T10:02:00.714+0000] {taskinstance.py:1159} INFO - Dependencies all met for dep_context=requeueable deps ti=<TaskInstance: holiday_ingest.holiday_api_ingestion scheduled__2023-03-22T00:00:00+00:00 [queued]>
[2024-07-25T10:02:00.720+0000] {taskinstance.py:1361} INFO - Starting attempt 1 of 2
[2024-07-25T10:02:00.912+0000] {taskinstance.py:1382} INFO - Executing <Task(HolidayAPIIngestOperator): holiday_api_ingestion> on 2023-03-22 00:00:00+00:00
[2024-07-25T10:02:00.930+0000] {standard_task_runner.py:57} INFO - Started process 4521 to run task
[2024-07-25T10:02:00.959+0000] {standard_task_runner.py:84} INFO - Running: ['***', 'tasks', 'run', 'holiday_ingest', 'holiday_api_ingestion', 'scheduled__2023-03-22T00:00:00+00:00', '--job-id', '1038', '--raw', '--subdir', 'DAGS_FOLDER/holiday_ingest/holiday_ingest_dag.py', '--cfg-path', '/tmp/tmp3fxibwhg']
[2024-07-25T10:02:00.981+0000] {standard_task_runner.py:85} INFO - Job 1038: Subtask holiday_api_ingestion
[2024-07-25T10:02:01.284+0000] {task_command.py:416} INFO - Running <TaskInstance: holiday_ingest.holiday_api_ingestion scheduled__2023-03-22T00:00:00+00:00 [running]> on host c7799c7b21e5
[2024-07-25T10:02:02.229+0000] {taskinstance.py:1662} INFO - Exporting env vars: AIRFLOW_CTX_DAG_OWNER='Ajay' AIRFLOW_CTX_DAG_ID='holiday_ingest' AIRFLOW_CTX_TASK_ID='holiday_api_ingestion' AIRFLOW_CTX_EXECUTION_DATE='2023-03-22T00:00:00+00:00' AIRFLOW_CTX_TRY_NUMBER='1' AIRFLOW_CTX_DAG_RUN_ID='scheduled__2023-03-22T00:00:00+00:00'
[2024-07-25T10:02:03.593+0000] {logging_mixin.py:154} INFO - {'status': 402, 'requests': {'used': 1, 'available': 9999, 'resets': '2024-08-01 00:00:00'}, 'error': "Free accounts are limited to last year's historical data only. Upgrade to premium for access to all holiday data. For more information, please visit https://holidayapi.com/docs"}
[2024-07-25T10:02:03.602+0000] {taskinstance.py:1937} ERROR - Task failed with exception
Traceback (most recent call last):
  File "/opt/airflow/plugins/operators/holiday_api_plugin.py", line 36, in execute
    raise e
  File "/opt/airflow/plugins/operators/holiday_api_plugin.py", line 32, in execute
    with open(output_file, "w") as f:
FileNotFoundError: [Errno 2] No such file or directory: '/opt/airflow/files_to_test/output_files/holiday_brazil.json'
[2024-07-25T10:02:03.657+0000] {taskinstance.py:1400} INFO - Marking task as UP_FOR_RETRY. dag_id=holiday_ingest, task_id=holiday_api_ingestion, execution_date=20230322T000000, start_date=20240725T100200, end_date=20240725T100203
[2024-07-25T10:02:03.792+0000] {standard_task_runner.py:104} ERROR - Failed to execute job 1038 for task holiday_api_ingestion ([Errno 2] No such file or directory: '/opt/airflow/files_to_test/output_files/holiday_brazil.json'; 4521)
[2024-07-25T10:02:04.146+0000] {local_task_job_runner.py:228} INFO - Task exited with return code 1
[2024-07-25T10:02:04.465+0000] {taskinstance.py:2778} INFO - 0 downstream tasks scheduled from follow-on schedule check
[2024-07-25T14:20:48.437+0000] {taskinstance.py:1159} INFO - Dependencies all met for dep_context=non-requeueable deps ti=<TaskInstance: holiday_ingest.holiday_api_ingestion scheduled__2023-03-22T00:00:00+00:00 [queued]>
[2024-07-25T14:20:48.505+0000] {taskinstance.py:1159} INFO - Dependencies all met for dep_context=requeueable deps ti=<TaskInstance: holiday_ingest.holiday_api_ingestion scheduled__2023-03-22T00:00:00+00:00 [queued]>
[2024-07-25T14:20:48.511+0000] {taskinstance.py:1361} INFO - Starting attempt 1 of 2
[2024-07-25T14:20:48.601+0000] {taskinstance.py:1382} INFO - Executing <Task(HolidayAPIIngestOperator): holiday_api_ingestion> on 2023-03-22 00:00:00+00:00
[2024-07-25T14:20:48.643+0000] {standard_task_runner.py:57} INFO - Started process 3191 to run task
[2024-07-25T14:20:48.662+0000] {standard_task_runner.py:84} INFO - Running: ['***', 'tasks', 'run', 'holiday_ingest', 'holiday_api_ingestion', 'scheduled__2023-03-22T00:00:00+00:00', '--job-id', '286', '--raw', '--subdir', 'DAGS_FOLDER/holiday_ingest/holiday_ingest_dag.py', '--cfg-path', '/tmp/tmpxg5z1qv8']
[2024-07-25T14:20:48.681+0000] {standard_task_runner.py:85} INFO - Job 286: Subtask holiday_api_ingestion
[2024-07-25T14:20:48.876+0000] {task_command.py:416} INFO - Running <TaskInstance: holiday_ingest.holiday_api_ingestion scheduled__2023-03-22T00:00:00+00:00 [running]> on host b7334bec8397
[2024-07-25T14:20:49.276+0000] {taskinstance.py:1662} INFO - Exporting env vars: AIRFLOW_CTX_DAG_OWNER='Ajay' AIRFLOW_CTX_DAG_ID='holiday_ingest' AIRFLOW_CTX_TASK_ID='holiday_api_ingestion' AIRFLOW_CTX_EXECUTION_DATE='2023-03-22T00:00:00+00:00' AIRFLOW_CTX_TRY_NUMBER='1' AIRFLOW_CTX_DAG_RUN_ID='scheduled__2023-03-22T00:00:00+00:00'
[2024-07-25T14:20:51.422+0000] {logging_mixin.py:154} INFO - {'status': 402, 'requests': {'used': 509, 'available': 9491, 'resets': '2024-08-01 00:00:00'}, 'error': "Free accounts are limited to last year's historical data only. Upgrade to premium for access to all holiday data. For more information, please visit https://holidayapi.com/docs"}
[2024-07-25T14:20:51.896+0000] {taskinstance.py:1400} INFO - Marking task as SUCCESS. dag_id=holiday_ingest, task_id=holiday_api_ingestion, execution_date=20230322T000000, start_date=20240725T142048, end_date=20240725T142051
[2024-07-25T14:20:52.417+0000] {local_task_job_runner.py:228} INFO - Task exited with return code 0
[2024-07-25T14:20:52.714+0000] {taskinstance.py:2778} INFO - 0 downstream tasks scheduled from follow-on schedule check
