[2024-07-25T10:07:42.173+0000] {taskinstance.py:1159} INFO - Dependencies all met for dep_context=non-requeueable deps ti=<TaskInstance: holiday_ingest.holiday_api_ingestion scheduled__2023-04-24T00:00:00+00:00 [queued]>
[2024-07-25T10:07:42.209+0000] {taskinstance.py:1159} INFO - Dependencies all met for dep_context=requeueable deps ti=<TaskInstance: holiday_ingest.holiday_api_ingestion scheduled__2023-04-24T00:00:00+00:00 [queued]>
[2024-07-25T10:07:42.209+0000] {taskinstance.py:1361} INFO - Starting attempt 1 of 2
[2024-07-25T10:07:42.268+0000] {taskinstance.py:1382} INFO - Executing <Task(HolidayAPIIngestOperator): holiday_api_ingestion> on 2023-04-24 00:00:00+00:00
[2024-07-25T10:07:42.325+0000] {standard_task_runner.py:57} INFO - Started process 4843 to run task
[2024-07-25T10:07:42.365+0000] {standard_task_runner.py:84} INFO - Running: ['***', 'tasks', 'run', 'holiday_ingest', 'holiday_api_ingestion', 'scheduled__2023-04-24T00:00:00+00:00', '--job-id', '1088', '--raw', '--subdir', 'DAGS_FOLDER/holiday_ingest/holiday_ingest_dag.py', '--cfg-path', '/tmp/tmpssvbtct8']
[2024-07-25T10:07:42.375+0000] {standard_task_runner.py:85} INFO - Job 1088: Subtask holiday_api_ingestion
[2024-07-25T10:07:42.575+0000] {task_command.py:416} INFO - Running <TaskInstance: holiday_ingest.holiday_api_ingestion scheduled__2023-04-24T00:00:00+00:00 [running]> on host c7799c7b21e5
[2024-07-25T10:07:43.244+0000] {taskinstance.py:1662} INFO - Exporting env vars: AIRFLOW_CTX_DAG_OWNER='Ajay' AIRFLOW_CTX_DAG_ID='holiday_ingest' AIRFLOW_CTX_TASK_ID='holiday_api_ingestion' AIRFLOW_CTX_EXECUTION_DATE='2023-04-24T00:00:00+00:00' AIRFLOW_CTX_TRY_NUMBER='1' AIRFLOW_CTX_DAG_RUN_ID='scheduled__2023-04-24T00:00:00+00:00'
[2024-07-25T10:07:43.876+0000] {logging_mixin.py:154} INFO - {'status': 402, 'requests': {'used': 51, 'available': 9949, 'resets': '2024-08-01 00:00:00'}, 'error': "Free accounts are limited to last year's historical data only. Upgrade to premium for access to all holiday data. For more information, please visit https://holidayapi.com/docs"}
[2024-07-25T10:07:44.023+0000] {taskinstance.py:1400} INFO - Marking task as SUCCESS. dag_id=holiday_ingest, task_id=holiday_api_ingestion, execution_date=20230424T000000, start_date=20240725T100742, end_date=20240725T100744
[2024-07-25T10:07:44.259+0000] {local_task_job_runner.py:228} INFO - Task exited with return code 0
[2024-07-25T10:07:44.351+0000] {taskinstance.py:2778} INFO - 0 downstream tasks scheduled from follow-on schedule check
[2024-07-25T14:21:53.133+0000] {taskinstance.py:1159} INFO - Dependencies all met for dep_context=non-requeueable deps ti=<TaskInstance: holiday_ingest.holiday_api_ingestion scheduled__2023-04-24T00:00:00+00:00 [queued]>
[2024-07-25T14:21:53.246+0000] {taskinstance.py:1159} INFO - Dependencies all met for dep_context=requeueable deps ti=<TaskInstance: holiday_ingest.holiday_api_ingestion scheduled__2023-04-24T00:00:00+00:00 [queued]>
[2024-07-25T14:21:53.252+0000] {taskinstance.py:1361} INFO - Starting attempt 1 of 2
[2024-07-25T14:21:53.344+0000] {taskinstance.py:1382} INFO - Executing <Task(HolidayAPIIngestOperator): holiday_api_ingestion> on 2023-04-24 00:00:00+00:00
[2024-07-25T14:21:53.393+0000] {standard_task_runner.py:57} INFO - Started process 3362 to run task
[2024-07-25T14:21:53.439+0000] {standard_task_runner.py:84} INFO - Running: ['***', 'tasks', 'run', 'holiday_ingest', 'holiday_api_ingestion', 'scheduled__2023-04-24T00:00:00+00:00', '--job-id', '353', '--raw', '--subdir', 'DAGS_FOLDER/holiday_ingest/holiday_ingest_dag.py', '--cfg-path', '/tmp/tmpwpmxtglo']
[2024-07-25T14:21:53.451+0000] {standard_task_runner.py:85} INFO - Job 353: Subtask holiday_api_ingestion
[2024-07-25T14:21:53.860+0000] {task_command.py:416} INFO - Running <TaskInstance: holiday_ingest.holiday_api_ingestion scheduled__2023-04-24T00:00:00+00:00 [running]> on host b7334bec8397
[2024-07-25T14:21:54.868+0000] {taskinstance.py:1662} INFO - Exporting env vars: AIRFLOW_CTX_DAG_OWNER='Ajay' AIRFLOW_CTX_DAG_ID='holiday_ingest' AIRFLOW_CTX_TASK_ID='holiday_api_ingestion' AIRFLOW_CTX_EXECUTION_DATE='2023-04-24T00:00:00+00:00' AIRFLOW_CTX_TRY_NUMBER='1' AIRFLOW_CTX_DAG_RUN_ID='scheduled__2023-04-24T00:00:00+00:00'
[2024-07-25T14:21:58.476+0000] {logging_mixin.py:154} INFO - {'status': 402, 'requests': {'used': 542, 'available': 9458, 'resets': '2024-08-01 00:00:00'}, 'error': "Free accounts are limited to last year's historical data only. Upgrade to premium for access to all holiday data. For more information, please visit https://holidayapi.com/docs"}
[2024-07-25T14:21:58.621+0000] {taskinstance.py:1400} INFO - Marking task as SUCCESS. dag_id=holiday_ingest, task_id=holiday_api_ingestion, execution_date=20230424T000000, start_date=20240725T142153, end_date=20240725T142158
[2024-07-25T14:21:58.900+0000] {local_task_job_runner.py:228} INFO - Task exited with return code 0
[2024-07-25T14:21:58.946+0000] {taskinstance.py:2778} INFO - 0 downstream tasks scheduled from follow-on schedule check
