[2024-07-25T09:16:45.779+0000] {taskinstance.py:1159} INFO - Dependencies all met for dep_context=non-requeueable deps ti=<TaskInstance: simple_ids_ingest.first_task scheduled__2023-03-23T00:00:00+00:00 [queued]>
[2024-07-25T09:16:46.021+0000] {taskinstance.py:1159} INFO - Dependencies all met for dep_context=requeueable deps ti=<TaskInstance: simple_ids_ingest.first_task scheduled__2023-03-23T00:00:00+00:00 [queued]>
[2024-07-25T09:16:46.021+0000] {taskinstance.py:1361} INFO - Starting attempt 1 of 2
[2024-07-25T09:16:46.188+0000] {taskinstance.py:1382} INFO - Executing <Task(BashOperator): first_task> on 2023-03-23 00:00:00+00:00
[2024-07-25T09:16:46.330+0000] {standard_task_runner.py:57} INFO - Started process 456 to run task
[2024-07-25T09:16:46.370+0000] {standard_task_runner.py:84} INFO - Running: ['***', 'tasks', 'run', 'simple_ids_ingest', 'first_task', 'scheduled__2023-03-23T00:00:00+00:00', '--job-id', '3', '--raw', '--subdir', 'DAGS_FOLDER/ids_ingest/ids_ingest_dag.py', '--cfg-path', '/tmp/tmp03tgojpd']
[2024-07-25T09:16:46.425+0000] {standard_task_runner.py:85} INFO - Job 3: Subtask first_task
[2024-07-25T09:16:47.328+0000] {task_command.py:416} INFO - Running <TaskInstance: simple_ids_ingest.first_task scheduled__2023-03-23T00:00:00+00:00 [running]> on host c7799c7b21e5
[2024-07-25T09:16:49.092+0000] {taskinstance.py:1662} INFO - Exporting env vars: AIRFLOW_CTX_DAG_OWNER='Ajay' AIRFLOW_CTX_DAG_ID='simple_ids_ingest' AIRFLOW_CTX_TASK_ID='first_task' AIRFLOW_CTX_EXECUTION_DATE='2023-03-23T00:00:00+00:00' AIRFLOW_CTX_TRY_NUMBER='1' AIRFLOW_CTX_DAG_RUN_ID='scheduled__2023-03-23T00:00:00+00:00'
[2024-07-25T09:16:49.237+0000] {subprocess.py:63} INFO - Tmp dir root location: /tmp
[2024-07-25T09:16:49.480+0000] {subprocess.py:75} INFO - Running command: ['/bin/bash', '-c', 'echo $AIRFLOW_HOME']
[2024-07-25T09:16:49.962+0000] {subprocess.py:86} INFO - Output:
[2024-07-25T09:16:49.975+0000] {subprocess.py:93} INFO - /opt/***
[2024-07-25T09:16:50.047+0000] {subprocess.py:97} INFO - Command exited with return code 0
[2024-07-25T09:16:50.658+0000] {taskinstance.py:1400} INFO - Marking task as SUCCESS. dag_id=simple_ids_ingest, task_id=first_task, execution_date=20230323T000000, start_date=20240725T091645, end_date=20240725T091650
[2024-07-25T09:16:51.200+0000] {local_task_job_runner.py:228} INFO - Task exited with return code 0
[2024-07-25T09:16:51.680+0000] {taskinstance.py:2778} INFO - 1 downstream tasks scheduled from follow-on schedule check
[2024-07-25T14:21:04.793+0000] {taskinstance.py:1159} INFO - Dependencies all met for dep_context=non-requeueable deps ti=<TaskInstance: simple_ids_ingest.first_task scheduled__2023-03-23T00:00:00+00:00 [queued]>
[2024-07-25T14:21:05.073+0000] {taskinstance.py:1159} INFO - Dependencies all met for dep_context=requeueable deps ti=<TaskInstance: simple_ids_ingest.first_task scheduled__2023-03-23T00:00:00+00:00 [queued]>
[2024-07-25T14:21:05.108+0000] {taskinstance.py:1361} INFO - Starting attempt 1 of 2
[2024-07-25T14:21:05.542+0000] {taskinstance.py:1382} INFO - Executing <Task(BashOperator): first_task> on 2023-03-23 00:00:00+00:00
[2024-07-25T14:21:05.598+0000] {standard_task_runner.py:57} INFO - Started process 3230 to run task
[2024-07-25T14:21:05.691+0000] {standard_task_runner.py:84} INFO - Running: ['***', 'tasks', 'run', 'simple_ids_ingest', 'first_task', 'scheduled__2023-03-23T00:00:00+00:00', '--job-id', '303', '--raw', '--subdir', 'DAGS_FOLDER/ids_ingest/ids_ingest_dag.py', '--cfg-path', '/tmp/tmpijy0h1rv']
[2024-07-25T14:21:05.752+0000] {standard_task_runner.py:85} INFO - Job 303: Subtask first_task
[2024-07-25T14:21:06.890+0000] {task_command.py:416} INFO - Running <TaskInstance: simple_ids_ingest.first_task scheduled__2023-03-23T00:00:00+00:00 [running]> on host b7334bec8397
[2024-07-25T14:21:08.147+0000] {taskinstance.py:1662} INFO - Exporting env vars: AIRFLOW_CTX_DAG_OWNER='Ajay' AIRFLOW_CTX_DAG_ID='simple_ids_ingest' AIRFLOW_CTX_TASK_ID='first_task' AIRFLOW_CTX_EXECUTION_DATE='2023-03-23T00:00:00+00:00' AIRFLOW_CTX_TRY_NUMBER='1' AIRFLOW_CTX_DAG_RUN_ID='scheduled__2023-03-23T00:00:00+00:00'
[2024-07-25T14:21:08.160+0000] {subprocess.py:63} INFO - Tmp dir root location: /tmp
[2024-07-25T14:21:08.163+0000] {subprocess.py:75} INFO - Running command: ['/bin/bash', '-c', 'echo $AIRFLOW_HOME']
[2024-07-25T14:21:08.474+0000] {subprocess.py:86} INFO - Output:
[2024-07-25T14:21:08.475+0000] {subprocess.py:93} INFO - /opt/***
[2024-07-25T14:21:08.475+0000] {subprocess.py:97} INFO - Command exited with return code 0
[2024-07-25T14:21:08.635+0000] {taskinstance.py:1400} INFO - Marking task as SUCCESS. dag_id=simple_ids_ingest, task_id=first_task, execution_date=20230323T000000, start_date=20240725T142104, end_date=20240725T142108
[2024-07-25T14:21:09.247+0000] {local_task_job_runner.py:228} INFO - Task exited with return code 0
[2024-07-25T14:21:09.522+0000] {taskinstance.py:2778} INFO - 1 downstream tasks scheduled from follow-on schedule check
