[2024-07-25T09:22:28.578+0000] {taskinstance.py:1159} INFO - Dependencies all met for dep_context=non-requeueable deps ti=<TaskInstance: simple_ids_ingest.first_task scheduled__2023-04-12T00:00:00+00:00 [queued]>
[2024-07-25T09:22:28.715+0000] {taskinstance.py:1159} INFO - Dependencies all met for dep_context=requeueable deps ti=<TaskInstance: simple_ids_ingest.first_task scheduled__2023-04-12T00:00:00+00:00 [queued]>
[2024-07-25T09:22:28.720+0000] {taskinstance.py:1361} INFO - Starting attempt 1 of 2
[2024-07-25T09:22:28.921+0000] {taskinstance.py:1382} INFO - Executing <Task(BashOperator): first_task> on 2023-04-12 00:00:00+00:00
[2024-07-25T09:22:29.069+0000] {standard_task_runner.py:57} INFO - Started process 800 to run task
[2024-07-25T09:22:29.135+0000] {standard_task_runner.py:84} INFO - Running: ['***', 'tasks', 'run', 'simple_ids_ingest', 'first_task', 'scheduled__2023-04-12T00:00:00+00:00', '--job-id', '58', '--raw', '--subdir', 'DAGS_FOLDER/ids_ingest/ids_ingest_dag.py', '--cfg-path', '/tmp/tmp2n_t7xc6']
[2024-07-25T09:22:29.231+0000] {standard_task_runner.py:85} INFO - Job 58: Subtask first_task
[2024-07-25T09:22:29.780+0000] {task_command.py:416} INFO - Running <TaskInstance: simple_ids_ingest.first_task scheduled__2023-04-12T00:00:00+00:00 [running]> on host c7799c7b21e5
[2024-07-25T09:22:30.248+0000] {taskinstance.py:1662} INFO - Exporting env vars: AIRFLOW_CTX_DAG_OWNER='Ajay' AIRFLOW_CTX_DAG_ID='simple_ids_ingest' AIRFLOW_CTX_TASK_ID='first_task' AIRFLOW_CTX_EXECUTION_DATE='2023-04-12T00:00:00+00:00' AIRFLOW_CTX_TRY_NUMBER='1' AIRFLOW_CTX_DAG_RUN_ID='scheduled__2023-04-12T00:00:00+00:00'
[2024-07-25T09:22:30.249+0000] {subprocess.py:63} INFO - Tmp dir root location: /tmp
[2024-07-25T09:22:30.250+0000] {subprocess.py:75} INFO - Running command: ['/bin/bash', '-c', 'echo $AIRFLOW_HOME']
[2024-07-25T09:22:30.521+0000] {subprocess.py:86} INFO - Output:
[2024-07-25T09:22:30.566+0000] {subprocess.py:93} INFO - /opt/***
[2024-07-25T09:22:30.567+0000] {subprocess.py:97} INFO - Command exited with return code 0
[2024-07-25T09:22:30.771+0000] {taskinstance.py:1400} INFO - Marking task as SUCCESS. dag_id=simple_ids_ingest, task_id=first_task, execution_date=20230412T000000, start_date=20240725T092228, end_date=20240725T092230
[2024-07-25T09:22:31.092+0000] {local_task_job_runner.py:228} INFO - Task exited with return code 0
[2024-07-25T09:22:31.234+0000] {taskinstance.py:2778} INFO - 0 downstream tasks scheduled from follow-on schedule check
[2024-07-25T14:22:08.219+0000] {taskinstance.py:1159} INFO - Dependencies all met for dep_context=non-requeueable deps ti=<TaskInstance: simple_ids_ingest.first_task scheduled__2023-04-12T00:00:00+00:00 [queued]>
[2024-07-25T14:22:08.455+0000] {taskinstance.py:1159} INFO - Dependencies all met for dep_context=requeueable deps ti=<TaskInstance: simple_ids_ingest.first_task scheduled__2023-04-12T00:00:00+00:00 [queued]>
[2024-07-25T14:22:08.471+0000] {taskinstance.py:1361} INFO - Starting attempt 1 of 2
[2024-07-25T14:22:09.136+0000] {taskinstance.py:1382} INFO - Executing <Task(BashOperator): first_task> on 2023-04-12 00:00:00+00:00
[2024-07-25T14:22:09.330+0000] {standard_task_runner.py:57} INFO - Started process 3396 to run task
[2024-07-25T14:22:09.385+0000] {standard_task_runner.py:84} INFO - Running: ['***', 'tasks', 'run', 'simple_ids_ingest', 'first_task', 'scheduled__2023-04-12T00:00:00+00:00', '--job-id', '360', '--raw', '--subdir', 'DAGS_FOLDER/ids_ingest/ids_ingest_dag.py', '--cfg-path', '/tmp/tmp7p1l0mww']
[2024-07-25T14:22:09.409+0000] {standard_task_runner.py:85} INFO - Job 360: Subtask first_task
[2024-07-25T14:22:10.298+0000] {task_command.py:416} INFO - Running <TaskInstance: simple_ids_ingest.first_task scheduled__2023-04-12T00:00:00+00:00 [running]> on host b7334bec8397
[2024-07-25T14:22:11.962+0000] {taskinstance.py:1662} INFO - Exporting env vars: AIRFLOW_CTX_DAG_OWNER='Ajay' AIRFLOW_CTX_DAG_ID='simple_ids_ingest' AIRFLOW_CTX_TASK_ID='first_task' AIRFLOW_CTX_EXECUTION_DATE='2023-04-12T00:00:00+00:00' AIRFLOW_CTX_TRY_NUMBER='1' AIRFLOW_CTX_DAG_RUN_ID='scheduled__2023-04-12T00:00:00+00:00'
[2024-07-25T14:22:12.000+0000] {subprocess.py:63} INFO - Tmp dir root location: /tmp
[2024-07-25T14:22:12.028+0000] {subprocess.py:75} INFO - Running command: ['/bin/bash', '-c', 'echo $AIRFLOW_HOME']
[2024-07-25T14:22:12.622+0000] {subprocess.py:86} INFO - Output:
[2024-07-25T14:22:12.759+0000] {subprocess.py:93} INFO - /opt/***
[2024-07-25T14:22:12.776+0000] {subprocess.py:97} INFO - Command exited with return code 0
[2024-07-25T14:22:13.143+0000] {taskinstance.py:1400} INFO - Marking task as SUCCESS. dag_id=simple_ids_ingest, task_id=first_task, execution_date=20230412T000000, start_date=20240725T142208, end_date=20240725T142213
[2024-07-25T14:22:13.602+0000] {local_task_job_runner.py:228} INFO - Task exited with return code 0
[2024-07-25T14:22:13.934+0000] {taskinstance.py:2778} INFO - 1 downstream tasks scheduled from follow-on schedule check
