[2024-07-25T09:22:31.598+0000] {taskinstance.py:1159} INFO - Dependencies all met for dep_context=non-requeueable deps ti=<TaskInstance: simple_ids_ingest.first_task scheduled__2023-04-19T00:00:00+00:00 [queued]>
[2024-07-25T09:22:31.806+0000] {taskinstance.py:1159} INFO - Dependencies all met for dep_context=requeueable deps ti=<TaskInstance: simple_ids_ingest.first_task scheduled__2023-04-19T00:00:00+00:00 [queued]>
[2024-07-25T09:22:31.816+0000] {taskinstance.py:1361} INFO - Starting attempt 1 of 2
[2024-07-25T09:22:32.224+0000] {taskinstance.py:1382} INFO - Executing <Task(BashOperator): first_task> on 2023-04-19 00:00:00+00:00
[2024-07-25T09:22:32.362+0000] {standard_task_runner.py:57} INFO - Started process 820 to run task
[2024-07-25T09:22:32.394+0000] {standard_task_runner.py:84} INFO - Running: ['***', 'tasks', 'run', 'simple_ids_ingest', 'first_task', 'scheduled__2023-04-19T00:00:00+00:00', '--job-id', '66', '--raw', '--subdir', 'DAGS_FOLDER/ids_ingest/ids_ingest_dag.py', '--cfg-path', '/tmp/tmpnn6m0i3r']
[2024-07-25T09:22:32.417+0000] {standard_task_runner.py:85} INFO - Job 66: Subtask first_task
[2024-07-25T09:22:33.439+0000] {task_command.py:416} INFO - Running <TaskInstance: simple_ids_ingest.first_task scheduled__2023-04-19T00:00:00+00:00 [running]> on host c7799c7b21e5
[2024-07-25T09:22:35.075+0000] {taskinstance.py:1662} INFO - Exporting env vars: AIRFLOW_CTX_DAG_OWNER='Ajay' AIRFLOW_CTX_DAG_ID='simple_ids_ingest' AIRFLOW_CTX_TASK_ID='first_task' AIRFLOW_CTX_EXECUTION_DATE='2023-04-19T00:00:00+00:00' AIRFLOW_CTX_TRY_NUMBER='1' AIRFLOW_CTX_DAG_RUN_ID='scheduled__2023-04-19T00:00:00+00:00'
[2024-07-25T09:22:35.076+0000] {subprocess.py:63} INFO - Tmp dir root location: /tmp
[2024-07-25T09:22:35.077+0000] {subprocess.py:75} INFO - Running command: ['/bin/bash', '-c', 'echo $AIRFLOW_HOME']
[2024-07-25T09:22:35.967+0000] {subprocess.py:86} INFO - Output:
[2024-07-25T09:22:35.972+0000] {subprocess.py:93} INFO - /opt/***
[2024-07-25T09:22:36.079+0000] {subprocess.py:97} INFO - Command exited with return code 0
[2024-07-25T09:22:36.732+0000] {taskinstance.py:1400} INFO - Marking task as SUCCESS. dag_id=simple_ids_ingest, task_id=first_task, execution_date=20230419T000000, start_date=20240725T092231, end_date=20240725T092236
[2024-07-25T09:22:37.774+0000] {local_task_job_runner.py:228} INFO - Task exited with return code 0
[2024-07-25T09:22:38.410+0000] {taskinstance.py:2778} INFO - 0 downstream tasks scheduled from follow-on schedule check
[2024-07-25T14:22:22.214+0000] {taskinstance.py:1159} INFO - Dependencies all met for dep_context=non-requeueable deps ti=<TaskInstance: simple_ids_ingest.first_task scheduled__2023-04-19T00:00:00+00:00 [queued]>
[2024-07-25T14:22:22.565+0000] {taskinstance.py:1159} INFO - Dependencies all met for dep_context=requeueable deps ti=<TaskInstance: simple_ids_ingest.first_task scheduled__2023-04-19T00:00:00+00:00 [queued]>
[2024-07-25T14:22:22.590+0000] {taskinstance.py:1361} INFO - Starting attempt 1 of 2
[2024-07-25T14:22:22.908+0000] {taskinstance.py:1382} INFO - Executing <Task(BashOperator): first_task> on 2023-04-19 00:00:00+00:00
[2024-07-25T14:22:23.160+0000] {standard_task_runner.py:57} INFO - Started process 3441 to run task
[2024-07-25T14:22:23.150+0000] {standard_task_runner.py:84} INFO - Running: ['***', 'tasks', 'run', 'simple_ids_ingest', 'first_task', 'scheduled__2023-04-19T00:00:00+00:00', '--job-id', '372', '--raw', '--subdir', 'DAGS_FOLDER/ids_ingest/ids_ingest_dag.py', '--cfg-path', '/tmp/tmpipyt696h']
[2024-07-25T14:22:23.265+0000] {standard_task_runner.py:85} INFO - Job 372: Subtask first_task
[2024-07-25T14:22:24.384+0000] {task_command.py:416} INFO - Running <TaskInstance: simple_ids_ingest.first_task scheduled__2023-04-19T00:00:00+00:00 [running]> on host b7334bec8397
[2024-07-25T14:22:26.031+0000] {taskinstance.py:1662} INFO - Exporting env vars: AIRFLOW_CTX_DAG_OWNER='Ajay' AIRFLOW_CTX_DAG_ID='simple_ids_ingest' AIRFLOW_CTX_TASK_ID='first_task' AIRFLOW_CTX_EXECUTION_DATE='2023-04-19T00:00:00+00:00' AIRFLOW_CTX_TRY_NUMBER='1' AIRFLOW_CTX_DAG_RUN_ID='scheduled__2023-04-19T00:00:00+00:00'
[2024-07-25T14:22:26.045+0000] {subprocess.py:63} INFO - Tmp dir root location: /tmp
[2024-07-25T14:22:26.052+0000] {subprocess.py:75} INFO - Running command: ['/bin/bash', '-c', 'echo $AIRFLOW_HOME']
[2024-07-25T14:22:26.593+0000] {subprocess.py:86} INFO - Output:
[2024-07-25T14:22:26.645+0000] {subprocess.py:93} INFO - /opt/***
[2024-07-25T14:22:26.646+0000] {subprocess.py:97} INFO - Command exited with return code 0
[2024-07-25T14:22:27.000+0000] {taskinstance.py:1400} INFO - Marking task as SUCCESS. dag_id=simple_ids_ingest, task_id=first_task, execution_date=20230419T000000, start_date=20240725T142222, end_date=20240725T142226
[2024-07-25T14:22:27.441+0000] {local_task_job_runner.py:228} INFO - Task exited with return code 0
[2024-07-25T14:22:27.704+0000] {taskinstance.py:2778} INFO - 1 downstream tasks scheduled from follow-on schedule check
