[2024-07-25T09:22:29.058+0000] {taskinstance.py:1159} INFO - Dependencies all met for dep_context=non-requeueable deps ti=<TaskInstance: simple_ids_ingest.first_task scheduled__2023-04-15T00:00:00+00:00 [queued]>
[2024-07-25T09:22:29.240+0000] {taskinstance.py:1159} INFO - Dependencies all met for dep_context=requeueable deps ti=<TaskInstance: simple_ids_ingest.first_task scheduled__2023-04-15T00:00:00+00:00 [queued]>
[2024-07-25T09:22:29.259+0000] {taskinstance.py:1361} INFO - Starting attempt 1 of 2
[2024-07-25T09:22:29.529+0000] {taskinstance.py:1382} INFO - Executing <Task(BashOperator): first_task> on 2023-04-15 00:00:00+00:00
[2024-07-25T09:22:29.672+0000] {standard_task_runner.py:57} INFO - Started process 801 to run task
[2024-07-25T09:22:29.762+0000] {standard_task_runner.py:84} INFO - Running: ['***', 'tasks', 'run', 'simple_ids_ingest', 'first_task', 'scheduled__2023-04-15T00:00:00+00:00', '--job-id', '59', '--raw', '--subdir', 'DAGS_FOLDER/ids_ingest/ids_ingest_dag.py', '--cfg-path', '/tmp/tmpqhuuk1lo']
[2024-07-25T09:22:29.814+0000] {standard_task_runner.py:85} INFO - Job 59: Subtask first_task
[2024-07-25T09:22:30.345+0000] {task_command.py:416} INFO - Running <TaskInstance: simple_ids_ingest.first_task scheduled__2023-04-15T00:00:00+00:00 [running]> on host c7799c7b21e5
[2024-07-25T09:22:31.724+0000] {taskinstance.py:1662} INFO - Exporting env vars: AIRFLOW_CTX_DAG_OWNER='Ajay' AIRFLOW_CTX_DAG_ID='simple_ids_ingest' AIRFLOW_CTX_TASK_ID='first_task' AIRFLOW_CTX_EXECUTION_DATE='2023-04-15T00:00:00+00:00' AIRFLOW_CTX_TRY_NUMBER='1' AIRFLOW_CTX_DAG_RUN_ID='scheduled__2023-04-15T00:00:00+00:00'
[2024-07-25T09:22:31.727+0000] {subprocess.py:63} INFO - Tmp dir root location: /tmp
[2024-07-25T09:22:31.762+0000] {subprocess.py:75} INFO - Running command: ['/bin/bash', '-c', 'echo $AIRFLOW_HOME']
[2024-07-25T09:22:31.942+0000] {subprocess.py:86} INFO - Output:
[2024-07-25T09:22:31.950+0000] {subprocess.py:93} INFO - /opt/***
[2024-07-25T09:22:31.987+0000] {subprocess.py:97} INFO - Command exited with return code 0
[2024-07-25T09:22:32.277+0000] {taskinstance.py:1400} INFO - Marking task as SUCCESS. dag_id=simple_ids_ingest, task_id=first_task, execution_date=20230415T000000, start_date=20240725T092229, end_date=20240725T092232
[2024-07-25T09:22:32.490+0000] {local_task_job_runner.py:228} INFO - Task exited with return code 0
[2024-07-25T09:22:32.868+0000] {taskinstance.py:2778} INFO - 1 downstream tasks scheduled from follow-on schedule check
[2024-07-25T14:22:10.800+0000] {taskinstance.py:1159} INFO - Dependencies all met for dep_context=non-requeueable deps ti=<TaskInstance: simple_ids_ingest.first_task scheduled__2023-04-15T00:00:00+00:00 [queued]>
[2024-07-25T14:22:11.124+0000] {taskinstance.py:1159} INFO - Dependencies all met for dep_context=requeueable deps ti=<TaskInstance: simple_ids_ingest.first_task scheduled__2023-04-15T00:00:00+00:00 [queued]>
[2024-07-25T14:22:11.156+0000] {taskinstance.py:1361} INFO - Starting attempt 1 of 2
[2024-07-25T14:22:11.479+0000] {taskinstance.py:1382} INFO - Executing <Task(BashOperator): first_task> on 2023-04-15 00:00:00+00:00
[2024-07-25T14:22:11.566+0000] {standard_task_runner.py:57} INFO - Started process 3404 to run task
[2024-07-25T14:22:11.651+0000] {standard_task_runner.py:84} INFO - Running: ['***', 'tasks', 'run', 'simple_ids_ingest', 'first_task', 'scheduled__2023-04-15T00:00:00+00:00', '--job-id', '364', '--raw', '--subdir', 'DAGS_FOLDER/ids_ingest/ids_ingest_dag.py', '--cfg-path', '/tmp/tmpfxmesrej']
[2024-07-25T14:22:11.723+0000] {standard_task_runner.py:85} INFO - Job 364: Subtask first_task
[2024-07-25T14:22:13.062+0000] {task_command.py:416} INFO - Running <TaskInstance: simple_ids_ingest.first_task scheduled__2023-04-15T00:00:00+00:00 [running]> on host b7334bec8397
[2024-07-25T14:22:15.241+0000] {taskinstance.py:1662} INFO - Exporting env vars: AIRFLOW_CTX_DAG_OWNER='Ajay' AIRFLOW_CTX_DAG_ID='simple_ids_ingest' AIRFLOW_CTX_TASK_ID='first_task' AIRFLOW_CTX_EXECUTION_DATE='2023-04-15T00:00:00+00:00' AIRFLOW_CTX_TRY_NUMBER='1' AIRFLOW_CTX_DAG_RUN_ID='scheduled__2023-04-15T00:00:00+00:00'
[2024-07-25T14:22:15.243+0000] {subprocess.py:63} INFO - Tmp dir root location: /tmp
[2024-07-25T14:22:15.244+0000] {subprocess.py:75} INFO - Running command: ['/bin/bash', '-c', 'echo $AIRFLOW_HOME']
[2024-07-25T14:22:15.266+0000] {subprocess.py:86} INFO - Output:
[2024-07-25T14:22:15.269+0000] {subprocess.py:93} INFO - /opt/***
[2024-07-25T14:22:15.273+0000] {subprocess.py:97} INFO - Command exited with return code 0
[2024-07-25T14:22:15.860+0000] {taskinstance.py:1400} INFO - Marking task as SUCCESS. dag_id=simple_ids_ingest, task_id=first_task, execution_date=20230415T000000, start_date=20240725T142210, end_date=20240725T142215
[2024-07-25T14:22:16.821+0000] {local_task_job_runner.py:228} INFO - Task exited with return code 0
[2024-07-25T14:22:17.314+0000] {taskinstance.py:2778} INFO - 0 downstream tasks scheduled from follow-on schedule check
