[2024-07-25T09:22:25.225+0000] {taskinstance.py:1159} INFO - Dependencies all met for dep_context=non-requeueable deps ti=<TaskInstance: simple_ids_ingest.first_task scheduled__2023-04-09T00:00:00+00:00 [queued]>
[2024-07-25T09:22:25.504+0000] {taskinstance.py:1159} INFO - Dependencies all met for dep_context=requeueable deps ti=<TaskInstance: simple_ids_ingest.first_task scheduled__2023-04-09T00:00:00+00:00 [queued]>
[2024-07-25T09:22:25.521+0000] {taskinstance.py:1361} INFO - Starting attempt 1 of 2
[2024-07-25T09:22:26.019+0000] {taskinstance.py:1382} INFO - Executing <Task(BashOperator): first_task> on 2023-04-09 00:00:00+00:00
[2024-07-25T09:22:26.053+0000] {standard_task_runner.py:57} INFO - Started process 791 to run task
[2024-07-25T09:22:26.136+0000] {standard_task_runner.py:84} INFO - Running: ['***', 'tasks', 'run', 'simple_ids_ingest', 'first_task', 'scheduled__2023-04-09T00:00:00+00:00', '--job-id', '53', '--raw', '--subdir', 'DAGS_FOLDER/ids_ingest/ids_ingest_dag.py', '--cfg-path', '/tmp/tmpho15oegc']
[2024-07-25T09:22:26.203+0000] {standard_task_runner.py:85} INFO - Job 53: Subtask first_task
[2024-07-25T09:22:26.938+0000] {task_command.py:416} INFO - Running <TaskInstance: simple_ids_ingest.first_task scheduled__2023-04-09T00:00:00+00:00 [running]> on host c7799c7b21e5
[2024-07-25T09:22:28.244+0000] {taskinstance.py:1662} INFO - Exporting env vars: AIRFLOW_CTX_DAG_OWNER='Ajay' AIRFLOW_CTX_DAG_ID='simple_ids_ingest' AIRFLOW_CTX_TASK_ID='first_task' AIRFLOW_CTX_EXECUTION_DATE='2023-04-09T00:00:00+00:00' AIRFLOW_CTX_TRY_NUMBER='1' AIRFLOW_CTX_DAG_RUN_ID='scheduled__2023-04-09T00:00:00+00:00'
[2024-07-25T09:22:28.319+0000] {subprocess.py:63} INFO - Tmp dir root location: /tmp
[2024-07-25T09:22:28.320+0000] {subprocess.py:75} INFO - Running command: ['/bin/bash', '-c', 'echo $AIRFLOW_HOME']
[2024-07-25T09:22:28.549+0000] {subprocess.py:86} INFO - Output:
[2024-07-25T09:22:28.624+0000] {subprocess.py:93} INFO - /opt/***
[2024-07-25T09:22:28.626+0000] {subprocess.py:97} INFO - Command exited with return code 0
[2024-07-25T09:22:28.748+0000] {taskinstance.py:1400} INFO - Marking task as SUCCESS. dag_id=simple_ids_ingest, task_id=first_task, execution_date=20230409T000000, start_date=20240725T092225, end_date=20240725T092228
[2024-07-25T09:22:28.942+0000] {local_task_job_runner.py:228} INFO - Task exited with return code 0
[2024-07-25T09:22:29.251+0000] {taskinstance.py:2778} INFO - 0 downstream tasks scheduled from follow-on schedule check
[2024-07-25T14:22:03.619+0000] {taskinstance.py:1159} INFO - Dependencies all met for dep_context=non-requeueable deps ti=<TaskInstance: simple_ids_ingest.first_task scheduled__2023-04-09T00:00:00+00:00 [queued]>
[2024-07-25T14:22:03.872+0000] {taskinstance.py:1159} INFO - Dependencies all met for dep_context=requeueable deps ti=<TaskInstance: simple_ids_ingest.first_task scheduled__2023-04-09T00:00:00+00:00 [queued]>
[2024-07-25T14:22:03.886+0000] {taskinstance.py:1361} INFO - Starting attempt 1 of 2
[2024-07-25T14:22:04.185+0000] {taskinstance.py:1382} INFO - Executing <Task(BashOperator): first_task> on 2023-04-09 00:00:00+00:00
[2024-07-25T14:22:04.710+0000] {standard_task_runner.py:57} INFO - Started process 3390 to run task
[2024-07-25T14:22:04.787+0000] {standard_task_runner.py:84} INFO - Running: ['***', 'tasks', 'run', 'simple_ids_ingest', 'first_task', 'scheduled__2023-04-09T00:00:00+00:00', '--job-id', '356', '--raw', '--subdir', 'DAGS_FOLDER/ids_ingest/ids_ingest_dag.py', '--cfg-path', '/tmp/tmp60mh618w']
[2024-07-25T14:22:04.880+0000] {standard_task_runner.py:85} INFO - Job 356: Subtask first_task
[2024-07-25T14:22:05.963+0000] {task_command.py:416} INFO - Running <TaskInstance: simple_ids_ingest.first_task scheduled__2023-04-09T00:00:00+00:00 [running]> on host b7334bec8397
[2024-07-25T14:22:07.921+0000] {taskinstance.py:1662} INFO - Exporting env vars: AIRFLOW_CTX_DAG_OWNER='Ajay' AIRFLOW_CTX_DAG_ID='simple_ids_ingest' AIRFLOW_CTX_TASK_ID='first_task' AIRFLOW_CTX_EXECUTION_DATE='2023-04-09T00:00:00+00:00' AIRFLOW_CTX_TRY_NUMBER='1' AIRFLOW_CTX_DAG_RUN_ID='scheduled__2023-04-09T00:00:00+00:00'
[2024-07-25T14:22:07.930+0000] {subprocess.py:63} INFO - Tmp dir root location: /tmp
[2024-07-25T14:22:07.936+0000] {subprocess.py:75} INFO - Running command: ['/bin/bash', '-c', 'echo $AIRFLOW_HOME']
[2024-07-25T14:22:08.166+0000] {subprocess.py:86} INFO - Output:
[2024-07-25T14:22:08.222+0000] {subprocess.py:93} INFO - /opt/***
[2024-07-25T14:22:08.247+0000] {subprocess.py:97} INFO - Command exited with return code 0
[2024-07-25T14:22:08.376+0000] {taskinstance.py:1400} INFO - Marking task as SUCCESS. dag_id=simple_ids_ingest, task_id=first_task, execution_date=20230409T000000, start_date=20240725T142203, end_date=20240725T142208
[2024-07-25T14:22:09.199+0000] {local_task_job_runner.py:228} INFO - Task exited with return code 0
[2024-07-25T14:22:09.751+0000] {taskinstance.py:2778} INFO - 0 downstream tasks scheduled from follow-on schedule check
