[2024-07-25T10:02:11.728+0000] {taskinstance.py:1159} INFO - Dependencies all met for dep_context=non-requeueable deps ti=<TaskInstance: holiday_ingest.holiday_api_ingestion scheduled__2023-04-05T00:00:00+00:00 [queued]>
[2024-07-25T10:02:11.852+0000] {taskinstance.py:1159} INFO - Dependencies all met for dep_context=requeueable deps ti=<TaskInstance: holiday_ingest.holiday_api_ingestion scheduled__2023-04-05T00:00:00+00:00 [queued]>
[2024-07-25T10:02:11.854+0000] {taskinstance.py:1361} INFO - Starting attempt 1 of 2
[2024-07-25T10:02:11.967+0000] {taskinstance.py:1382} INFO - Executing <Task(HolidayAPIIngestOperator): holiday_api_ingestion> on 2023-04-05 00:00:00+00:00
[2024-07-25T10:02:12.013+0000] {standard_task_runner.py:57} INFO - Started process 4555 to run task
[2024-07-25T10:02:12.063+0000] {standard_task_runner.py:84} INFO - Running: ['***', 'tasks', 'run', 'holiday_ingest', 'holiday_api_ingestion', 'scheduled__2023-04-05T00:00:00+00:00', '--job-id', '1053', '--raw', '--subdir', 'DAGS_FOLDER/holiday_ingest/holiday_ingest_dag.py', '--cfg-path', '/tmp/tmpx45bgx2z']
[2024-07-25T10:02:12.074+0000] {standard_task_runner.py:85} INFO - Job 1053: Subtask holiday_api_ingestion
[2024-07-25T10:02:12.267+0000] {task_command.py:416} INFO - Running <TaskInstance: holiday_ingest.holiday_api_ingestion scheduled__2023-04-05T00:00:00+00:00 [running]> on host c7799c7b21e5
[2024-07-25T10:02:12.589+0000] {taskinstance.py:1662} INFO - Exporting env vars: AIRFLOW_CTX_DAG_OWNER='Ajay' AIRFLOW_CTX_DAG_ID='holiday_ingest' AIRFLOW_CTX_TASK_ID='holiday_api_ingestion' AIRFLOW_CTX_EXECUTION_DATE='2023-04-05T00:00:00+00:00' AIRFLOW_CTX_TRY_NUMBER='1' AIRFLOW_CTX_DAG_RUN_ID='scheduled__2023-04-05T00:00:00+00:00'
[2024-07-25T10:02:13.094+0000] {logging_mixin.py:154} INFO - {'status': 402, 'requests': {'used': 13, 'available': 9987, 'resets': '2024-08-01 00:00:00'}, 'error': "Free accounts are limited to last year's historical data only. Upgrade to premium for access to all holiday data. For more information, please visit https://holidayapi.com/docs"}
[2024-07-25T10:02:13.095+0000] {taskinstance.py:1937} ERROR - Task failed with exception
Traceback (most recent call last):
  File "/opt/airflow/plugins/operators/holiday_api_plugin.py", line 36, in execute
    raise e
  File "/opt/airflow/plugins/operators/holiday_api_plugin.py", line 32, in execute
    with open(output_file, "w") as f:
FileNotFoundError: [Errno 2] No such file or directory: '/opt/airflow/files_to_test/output_files/holiday_brazil.json'
[2024-07-25T10:02:13.107+0000] {taskinstance.py:1400} INFO - Marking task as UP_FOR_RETRY. dag_id=holiday_ingest, task_id=holiday_api_ingestion, execution_date=20230405T000000, start_date=20240725T100211, end_date=20240725T100213
[2024-07-25T10:02:13.143+0000] {standard_task_runner.py:104} ERROR - Failed to execute job 1053 for task holiday_api_ingestion ([Errno 2] No such file or directory: '/opt/airflow/files_to_test/output_files/holiday_brazil.json'; 4555)
[2024-07-25T10:02:13.191+0000] {local_task_job_runner.py:228} INFO - Task exited with return code 1
[2024-07-25T10:02:13.231+0000] {taskinstance.py:2778} INFO - 0 downstream tasks scheduled from follow-on schedule check
[2024-07-25T14:21:04.794+0000] {taskinstance.py:1159} INFO - Dependencies all met for dep_context=non-requeueable deps ti=<TaskInstance: holiday_ingest.holiday_api_ingestion scheduled__2023-04-05T00:00:00+00:00 [queued]>
[2024-07-25T14:21:05.122+0000] {taskinstance.py:1159} INFO - Dependencies all met for dep_context=requeueable deps ti=<TaskInstance: holiday_ingest.holiday_api_ingestion scheduled__2023-04-05T00:00:00+00:00 [queued]>
[2024-07-25T14:21:05.123+0000] {taskinstance.py:1361} INFO - Starting attempt 1 of 2
[2024-07-25T14:21:05.539+0000] {taskinstance.py:1382} INFO - Executing <Task(HolidayAPIIngestOperator): holiday_api_ingestion> on 2023-04-05 00:00:00+00:00
[2024-07-25T14:21:05.674+0000] {standard_task_runner.py:57} INFO - Started process 3231 to run task
[2024-07-25T14:21:05.798+0000] {standard_task_runner.py:84} INFO - Running: ['***', 'tasks', 'run', 'holiday_ingest', 'holiday_api_ingestion', 'scheduled__2023-04-05T00:00:00+00:00', '--job-id', '302', '--raw', '--subdir', 'DAGS_FOLDER/holiday_ingest/holiday_ingest_dag.py', '--cfg-path', '/tmp/tmpx509mmsk']
[2024-07-25T14:21:05.956+0000] {standard_task_runner.py:85} INFO - Job 302: Subtask holiday_api_ingestion
[2024-07-25T14:21:06.928+0000] {task_command.py:416} INFO - Running <TaskInstance: holiday_ingest.holiday_api_ingestion scheduled__2023-04-05T00:00:00+00:00 [running]> on host b7334bec8397
[2024-07-25T14:21:08.138+0000] {taskinstance.py:1662} INFO - Exporting env vars: AIRFLOW_CTX_DAG_OWNER='Ajay' AIRFLOW_CTX_DAG_ID='holiday_ingest' AIRFLOW_CTX_TASK_ID='holiday_api_ingestion' AIRFLOW_CTX_EXECUTION_DATE='2023-04-05T00:00:00+00:00' AIRFLOW_CTX_TRY_NUMBER='1' AIRFLOW_CTX_DAG_RUN_ID='scheduled__2023-04-05T00:00:00+00:00'
[2024-07-25T14:21:09.876+0000] {logging_mixin.py:154} INFO - {'status': 402, 'requests': {'used': 522, 'available': 9478, 'resets': '2024-08-01 00:00:00'}, 'error': "Free accounts are limited to last year's historical data only. Upgrade to premium for access to all holiday data. For more information, please visit https://holidayapi.com/docs"}
[2024-07-25T14:21:10.093+0000] {taskinstance.py:1400} INFO - Marking task as SUCCESS. dag_id=holiday_ingest, task_id=holiday_api_ingestion, execution_date=20230405T000000, start_date=20240725T142104, end_date=20240725T142110
[2024-07-25T14:21:10.413+0000] {local_task_job_runner.py:228} INFO - Task exited with return code 0
[2024-07-25T14:21:10.544+0000] {taskinstance.py:2778} INFO - 0 downstream tasks scheduled from follow-on schedule check
