[2024-07-25T10:07:45.314+0000] {taskinstance.py:1159} INFO - Dependencies all met for dep_context=non-requeueable deps ti=<TaskInstance: holiday_ingest.holiday_api_ingestion scheduled__2023-04-29T00:00:00+00:00 [queued]>
[2024-07-25T10:07:45.387+0000] {taskinstance.py:1159} INFO - Dependencies all met for dep_context=requeueable deps ti=<TaskInstance: holiday_ingest.holiday_api_ingestion scheduled__2023-04-29T00:00:00+00:00 [queued]>
[2024-07-25T10:07:45.390+0000] {taskinstance.py:1361} INFO - Starting attempt 1 of 2
[2024-07-25T10:07:45.497+0000] {taskinstance.py:1382} INFO - Executing <Task(HolidayAPIIngestOperator): holiday_api_ingestion> on 2023-04-29 00:00:00+00:00
[2024-07-25T10:07:45.600+0000] {standard_task_runner.py:57} INFO - Started process 4855 to run task
[2024-07-25T10:07:45.639+0000] {standard_task_runner.py:84} INFO - Running: ['***', 'tasks', 'run', 'holiday_ingest', 'holiday_api_ingestion', 'scheduled__2023-04-29T00:00:00+00:00', '--job-id', '1092', '--raw', '--subdir', 'DAGS_FOLDER/holiday_ingest/holiday_ingest_dag.py', '--cfg-path', '/tmp/tmpqijwl_7d']
[2024-07-25T10:07:45.711+0000] {standard_task_runner.py:85} INFO - Job 1092: Subtask holiday_api_ingestion
[2024-07-25T10:07:46.298+0000] {task_command.py:416} INFO - Running <TaskInstance: holiday_ingest.holiday_api_ingestion scheduled__2023-04-29T00:00:00+00:00 [running]> on host c7799c7b21e5
[2024-07-25T10:07:46.878+0000] {taskinstance.py:1662} INFO - Exporting env vars: AIRFLOW_CTX_DAG_OWNER='Ajay' AIRFLOW_CTX_DAG_ID='holiday_ingest' AIRFLOW_CTX_TASK_ID='holiday_api_ingestion' AIRFLOW_CTX_EXECUTION_DATE='2023-04-29T00:00:00+00:00' AIRFLOW_CTX_TRY_NUMBER='1' AIRFLOW_CTX_DAG_RUN_ID='scheduled__2023-04-29T00:00:00+00:00'
[2024-07-25T10:07:48.592+0000] {logging_mixin.py:154} INFO - {'status': 402, 'requests': {'used': 61, 'available': 9939, 'resets': '2024-08-01 00:00:00'}, 'error': "Free accounts are limited to last year's historical data only. Upgrade to premium for access to all holiday data. For more information, please visit https://holidayapi.com/docs"}
[2024-07-25T10:07:48.618+0000] {taskinstance.py:1400} INFO - Marking task as SUCCESS. dag_id=holiday_ingest, task_id=holiday_api_ingestion, execution_date=20230429T000000, start_date=20240725T100745, end_date=20240725T100748
[2024-07-25T10:07:48.652+0000] {local_task_job_runner.py:228} INFO - Task exited with return code 0
[2024-07-25T10:07:48.665+0000] {taskinstance.py:2778} INFO - 0 downstream tasks scheduled from follow-on schedule check
[2024-07-25T14:22:21.189+0000] {taskinstance.py:1159} INFO - Dependencies all met for dep_context=non-requeueable deps ti=<TaskInstance: holiday_ingest.holiday_api_ingestion scheduled__2023-04-29T00:00:00+00:00 [queued]>
[2024-07-25T14:22:21.538+0000] {taskinstance.py:1159} INFO - Dependencies all met for dep_context=requeueable deps ti=<TaskInstance: holiday_ingest.holiday_api_ingestion scheduled__2023-04-29T00:00:00+00:00 [queued]>
[2024-07-25T14:22:21.595+0000] {taskinstance.py:1361} INFO - Starting attempt 1 of 2
[2024-07-25T14:22:21.994+0000] {taskinstance.py:1382} INFO - Executing <Task(HolidayAPIIngestOperator): holiday_api_ingestion> on 2023-04-29 00:00:00+00:00
[2024-07-25T14:22:22.228+0000] {standard_task_runner.py:57} INFO - Started process 3440 to run task
[2024-07-25T14:22:22.243+0000] {standard_task_runner.py:84} INFO - Running: ['***', 'tasks', 'run', 'holiday_ingest', 'holiday_api_ingestion', 'scheduled__2023-04-29T00:00:00+00:00', '--job-id', '371', '--raw', '--subdir', 'DAGS_FOLDER/holiday_ingest/holiday_ingest_dag.py', '--cfg-path', '/tmp/tmpldabdn04']
[2024-07-25T14:22:22.407+0000] {standard_task_runner.py:85} INFO - Job 371: Subtask holiday_api_ingestion
[2024-07-25T14:22:23.162+0000] {task_command.py:416} INFO - Running <TaskInstance: holiday_ingest.holiday_api_ingestion scheduled__2023-04-29T00:00:00+00:00 [running]> on host b7334bec8397
[2024-07-25T14:22:24.124+0000] {taskinstance.py:1662} INFO - Exporting env vars: AIRFLOW_CTX_DAG_OWNER='Ajay' AIRFLOW_CTX_DAG_ID='holiday_ingest' AIRFLOW_CTX_TASK_ID='holiday_api_ingestion' AIRFLOW_CTX_EXECUTION_DATE='2023-04-29T00:00:00+00:00' AIRFLOW_CTX_TRY_NUMBER='1' AIRFLOW_CTX_DAG_RUN_ID='scheduled__2023-04-29T00:00:00+00:00'
[2024-07-25T14:22:26.276+0000] {logging_mixin.py:154} INFO - {'status': 402, 'requests': {'used': 547, 'available': 9453, 'resets': '2024-08-01 00:00:00'}, 'error': "Free accounts are limited to last year's historical data only. Upgrade to premium for access to all holiday data. For more information, please visit https://holidayapi.com/docs"}
[2024-07-25T14:22:26.669+0000] {taskinstance.py:1400} INFO - Marking task as SUCCESS. dag_id=holiday_ingest, task_id=holiday_api_ingestion, execution_date=20230429T000000, start_date=20240725T142221, end_date=20240725T142226
[2024-07-25T14:22:27.198+0000] {local_task_job_runner.py:228} INFO - Task exited with return code 0
[2024-07-25T14:22:27.291+0000] {taskinstance.py:2778} INFO - 0 downstream tasks scheduled from follow-on schedule check
