[2024-07-25T09:16:56.559+0000] {taskinstance.py:1159} INFO - Dependencies all met for dep_context=non-requeueable deps ti=<TaskInstance: simple_ids_ingest.first_task scheduled__2023-03-30T00:00:00+00:00 [queued]>
[2024-07-25T09:16:56.681+0000] {taskinstance.py:1159} INFO - Dependencies all met for dep_context=requeueable deps ti=<TaskInstance: simple_ids_ingest.first_task scheduled__2023-03-30T00:00:00+00:00 [queued]>
[2024-07-25T09:16:56.689+0000] {taskinstance.py:1361} INFO - Starting attempt 1 of 2
[2024-07-25T09:16:56.917+0000] {taskinstance.py:1382} INFO - Executing <Task(BashOperator): first_task> on 2023-03-30 00:00:00+00:00
[2024-07-25T09:16:56.999+0000] {standard_task_runner.py:57} INFO - Started process 488 to run task
[2024-07-25T09:16:57.074+0000] {standard_task_runner.py:84} INFO - Running: ['***', 'tasks', 'run', 'simple_ids_ingest', 'first_task', 'scheduled__2023-03-30T00:00:00+00:00', '--job-id', '12', '--raw', '--subdir', 'DAGS_FOLDER/ids_ingest/ids_ingest_dag.py', '--cfg-path', '/tmp/tmpxmel7sfh']
[2024-07-25T09:16:57.108+0000] {standard_task_runner.py:85} INFO - Job 12: Subtask first_task
[2024-07-25T09:16:57.789+0000] {task_command.py:416} INFO - Running <TaskInstance: simple_ids_ingest.first_task scheduled__2023-03-30T00:00:00+00:00 [running]> on host c7799c7b21e5
[2024-07-25T09:16:58.501+0000] {taskinstance.py:1662} INFO - Exporting env vars: AIRFLOW_CTX_DAG_OWNER='Ajay' AIRFLOW_CTX_DAG_ID='simple_ids_ingest' AIRFLOW_CTX_TASK_ID='first_task' AIRFLOW_CTX_EXECUTION_DATE='2023-03-30T00:00:00+00:00' AIRFLOW_CTX_TRY_NUMBER='1' AIRFLOW_CTX_DAG_RUN_ID='scheduled__2023-03-30T00:00:00+00:00'
[2024-07-25T09:16:58.502+0000] {subprocess.py:63} INFO - Tmp dir root location: /tmp
[2024-07-25T09:16:58.504+0000] {subprocess.py:75} INFO - Running command: ['/bin/bash', '-c', 'echo $AIRFLOW_HOME']
[2024-07-25T09:16:58.563+0000] {subprocess.py:86} INFO - Output:
[2024-07-25T09:16:58.584+0000] {subprocess.py:93} INFO - /opt/***
[2024-07-25T09:16:58.589+0000] {subprocess.py:97} INFO - Command exited with return code 0
[2024-07-25T09:16:58.825+0000] {taskinstance.py:1400} INFO - Marking task as SUCCESS. dag_id=simple_ids_ingest, task_id=first_task, execution_date=20230330T000000, start_date=20240725T091656, end_date=20240725T091658
[2024-07-25T09:16:59.435+0000] {local_task_job_runner.py:228} INFO - Task exited with return code 0
[2024-07-25T09:16:59.492+0000] {taskinstance.py:2778} INFO - 0 downstream tasks scheduled from follow-on schedule check
[2024-07-25T14:21:14.981+0000] {taskinstance.py:1159} INFO - Dependencies all met for dep_context=non-requeueable deps ti=<TaskInstance: simple_ids_ingest.first_task scheduled__2023-03-30T00:00:00+00:00 [queued]>
[2024-07-25T14:21:15.352+0000] {taskinstance.py:1159} INFO - Dependencies all met for dep_context=requeueable deps ti=<TaskInstance: simple_ids_ingest.first_task scheduled__2023-03-30T00:00:00+00:00 [queued]>
[2024-07-25T14:21:15.387+0000] {taskinstance.py:1361} INFO - Starting attempt 1 of 2
[2024-07-25T14:21:16.557+0000] {taskinstance.py:1382} INFO - Executing <Task(BashOperator): first_task> on 2023-03-30 00:00:00+00:00
[2024-07-25T14:21:16.822+0000] {standard_task_runner.py:57} INFO - Started process 3267 to run task
[2024-07-25T14:21:16.934+0000] {standard_task_runner.py:84} INFO - Running: ['***', 'tasks', 'run', 'simple_ids_ingest', 'first_task', 'scheduled__2023-03-30T00:00:00+00:00', '--job-id', '311', '--raw', '--subdir', 'DAGS_FOLDER/ids_ingest/ids_ingest_dag.py', '--cfg-path', '/tmp/tmplxaorxza']
[2024-07-25T14:21:17.035+0000] {standard_task_runner.py:85} INFO - Job 311: Subtask first_task
[2024-07-25T14:21:18.298+0000] {task_command.py:416} INFO - Running <TaskInstance: simple_ids_ingest.first_task scheduled__2023-03-30T00:00:00+00:00 [running]> on host b7334bec8397
[2024-07-25T14:21:20.440+0000] {taskinstance.py:1662} INFO - Exporting env vars: AIRFLOW_CTX_DAG_OWNER='Ajay' AIRFLOW_CTX_DAG_ID='simple_ids_ingest' AIRFLOW_CTX_TASK_ID='first_task' AIRFLOW_CTX_EXECUTION_DATE='2023-03-30T00:00:00+00:00' AIRFLOW_CTX_TRY_NUMBER='1' AIRFLOW_CTX_DAG_RUN_ID='scheduled__2023-03-30T00:00:00+00:00'
[2024-07-25T14:21:20.465+0000] {subprocess.py:63} INFO - Tmp dir root location: /tmp
[2024-07-25T14:21:20.493+0000] {subprocess.py:75} INFO - Running command: ['/bin/bash', '-c', 'echo $AIRFLOW_HOME']
[2024-07-25T14:21:20.969+0000] {subprocess.py:86} INFO - Output:
[2024-07-25T14:21:21.041+0000] {subprocess.py:93} INFO - /opt/***
[2024-07-25T14:21:21.044+0000] {subprocess.py:97} INFO - Command exited with return code 0
[2024-07-25T14:21:21.447+0000] {taskinstance.py:1400} INFO - Marking task as SUCCESS. dag_id=simple_ids_ingest, task_id=first_task, execution_date=20230330T000000, start_date=20240725T142115, end_date=20240725T142121
[2024-07-25T14:21:21.974+0000] {local_task_job_runner.py:228} INFO - Task exited with return code 0
[2024-07-25T14:21:22.323+0000] {taskinstance.py:2778} INFO - 0 downstream tasks scheduled from follow-on schedule check
