[2024-07-25T09:16:48.560+0000] {taskinstance.py:1159} INFO - Dependencies all met for dep_context=non-requeueable deps ti=<TaskInstance: simple_ids_ingest.first_task scheduled__2023-03-24T00:00:00+00:00 [queued]>
[2024-07-25T09:16:48.832+0000] {taskinstance.py:1159} INFO - Dependencies all met for dep_context=requeueable deps ti=<TaskInstance: simple_ids_ingest.first_task scheduled__2023-03-24T00:00:00+00:00 [queued]>
[2024-07-25T09:16:48.832+0000] {taskinstance.py:1361} INFO - Starting attempt 1 of 2
[2024-07-25T09:16:49.256+0000] {taskinstance.py:1382} INFO - Executing <Task(BashOperator): first_task> on 2023-03-24 00:00:00+00:00
[2024-07-25T09:16:49.617+0000] {standard_task_runner.py:57} INFO - Started process 462 to run task
[2024-07-25T09:16:49.691+0000] {standard_task_runner.py:84} INFO - Running: ['***', 'tasks', 'run', 'simple_ids_ingest', 'first_task', 'scheduled__2023-03-24T00:00:00+00:00', '--job-id', '5', '--raw', '--subdir', 'DAGS_FOLDER/ids_ingest/ids_ingest_dag.py', '--cfg-path', '/tmp/tmp4pt5lhdu']
[2024-07-25T09:16:49.832+0000] {standard_task_runner.py:85} INFO - Job 5: Subtask first_task
[2024-07-25T09:16:50.826+0000] {task_command.py:416} INFO - Running <TaskInstance: simple_ids_ingest.first_task scheduled__2023-03-24T00:00:00+00:00 [running]> on host c7799c7b21e5
[2024-07-25T09:16:53.020+0000] {taskinstance.py:1662} INFO - Exporting env vars: AIRFLOW_CTX_DAG_OWNER='Ajay' AIRFLOW_CTX_DAG_ID='simple_ids_ingest' AIRFLOW_CTX_TASK_ID='first_task' AIRFLOW_CTX_EXECUTION_DATE='2023-03-24T00:00:00+00:00' AIRFLOW_CTX_TRY_NUMBER='1' AIRFLOW_CTX_DAG_RUN_ID='scheduled__2023-03-24T00:00:00+00:00'
[2024-07-25T09:16:53.023+0000] {subprocess.py:63} INFO - Tmp dir root location: /tmp
[2024-07-25T09:16:53.084+0000] {subprocess.py:75} INFO - Running command: ['/bin/bash', '-c', 'echo $AIRFLOW_HOME']
[2024-07-25T09:16:53.478+0000] {subprocess.py:86} INFO - Output:
[2024-07-25T09:16:53.484+0000] {subprocess.py:93} INFO - /opt/***
[2024-07-25T09:16:53.616+0000] {subprocess.py:97} INFO - Command exited with return code 0
[2024-07-25T09:16:53.936+0000] {taskinstance.py:1400} INFO - Marking task as SUCCESS. dag_id=simple_ids_ingest, task_id=first_task, execution_date=20230324T000000, start_date=20240725T091648, end_date=20240725T091653
[2024-07-25T09:16:54.583+0000] {local_task_job_runner.py:228} INFO - Task exited with return code 0
[2024-07-25T09:16:54.921+0000] {taskinstance.py:2778} INFO - 1 downstream tasks scheduled from follow-on schedule check
[2024-07-25T14:21:09.461+0000] {taskinstance.py:1159} INFO - Dependencies all met for dep_context=non-requeueable deps ti=<TaskInstance: simple_ids_ingest.first_task scheduled__2023-03-24T00:00:00+00:00 [queued]>
[2024-07-25T14:21:09.712+0000] {taskinstance.py:1159} INFO - Dependencies all met for dep_context=requeueable deps ti=<TaskInstance: simple_ids_ingest.first_task scheduled__2023-03-24T00:00:00+00:00 [queued]>
[2024-07-25T14:21:09.735+0000] {taskinstance.py:1361} INFO - Starting attempt 1 of 2
[2024-07-25T14:21:09.918+0000] {taskinstance.py:1382} INFO - Executing <Task(BashOperator): first_task> on 2023-03-24 00:00:00+00:00
[2024-07-25T14:21:10.115+0000] {standard_task_runner.py:57} INFO - Started process 3246 to run task
[2024-07-25T14:21:10.166+0000] {standard_task_runner.py:84} INFO - Running: ['***', 'tasks', 'run', 'simple_ids_ingest', 'first_task', 'scheduled__2023-03-24T00:00:00+00:00', '--job-id', '305', '--raw', '--subdir', 'DAGS_FOLDER/ids_ingest/ids_ingest_dag.py', '--cfg-path', '/tmp/tmpk88te80r']
[2024-07-25T14:21:10.205+0000] {standard_task_runner.py:85} INFO - Job 305: Subtask first_task
[2024-07-25T14:21:10.760+0000] {task_command.py:416} INFO - Running <TaskInstance: simple_ids_ingest.first_task scheduled__2023-03-24T00:00:00+00:00 [running]> on host b7334bec8397
[2024-07-25T14:21:11.777+0000] {taskinstance.py:1662} INFO - Exporting env vars: AIRFLOW_CTX_DAG_OWNER='Ajay' AIRFLOW_CTX_DAG_ID='simple_ids_ingest' AIRFLOW_CTX_TASK_ID='first_task' AIRFLOW_CTX_EXECUTION_DATE='2023-03-24T00:00:00+00:00' AIRFLOW_CTX_TRY_NUMBER='1' AIRFLOW_CTX_DAG_RUN_ID='scheduled__2023-03-24T00:00:00+00:00'
[2024-07-25T14:21:11.779+0000] {subprocess.py:63} INFO - Tmp dir root location: /tmp
[2024-07-25T14:21:11.779+0000] {subprocess.py:75} INFO - Running command: ['/bin/bash', '-c', 'echo $AIRFLOW_HOME']
[2024-07-25T14:21:12.024+0000] {subprocess.py:86} INFO - Output:
[2024-07-25T14:21:12.042+0000] {subprocess.py:93} INFO - /opt/***
[2024-07-25T14:21:12.051+0000] {subprocess.py:97} INFO - Command exited with return code 0
[2024-07-25T14:21:12.382+0000] {taskinstance.py:1400} INFO - Marking task as SUCCESS. dag_id=simple_ids_ingest, task_id=first_task, execution_date=20230324T000000, start_date=20240725T142109, end_date=20240725T142112
[2024-07-25T14:21:12.979+0000] {local_task_job_runner.py:228} INFO - Task exited with return code 0
[2024-07-25T14:21:13.153+0000] {taskinstance.py:2778} INFO - 1 downstream tasks scheduled from follow-on schedule check
