[2024-07-25T10:07:58.876+0000] {taskinstance.py:1159} INFO - Dependencies all met for dep_context=non-requeueable deps ti=<TaskInstance: holiday_ingest.holiday_api_ingestion scheduled__2023-05-09T00:00:00+00:00 [queued]>
[2024-07-25T10:07:59.032+0000] {taskinstance.py:1159} INFO - Dependencies all met for dep_context=requeueable deps ti=<TaskInstance: holiday_ingest.holiday_api_ingestion scheduled__2023-05-09T00:00:00+00:00 [queued]>
[2024-07-25T10:07:59.052+0000] {taskinstance.py:1361} INFO - Starting attempt 1 of 2
[2024-07-25T10:07:59.344+0000] {taskinstance.py:1382} INFO - Executing <Task(HolidayAPIIngestOperator): holiday_api_ingestion> on 2023-05-09 00:00:00+00:00
[2024-07-25T10:07:59.389+0000] {standard_task_runner.py:57} INFO - Started process 4892 to run task
[2024-07-25T10:07:59.411+0000] {standard_task_runner.py:84} INFO - Running: ['***', 'tasks', 'run', 'holiday_ingest', 'holiday_api_ingestion', 'scheduled__2023-05-09T00:00:00+00:00', '--job-id', '1103', '--raw', '--subdir', 'DAGS_FOLDER/holiday_ingest/holiday_ingest_dag.py', '--cfg-path', '/tmp/tmp6eoh3wvo']
[2024-07-25T10:07:59.477+0000] {standard_task_runner.py:85} INFO - Job 1103: Subtask holiday_api_ingestion
[2024-07-25T10:07:59.784+0000] {task_command.py:416} INFO - Running <TaskInstance: holiday_ingest.holiday_api_ingestion scheduled__2023-05-09T00:00:00+00:00 [running]> on host c7799c7b21e5
[2024-07-25T10:08:00.675+0000] {taskinstance.py:1662} INFO - Exporting env vars: AIRFLOW_CTX_DAG_OWNER='Ajay' AIRFLOW_CTX_DAG_ID='holiday_ingest' AIRFLOW_CTX_TASK_ID='holiday_api_ingestion' AIRFLOW_CTX_EXECUTION_DATE='2023-05-09T00:00:00+00:00' AIRFLOW_CTX_TRY_NUMBER='1' AIRFLOW_CTX_DAG_RUN_ID='scheduled__2023-05-09T00:00:00+00:00'
[2024-07-25T10:08:01.502+0000] {logging_mixin.py:154} INFO - {'status': 402, 'requests': {'used': 67, 'available': 9933, 'resets': '2024-08-01 00:00:00'}, 'error': "Free accounts are limited to last year's historical data only. Upgrade to premium for access to all holiday data. For more information, please visit https://holidayapi.com/docs"}
[2024-07-25T10:08:01.701+0000] {taskinstance.py:1400} INFO - Marking task as SUCCESS. dag_id=holiday_ingest, task_id=holiday_api_ingestion, execution_date=20230509T000000, start_date=20240725T100758, end_date=20240725T100801
[2024-07-25T10:08:01.966+0000] {local_task_job_runner.py:228} INFO - Task exited with return code 0
[2024-07-25T10:08:02.072+0000] {taskinstance.py:2778} INFO - 0 downstream tasks scheduled from follow-on schedule check
[2024-07-25T14:22:27.643+0000] {taskinstance.py:1159} INFO - Dependencies all met for dep_context=non-requeueable deps ti=<TaskInstance: holiday_ingest.holiday_api_ingestion scheduled__2023-05-09T00:00:00+00:00 [queued]>
[2024-07-25T14:22:27.891+0000] {taskinstance.py:1159} INFO - Dependencies all met for dep_context=requeueable deps ti=<TaskInstance: holiday_ingest.holiday_api_ingestion scheduled__2023-05-09T00:00:00+00:00 [queued]>
[2024-07-25T14:22:27.900+0000] {taskinstance.py:1361} INFO - Starting attempt 1 of 2
[2024-07-25T14:22:28.359+0000] {taskinstance.py:1382} INFO - Executing <Task(HolidayAPIIngestOperator): holiday_api_ingestion> on 2023-05-09 00:00:00+00:00
[2024-07-25T14:22:28.663+0000] {standard_task_runner.py:57} INFO - Started process 3456 to run task
[2024-07-25T14:22:28.781+0000] {standard_task_runner.py:84} INFO - Running: ['***', 'tasks', 'run', 'holiday_ingest', 'holiday_api_ingestion', 'scheduled__2023-05-09T00:00:00+00:00', '--job-id', '381', '--raw', '--subdir', 'DAGS_FOLDER/holiday_ingest/holiday_ingest_dag.py', '--cfg-path', '/tmp/tmp7kju78i4']
[2024-07-25T14:22:28.782+0000] {standard_task_runner.py:85} INFO - Job 381: Subtask holiday_api_ingestion
[2024-07-25T14:22:29.924+0000] {task_command.py:416} INFO - Running <TaskInstance: holiday_ingest.holiday_api_ingestion scheduled__2023-05-09T00:00:00+00:00 [running]> on host b7334bec8397
[2024-07-25T14:22:31.332+0000] {taskinstance.py:1662} INFO - Exporting env vars: AIRFLOW_CTX_DAG_OWNER='Ajay' AIRFLOW_CTX_DAG_ID='holiday_ingest' AIRFLOW_CTX_TASK_ID='holiday_api_ingestion' AIRFLOW_CTX_EXECUTION_DATE='2023-05-09T00:00:00+00:00' AIRFLOW_CTX_TRY_NUMBER='1' AIRFLOW_CTX_DAG_RUN_ID='scheduled__2023-05-09T00:00:00+00:00'
[2024-07-25T14:22:35.257+0000] {logging_mixin.py:154} INFO - {'status': 402, 'requests': {'used': 558, 'available': 9442, 'resets': '2024-08-01 00:00:00'}, 'error': "Free accounts are limited to last year's historical data only. Upgrade to premium for access to all holiday data. For more information, please visit https://holidayapi.com/docs"}
[2024-07-25T14:22:36.050+0000] {taskinstance.py:1400} INFO - Marking task as SUCCESS. dag_id=holiday_ingest, task_id=holiday_api_ingestion, execution_date=20230509T000000, start_date=20240725T142227, end_date=20240725T142236
[2024-07-25T14:22:36.859+0000] {local_task_job_runner.py:228} INFO - Task exited with return code 0
[2024-07-25T14:22:36.961+0000] {taskinstance.py:2778} INFO - 0 downstream tasks scheduled from follow-on schedule check
