[2024-07-25T10:02:03.554+0000] {taskinstance.py:1159} INFO - Dependencies all met for dep_context=non-requeueable deps ti=<TaskInstance: holiday_ingest.holiday_api_ingestion scheduled__2023-03-24T00:00:00+00:00 [queued]>
[2024-07-25T10:02:03.630+0000] {taskinstance.py:1159} INFO - Dependencies all met for dep_context=requeueable deps ti=<TaskInstance: holiday_ingest.holiday_api_ingestion scheduled__2023-03-24T00:00:00+00:00 [queued]>
[2024-07-25T10:02:03.635+0000] {taskinstance.py:1361} INFO - Starting attempt 1 of 2
[2024-07-25T10:02:03.865+0000] {taskinstance.py:1382} INFO - Executing <Task(HolidayAPIIngestOperator): holiday_api_ingestion> on 2023-03-24 00:00:00+00:00
[2024-07-25T10:02:04.067+0000] {standard_task_runner.py:57} INFO - Started process 4530 to run task
[2024-07-25T10:02:04.215+0000] {standard_task_runner.py:84} INFO - Running: ['***', 'tasks', 'run', 'holiday_ingest', 'holiday_api_ingestion', 'scheduled__2023-03-24T00:00:00+00:00', '--job-id', '1040', '--raw', '--subdir', 'DAGS_FOLDER/holiday_ingest/holiday_ingest_dag.py', '--cfg-path', '/tmp/tmpv_0o5nnx']
[2024-07-25T10:02:04.255+0000] {standard_task_runner.py:85} INFO - Job 1040: Subtask holiday_api_ingestion
[2024-07-25T10:02:05.010+0000] {task_command.py:416} INFO - Running <TaskInstance: holiday_ingest.holiday_api_ingestion scheduled__2023-03-24T00:00:00+00:00 [running]> on host c7799c7b21e5
[2024-07-25T10:02:06.449+0000] {taskinstance.py:1662} INFO - Exporting env vars: AIRFLOW_CTX_DAG_OWNER='Ajay' AIRFLOW_CTX_DAG_ID='holiday_ingest' AIRFLOW_CTX_TASK_ID='holiday_api_ingestion' AIRFLOW_CTX_EXECUTION_DATE='2023-03-24T00:00:00+00:00' AIRFLOW_CTX_TRY_NUMBER='1' AIRFLOW_CTX_DAG_RUN_ID='scheduled__2023-03-24T00:00:00+00:00'
[2024-07-25T10:02:08.749+0000] {logging_mixin.py:154} INFO - {'status': 402, 'requests': {'used': 3, 'available': 9997, 'resets': '2024-08-01 00:00:00'}, 'error': "Free accounts are limited to last year's historical data only. Upgrade to premium for access to all holiday data. For more information, please visit https://holidayapi.com/docs"}
[2024-07-25T10:02:08.750+0000] {taskinstance.py:1937} ERROR - Task failed with exception
Traceback (most recent call last):
  File "/opt/airflow/plugins/operators/holiday_api_plugin.py", line 36, in execute
    raise e
  File "/opt/airflow/plugins/operators/holiday_api_plugin.py", line 32, in execute
    with open(output_file, "w") as f:
FileNotFoundError: [Errno 2] No such file or directory: '/opt/airflow/files_to_test/output_files/holiday_brazil.json'
[2024-07-25T10:02:08.774+0000] {taskinstance.py:1400} INFO - Marking task as UP_FOR_RETRY. dag_id=holiday_ingest, task_id=holiday_api_ingestion, execution_date=20230324T000000, start_date=20240725T100203, end_date=20240725T100208
[2024-07-25T10:02:09.067+0000] {standard_task_runner.py:104} ERROR - Failed to execute job 1040 for task holiday_api_ingestion ([Errno 2] No such file or directory: '/opt/airflow/files_to_test/output_files/holiday_brazil.json'; 4530)
[2024-07-25T10:02:09.361+0000] {local_task_job_runner.py:228} INFO - Task exited with return code 1
[2024-07-25T10:02:09.465+0000] {taskinstance.py:2778} INFO - 0 downstream tasks scheduled from follow-on schedule check
[2024-07-25T14:20:50.534+0000] {taskinstance.py:1159} INFO - Dependencies all met for dep_context=non-requeueable deps ti=<TaskInstance: holiday_ingest.holiday_api_ingestion scheduled__2023-03-24T00:00:00+00:00 [queued]>
[2024-07-25T14:20:50.948+0000] {taskinstance.py:1159} INFO - Dependencies all met for dep_context=requeueable deps ti=<TaskInstance: holiday_ingest.holiday_api_ingestion scheduled__2023-03-24T00:00:00+00:00 [queued]>
[2024-07-25T14:20:50.949+0000] {taskinstance.py:1361} INFO - Starting attempt 1 of 2
[2024-07-25T14:20:51.511+0000] {taskinstance.py:1382} INFO - Executing <Task(HolidayAPIIngestOperator): holiday_api_ingestion> on 2023-03-24 00:00:00+00:00
[2024-07-25T14:20:51.842+0000] {standard_task_runner.py:57} INFO - Started process 3203 to run task
[2024-07-25T14:20:51.938+0000] {standard_task_runner.py:84} INFO - Running: ['***', 'tasks', 'run', 'holiday_ingest', 'holiday_api_ingestion', 'scheduled__2023-03-24T00:00:00+00:00', '--job-id', '288', '--raw', '--subdir', 'DAGS_FOLDER/holiday_ingest/holiday_ingest_dag.py', '--cfg-path', '/tmp/tmpjr01br5q']
[2024-07-25T14:20:52.024+0000] {standard_task_runner.py:85} INFO - Job 288: Subtask holiday_api_ingestion
[2024-07-25T14:20:53.458+0000] {task_command.py:416} INFO - Running <TaskInstance: holiday_ingest.holiday_api_ingestion scheduled__2023-03-24T00:00:00+00:00 [running]> on host b7334bec8397
[2024-07-25T14:20:56.596+0000] {taskinstance.py:1662} INFO - Exporting env vars: AIRFLOW_CTX_DAG_OWNER='Ajay' AIRFLOW_CTX_DAG_ID='holiday_ingest' AIRFLOW_CTX_TASK_ID='holiday_api_ingestion' AIRFLOW_CTX_EXECUTION_DATE='2023-03-24T00:00:00+00:00' AIRFLOW_CTX_TRY_NUMBER='1' AIRFLOW_CTX_DAG_RUN_ID='scheduled__2023-03-24T00:00:00+00:00'
[2024-07-25T14:20:57.835+0000] {logging_mixin.py:154} INFO - {'status': 402, 'requests': {'used': 511, 'available': 9489, 'resets': '2024-08-01 00:00:00'}, 'error': "Free accounts are limited to last year's historical data only. Upgrade to premium for access to all holiday data. For more information, please visit https://holidayapi.com/docs"}
[2024-07-25T14:20:58.480+0000] {taskinstance.py:1400} INFO - Marking task as SUCCESS. dag_id=holiday_ingest, task_id=holiday_api_ingestion, execution_date=20230324T000000, start_date=20240725T142050, end_date=20240725T142058
[2024-07-25T14:20:59.952+0000] {local_task_job_runner.py:228} INFO - Task exited with return code 0
[2024-07-25T14:21:00.107+0000] {taskinstance.py:2778} INFO - 0 downstream tasks scheduled from follow-on schedule check
