[2024-07-25T09:22:21.400+0000] {taskinstance.py:1159} INFO - Dependencies all met for dep_context=non-requeueable deps ti=<TaskInstance: simple_ids_ingest.first_task scheduled__2023-04-06T00:00:00+00:00 [queued]>
[2024-07-25T09:22:21.557+0000] {taskinstance.py:1159} INFO - Dependencies all met for dep_context=requeueable deps ti=<TaskInstance: simple_ids_ingest.first_task scheduled__2023-04-06T00:00:00+00:00 [queued]>
[2024-07-25T09:22:21.557+0000] {taskinstance.py:1361} INFO - Starting attempt 1 of 2
[2024-07-25T09:22:21.700+0000] {taskinstance.py:1382} INFO - Executing <Task(BashOperator): first_task> on 2023-04-06 00:00:00+00:00
[2024-07-25T09:22:21.807+0000] {standard_task_runner.py:57} INFO - Started process 775 to run task
[2024-07-25T09:22:21.881+0000] {standard_task_runner.py:84} INFO - Running: ['***', 'tasks', 'run', 'simple_ids_ingest', 'first_task', 'scheduled__2023-04-06T00:00:00+00:00', '--job-id', '51', '--raw', '--subdir', 'DAGS_FOLDER/ids_ingest/ids_ingest_dag.py', '--cfg-path', '/tmp/tmp5ig3cx4w']
[2024-07-25T09:22:21.914+0000] {standard_task_runner.py:85} INFO - Job 51: Subtask first_task
[2024-07-25T09:22:22.568+0000] {task_command.py:416} INFO - Running <TaskInstance: simple_ids_ingest.first_task scheduled__2023-04-06T00:00:00+00:00 [running]> on host c7799c7b21e5
[2024-07-25T09:22:23.336+0000] {taskinstance.py:1662} INFO - Exporting env vars: AIRFLOW_CTX_DAG_OWNER='Ajay' AIRFLOW_CTX_DAG_ID='simple_ids_ingest' AIRFLOW_CTX_TASK_ID='first_task' AIRFLOW_CTX_EXECUTION_DATE='2023-04-06T00:00:00+00:00' AIRFLOW_CTX_TRY_NUMBER='1' AIRFLOW_CTX_DAG_RUN_ID='scheduled__2023-04-06T00:00:00+00:00'
[2024-07-25T09:22:23.338+0000] {subprocess.py:63} INFO - Tmp dir root location: /tmp
[2024-07-25T09:22:23.358+0000] {subprocess.py:75} INFO - Running command: ['/bin/bash', '-c', 'echo $AIRFLOW_HOME']
[2024-07-25T09:22:23.739+0000] {subprocess.py:86} INFO - Output:
[2024-07-25T09:22:23.857+0000] {subprocess.py:93} INFO - /opt/***
[2024-07-25T09:22:23.862+0000] {subprocess.py:97} INFO - Command exited with return code 0
[2024-07-25T09:22:24.188+0000] {taskinstance.py:1400} INFO - Marking task as SUCCESS. dag_id=simple_ids_ingest, task_id=first_task, execution_date=20230406T000000, start_date=20240725T092221, end_date=20240725T092224
[2024-07-25T09:22:24.690+0000] {local_task_job_runner.py:228} INFO - Task exited with return code 0
[2024-07-25T09:22:24.858+0000] {taskinstance.py:2778} INFO - 0 downstream tasks scheduled from follow-on schedule check
[2024-07-25T14:21:26.010+0000] {taskinstance.py:1159} INFO - Dependencies all met for dep_context=non-requeueable deps ti=<TaskInstance: simple_ids_ingest.first_task scheduled__2023-04-06T00:00:00+00:00 [queued]>
[2024-07-25T14:21:26.383+0000] {taskinstance.py:1159} INFO - Dependencies all met for dep_context=requeueable deps ti=<TaskInstance: simple_ids_ingest.first_task scheduled__2023-04-06T00:00:00+00:00 [queued]>
[2024-07-25T14:21:26.383+0000] {taskinstance.py:1361} INFO - Starting attempt 1 of 2
[2024-07-25T14:21:26.608+0000] {taskinstance.py:1382} INFO - Executing <Task(BashOperator): first_task> on 2023-04-06 00:00:00+00:00
[2024-07-25T14:21:26.701+0000] {standard_task_runner.py:57} INFO - Started process 3296 to run task
[2024-07-25T14:21:26.715+0000] {standard_task_runner.py:84} INFO - Running: ['***', 'tasks', 'run', 'simple_ids_ingest', 'first_task', 'scheduled__2023-04-06T00:00:00+00:00', '--job-id', '320', '--raw', '--subdir', 'DAGS_FOLDER/ids_ingest/ids_ingest_dag.py', '--cfg-path', '/tmp/tmp7xg9fm83']
[2024-07-25T14:21:26.746+0000] {standard_task_runner.py:85} INFO - Job 320: Subtask first_task
[2024-07-25T14:21:27.404+0000] {task_command.py:416} INFO - Running <TaskInstance: simple_ids_ingest.first_task scheduled__2023-04-06T00:00:00+00:00 [running]> on host b7334bec8397
[2024-07-25T14:21:28.907+0000] {taskinstance.py:1662} INFO - Exporting env vars: AIRFLOW_CTX_DAG_OWNER='Ajay' AIRFLOW_CTX_DAG_ID='simple_ids_ingest' AIRFLOW_CTX_TASK_ID='first_task' AIRFLOW_CTX_EXECUTION_DATE='2023-04-06T00:00:00+00:00' AIRFLOW_CTX_TRY_NUMBER='1' AIRFLOW_CTX_DAG_RUN_ID='scheduled__2023-04-06T00:00:00+00:00'
[2024-07-25T14:21:28.938+0000] {subprocess.py:63} INFO - Tmp dir root location: /tmp
[2024-07-25T14:21:28.984+0000] {subprocess.py:75} INFO - Running command: ['/bin/bash', '-c', 'echo $AIRFLOW_HOME']
[2024-07-25T14:21:30.195+0000] {subprocess.py:86} INFO - Output:
[2024-07-25T14:21:30.199+0000] {subprocess.py:93} INFO - /opt/***
[2024-07-25T14:21:30.240+0000] {subprocess.py:97} INFO - Command exited with return code 0
[2024-07-25T14:21:30.525+0000] {taskinstance.py:1400} INFO - Marking task as SUCCESS. dag_id=simple_ids_ingest, task_id=first_task, execution_date=20230406T000000, start_date=20240725T142126, end_date=20240725T142130
[2024-07-25T14:21:31.379+0000] {local_task_job_runner.py:228} INFO - Task exited with return code 0
[2024-07-25T14:21:31.728+0000] {taskinstance.py:2778} INFO - 0 downstream tasks scheduled from follow-on schedule check
