[2024-07-25T09:17:01.241+0000] {taskinstance.py:1159} INFO - Dependencies all met for dep_context=non-requeueable deps ti=<TaskInstance: simple_ids_ingest.get_id_from_json scheduled__2023-03-24T00:00:00+00:00 [queued]>
[2024-07-25T09:17:01.435+0000] {taskinstance.py:1159} INFO - Dependencies all met for dep_context=requeueable deps ti=<TaskInstance: simple_ids_ingest.get_id_from_json scheduled__2023-03-24T00:00:00+00:00 [queued]>
[2024-07-25T09:17:01.435+0000] {taskinstance.py:1361} INFO - Starting attempt 1 of 2
[2024-07-25T09:17:01.654+0000] {taskinstance.py:1382} INFO - Executing <Task(PythonOperator): get_id_from_json> on 2023-03-24 00:00:00+00:00
[2024-07-25T09:17:01.722+0000] {standard_task_runner.py:57} INFO - Started process 516 to run task
[2024-07-25T09:17:01.738+0000] {standard_task_runner.py:84} INFO - Running: ['***', 'tasks', 'run', 'simple_ids_ingest', 'get_id_from_json', 'scheduled__2023-03-24T00:00:00+00:00', '--job-id', '21', '--raw', '--subdir', 'DAGS_FOLDER/ids_ingest/ids_ingest_dag.py', '--cfg-path', '/tmp/tmpufqagsyk']
[2024-07-25T09:17:01.806+0000] {standard_task_runner.py:85} INFO - Job 21: Subtask get_id_from_json
[2024-07-25T09:17:02.555+0000] {task_command.py:416} INFO - Running <TaskInstance: simple_ids_ingest.get_id_from_json scheduled__2023-03-24T00:00:00+00:00 [running]> on host c7799c7b21e5
[2024-07-25T09:17:03.972+0000] {taskinstance.py:1662} INFO - Exporting env vars: AIRFLOW_CTX_DAG_OWNER='Ajay' AIRFLOW_CTX_DAG_ID='simple_ids_ingest' AIRFLOW_CTX_TASK_ID='get_id_from_json' AIRFLOW_CTX_EXECUTION_DATE='2023-03-24T00:00:00+00:00' AIRFLOW_CTX_TRY_NUMBER='1' AIRFLOW_CTX_DAG_RUN_ID='scheduled__2023-03-24T00:00:00+00:00'
[2024-07-25T09:17:03.973+0000] {taskinstance.py:1937} ERROR - Task failed with exception
Traceback (most recent call last):
  File "/home/airflow/.local/lib/python3.8/site-packages/airflow/operators/python.py", line 192, in execute
    return_value = self.execute_callable()
  File "/home/airflow/.local/lib/python3.8/site-packages/airflow/operators/python.py", line 209, in execute_callable
    return self.python_callable(*self.op_args, **self.op_kwargs)
  File "/opt/airflow/dags/ids_ingest/ids_ingest_dag.py", line 18, in get_ids_from_json
    with open(filename_json, 'r') as f:
FileNotFoundError: [Errno 2] No such file or directory: '/opt/airflow/files_to_test/github_events.json'
[2024-07-25T09:17:04.060+0000] {taskinstance.py:1400} INFO - Marking task as UP_FOR_RETRY. dag_id=simple_ids_ingest, task_id=get_id_from_json, execution_date=20230324T000000, start_date=20240725T091701, end_date=20240725T091704
[2024-07-25T09:17:04.347+0000] {standard_task_runner.py:104} ERROR - Failed to execute job 21 for task get_id_from_json ([Errno 2] No such file or directory: '/opt/airflow/files_to_test/github_events.json'; 516)
[2024-07-25T09:17:04.567+0000] {local_task_job_runner.py:228} INFO - Task exited with return code 1
[2024-07-25T09:17:04.846+0000] {taskinstance.py:2778} INFO - 0 downstream tasks scheduled from follow-on schedule check
[2024-07-25T14:21:28.751+0000] {taskinstance.py:1159} INFO - Dependencies all met for dep_context=non-requeueable deps ti=<TaskInstance: simple_ids_ingest.get_id_from_json scheduled__2023-03-24T00:00:00+00:00 [queued]>
[2024-07-25T14:21:29.015+0000] {taskinstance.py:1159} INFO - Dependencies all met for dep_context=requeueable deps ti=<TaskInstance: simple_ids_ingest.get_id_from_json scheduled__2023-03-24T00:00:00+00:00 [queued]>
[2024-07-25T14:21:29.022+0000] {taskinstance.py:1361} INFO - Starting attempt 1 of 2
[2024-07-25T14:21:29.495+0000] {taskinstance.py:1382} INFO - Executing <Task(PythonOperator): get_id_from_json> on 2023-03-24 00:00:00+00:00
[2024-07-25T14:21:29.898+0000] {standard_task_runner.py:84} INFO - Running: ['***', 'tasks', 'run', 'simple_ids_ingest', 'get_id_from_json', 'scheduled__2023-03-24T00:00:00+00:00', '--job-id', '324', '--raw', '--subdir', 'DAGS_FOLDER/ids_ingest/ids_ingest_dag.py', '--cfg-path', '/tmp/tmpr12nubu8']
[2024-07-25T14:21:30.127+0000] {standard_task_runner.py:85} INFO - Job 324: Subtask get_id_from_json
[2024-07-25T14:21:29.723+0000] {standard_task_runner.py:57} INFO - Started process 3305 to run task
[2024-07-25T14:21:31.161+0000] {task_command.py:416} INFO - Running <TaskInstance: simple_ids_ingest.get_id_from_json scheduled__2023-03-24T00:00:00+00:00 [running]> on host b7334bec8397
[2024-07-25T14:21:33.112+0000] {taskinstance.py:1662} INFO - Exporting env vars: AIRFLOW_CTX_DAG_OWNER='Ajay' AIRFLOW_CTX_DAG_ID='simple_ids_ingest' AIRFLOW_CTX_TASK_ID='get_id_from_json' AIRFLOW_CTX_EXECUTION_DATE='2023-03-24T00:00:00+00:00' AIRFLOW_CTX_TRY_NUMBER='1' AIRFLOW_CTX_DAG_RUN_ID='scheduled__2023-03-24T00:00:00+00:00'
[2024-07-25T14:21:33.197+0000] {logging_mixin.py:154} INFO - ['25208138097', '25208138110', '25208138076', '25208138082', '25208138077', '25208138087', '25208138078', '25208138069', '25208138072', '25208138080', '25208138070', '25208138067', '25208138068', '25208138066', '25208138047', '25208138051', '25208138053', '25208138060', '25208138071', '25208138061', '25208138030', '25208138044', '25208138043', '25208138038', '25208138032', '25208138018', '25208138016', '25208138012', '25208138008', '25208137998']
[2024-07-25T14:21:33.200+0000] {python.py:194} INFO - Done. Returned value was: None
[2024-07-25T14:21:33.381+0000] {taskinstance.py:1400} INFO - Marking task as SUCCESS. dag_id=simple_ids_ingest, task_id=get_id_from_json, execution_date=20230324T000000, start_date=20240725T142128, end_date=20240725T142133
[2024-07-25T14:21:33.880+0000] {local_task_job_runner.py:228} INFO - Task exited with return code 0
[2024-07-25T14:21:34.086+0000] {taskinstance.py:2778} INFO - 0 downstream tasks scheduled from follow-on schedule check
