[2024-07-25T10:07:59.495+0000] {taskinstance.py:1159} INFO - Dependencies all met for dep_context=non-requeueable deps ti=<TaskInstance: holiday_ingest.holiday_api_ingestion scheduled__2023-05-11T00:00:00+00:00 [queued]>
[2024-07-25T10:07:59.566+0000] {taskinstance.py:1159} INFO - Dependencies all met for dep_context=requeueable deps ti=<TaskInstance: holiday_ingest.holiday_api_ingestion scheduled__2023-05-11T00:00:00+00:00 [queued]>
[2024-07-25T10:07:59.570+0000] {taskinstance.py:1361} INFO - Starting attempt 1 of 2
[2024-07-25T10:07:59.751+0000] {taskinstance.py:1382} INFO - Executing <Task(HolidayAPIIngestOperator): holiday_api_ingestion> on 2023-05-11 00:00:00+00:00
[2024-07-25T10:07:59.831+0000] {standard_task_runner.py:57} INFO - Started process 4893 to run task
[2024-07-25T10:07:59.960+0000] {standard_task_runner.py:84} INFO - Running: ['***', 'tasks', 'run', 'holiday_ingest', 'holiday_api_ingestion', 'scheduled__2023-05-11T00:00:00+00:00', '--job-id', '1105', '--raw', '--subdir', 'DAGS_FOLDER/holiday_ingest/holiday_ingest_dag.py', '--cfg-path', '/tmp/tmpsxvjm6cl']
[2024-07-25T10:07:59.988+0000] {standard_task_runner.py:85} INFO - Job 1105: Subtask holiday_api_ingestion
[2024-07-25T10:08:00.562+0000] {task_command.py:416} INFO - Running <TaskInstance: holiday_ingest.holiday_api_ingestion scheduled__2023-05-11T00:00:00+00:00 [running]> on host c7799c7b21e5
[2024-07-25T10:08:01.996+0000] {taskinstance.py:1662} INFO - Exporting env vars: AIRFLOW_CTX_DAG_OWNER='Ajay' AIRFLOW_CTX_DAG_ID='holiday_ingest' AIRFLOW_CTX_TASK_ID='holiday_api_ingestion' AIRFLOW_CTX_EXECUTION_DATE='2023-05-11T00:00:00+00:00' AIRFLOW_CTX_TRY_NUMBER='1' AIRFLOW_CTX_DAG_RUN_ID='scheduled__2023-05-11T00:00:00+00:00'
[2024-07-25T10:08:02.709+0000] {logging_mixin.py:154} INFO - {'status': 402, 'requests': {'used': 69, 'available': 9931, 'resets': '2024-08-01 00:00:00'}, 'error': "Free accounts are limited to last year's historical data only. Upgrade to premium for access to all holiday data. For more information, please visit https://holidayapi.com/docs"}
[2024-07-25T10:08:03.332+0000] {taskinstance.py:1400} INFO - Marking task as SUCCESS. dag_id=holiday_ingest, task_id=holiday_api_ingestion, execution_date=20230511T000000, start_date=20240725T100759, end_date=20240725T100803
[2024-07-25T10:08:03.761+0000] {local_task_job_runner.py:228} INFO - Task exited with return code 0
[2024-07-25T10:08:03.926+0000] {taskinstance.py:2778} INFO - 0 downstream tasks scheduled from follow-on schedule check
[2024-07-25T14:22:48.813+0000] {taskinstance.py:1159} INFO - Dependencies all met for dep_context=non-requeueable deps ti=<TaskInstance: holiday_ingest.holiday_api_ingestion scheduled__2023-05-11T00:00:00+00:00 [queued]>
[2024-07-25T14:22:48.922+0000] {taskinstance.py:1159} INFO - Dependencies all met for dep_context=requeueable deps ti=<TaskInstance: holiday_ingest.holiday_api_ingestion scheduled__2023-05-11T00:00:00+00:00 [queued]>
[2024-07-25T14:22:48.934+0000] {taskinstance.py:1361} INFO - Starting attempt 1 of 2
[2024-07-25T14:22:49.065+0000] {taskinstance.py:1382} INFO - Executing <Task(HolidayAPIIngestOperator): holiday_api_ingestion> on 2023-05-11 00:00:00+00:00
[2024-07-25T14:22:49.135+0000] {standard_task_runner.py:57} INFO - Started process 3507 to run task
[2024-07-25T14:22:49.182+0000] {standard_task_runner.py:84} INFO - Running: ['***', 'tasks', 'run', 'holiday_ingest', 'holiday_api_ingestion', 'scheduled__2023-05-11T00:00:00+00:00', '--job-id', '403', '--raw', '--subdir', 'DAGS_FOLDER/holiday_ingest/holiday_ingest_dag.py', '--cfg-path', '/tmp/tmp06b7em60']
[2024-07-25T14:22:49.192+0000] {standard_task_runner.py:85} INFO - Job 403: Subtask holiday_api_ingestion
[2024-07-25T14:22:49.528+0000] {task_command.py:416} INFO - Running <TaskInstance: holiday_ingest.holiday_api_ingestion scheduled__2023-05-11T00:00:00+00:00 [running]> on host b7334bec8397
[2024-07-25T14:22:50.088+0000] {taskinstance.py:1662} INFO - Exporting env vars: AIRFLOW_CTX_DAG_OWNER='Ajay' AIRFLOW_CTX_DAG_ID='holiday_ingest' AIRFLOW_CTX_TASK_ID='holiday_api_ingestion' AIRFLOW_CTX_EXECUTION_DATE='2023-05-11T00:00:00+00:00' AIRFLOW_CTX_TRY_NUMBER='1' AIRFLOW_CTX_DAG_RUN_ID='scheduled__2023-05-11T00:00:00+00:00'
[2024-07-25T14:22:52.330+0000] {logging_mixin.py:154} INFO - {'status': 402, 'requests': {'used': 559, 'available': 9441, 'resets': '2024-08-01 00:00:00'}, 'error': "Free accounts are limited to last year's historical data only. Upgrade to premium for access to all holiday data. For more information, please visit https://holidayapi.com/docs"}
[2024-07-25T14:22:52.462+0000] {taskinstance.py:1400} INFO - Marking task as SUCCESS. dag_id=holiday_ingest, task_id=holiday_api_ingestion, execution_date=20230511T000000, start_date=20240725T142248, end_date=20240725T142252
[2024-07-25T14:22:52.684+0000] {local_task_job_runner.py:228} INFO - Task exited with return code 0
[2024-07-25T14:22:52.769+0000] {taskinstance.py:2778} INFO - 0 downstream tasks scheduled from follow-on schedule check
