[2024-07-25T14:52:01.455+0000] {processor.py:157} INFO - Started process (PID=4456) to work on /opt/airflow/dags/historical_data/historical_data_dag.py
[2024-07-25T14:52:01.464+0000] {processor.py:829} INFO - Processing file /opt/airflow/dags/historical_data/historical_data_dag.py for tasks to queue
[2024-07-25T14:52:01.467+0000] {logging_mixin.py:154} INFO - [2024-07-25T14:52:01.466+0000] {dagbag.py:536} INFO - Filling up the DagBag from /opt/airflow/dags/historical_data/historical_data_dag.py
[2024-07-25T14:52:01.478+0000] {processor.py:839} INFO - DAG(s) dict_keys(['historical_data_dag']) retrieved from /opt/airflow/dags/historical_data/historical_data_dag.py
[2024-07-25T14:52:01.675+0000] {logging_mixin.py:154} INFO - [2024-07-25T14:52:01.675+0000] {manager.py:499} INFO - Created Permission View: %s
[2024-07-25T14:52:01.692+0000] {logging_mixin.py:154} INFO - [2024-07-25T14:52:01.692+0000] {manager.py:499} INFO - Created Permission View: %s
[2024-07-25T14:52:01.704+0000] {logging_mixin.py:154} INFO - [2024-07-25T14:52:01.704+0000] {manager.py:499} INFO - Created Permission View: %s
[2024-07-25T14:52:01.705+0000] {logging_mixin.py:154} INFO - [2024-07-25T14:52:01.705+0000] {dag.py:2941} INFO - Sync 1 DAGs
[2024-07-25T14:52:01.718+0000] {logging_mixin.py:154} INFO - [2024-07-25T14:52:01.718+0000] {dag.py:2963} INFO - Creating ORM DAG for historical_data_dag
[2024-07-25T14:52:01.729+0000] {logging_mixin.py:154} INFO - [2024-07-25T14:52:01.729+0000] {dag.py:3722} INFO - Setting next_dagrun for historical_data_dag to 2023-04-02T00:00:00+00:00, run_after=2023-04-03T00:00:00+00:00
[2024-07-25T14:52:01.750+0000] {processor.py:179} INFO - Processing /opt/airflow/dags/historical_data/historical_data_dag.py took 0.299 seconds
[2024-07-25T14:52:31.965+0000] {processor.py:157} INFO - Started process (PID=4479) to work on /opt/airflow/dags/historical_data/historical_data_dag.py
[2024-07-25T14:52:31.966+0000] {processor.py:829} INFO - Processing file /opt/airflow/dags/historical_data/historical_data_dag.py for tasks to queue
[2024-07-25T14:52:31.968+0000] {logging_mixin.py:154} INFO - [2024-07-25T14:52:31.968+0000] {dagbag.py:536} INFO - Filling up the DagBag from /opt/airflow/dags/historical_data/historical_data_dag.py
[2024-07-25T14:52:31.977+0000] {processor.py:839} INFO - DAG(s) dict_keys(['historical_data_dag']) retrieved from /opt/airflow/dags/historical_data/historical_data_dag.py
[2024-07-25T14:52:31.999+0000] {logging_mixin.py:154} INFO - [2024-07-25T14:52:31.999+0000] {dag.py:2941} INFO - Sync 1 DAGs
[2024-07-25T14:52:32.017+0000] {logging_mixin.py:154} INFO - [2024-07-25T14:52:32.017+0000] {dag.py:3722} INFO - Setting next_dagrun for historical_data_dag to 2023-04-02T00:00:00+00:00, run_after=2023-04-03T00:00:00+00:00
[2024-07-25T14:52:32.037+0000] {processor.py:179} INFO - Processing /opt/airflow/dags/historical_data/historical_data_dag.py took 0.076 seconds
[2024-07-25T14:53:02.698+0000] {processor.py:157} INFO - Started process (PID=4502) to work on /opt/airflow/dags/historical_data/historical_data_dag.py
[2024-07-25T14:53:02.699+0000] {processor.py:829} INFO - Processing file /opt/airflow/dags/historical_data/historical_data_dag.py for tasks to queue
[2024-07-25T14:53:02.719+0000] {logging_mixin.py:154} INFO - [2024-07-25T14:53:02.718+0000] {dagbag.py:536} INFO - Filling up the DagBag from /opt/airflow/dags/historical_data/historical_data_dag.py
[2024-07-25T14:53:02.731+0000] {processor.py:839} INFO - DAG(s) dict_keys(['historical_data_dag']) retrieved from /opt/airflow/dags/historical_data/historical_data_dag.py
[2024-07-25T14:53:02.836+0000] {logging_mixin.py:154} INFO - [2024-07-25T14:53:02.836+0000] {dag.py:2941} INFO - Sync 1 DAGs
[2024-07-25T14:53:03.009+0000] {logging_mixin.py:154} INFO - [2024-07-25T14:53:03.008+0000] {dag.py:3722} INFO - Setting next_dagrun for historical_data_dag to 2023-04-30T00:00:00+00:00, run_after=2023-05-01T00:00:00+00:00
[2024-07-25T14:53:03.045+0000] {processor.py:179} INFO - Processing /opt/airflow/dags/historical_data/historical_data_dag.py took 0.351 seconds
[2024-07-25T14:53:33.114+0000] {processor.py:157} INFO - Started process (PID=4523) to work on /opt/airflow/dags/historical_data/historical_data_dag.py
[2024-07-25T14:53:33.119+0000] {processor.py:829} INFO - Processing file /opt/airflow/dags/historical_data/historical_data_dag.py for tasks to queue
[2024-07-25T14:53:33.124+0000] {logging_mixin.py:154} INFO - [2024-07-25T14:53:33.124+0000] {dagbag.py:536} INFO - Filling up the DagBag from /opt/airflow/dags/historical_data/historical_data_dag.py
[2024-07-25T14:53:33.147+0000] {processor.py:839} INFO - DAG(s) dict_keys(['historical_data_dag']) retrieved from /opt/airflow/dags/historical_data/historical_data_dag.py
[2024-07-25T14:53:33.263+0000] {logging_mixin.py:154} INFO - [2024-07-25T14:53:33.262+0000] {dag.py:2941} INFO - Sync 1 DAGs
[2024-07-25T14:53:33.387+0000] {logging_mixin.py:154} INFO - [2024-07-25T14:53:33.387+0000] {dag.py:3722} INFO - Setting next_dagrun for historical_data_dag to 2023-05-28T00:00:00+00:00, run_after=2023-05-29T00:00:00+00:00
[2024-07-25T14:53:33.439+0000] {processor.py:179} INFO - Processing /opt/airflow/dags/historical_data/historical_data_dag.py took 0.333 seconds
[2024-07-25T14:54:03.704+0000] {processor.py:157} INFO - Started process (PID=4545) to work on /opt/airflow/dags/historical_data/historical_data_dag.py
[2024-07-25T14:54:03.709+0000] {processor.py:829} INFO - Processing file /opt/airflow/dags/historical_data/historical_data_dag.py for tasks to queue
[2024-07-25T14:54:03.716+0000] {logging_mixin.py:154} INFO - [2024-07-25T14:54:03.716+0000] {dagbag.py:536} INFO - Filling up the DagBag from /opt/airflow/dags/historical_data/historical_data_dag.py
[2024-07-25T14:54:03.738+0000] {processor.py:839} INFO - DAG(s) dict_keys(['historical_data_dag']) retrieved from /opt/airflow/dags/historical_data/historical_data_dag.py
[2024-07-25T14:54:03.823+0000] {logging_mixin.py:154} INFO - [2024-07-25T14:54:03.822+0000] {dag.py:2941} INFO - Sync 1 DAGs
[2024-07-25T14:54:03.862+0000] {logging_mixin.py:154} INFO - [2024-07-25T14:54:03.862+0000] {dag.py:3722} INFO - Setting next_dagrun for historical_data_dag to 2023-06-22T00:00:00+00:00, run_after=2023-06-23T00:00:00+00:00
[2024-07-25T14:54:03.924+0000] {processor.py:179} INFO - Processing /opt/airflow/dags/historical_data/historical_data_dag.py took 0.231 seconds
[2024-07-25T14:54:34.298+0000] {processor.py:157} INFO - Started process (PID=4568) to work on /opt/airflow/dags/historical_data/historical_data_dag.py
[2024-07-25T14:54:34.316+0000] {processor.py:829} INFO - Processing file /opt/airflow/dags/historical_data/historical_data_dag.py for tasks to queue
[2024-07-25T14:54:34.319+0000] {logging_mixin.py:154} INFO - [2024-07-25T14:54:34.318+0000] {dagbag.py:536} INFO - Filling up the DagBag from /opt/airflow/dags/historical_data/historical_data_dag.py
[2024-07-25T14:54:34.358+0000] {processor.py:839} INFO - DAG(s) dict_keys(['historical_data_dag']) retrieved from /opt/airflow/dags/historical_data/historical_data_dag.py
[2024-07-25T14:54:34.447+0000] {logging_mixin.py:154} INFO - [2024-07-25T14:54:34.446+0000] {dag.py:2941} INFO - Sync 1 DAGs
[2024-07-25T14:54:34.501+0000] {logging_mixin.py:154} INFO - [2024-07-25T14:54:34.501+0000] {dag.py:3722} INFO - Setting next_dagrun for historical_data_dag to 2023-07-23T00:00:00+00:00, run_after=2023-07-24T00:00:00+00:00
[2024-07-25T14:54:34.553+0000] {processor.py:179} INFO - Processing /opt/airflow/dags/historical_data/historical_data_dag.py took 0.258 seconds
[2024-07-25T14:55:04.985+0000] {processor.py:157} INFO - Started process (PID=4591) to work on /opt/airflow/dags/historical_data/historical_data_dag.py
[2024-07-25T14:55:04.988+0000] {processor.py:829} INFO - Processing file /opt/airflow/dags/historical_data/historical_data_dag.py for tasks to queue
[2024-07-25T14:55:05.001+0000] {logging_mixin.py:154} INFO - [2024-07-25T14:55:05.001+0000] {dagbag.py:536} INFO - Filling up the DagBag from /opt/airflow/dags/historical_data/historical_data_dag.py
[2024-07-25T14:55:05.073+0000] {processor.py:839} INFO - DAG(s) dict_keys(['historical_data_dag']) retrieved from /opt/airflow/dags/historical_data/historical_data_dag.py
[2024-07-25T14:55:05.297+0000] {logging_mixin.py:154} INFO - [2024-07-25T14:55:05.297+0000] {dag.py:2941} INFO - Sync 1 DAGs
[2024-07-25T14:55:05.441+0000] {logging_mixin.py:154} INFO - [2024-07-25T14:55:05.441+0000] {dag.py:3722} INFO - Setting next_dagrun for historical_data_dag to 2023-08-27T00:00:00+00:00, run_after=2023-08-28T00:00:00+00:00
[2024-07-25T14:55:05.533+0000] {processor.py:179} INFO - Processing /opt/airflow/dags/historical_data/historical_data_dag.py took 0.569 seconds
[2024-07-25T14:55:36.044+0000] {processor.py:157} INFO - Started process (PID=4614) to work on /opt/airflow/dags/historical_data/historical_data_dag.py
[2024-07-25T14:55:36.045+0000] {processor.py:829} INFO - Processing file /opt/airflow/dags/historical_data/historical_data_dag.py for tasks to queue
[2024-07-25T14:55:36.055+0000] {logging_mixin.py:154} INFO - [2024-07-25T14:55:36.055+0000] {dagbag.py:536} INFO - Filling up the DagBag from /opt/airflow/dags/historical_data/historical_data_dag.py
[2024-07-25T14:55:36.084+0000] {processor.py:839} INFO - DAG(s) dict_keys(['historical_data_dag']) retrieved from /opt/airflow/dags/historical_data/historical_data_dag.py
[2024-07-25T14:55:36.172+0000] {logging_mixin.py:154} INFO - [2024-07-25T14:55:36.172+0000] {dag.py:2941} INFO - Sync 1 DAGs
[2024-07-25T14:55:36.272+0000] {logging_mixin.py:154} INFO - [2024-07-25T14:55:36.272+0000] {dag.py:3722} INFO - Setting next_dagrun for historical_data_dag to 2023-09-20T00:00:00+00:00, run_after=2023-09-21T00:00:00+00:00
[2024-07-25T14:55:36.338+0000] {processor.py:179} INFO - Processing /opt/airflow/dags/historical_data/historical_data_dag.py took 0.307 seconds
[2024-07-25T14:56:06.914+0000] {processor.py:157} INFO - Started process (PID=4635) to work on /opt/airflow/dags/historical_data/historical_data_dag.py
[2024-07-25T14:56:06.916+0000] {processor.py:829} INFO - Processing file /opt/airflow/dags/historical_data/historical_data_dag.py for tasks to queue
[2024-07-25T14:56:06.922+0000] {logging_mixin.py:154} INFO - [2024-07-25T14:56:06.922+0000] {dagbag.py:536} INFO - Filling up the DagBag from /opt/airflow/dags/historical_data/historical_data_dag.py
[2024-07-25T14:56:06.951+0000] {processor.py:839} INFO - DAG(s) dict_keys(['historical_data_dag']) retrieved from /opt/airflow/dags/historical_data/historical_data_dag.py
[2024-07-25T14:56:07.052+0000] {logging_mixin.py:154} INFO - [2024-07-25T14:56:07.052+0000] {dag.py:2941} INFO - Sync 1 DAGs
[2024-07-25T14:56:07.291+0000] {processor.py:179} INFO - Processing /opt/airflow/dags/historical_data/historical_data_dag.py took 0.397 seconds
[2024-07-25T14:56:37.691+0000] {processor.py:157} INFO - Started process (PID=4653) to work on /opt/airflow/dags/historical_data/historical_data_dag.py
[2024-07-25T14:56:37.703+0000] {processor.py:829} INFO - Processing file /opt/airflow/dags/historical_data/historical_data_dag.py for tasks to queue
[2024-07-25T14:56:37.706+0000] {logging_mixin.py:154} INFO - [2024-07-25T14:56:37.705+0000] {dagbag.py:536} INFO - Filling up the DagBag from /opt/airflow/dags/historical_data/historical_data_dag.py
[2024-07-25T14:56:37.736+0000] {processor.py:839} INFO - DAG(s) dict_keys(['historical_data_dag']) retrieved from /opt/airflow/dags/historical_data/historical_data_dag.py
[2024-07-25T14:56:37.794+0000] {logging_mixin.py:154} INFO - [2024-07-25T14:56:37.794+0000] {dag.py:2941} INFO - Sync 1 DAGs
[2024-07-25T14:56:37.835+0000] {logging_mixin.py:154} INFO - [2024-07-25T14:56:37.835+0000] {dag.py:3722} INFO - Setting next_dagrun for historical_data_dag to 2023-11-16T00:00:00+00:00, run_after=2023-11-17T00:00:00+00:00
[2024-07-25T14:56:37.871+0000] {processor.py:179} INFO - Processing /opt/airflow/dags/historical_data/historical_data_dag.py took 0.183 seconds
[2024-07-25T14:57:08.339+0000] {processor.py:157} INFO - Started process (PID=4675) to work on /opt/airflow/dags/historical_data/historical_data_dag.py
[2024-07-25T14:57:08.340+0000] {processor.py:829} INFO - Processing file /opt/airflow/dags/historical_data/historical_data_dag.py for tasks to queue
[2024-07-25T14:57:08.344+0000] {logging_mixin.py:154} INFO - [2024-07-25T14:57:08.343+0000] {dagbag.py:536} INFO - Filling up the DagBag from /opt/airflow/dags/historical_data/historical_data_dag.py
[2024-07-25T14:57:08.355+0000] {processor.py:839} INFO - DAG(s) dict_keys(['historical_data_dag']) retrieved from /opt/airflow/dags/historical_data/historical_data_dag.py
[2024-07-25T14:57:08.422+0000] {logging_mixin.py:154} INFO - [2024-07-25T14:57:08.422+0000] {dag.py:2941} INFO - Sync 1 DAGs
[2024-07-25T14:57:08.473+0000] {logging_mixin.py:154} INFO - [2024-07-25T14:57:08.473+0000] {dag.py:3722} INFO - Setting next_dagrun for historical_data_dag to 2023-12-21T00:00:00+00:00, run_after=2023-12-22T00:00:00+00:00
[2024-07-25T14:57:08.515+0000] {processor.py:179} INFO - Processing /opt/airflow/dags/historical_data/historical_data_dag.py took 0.182 seconds
[2024-07-25T14:57:39.011+0000] {processor.py:157} INFO - Started process (PID=4698) to work on /opt/airflow/dags/historical_data/historical_data_dag.py
[2024-07-25T14:57:39.022+0000] {processor.py:829} INFO - Processing file /opt/airflow/dags/historical_data/historical_data_dag.py for tasks to queue
[2024-07-25T14:57:39.028+0000] {logging_mixin.py:154} INFO - [2024-07-25T14:57:39.028+0000] {dagbag.py:536} INFO - Filling up the DagBag from /opt/airflow/dags/historical_data/historical_data_dag.py
[2024-07-25T14:57:39.045+0000] {processor.py:839} INFO - DAG(s) dict_keys(['historical_data_dag']) retrieved from /opt/airflow/dags/historical_data/historical_data_dag.py
[2024-07-25T14:57:39.193+0000] {logging_mixin.py:154} INFO - [2024-07-25T14:57:39.193+0000] {dag.py:2941} INFO - Sync 1 DAGs
[2024-07-25T14:57:39.396+0000] {logging_mixin.py:154} INFO - [2024-07-25T14:57:39.396+0000] {dag.py:3722} INFO - Setting next_dagrun for historical_data_dag to 2024-01-23T00:00:00+00:00, run_after=2024-01-24T00:00:00+00:00
[2024-07-25T14:57:39.461+0000] {processor.py:179} INFO - Processing /opt/airflow/dags/historical_data/historical_data_dag.py took 0.467 seconds
[2024-07-25T14:58:10.006+0000] {processor.py:157} INFO - Started process (PID=4720) to work on /opt/airflow/dags/historical_data/historical_data_dag.py
[2024-07-25T14:58:10.012+0000] {processor.py:829} INFO - Processing file /opt/airflow/dags/historical_data/historical_data_dag.py for tasks to queue
[2024-07-25T14:58:10.024+0000] {logging_mixin.py:154} INFO - [2024-07-25T14:58:10.024+0000] {dagbag.py:536} INFO - Filling up the DagBag from /opt/airflow/dags/historical_data/historical_data_dag.py
[2024-07-25T14:58:10.047+0000] {processor.py:839} INFO - DAG(s) dict_keys(['historical_data_dag']) retrieved from /opt/airflow/dags/historical_data/historical_data_dag.py
[2024-07-25T14:58:10.161+0000] {logging_mixin.py:154} INFO - [2024-07-25T14:58:10.161+0000] {dag.py:2941} INFO - Sync 1 DAGs
[2024-07-25T14:58:10.272+0000] {logging_mixin.py:154} INFO - [2024-07-25T14:58:10.267+0000] {dag.py:3722} INFO - Setting next_dagrun for historical_data_dag to 2024-02-19T00:00:00+00:00, run_after=2024-02-20T00:00:00+00:00
[2024-07-25T14:58:10.324+0000] {processor.py:179} INFO - Processing /opt/airflow/dags/historical_data/historical_data_dag.py took 0.331 seconds
[2024-07-25T14:58:40.563+0000] {processor.py:157} INFO - Started process (PID=4735) to work on /opt/airflow/dags/historical_data/historical_data_dag.py
[2024-07-25T14:58:40.564+0000] {processor.py:829} INFO - Processing file /opt/airflow/dags/historical_data/historical_data_dag.py for tasks to queue
[2024-07-25T14:58:40.566+0000] {logging_mixin.py:154} INFO - [2024-07-25T14:58:40.566+0000] {dagbag.py:536} INFO - Filling up the DagBag from /opt/airflow/dags/historical_data/historical_data_dag.py
[2024-07-25T14:58:40.574+0000] {processor.py:839} INFO - DAG(s) dict_keys(['historical_data_dag']) retrieved from /opt/airflow/dags/historical_data/historical_data_dag.py
[2024-07-25T14:58:40.604+0000] {logging_mixin.py:154} INFO - [2024-07-25T14:58:40.604+0000] {dag.py:2941} INFO - Sync 1 DAGs
[2024-07-25T14:58:40.645+0000] {logging_mixin.py:154} INFO - [2024-07-25T14:58:40.644+0000] {dag.py:3722} INFO - Setting next_dagrun for historical_data_dag to 2024-03-18T00:00:00+00:00, run_after=2024-03-19T00:00:00+00:00
[2024-07-25T14:58:40.678+0000] {processor.py:179} INFO - Processing /opt/airflow/dags/historical_data/historical_data_dag.py took 0.120 seconds
[2024-07-25T14:59:10.852+0000] {processor.py:157} INFO - Started process (PID=4757) to work on /opt/airflow/dags/historical_data/historical_data_dag.py
[2024-07-25T14:59:10.881+0000] {processor.py:829} INFO - Processing file /opt/airflow/dags/historical_data/historical_data_dag.py for tasks to queue
[2024-07-25T14:59:10.890+0000] {logging_mixin.py:154} INFO - [2024-07-25T14:59:10.890+0000] {dagbag.py:536} INFO - Filling up the DagBag from /opt/airflow/dags/historical_data/historical_data_dag.py
[2024-07-25T14:59:10.952+0000] {processor.py:839} INFO - DAG(s) dict_keys(['historical_data_dag']) retrieved from /opt/airflow/dags/historical_data/historical_data_dag.py
[2024-07-25T14:59:11.057+0000] {logging_mixin.py:154} INFO - [2024-07-25T14:59:11.056+0000] {dag.py:2941} INFO - Sync 1 DAGs
[2024-07-25T14:59:11.249+0000] {processor.py:179} INFO - Processing /opt/airflow/dags/historical_data/historical_data_dag.py took 0.401 seconds
[2024-07-25T14:59:41.902+0000] {processor.py:157} INFO - Started process (PID=4780) to work on /opt/airflow/dags/historical_data/historical_data_dag.py
[2024-07-25T14:59:41.914+0000] {processor.py:829} INFO - Processing file /opt/airflow/dags/historical_data/historical_data_dag.py for tasks to queue
[2024-07-25T14:59:41.917+0000] {logging_mixin.py:154} INFO - [2024-07-25T14:59:41.916+0000] {dagbag.py:536} INFO - Filling up the DagBag from /opt/airflow/dags/historical_data/historical_data_dag.py
[2024-07-25T14:59:41.937+0000] {processor.py:839} INFO - DAG(s) dict_keys(['historical_data_dag']) retrieved from /opt/airflow/dags/historical_data/historical_data_dag.py
[2024-07-25T14:59:42.065+0000] {logging_mixin.py:154} INFO - [2024-07-25T14:59:42.055+0000] {dag.py:2941} INFO - Sync 1 DAGs
[2024-07-25T14:59:42.235+0000] {logging_mixin.py:154} INFO - [2024-07-25T14:59:42.235+0000] {dag.py:3722} INFO - Setting next_dagrun for historical_data_dag to 2024-05-26T00:00:00+00:00, run_after=2024-05-27T00:00:00+00:00
[2024-07-25T14:59:42.289+0000] {processor.py:179} INFO - Processing /opt/airflow/dags/historical_data/historical_data_dag.py took 0.395 seconds
[2024-07-25T15:00:12.570+0000] {processor.py:157} INFO - Started process (PID=4803) to work on /opt/airflow/dags/historical_data/historical_data_dag.py
[2024-07-25T15:00:12.571+0000] {processor.py:829} INFO - Processing file /opt/airflow/dags/historical_data/historical_data_dag.py for tasks to queue
[2024-07-25T15:00:12.574+0000] {logging_mixin.py:154} INFO - [2024-07-25T15:00:12.574+0000] {dagbag.py:536} INFO - Filling up the DagBag from /opt/airflow/dags/historical_data/historical_data_dag.py
[2024-07-25T15:00:12.583+0000] {processor.py:839} INFO - DAG(s) dict_keys(['historical_data_dag']) retrieved from /opt/airflow/dags/historical_data/historical_data_dag.py
[2024-07-25T15:00:12.660+0000] {logging_mixin.py:154} INFO - [2024-07-25T15:00:12.660+0000] {dag.py:2941} INFO - Sync 1 DAGs
[2024-07-25T15:00:12.729+0000] {logging_mixin.py:154} INFO - [2024-07-25T15:00:12.728+0000] {dag.py:3722} INFO - Setting next_dagrun for historical_data_dag to 2024-06-22T00:00:00+00:00, run_after=2024-06-23T00:00:00+00:00
[2024-07-25T15:00:12.768+0000] {processor.py:179} INFO - Processing /opt/airflow/dags/historical_data/historical_data_dag.py took 0.201 seconds
[2024-07-25T15:00:43.090+0000] {processor.py:157} INFO - Started process (PID=4826) to work on /opt/airflow/dags/historical_data/historical_data_dag.py
[2024-07-25T15:00:43.097+0000] {processor.py:829} INFO - Processing file /opt/airflow/dags/historical_data/historical_data_dag.py for tasks to queue
[2024-07-25T15:00:43.100+0000] {logging_mixin.py:154} INFO - [2024-07-25T15:00:43.099+0000] {dagbag.py:536} INFO - Filling up the DagBag from /opt/airflow/dags/historical_data/historical_data_dag.py
[2024-07-25T15:00:43.116+0000] {processor.py:839} INFO - DAG(s) dict_keys(['historical_data_dag']) retrieved from /opt/airflow/dags/historical_data/historical_data_dag.py
[2024-07-25T15:00:43.184+0000] {logging_mixin.py:154} INFO - [2024-07-25T15:00:43.184+0000] {dag.py:2941} INFO - Sync 1 DAGs
[2024-07-25T15:00:43.230+0000] {logging_mixin.py:154} INFO - [2024-07-25T15:00:43.230+0000] {dag.py:3722} INFO - Setting next_dagrun for historical_data_dag to 2024-07-25T00:00:00+00:00, run_after=2024-07-26T00:00:00+00:00
[2024-07-25T15:00:43.269+0000] {processor.py:179} INFO - Processing /opt/airflow/dags/historical_data/historical_data_dag.py took 0.186 seconds
[2024-07-25T15:01:13.695+0000] {processor.py:157} INFO - Started process (PID=4858) to work on /opt/airflow/dags/historical_data/historical_data_dag.py
[2024-07-25T15:01:13.696+0000] {processor.py:829} INFO - Processing file /opt/airflow/dags/historical_data/historical_data_dag.py for tasks to queue
[2024-07-25T15:01:13.699+0000] {logging_mixin.py:154} INFO - [2024-07-25T15:01:13.698+0000] {dagbag.py:536} INFO - Filling up the DagBag from /opt/airflow/dags/historical_data/historical_data_dag.py
[2024-07-25T15:01:13.707+0000] {processor.py:839} INFO - DAG(s) dict_keys(['historical_data_dag']) retrieved from /opt/airflow/dags/historical_data/historical_data_dag.py
[2024-07-25T15:01:13.735+0000] {logging_mixin.py:154} INFO - [2024-07-25T15:01:13.735+0000] {dag.py:2941} INFO - Sync 1 DAGs
[2024-07-25T15:01:13.761+0000] {logging_mixin.py:154} INFO - [2024-07-25T15:01:13.761+0000] {dag.py:3722} INFO - Setting next_dagrun for historical_data_dag to 2024-07-25T00:00:00+00:00, run_after=2024-07-26T00:00:00+00:00
[2024-07-25T15:01:13.785+0000] {processor.py:179} INFO - Processing /opt/airflow/dags/historical_data/historical_data_dag.py took 0.093 seconds
[2024-07-25T15:01:44.486+0000] {processor.py:157} INFO - Started process (PID=4881) to work on /opt/airflow/dags/historical_data/historical_data_dag.py
[2024-07-25T15:01:44.486+0000] {processor.py:829} INFO - Processing file /opt/airflow/dags/historical_data/historical_data_dag.py for tasks to queue
[2024-07-25T15:01:44.488+0000] {logging_mixin.py:154} INFO - [2024-07-25T15:01:44.488+0000] {dagbag.py:536} INFO - Filling up the DagBag from /opt/airflow/dags/historical_data/historical_data_dag.py
[2024-07-25T15:01:44.494+0000] {processor.py:839} INFO - DAG(s) dict_keys(['historical_data_dag']) retrieved from /opt/airflow/dags/historical_data/historical_data_dag.py
[2024-07-25T15:01:44.515+0000] {logging_mixin.py:154} INFO - [2024-07-25T15:01:44.515+0000] {dag.py:2941} INFO - Sync 1 DAGs
[2024-07-25T15:01:44.535+0000] {logging_mixin.py:154} INFO - [2024-07-25T15:01:44.535+0000] {dag.py:3722} INFO - Setting next_dagrun for historical_data_dag to 2024-07-25T00:00:00+00:00, run_after=2024-07-26T00:00:00+00:00
[2024-07-25T15:01:44.556+0000] {processor.py:179} INFO - Processing /opt/airflow/dags/historical_data/historical_data_dag.py took 0.072 seconds
[2024-07-25T15:02:15.123+0000] {processor.py:157} INFO - Started process (PID=4904) to work on /opt/airflow/dags/historical_data/historical_data_dag.py
[2024-07-25T15:02:15.124+0000] {processor.py:829} INFO - Processing file /opt/airflow/dags/historical_data/historical_data_dag.py for tasks to queue
[2024-07-25T15:02:15.125+0000] {logging_mixin.py:154} INFO - [2024-07-25T15:02:15.125+0000] {dagbag.py:536} INFO - Filling up the DagBag from /opt/airflow/dags/historical_data/historical_data_dag.py
[2024-07-25T15:02:15.131+0000] {processor.py:839} INFO - DAG(s) dict_keys(['historical_data_dag']) retrieved from /opt/airflow/dags/historical_data/historical_data_dag.py
[2024-07-25T15:02:15.152+0000] {logging_mixin.py:154} INFO - [2024-07-25T15:02:15.152+0000] {dag.py:2941} INFO - Sync 1 DAGs
[2024-07-25T15:02:15.170+0000] {logging_mixin.py:154} INFO - [2024-07-25T15:02:15.170+0000] {dag.py:3722} INFO - Setting next_dagrun for historical_data_dag to 2024-07-25T00:00:00+00:00, run_after=2024-07-26T00:00:00+00:00
[2024-07-25T15:02:15.190+0000] {processor.py:179} INFO - Processing /opt/airflow/dags/historical_data/historical_data_dag.py took 0.069 seconds
[2024-07-25T15:02:45.735+0000] {processor.py:157} INFO - Started process (PID=4935) to work on /opt/airflow/dags/historical_data/historical_data_dag.py
[2024-07-25T15:02:45.736+0000] {processor.py:829} INFO - Processing file /opt/airflow/dags/historical_data/historical_data_dag.py for tasks to queue
[2024-07-25T15:02:45.739+0000] {logging_mixin.py:154} INFO - [2024-07-25T15:02:45.738+0000] {dagbag.py:536} INFO - Filling up the DagBag from /opt/airflow/dags/historical_data/historical_data_dag.py
[2024-07-25T15:02:45.746+0000] {processor.py:839} INFO - DAG(s) dict_keys(['historical_data_dag']) retrieved from /opt/airflow/dags/historical_data/historical_data_dag.py
[2024-07-25T15:02:45.773+0000] {logging_mixin.py:154} INFO - [2024-07-25T15:02:45.773+0000] {dag.py:2941} INFO - Sync 1 DAGs
[2024-07-25T15:02:45.798+0000] {logging_mixin.py:154} INFO - [2024-07-25T15:02:45.797+0000] {dag.py:3722} INFO - Setting next_dagrun for historical_data_dag to 2024-07-25T00:00:00+00:00, run_after=2024-07-26T00:00:00+00:00
[2024-07-25T15:02:45.821+0000] {processor.py:179} INFO - Processing /opt/airflow/dags/historical_data/historical_data_dag.py took 0.090 seconds
[2024-07-25T15:03:16.444+0000] {processor.py:157} INFO - Started process (PID=4958) to work on /opt/airflow/dags/historical_data/historical_data_dag.py
[2024-07-25T15:03:16.445+0000] {processor.py:829} INFO - Processing file /opt/airflow/dags/historical_data/historical_data_dag.py for tasks to queue
[2024-07-25T15:03:16.446+0000] {logging_mixin.py:154} INFO - [2024-07-25T15:03:16.446+0000] {dagbag.py:536} INFO - Filling up the DagBag from /opt/airflow/dags/historical_data/historical_data_dag.py
[2024-07-25T15:03:16.452+0000] {processor.py:839} INFO - DAG(s) dict_keys(['historical_data_dag']) retrieved from /opt/airflow/dags/historical_data/historical_data_dag.py
[2024-07-25T15:03:16.471+0000] {logging_mixin.py:154} INFO - [2024-07-25T15:03:16.471+0000] {dag.py:2941} INFO - Sync 1 DAGs
[2024-07-25T15:03:16.489+0000] {logging_mixin.py:154} INFO - [2024-07-25T15:03:16.489+0000] {dag.py:3722} INFO - Setting next_dagrun for historical_data_dag to 2024-07-25T00:00:00+00:00, run_after=2024-07-26T00:00:00+00:00
[2024-07-25T15:03:16.509+0000] {processor.py:179} INFO - Processing /opt/airflow/dags/historical_data/historical_data_dag.py took 0.068 seconds
[2024-07-25T15:03:47.056+0000] {processor.py:157} INFO - Started process (PID=4981) to work on /opt/airflow/dags/historical_data/historical_data_dag.py
[2024-07-25T15:03:47.057+0000] {processor.py:829} INFO - Processing file /opt/airflow/dags/historical_data/historical_data_dag.py for tasks to queue
[2024-07-25T15:03:47.059+0000] {logging_mixin.py:154} INFO - [2024-07-25T15:03:47.059+0000] {dagbag.py:536} INFO - Filling up the DagBag from /opt/airflow/dags/historical_data/historical_data_dag.py
[2024-07-25T15:03:47.068+0000] {processor.py:839} INFO - DAG(s) dict_keys(['historical_data_dag']) retrieved from /opt/airflow/dags/historical_data/historical_data_dag.py
[2024-07-25T15:03:47.100+0000] {logging_mixin.py:154} INFO - [2024-07-25T15:03:47.100+0000] {dag.py:2941} INFO - Sync 1 DAGs
[2024-07-25T15:03:47.126+0000] {logging_mixin.py:154} INFO - [2024-07-25T15:03:47.126+0000] {dag.py:3722} INFO - Setting next_dagrun for historical_data_dag to 2024-07-25T00:00:00+00:00, run_after=2024-07-26T00:00:00+00:00
[2024-07-25T15:03:47.150+0000] {processor.py:179} INFO - Processing /opt/airflow/dags/historical_data/historical_data_dag.py took 0.098 seconds
[2024-07-25T15:04:17.613+0000] {processor.py:157} INFO - Started process (PID=5012) to work on /opt/airflow/dags/historical_data/historical_data_dag.py
[2024-07-25T15:04:17.619+0000] {processor.py:829} INFO - Processing file /opt/airflow/dags/historical_data/historical_data_dag.py for tasks to queue
[2024-07-25T15:04:17.622+0000] {logging_mixin.py:154} INFO - [2024-07-25T15:04:17.622+0000] {dagbag.py:536} INFO - Filling up the DagBag from /opt/airflow/dags/historical_data/historical_data_dag.py
[2024-07-25T15:04:17.630+0000] {processor.py:839} INFO - DAG(s) dict_keys(['historical_data_dag']) retrieved from /opt/airflow/dags/historical_data/historical_data_dag.py
[2024-07-25T15:04:17.689+0000] {logging_mixin.py:154} INFO - [2024-07-25T15:04:17.689+0000] {dag.py:2941} INFO - Sync 1 DAGs
[2024-07-25T15:04:17.741+0000] {logging_mixin.py:154} INFO - [2024-07-25T15:04:17.740+0000] {dag.py:3722} INFO - Setting next_dagrun for historical_data_dag to 2024-07-25T00:00:00+00:00, run_after=2024-07-26T00:00:00+00:00
[2024-07-25T15:04:17.777+0000] {processor.py:179} INFO - Processing /opt/airflow/dags/historical_data/historical_data_dag.py took 0.180 seconds
[2024-07-25T15:04:48.266+0000] {processor.py:157} INFO - Started process (PID=5037) to work on /opt/airflow/dags/historical_data/historical_data_dag.py
[2024-07-25T15:04:48.267+0000] {processor.py:829} INFO - Processing file /opt/airflow/dags/historical_data/historical_data_dag.py for tasks to queue
[2024-07-25T15:04:48.269+0000] {logging_mixin.py:154} INFO - [2024-07-25T15:04:48.269+0000] {dagbag.py:536} INFO - Filling up the DagBag from /opt/airflow/dags/historical_data/historical_data_dag.py
[2024-07-25T15:04:48.277+0000] {processor.py:839} INFO - DAG(s) dict_keys(['historical_data_dag']) retrieved from /opt/airflow/dags/historical_data/historical_data_dag.py
[2024-07-25T15:04:48.305+0000] {logging_mixin.py:154} INFO - [2024-07-25T15:04:48.305+0000] {dag.py:2941} INFO - Sync 1 DAGs
[2024-07-25T15:04:48.330+0000] {logging_mixin.py:154} INFO - [2024-07-25T15:04:48.330+0000] {dag.py:3722} INFO - Setting next_dagrun for historical_data_dag to 2024-07-25T00:00:00+00:00, run_after=2024-07-26T00:00:00+00:00
[2024-07-25T15:04:48.352+0000] {processor.py:179} INFO - Processing /opt/airflow/dags/historical_data/historical_data_dag.py took 0.090 seconds
[2024-07-25T15:05:19.017+0000] {processor.py:157} INFO - Started process (PID=5060) to work on /opt/airflow/dags/historical_data/historical_data_dag.py
[2024-07-25T15:05:19.017+0000] {processor.py:829} INFO - Processing file /opt/airflow/dags/historical_data/historical_data_dag.py for tasks to queue
[2024-07-25T15:05:19.019+0000] {logging_mixin.py:154} INFO - [2024-07-25T15:05:19.019+0000] {dagbag.py:536} INFO - Filling up the DagBag from /opt/airflow/dags/historical_data/historical_data_dag.py
[2024-07-25T15:05:19.025+0000] {processor.py:839} INFO - DAG(s) dict_keys(['historical_data_dag']) retrieved from /opt/airflow/dags/historical_data/historical_data_dag.py
[2024-07-25T15:05:19.045+0000] {logging_mixin.py:154} INFO - [2024-07-25T15:05:19.045+0000] {dag.py:2941} INFO - Sync 1 DAGs
[2024-07-25T15:05:19.064+0000] {logging_mixin.py:154} INFO - [2024-07-25T15:05:19.064+0000] {dag.py:3722} INFO - Setting next_dagrun for historical_data_dag to 2024-07-25T00:00:00+00:00, run_after=2024-07-26T00:00:00+00:00
[2024-07-25T15:05:19.083+0000] {processor.py:179} INFO - Processing /opt/airflow/dags/historical_data/historical_data_dag.py took 0.069 seconds
[2024-07-25T15:05:49.678+0000] {processor.py:157} INFO - Started process (PID=5090) to work on /opt/airflow/dags/historical_data/historical_data_dag.py
[2024-07-25T15:05:49.681+0000] {processor.py:829} INFO - Processing file /opt/airflow/dags/historical_data/historical_data_dag.py for tasks to queue
[2024-07-25T15:05:49.687+0000] {logging_mixin.py:154} INFO - [2024-07-25T15:05:49.687+0000] {dagbag.py:536} INFO - Filling up the DagBag from /opt/airflow/dags/historical_data/historical_data_dag.py
[2024-07-25T15:05:49.716+0000] {processor.py:839} INFO - DAG(s) dict_keys(['historical_data_dag']) retrieved from /opt/airflow/dags/historical_data/historical_data_dag.py
[2024-07-25T15:05:49.816+0000] {logging_mixin.py:154} INFO - [2024-07-25T15:05:49.816+0000] {dag.py:2941} INFO - Sync 1 DAGs
[2024-07-25T15:05:49.897+0000] {logging_mixin.py:154} INFO - [2024-07-25T15:05:49.896+0000] {dag.py:3722} INFO - Setting next_dagrun for historical_data_dag to 2024-07-25T00:00:00+00:00, run_after=2024-07-26T00:00:00+00:00
[2024-07-25T15:05:49.929+0000] {processor.py:179} INFO - Processing /opt/airflow/dags/historical_data/historical_data_dag.py took 0.270 seconds
[2024-07-25T15:06:20.181+0000] {processor.py:157} INFO - Started process (PID=5115) to work on /opt/airflow/dags/historical_data/historical_data_dag.py
[2024-07-25T15:06:20.184+0000] {processor.py:829} INFO - Processing file /opt/airflow/dags/historical_data/historical_data_dag.py for tasks to queue
[2024-07-25T15:06:20.186+0000] {logging_mixin.py:154} INFO - [2024-07-25T15:06:20.186+0000] {dagbag.py:536} INFO - Filling up the DagBag from /opt/airflow/dags/historical_data/historical_data_dag.py
[2024-07-25T15:06:20.193+0000] {processor.py:839} INFO - DAG(s) dict_keys(['historical_data_dag']) retrieved from /opt/airflow/dags/historical_data/historical_data_dag.py
[2024-07-25T15:06:20.222+0000] {logging_mixin.py:154} INFO - [2024-07-25T15:06:20.222+0000] {dag.py:2941} INFO - Sync 1 DAGs
[2024-07-25T15:06:20.246+0000] {logging_mixin.py:154} INFO - [2024-07-25T15:06:20.245+0000] {dag.py:3722} INFO - Setting next_dagrun for historical_data_dag to 2024-07-25T00:00:00+00:00, run_after=2024-07-26T00:00:00+00:00
[2024-07-25T15:06:20.281+0000] {processor.py:179} INFO - Processing /opt/airflow/dags/historical_data/historical_data_dag.py took 0.103 seconds
[2024-07-25T15:06:50.748+0000] {processor.py:157} INFO - Started process (PID=5139) to work on /opt/airflow/dags/historical_data/historical_data_dag.py
[2024-07-25T15:06:50.748+0000] {processor.py:829} INFO - Processing file /opt/airflow/dags/historical_data/historical_data_dag.py for tasks to queue
[2024-07-25T15:06:50.750+0000] {logging_mixin.py:154} INFO - [2024-07-25T15:06:50.750+0000] {dagbag.py:536} INFO - Filling up the DagBag from /opt/airflow/dags/historical_data/historical_data_dag.py
[2024-07-25T15:06:50.756+0000] {processor.py:839} INFO - DAG(s) dict_keys(['historical_data_dag']) retrieved from /opt/airflow/dags/historical_data/historical_data_dag.py
[2024-07-25T15:06:50.776+0000] {logging_mixin.py:154} INFO - [2024-07-25T15:06:50.775+0000] {dag.py:2941} INFO - Sync 1 DAGs
[2024-07-25T15:06:50.793+0000] {logging_mixin.py:154} INFO - [2024-07-25T15:06:50.793+0000] {dag.py:3722} INFO - Setting next_dagrun for historical_data_dag to 2024-07-25T00:00:00+00:00, run_after=2024-07-26T00:00:00+00:00
[2024-07-25T15:06:50.812+0000] {processor.py:179} INFO - Processing /opt/airflow/dags/historical_data/historical_data_dag.py took 0.067 seconds
[2024-07-25T15:07:21.544+0000] {processor.py:157} INFO - Started process (PID=5163) to work on /opt/airflow/dags/historical_data/historical_data_dag.py
[2024-07-25T15:07:21.545+0000] {processor.py:829} INFO - Processing file /opt/airflow/dags/historical_data/historical_data_dag.py for tasks to queue
[2024-07-25T15:07:21.546+0000] {logging_mixin.py:154} INFO - [2024-07-25T15:07:21.546+0000] {dagbag.py:536} INFO - Filling up the DagBag from /opt/airflow/dags/historical_data/historical_data_dag.py
[2024-07-25T15:07:21.552+0000] {processor.py:839} INFO - DAG(s) dict_keys(['historical_data_dag']) retrieved from /opt/airflow/dags/historical_data/historical_data_dag.py
[2024-07-25T15:07:21.573+0000] {logging_mixin.py:154} INFO - [2024-07-25T15:07:21.573+0000] {dag.py:2941} INFO - Sync 1 DAGs
[2024-07-25T15:07:21.590+0000] {logging_mixin.py:154} INFO - [2024-07-25T15:07:21.590+0000] {dag.py:3722} INFO - Setting next_dagrun for historical_data_dag to 2024-07-25T00:00:00+00:00, run_after=2024-07-26T00:00:00+00:00
[2024-07-25T15:07:21.609+0000] {processor.py:179} INFO - Processing /opt/airflow/dags/historical_data/historical_data_dag.py took 0.067 seconds
[2024-07-25T15:07:52.408+0000] {processor.py:157} INFO - Started process (PID=5197) to work on /opt/airflow/dags/historical_data/historical_data_dag.py
[2024-07-25T15:07:52.409+0000] {processor.py:829} INFO - Processing file /opt/airflow/dags/historical_data/historical_data_dag.py for tasks to queue
[2024-07-25T15:07:52.411+0000] {logging_mixin.py:154} INFO - [2024-07-25T15:07:52.411+0000] {dagbag.py:536} INFO - Filling up the DagBag from /opt/airflow/dags/historical_data/historical_data_dag.py
[2024-07-25T15:07:52.419+0000] {processor.py:839} INFO - DAG(s) dict_keys(['historical_data_dag']) retrieved from /opt/airflow/dags/historical_data/historical_data_dag.py
[2024-07-25T15:07:52.448+0000] {logging_mixin.py:154} INFO - [2024-07-25T15:07:52.448+0000] {dag.py:2941} INFO - Sync 1 DAGs
[2024-07-25T15:07:52.479+0000] {logging_mixin.py:154} INFO - [2024-07-25T15:07:52.479+0000] {dag.py:3722} INFO - Setting next_dagrun for historical_data_dag to 2024-07-25T00:00:00+00:00, run_after=2024-07-26T00:00:00+00:00
[2024-07-25T15:07:52.527+0000] {processor.py:179} INFO - Processing /opt/airflow/dags/historical_data/historical_data_dag.py took 0.122 seconds
[2024-07-25T15:08:23.021+0000] {processor.py:157} INFO - Started process (PID=5221) to work on /opt/airflow/dags/historical_data/historical_data_dag.py
[2024-07-25T15:08:23.027+0000] {processor.py:829} INFO - Processing file /opt/airflow/dags/historical_data/historical_data_dag.py for tasks to queue
[2024-07-25T15:08:23.029+0000] {logging_mixin.py:154} INFO - [2024-07-25T15:08:23.029+0000] {dagbag.py:536} INFO - Filling up the DagBag from /opt/airflow/dags/historical_data/historical_data_dag.py
[2024-07-25T15:08:23.038+0000] {processor.py:839} INFO - DAG(s) dict_keys(['historical_data_dag']) retrieved from /opt/airflow/dags/historical_data/historical_data_dag.py
[2024-07-25T15:08:23.108+0000] {logging_mixin.py:154} INFO - [2024-07-25T15:08:23.108+0000] {dag.py:2941} INFO - Sync 1 DAGs
[2024-07-25T15:08:23.157+0000] {logging_mixin.py:154} INFO - [2024-07-25T15:08:23.156+0000] {dag.py:3722} INFO - Setting next_dagrun for historical_data_dag to 2024-07-25T00:00:00+00:00, run_after=2024-07-26T00:00:00+00:00
[2024-07-25T15:08:23.198+0000] {processor.py:179} INFO - Processing /opt/airflow/dags/historical_data/historical_data_dag.py took 0.185 seconds
[2024-07-25T15:08:53.661+0000] {processor.py:157} INFO - Started process (PID=5253) to work on /opt/airflow/dags/historical_data/historical_data_dag.py
[2024-07-25T15:08:53.662+0000] {processor.py:829} INFO - Processing file /opt/airflow/dags/historical_data/historical_data_dag.py for tasks to queue
[2024-07-25T15:08:53.664+0000] {logging_mixin.py:154} INFO - [2024-07-25T15:08:53.664+0000] {dagbag.py:536} INFO - Filling up the DagBag from /opt/airflow/dags/historical_data/historical_data_dag.py
[2024-07-25T15:08:53.676+0000] {processor.py:839} INFO - DAG(s) dict_keys(['historical_data_dag']) retrieved from /opt/airflow/dags/historical_data/historical_data_dag.py
[2024-07-25T15:08:53.704+0000] {logging_mixin.py:154} INFO - [2024-07-25T15:08:53.704+0000] {dag.py:2941} INFO - Sync 1 DAGs
[2024-07-25T15:08:53.729+0000] {logging_mixin.py:154} INFO - [2024-07-25T15:08:53.729+0000] {dag.py:3722} INFO - Setting next_dagrun for historical_data_dag to 2024-07-25T00:00:00+00:00, run_after=2024-07-26T00:00:00+00:00
[2024-07-25T15:08:53.751+0000] {processor.py:179} INFO - Processing /opt/airflow/dags/historical_data/historical_data_dag.py took 0.094 seconds
[2024-07-25T15:09:24.308+0000] {processor.py:157} INFO - Started process (PID=5276) to work on /opt/airflow/dags/historical_data/historical_data_dag.py
[2024-07-25T15:09:24.308+0000] {processor.py:829} INFO - Processing file /opt/airflow/dags/historical_data/historical_data_dag.py for tasks to queue
[2024-07-25T15:09:24.310+0000] {logging_mixin.py:154} INFO - [2024-07-25T15:09:24.310+0000] {dagbag.py:536} INFO - Filling up the DagBag from /opt/airflow/dags/historical_data/historical_data_dag.py
[2024-07-25T15:09:24.316+0000] {processor.py:839} INFO - DAG(s) dict_keys(['historical_data_dag']) retrieved from /opt/airflow/dags/historical_data/historical_data_dag.py
[2024-07-25T15:09:24.337+0000] {logging_mixin.py:154} INFO - [2024-07-25T15:09:24.336+0000] {dag.py:2941} INFO - Sync 1 DAGs
[2024-07-25T15:09:24.354+0000] {logging_mixin.py:154} INFO - [2024-07-25T15:09:24.354+0000] {dag.py:3722} INFO - Setting next_dagrun for historical_data_dag to 2024-07-25T00:00:00+00:00, run_after=2024-07-26T00:00:00+00:00
[2024-07-25T15:09:24.374+0000] {processor.py:179} INFO - Processing /opt/airflow/dags/historical_data/historical_data_dag.py took 0.070 seconds
[2024-07-25T15:09:54.900+0000] {processor.py:157} INFO - Started process (PID=5307) to work on /opt/airflow/dags/historical_data/historical_data_dag.py
[2024-07-25T15:09:54.901+0000] {processor.py:829} INFO - Processing file /opt/airflow/dags/historical_data/historical_data_dag.py for tasks to queue
[2024-07-25T15:09:54.904+0000] {logging_mixin.py:154} INFO - [2024-07-25T15:09:54.903+0000] {dagbag.py:536} INFO - Filling up the DagBag from /opt/airflow/dags/historical_data/historical_data_dag.py
[2024-07-25T15:09:54.920+0000] {processor.py:839} INFO - DAG(s) dict_keys(['historical_data_dag']) retrieved from /opt/airflow/dags/historical_data/historical_data_dag.py
[2024-07-25T15:09:54.959+0000] {logging_mixin.py:154} INFO - [2024-07-25T15:09:54.959+0000] {dag.py:2941} INFO - Sync 1 DAGs
[2024-07-25T15:09:54.985+0000] {logging_mixin.py:154} INFO - [2024-07-25T15:09:54.985+0000] {dag.py:3722} INFO - Setting next_dagrun for historical_data_dag to 2024-07-25T00:00:00+00:00, run_after=2024-07-26T00:00:00+00:00
[2024-07-25T15:09:55.016+0000] {processor.py:179} INFO - Processing /opt/airflow/dags/historical_data/historical_data_dag.py took 0.135 seconds
[2024-07-25T15:10:25.495+0000] {processor.py:157} INFO - Started process (PID=5331) to work on /opt/airflow/dags/historical_data/historical_data_dag.py
[2024-07-25T15:10:25.496+0000] {processor.py:829} INFO - Processing file /opt/airflow/dags/historical_data/historical_data_dag.py for tasks to queue
[2024-07-25T15:10:25.498+0000] {logging_mixin.py:154} INFO - [2024-07-25T15:10:25.498+0000] {dagbag.py:536} INFO - Filling up the DagBag from /opt/airflow/dags/historical_data/historical_data_dag.py
[2024-07-25T15:10:25.512+0000] {processor.py:839} INFO - DAG(s) dict_keys(['historical_data_dag']) retrieved from /opt/airflow/dags/historical_data/historical_data_dag.py
[2024-07-25T15:10:25.541+0000] {logging_mixin.py:154} INFO - [2024-07-25T15:10:25.541+0000] {dag.py:2941} INFO - Sync 1 DAGs
[2024-07-25T15:10:25.568+0000] {logging_mixin.py:154} INFO - [2024-07-25T15:10:25.568+0000] {dag.py:3722} INFO - Setting next_dagrun for historical_data_dag to 2024-07-25T00:00:00+00:00, run_after=2024-07-26T00:00:00+00:00
[2024-07-25T15:10:25.593+0000] {processor.py:179} INFO - Processing /opt/airflow/dags/historical_data/historical_data_dag.py took 0.102 seconds
[2024-07-25T15:10:56.104+0000] {processor.py:157} INFO - Started process (PID=5354) to work on /opt/airflow/dags/historical_data/historical_data_dag.py
[2024-07-25T15:10:56.107+0000] {processor.py:829} INFO - Processing file /opt/airflow/dags/historical_data/historical_data_dag.py for tasks to queue
[2024-07-25T15:10:56.113+0000] {logging_mixin.py:154} INFO - [2024-07-25T15:10:56.110+0000] {dagbag.py:536} INFO - Filling up the DagBag from /opt/airflow/dags/historical_data/historical_data_dag.py
[2024-07-25T15:10:56.122+0000] {processor.py:839} INFO - DAG(s) dict_keys(['historical_data_dag']) retrieved from /opt/airflow/dags/historical_data/historical_data_dag.py
[2024-07-25T15:10:56.147+0000] {logging_mixin.py:154} INFO - [2024-07-25T15:10:56.147+0000] {dag.py:2941} INFO - Sync 1 DAGs
[2024-07-25T15:10:56.165+0000] {logging_mixin.py:154} INFO - [2024-07-25T15:10:56.165+0000] {dag.py:3722} INFO - Setting next_dagrun for historical_data_dag to 2024-07-25T00:00:00+00:00, run_after=2024-07-26T00:00:00+00:00
[2024-07-25T15:10:56.183+0000] {processor.py:179} INFO - Processing /opt/airflow/dags/historical_data/historical_data_dag.py took 0.084 seconds
[2024-07-25T15:11:26.752+0000] {processor.py:157} INFO - Started process (PID=5385) to work on /opt/airflow/dags/historical_data/historical_data_dag.py
[2024-07-25T15:11:26.753+0000] {processor.py:829} INFO - Processing file /opt/airflow/dags/historical_data/historical_data_dag.py for tasks to queue
[2024-07-25T15:11:26.756+0000] {logging_mixin.py:154} INFO - [2024-07-25T15:11:26.756+0000] {dagbag.py:536} INFO - Filling up the DagBag from /opt/airflow/dags/historical_data/historical_data_dag.py
[2024-07-25T15:11:26.778+0000] {processor.py:839} INFO - DAG(s) dict_keys(['historical_data_dag']) retrieved from /opt/airflow/dags/historical_data/historical_data_dag.py
[2024-07-25T15:11:26.820+0000] {logging_mixin.py:154} INFO - [2024-07-25T15:11:26.820+0000] {dag.py:2941} INFO - Sync 1 DAGs
[2024-07-25T15:11:26.861+0000] {logging_mixin.py:154} INFO - [2024-07-25T15:11:26.860+0000] {dag.py:3722} INFO - Setting next_dagrun for historical_data_dag to 2024-07-25T00:00:00+00:00, run_after=2024-07-26T00:00:00+00:00
[2024-07-25T15:11:26.885+0000] {processor.py:179} INFO - Processing /opt/airflow/dags/historical_data/historical_data_dag.py took 0.153 seconds
[2024-07-25T15:11:57.383+0000] {processor.py:157} INFO - Started process (PID=5408) to work on /opt/airflow/dags/historical_data/historical_data_dag.py
[2024-07-25T15:11:57.383+0000] {processor.py:829} INFO - Processing file /opt/airflow/dags/historical_data/historical_data_dag.py for tasks to queue
[2024-07-25T15:11:57.385+0000] {logging_mixin.py:154} INFO - [2024-07-25T15:11:57.385+0000] {dagbag.py:536} INFO - Filling up the DagBag from /opt/airflow/dags/historical_data/historical_data_dag.py
[2024-07-25T15:11:57.391+0000] {processor.py:839} INFO - DAG(s) dict_keys(['historical_data_dag']) retrieved from /opt/airflow/dags/historical_data/historical_data_dag.py
[2024-07-25T15:11:57.411+0000] {logging_mixin.py:154} INFO - [2024-07-25T15:11:57.410+0000] {dag.py:2941} INFO - Sync 1 DAGs
[2024-07-25T15:11:57.427+0000] {logging_mixin.py:154} INFO - [2024-07-25T15:11:57.427+0000] {dag.py:3722} INFO - Setting next_dagrun for historical_data_dag to 2024-07-25T00:00:00+00:00, run_after=2024-07-26T00:00:00+00:00
[2024-07-25T15:11:57.446+0000] {processor.py:179} INFO - Processing /opt/airflow/dags/historical_data/historical_data_dag.py took 0.066 seconds
[2024-07-25T15:12:28.429+0000] {processor.py:157} INFO - Started process (PID=5431) to work on /opt/airflow/dags/historical_data/historical_data_dag.py
[2024-07-25T15:12:28.430+0000] {processor.py:829} INFO - Processing file /opt/airflow/dags/historical_data/historical_data_dag.py for tasks to queue
[2024-07-25T15:12:28.433+0000] {logging_mixin.py:154} INFO - [2024-07-25T15:12:28.432+0000] {dagbag.py:536} INFO - Filling up the DagBag from /opt/airflow/dags/historical_data/historical_data_dag.py
[2024-07-25T15:12:28.446+0000] {processor.py:839} INFO - DAG(s) dict_keys(['historical_data_dag']) retrieved from /opt/airflow/dags/historical_data/historical_data_dag.py
[2024-07-25T15:12:28.493+0000] {logging_mixin.py:154} INFO - [2024-07-25T15:12:28.493+0000] {dag.py:2941} INFO - Sync 1 DAGs
[2024-07-25T15:12:28.531+0000] {logging_mixin.py:154} INFO - [2024-07-25T15:12:28.531+0000] {dag.py:3722} INFO - Setting next_dagrun for historical_data_dag to 2024-07-25T00:00:00+00:00, run_after=2024-07-26T00:00:00+00:00
[2024-07-25T15:12:28.561+0000] {processor.py:179} INFO - Processing /opt/airflow/dags/historical_data/historical_data_dag.py took 0.135 seconds
