[2024-07-25T09:22:22.557+0000] {taskinstance.py:1159} INFO - Dependencies all met for dep_context=non-requeueable deps ti=<TaskInstance: simple_ids_ingest.first_task scheduled__2023-04-07T00:00:00+00:00 [queued]>
[2024-07-25T09:22:22.647+0000] {taskinstance.py:1159} INFO - Dependencies all met for dep_context=requeueable deps ti=<TaskInstance: simple_ids_ingest.first_task scheduled__2023-04-07T00:00:00+00:00 [queued]>
[2024-07-25T09:22:22.647+0000] {taskinstance.py:1361} INFO - Starting attempt 1 of 2
[2024-07-25T09:22:22.830+0000] {taskinstance.py:1382} INFO - Executing <Task(BashOperator): first_task> on 2023-04-07 00:00:00+00:00
[2024-07-25T09:22:23.049+0000] {standard_task_runner.py:84} INFO - Running: ['***', 'tasks', 'run', 'simple_ids_ingest', 'first_task', 'scheduled__2023-04-07T00:00:00+00:00', '--job-id', '52', '--raw', '--subdir', 'DAGS_FOLDER/ids_ingest/ids_ingest_dag.py', '--cfg-path', '/tmp/tmpd0fvuh8_']
[2024-07-25T09:22:23.005+0000] {standard_task_runner.py:57} INFO - Started process 780 to run task
[2024-07-25T09:22:23.050+0000] {standard_task_runner.py:85} INFO - Job 52: Subtask first_task
[2024-07-25T09:22:23.905+0000] {task_command.py:416} INFO - Running <TaskInstance: simple_ids_ingest.first_task scheduled__2023-04-07T00:00:00+00:00 [running]> on host c7799c7b21e5
[2024-07-25T09:22:25.557+0000] {taskinstance.py:1662} INFO - Exporting env vars: AIRFLOW_CTX_DAG_OWNER='Ajay' AIRFLOW_CTX_DAG_ID='simple_ids_ingest' AIRFLOW_CTX_TASK_ID='first_task' AIRFLOW_CTX_EXECUTION_DATE='2023-04-07T00:00:00+00:00' AIRFLOW_CTX_TRY_NUMBER='1' AIRFLOW_CTX_DAG_RUN_ID='scheduled__2023-04-07T00:00:00+00:00'
[2024-07-25T09:22:25.597+0000] {subprocess.py:63} INFO - Tmp dir root location: /tmp
[2024-07-25T09:22:25.617+0000] {subprocess.py:75} INFO - Running command: ['/bin/bash', '-c', 'echo $AIRFLOW_HOME']
[2024-07-25T09:22:26.267+0000] {subprocess.py:86} INFO - Output:
[2024-07-25T09:22:26.336+0000] {subprocess.py:93} INFO - /opt/***
[2024-07-25T09:22:26.342+0000] {subprocess.py:97} INFO - Command exited with return code 0
[2024-07-25T09:22:26.543+0000] {taskinstance.py:1400} INFO - Marking task as SUCCESS. dag_id=simple_ids_ingest, task_id=first_task, execution_date=20230407T000000, start_date=20240725T092222, end_date=20240725T092226
[2024-07-25T09:22:26.964+0000] {local_task_job_runner.py:228} INFO - Task exited with return code 0
[2024-07-25T09:22:27.209+0000] {taskinstance.py:2778} INFO - 1 downstream tasks scheduled from follow-on schedule check
[2024-07-25T14:21:57.550+0000] {taskinstance.py:1159} INFO - Dependencies all met for dep_context=non-requeueable deps ti=<TaskInstance: simple_ids_ingest.first_task scheduled__2023-04-07T00:00:00+00:00 [queued]>
[2024-07-25T14:21:57.709+0000] {taskinstance.py:1159} INFO - Dependencies all met for dep_context=requeueable deps ti=<TaskInstance: simple_ids_ingest.first_task scheduled__2023-04-07T00:00:00+00:00 [queued]>
[2024-07-25T14:21:57.720+0000] {taskinstance.py:1361} INFO - Starting attempt 1 of 2
[2024-07-25T14:21:57.955+0000] {taskinstance.py:1382} INFO - Executing <Task(BashOperator): first_task> on 2023-04-07 00:00:00+00:00
[2024-07-25T14:21:57.976+0000] {standard_task_runner.py:57} INFO - Started process 3374 to run task
[2024-07-25T14:21:57.997+0000] {standard_task_runner.py:84} INFO - Running: ['***', 'tasks', 'run', 'simple_ids_ingest', 'first_task', 'scheduled__2023-04-07T00:00:00+00:00', '--job-id', '354', '--raw', '--subdir', 'DAGS_FOLDER/ids_ingest/ids_ingest_dag.py', '--cfg-path', '/tmp/tmpt3v5djjj']
[2024-07-25T14:21:57.999+0000] {standard_task_runner.py:85} INFO - Job 354: Subtask first_task
[2024-07-25T14:21:58.292+0000] {task_command.py:416} INFO - Running <TaskInstance: simple_ids_ingest.first_task scheduled__2023-04-07T00:00:00+00:00 [running]> on host b7334bec8397
[2024-07-25T14:21:59.075+0000] {taskinstance.py:1662} INFO - Exporting env vars: AIRFLOW_CTX_DAG_OWNER='Ajay' AIRFLOW_CTX_DAG_ID='simple_ids_ingest' AIRFLOW_CTX_TASK_ID='first_task' AIRFLOW_CTX_EXECUTION_DATE='2023-04-07T00:00:00+00:00' AIRFLOW_CTX_TRY_NUMBER='1' AIRFLOW_CTX_DAG_RUN_ID='scheduled__2023-04-07T00:00:00+00:00'
[2024-07-25T14:21:59.077+0000] {subprocess.py:63} INFO - Tmp dir root location: /tmp
[2024-07-25T14:21:59.079+0000] {subprocess.py:75} INFO - Running command: ['/bin/bash', '-c', 'echo $AIRFLOW_HOME']
[2024-07-25T14:21:59.160+0000] {subprocess.py:86} INFO - Output:
[2024-07-25T14:21:59.239+0000] {subprocess.py:93} INFO - /opt/***
[2024-07-25T14:21:59.274+0000] {subprocess.py:97} INFO - Command exited with return code 0
[2024-07-25T14:21:59.589+0000] {taskinstance.py:1400} INFO - Marking task as SUCCESS. dag_id=simple_ids_ingest, task_id=first_task, execution_date=20230407T000000, start_date=20240725T142157, end_date=20240725T142159
[2024-07-25T14:22:00.018+0000] {local_task_job_runner.py:228} INFO - Task exited with return code 0
[2024-07-25T14:22:00.245+0000] {taskinstance.py:2778} INFO - 1 downstream tasks scheduled from follow-on schedule check
