[2024-07-25T10:02:08.418+0000] {taskinstance.py:1159} INFO - Dependencies all met for dep_context=non-requeueable deps ti=<TaskInstance: holiday_ingest.holiday_api_ingestion scheduled__2023-03-28T00:00:00+00:00 [queued]>
[2024-07-25T10:02:08.620+0000] {taskinstance.py:1159} INFO - Dependencies all met for dep_context=requeueable deps ti=<TaskInstance: holiday_ingest.holiday_api_ingestion scheduled__2023-03-28T00:00:00+00:00 [queued]>
[2024-07-25T10:02:08.628+0000] {taskinstance.py:1361} INFO - Starting attempt 1 of 2
[2024-07-25T10:02:08.881+0000] {taskinstance.py:1382} INFO - Executing <Task(HolidayAPIIngestOperator): holiday_api_ingestion> on 2023-03-28 00:00:00+00:00
[2024-07-25T10:02:09.184+0000] {standard_task_runner.py:57} INFO - Started process 4545 to run task
[2024-07-25T10:02:09.248+0000] {standard_task_runner.py:84} INFO - Running: ['***', 'tasks', 'run', 'holiday_ingest', 'holiday_api_ingestion', 'scheduled__2023-03-28T00:00:00+00:00', '--job-id', '1044', '--raw', '--subdir', 'DAGS_FOLDER/holiday_ingest/holiday_ingest_dag.py', '--cfg-path', '/tmp/tmpgqgumhzg']
[2024-07-25T10:02:09.283+0000] {standard_task_runner.py:85} INFO - Job 1044: Subtask holiday_api_ingestion
[2024-07-25T10:02:09.625+0000] {task_command.py:416} INFO - Running <TaskInstance: holiday_ingest.holiday_api_ingestion scheduled__2023-03-28T00:00:00+00:00 [running]> on host c7799c7b21e5
[2024-07-25T10:02:10.323+0000] {taskinstance.py:1662} INFO - Exporting env vars: AIRFLOW_CTX_DAG_OWNER='Ajay' AIRFLOW_CTX_DAG_ID='holiday_ingest' AIRFLOW_CTX_TASK_ID='holiday_api_ingestion' AIRFLOW_CTX_EXECUTION_DATE='2023-03-28T00:00:00+00:00' AIRFLOW_CTX_TRY_NUMBER='1' AIRFLOW_CTX_DAG_RUN_ID='scheduled__2023-03-28T00:00:00+00:00'
[2024-07-25T10:02:11.070+0000] {logging_mixin.py:154} INFO - {'status': 402, 'requests': {'used': 7, 'available': 9993, 'resets': '2024-08-01 00:00:00'}, 'error': "Free accounts are limited to last year's historical data only. Upgrade to premium for access to all holiday data. For more information, please visit https://holidayapi.com/docs"}
[2024-07-25T10:02:11.070+0000] {taskinstance.py:1937} ERROR - Task failed with exception
Traceback (most recent call last):
  File "/opt/airflow/plugins/operators/holiday_api_plugin.py", line 36, in execute
    raise e
  File "/opt/airflow/plugins/operators/holiday_api_plugin.py", line 32, in execute
    with open(output_file, "w") as f:
FileNotFoundError: [Errno 2] No such file or directory: '/opt/airflow/files_to_test/output_files/holiday_brazil.json'
[2024-07-25T10:02:11.082+0000] {taskinstance.py:1400} INFO - Marking task as UP_FOR_RETRY. dag_id=holiday_ingest, task_id=holiday_api_ingestion, execution_date=20230328T000000, start_date=20240725T100208, end_date=20240725T100211
[2024-07-25T10:02:11.183+0000] {standard_task_runner.py:104} ERROR - Failed to execute job 1044 for task holiday_api_ingestion ([Errno 2] No such file or directory: '/opt/airflow/files_to_test/output_files/holiday_brazil.json'; 4545)
[2024-07-25T10:02:11.298+0000] {local_task_job_runner.py:228} INFO - Task exited with return code 1
[2024-07-25T10:02:11.369+0000] {taskinstance.py:2778} INFO - 0 downstream tasks scheduled from follow-on schedule check
[2024-07-25T14:20:58.784+0000] {taskinstance.py:1159} INFO - Dependencies all met for dep_context=non-requeueable deps ti=<TaskInstance: holiday_ingest.holiday_api_ingestion scheduled__2023-03-28T00:00:00+00:00 [queued]>
[2024-07-25T14:20:59.096+0000] {taskinstance.py:1159} INFO - Dependencies all met for dep_context=requeueable deps ti=<TaskInstance: holiday_ingest.holiday_api_ingestion scheduled__2023-03-28T00:00:00+00:00 [queued]>
[2024-07-25T14:20:59.111+0000] {taskinstance.py:1361} INFO - Starting attempt 1 of 2
[2024-07-25T14:20:59.773+0000] {taskinstance.py:1382} INFO - Executing <Task(HolidayAPIIngestOperator): holiday_api_ingestion> on 2023-03-28 00:00:00+00:00
[2024-07-25T14:20:59.955+0000] {standard_task_runner.py:57} INFO - Started process 3217 to run task
[2024-07-25T14:21:00.029+0000] {standard_task_runner.py:84} INFO - Running: ['***', 'tasks', 'run', 'holiday_ingest', 'holiday_api_ingestion', 'scheduled__2023-03-28T00:00:00+00:00', '--job-id', '292', '--raw', '--subdir', 'DAGS_FOLDER/holiday_ingest/holiday_ingest_dag.py', '--cfg-path', '/tmp/tmpk4bhkzqe']
[2024-07-25T14:21:00.102+0000] {standard_task_runner.py:85} INFO - Job 292: Subtask holiday_api_ingestion
[2024-07-25T14:21:00.964+0000] {task_command.py:416} INFO - Running <TaskInstance: holiday_ingest.holiday_api_ingestion scheduled__2023-03-28T00:00:00+00:00 [running]> on host b7334bec8397
[2024-07-25T14:21:02.342+0000] {taskinstance.py:1662} INFO - Exporting env vars: AIRFLOW_CTX_DAG_OWNER='Ajay' AIRFLOW_CTX_DAG_ID='holiday_ingest' AIRFLOW_CTX_TASK_ID='holiday_api_ingestion' AIRFLOW_CTX_EXECUTION_DATE='2023-03-28T00:00:00+00:00' AIRFLOW_CTX_TRY_NUMBER='1' AIRFLOW_CTX_DAG_RUN_ID='scheduled__2023-03-28T00:00:00+00:00'
[2024-07-25T14:21:03.504+0000] {logging_mixin.py:154} INFO - {'status': 402, 'requests': {'used': 513, 'available': 9487, 'resets': '2024-08-01 00:00:00'}, 'error': "Free accounts are limited to last year's historical data only. Upgrade to premium for access to all holiday data. For more information, please visit https://holidayapi.com/docs"}
[2024-07-25T14:21:03.693+0000] {taskinstance.py:1400} INFO - Marking task as SUCCESS. dag_id=holiday_ingest, task_id=holiday_api_ingestion, execution_date=20230328T000000, start_date=20240725T142058, end_date=20240725T142103
[2024-07-25T14:21:04.092+0000] {local_task_job_runner.py:228} INFO - Task exited with return code 0
[2024-07-25T14:21:04.454+0000] {taskinstance.py:2778} INFO - 0 downstream tasks scheduled from follow-on schedule check
