[2024-07-25T10:02:06.402+0000] {taskinstance.py:1159} INFO - Dependencies all met for dep_context=non-requeueable deps ti=<TaskInstance: holiday_ingest.holiday_api_ingestion scheduled__2023-03-26T00:00:00+00:00 [queued]>
[2024-07-25T10:02:06.812+0000] {taskinstance.py:1159} INFO - Dependencies all met for dep_context=requeueable deps ti=<TaskInstance: holiday_ingest.holiday_api_ingestion scheduled__2023-03-26T00:00:00+00:00 [queued]>
[2024-07-25T10:02:06.844+0000] {taskinstance.py:1361} INFO - Starting attempt 1 of 2
[2024-07-25T10:02:07.054+0000] {taskinstance.py:1382} INFO - Executing <Task(HolidayAPIIngestOperator): holiday_api_ingestion> on 2023-03-26 00:00:00+00:00
[2024-07-25T10:02:07.202+0000] {standard_task_runner.py:57} INFO - Started process 4537 to run task
[2024-07-25T10:02:07.226+0000] {standard_task_runner.py:84} INFO - Running: ['***', 'tasks', 'run', 'holiday_ingest', 'holiday_api_ingestion', 'scheduled__2023-03-26T00:00:00+00:00', '--job-id', '1043', '--raw', '--subdir', 'DAGS_FOLDER/holiday_ingest/holiday_ingest_dag.py', '--cfg-path', '/tmp/tmpfcpdj9qf']
[2024-07-25T10:02:07.304+0000] {standard_task_runner.py:85} INFO - Job 1043: Subtask holiday_api_ingestion
[2024-07-25T10:02:08.013+0000] {task_command.py:416} INFO - Running <TaskInstance: holiday_ingest.holiday_api_ingestion scheduled__2023-03-26T00:00:00+00:00 [running]> on host c7799c7b21e5
[2024-07-25T10:02:09.389+0000] {taskinstance.py:1662} INFO - Exporting env vars: AIRFLOW_CTX_DAG_OWNER='Ajay' AIRFLOW_CTX_DAG_ID='holiday_ingest' AIRFLOW_CTX_TASK_ID='holiday_api_ingestion' AIRFLOW_CTX_EXECUTION_DATE='2023-03-26T00:00:00+00:00' AIRFLOW_CTX_TRY_NUMBER='1' AIRFLOW_CTX_DAG_RUN_ID='scheduled__2023-03-26T00:00:00+00:00'
[2024-07-25T10:02:10.327+0000] {logging_mixin.py:154} INFO - {'status': 402, 'requests': {'used': 6, 'available': 9994, 'resets': '2024-08-01 00:00:00'}, 'error': "Free accounts are limited to last year's historical data only. Upgrade to premium for access to all holiday data. For more information, please visit https://holidayapi.com/docs"}
[2024-07-25T10:02:10.327+0000] {taskinstance.py:1937} ERROR - Task failed with exception
Traceback (most recent call last):
  File "/opt/airflow/plugins/operators/holiday_api_plugin.py", line 36, in execute
    raise e
  File "/opt/airflow/plugins/operators/holiday_api_plugin.py", line 32, in execute
    with open(output_file, "w") as f:
FileNotFoundError: [Errno 2] No such file or directory: '/opt/airflow/files_to_test/output_files/holiday_brazil.json'
[2024-07-25T10:02:10.392+0000] {taskinstance.py:1400} INFO - Marking task as UP_FOR_RETRY. dag_id=holiday_ingest, task_id=holiday_api_ingestion, execution_date=20230326T000000, start_date=20240725T100206, end_date=20240725T100210
[2024-07-25T10:02:10.518+0000] {standard_task_runner.py:104} ERROR - Failed to execute job 1043 for task holiday_api_ingestion ([Errno 2] No such file or directory: '/opt/airflow/files_to_test/output_files/holiday_brazil.json'; 4537)
[2024-07-25T10:02:10.666+0000] {local_task_job_runner.py:228} INFO - Task exited with return code 1
[2024-07-25T10:02:10.806+0000] {taskinstance.py:2778} INFO - 0 downstream tasks scheduled from follow-on schedule check
[2024-07-25T14:20:56.673+0000] {taskinstance.py:1159} INFO - Dependencies all met for dep_context=non-requeueable deps ti=<TaskInstance: holiday_ingest.holiday_api_ingestion scheduled__2023-03-26T00:00:00+00:00 [queued]>
[2024-07-25T14:20:57.094+0000] {taskinstance.py:1159} INFO - Dependencies all met for dep_context=requeueable deps ti=<TaskInstance: holiday_ingest.holiday_api_ingestion scheduled__2023-03-26T00:00:00+00:00 [queued]>
[2024-07-25T14:20:57.118+0000] {taskinstance.py:1361} INFO - Starting attempt 1 of 2
[2024-07-25T14:20:57.854+0000] {taskinstance.py:1382} INFO - Executing <Task(HolidayAPIIngestOperator): holiday_api_ingestion> on 2023-03-26 00:00:00+00:00
[2024-07-25T14:20:58.074+0000] {standard_task_runner.py:57} INFO - Started process 3215 to run task
[2024-07-25T14:20:58.316+0000] {standard_task_runner.py:84} INFO - Running: ['***', 'tasks', 'run', 'holiday_ingest', 'holiday_api_ingestion', 'scheduled__2023-03-26T00:00:00+00:00', '--job-id', '290', '--raw', '--subdir', 'DAGS_FOLDER/holiday_ingest/holiday_ingest_dag.py', '--cfg-path', '/tmp/tmpjv2bw3c3']
[2024-07-25T14:20:58.337+0000] {standard_task_runner.py:85} INFO - Job 290: Subtask holiday_api_ingestion
[2024-07-25T14:20:59.846+0000] {task_command.py:416} INFO - Running <TaskInstance: holiday_ingest.holiday_api_ingestion scheduled__2023-03-26T00:00:00+00:00 [running]> on host b7334bec8397
[2024-07-25T14:21:01.705+0000] {taskinstance.py:1662} INFO - Exporting env vars: AIRFLOW_CTX_DAG_OWNER='Ajay' AIRFLOW_CTX_DAG_ID='holiday_ingest' AIRFLOW_CTX_TASK_ID='holiday_api_ingestion' AIRFLOW_CTX_EXECUTION_DATE='2023-03-26T00:00:00+00:00' AIRFLOW_CTX_TRY_NUMBER='1' AIRFLOW_CTX_DAG_RUN_ID='scheduled__2023-03-26T00:00:00+00:00'
[2024-07-25T14:21:03.926+0000] {logging_mixin.py:154} INFO - {'status': 402, 'requests': {'used': 514, 'available': 9486, 'resets': '2024-08-01 00:00:00'}, 'error': "Free accounts are limited to last year's historical data only. Upgrade to premium for access to all holiday data. For more information, please visit https://holidayapi.com/docs"}
[2024-07-25T14:21:04.296+0000] {taskinstance.py:1400} INFO - Marking task as SUCCESS. dag_id=holiday_ingest, task_id=holiday_api_ingestion, execution_date=20230326T000000, start_date=20240725T142056, end_date=20240725T142104
[2024-07-25T14:21:04.876+0000] {local_task_job_runner.py:228} INFO - Task exited with return code 0
[2024-07-25T14:21:05.225+0000] {taskinstance.py:2778} INFO - 0 downstream tasks scheduled from follow-on schedule check
