[2024-07-25T10:07:45.813+0000] {taskinstance.py:1159} INFO - Dependencies all met for dep_context=non-requeueable deps ti=<TaskInstance: holiday_ingest.holiday_api_ingestion scheduled__2023-04-30T00:00:00+00:00 [queued]>
[2024-07-25T10:07:46.121+0000] {taskinstance.py:1159} INFO - Dependencies all met for dep_context=requeueable deps ti=<TaskInstance: holiday_ingest.holiday_api_ingestion scheduled__2023-04-30T00:00:00+00:00 [queued]>
[2024-07-25T10:07:46.128+0000] {taskinstance.py:1361} INFO - Starting attempt 1 of 2
[2024-07-25T10:07:46.430+0000] {taskinstance.py:1382} INFO - Executing <Task(HolidayAPIIngestOperator): holiday_api_ingestion> on 2023-04-30 00:00:00+00:00
[2024-07-25T10:07:46.499+0000] {standard_task_runner.py:57} INFO - Started process 4857 to run task
[2024-07-25T10:07:46.529+0000] {standard_task_runner.py:84} INFO - Running: ['***', 'tasks', 'run', 'holiday_ingest', 'holiday_api_ingestion', 'scheduled__2023-04-30T00:00:00+00:00', '--job-id', '1093', '--raw', '--subdir', 'DAGS_FOLDER/holiday_ingest/holiday_ingest_dag.py', '--cfg-path', '/tmp/tmpue_vzpyx']
[2024-07-25T10:07:46.537+0000] {standard_task_runner.py:85} INFO - Job 1093: Subtask holiday_api_ingestion
[2024-07-25T10:07:46.813+0000] {task_command.py:416} INFO - Running <TaskInstance: holiday_ingest.holiday_api_ingestion scheduled__2023-04-30T00:00:00+00:00 [running]> on host c7799c7b21e5
[2024-07-25T10:07:47.223+0000] {taskinstance.py:1662} INFO - Exporting env vars: AIRFLOW_CTX_DAG_OWNER='Ajay' AIRFLOW_CTX_DAG_ID='holiday_ingest' AIRFLOW_CTX_TASK_ID='holiday_api_ingestion' AIRFLOW_CTX_EXECUTION_DATE='2023-04-30T00:00:00+00:00' AIRFLOW_CTX_TRY_NUMBER='1' AIRFLOW_CTX_DAG_RUN_ID='scheduled__2023-04-30T00:00:00+00:00'
[2024-07-25T10:07:47.799+0000] {logging_mixin.py:154} INFO - {'status': 402, 'requests': {'used': 54, 'available': 9946, 'resets': '2024-08-01 00:00:00'}, 'error': "Free accounts are limited to last year's historical data only. Upgrade to premium for access to all holiday data. For more information, please visit https://holidayapi.com/docs"}
[2024-07-25T10:07:47.878+0000] {taskinstance.py:1400} INFO - Marking task as SUCCESS. dag_id=holiday_ingest, task_id=holiday_api_ingestion, execution_date=20230430T000000, start_date=20240725T100745, end_date=20240725T100747
[2024-07-25T10:07:47.949+0000] {local_task_job_runner.py:228} INFO - Task exited with return code 0
[2024-07-25T10:07:47.969+0000] {taskinstance.py:2778} INFO - 0 downstream tasks scheduled from follow-on schedule check
[2024-07-25T14:22:23.937+0000] {taskinstance.py:1159} INFO - Dependencies all met for dep_context=non-requeueable deps ti=<TaskInstance: holiday_ingest.holiday_api_ingestion scheduled__2023-04-30T00:00:00+00:00 [queued]>
[2024-07-25T14:22:24.201+0000] {taskinstance.py:1159} INFO - Dependencies all met for dep_context=requeueable deps ti=<TaskInstance: holiday_ingest.holiday_api_ingestion scheduled__2023-04-30T00:00:00+00:00 [queued]>
[2024-07-25T14:22:24.201+0000] {taskinstance.py:1361} INFO - Starting attempt 1 of 2
[2024-07-25T14:22:24.496+0000] {taskinstance.py:1382} INFO - Executing <Task(HolidayAPIIngestOperator): holiday_api_ingestion> on 2023-04-30 00:00:00+00:00
[2024-07-25T14:22:24.602+0000] {standard_task_runner.py:57} INFO - Started process 3442 to run task
[2024-07-25T14:22:24.666+0000] {standard_task_runner.py:84} INFO - Running: ['***', 'tasks', 'run', 'holiday_ingest', 'holiday_api_ingestion', 'scheduled__2023-04-30T00:00:00+00:00', '--job-id', '373', '--raw', '--subdir', 'DAGS_FOLDER/holiday_ingest/holiday_ingest_dag.py', '--cfg-path', '/tmp/tmpbc8ujlcg']
[2024-07-25T14:22:24.760+0000] {standard_task_runner.py:85} INFO - Job 373: Subtask holiday_api_ingestion
[2024-07-25T14:22:25.825+0000] {task_command.py:416} INFO - Running <TaskInstance: holiday_ingest.holiday_api_ingestion scheduled__2023-04-30T00:00:00+00:00 [running]> on host b7334bec8397
[2024-07-25T14:22:27.393+0000] {taskinstance.py:1662} INFO - Exporting env vars: AIRFLOW_CTX_DAG_OWNER='Ajay' AIRFLOW_CTX_DAG_ID='holiday_ingest' AIRFLOW_CTX_TASK_ID='holiday_api_ingestion' AIRFLOW_CTX_EXECUTION_DATE='2023-04-30T00:00:00+00:00' AIRFLOW_CTX_TRY_NUMBER='1' AIRFLOW_CTX_DAG_RUN_ID='scheduled__2023-04-30T00:00:00+00:00'
[2024-07-25T14:22:31.418+0000] {logging_mixin.py:154} INFO - {'status': 402, 'requests': {'used': 550, 'available': 9450, 'resets': '2024-08-01 00:00:00'}, 'error': "Free accounts are limited to last year's historical data only. Upgrade to premium for access to all holiday data. For more information, please visit https://holidayapi.com/docs"}
[2024-07-25T14:22:31.707+0000] {taskinstance.py:1400} INFO - Marking task as SUCCESS. dag_id=holiday_ingest, task_id=holiday_api_ingestion, execution_date=20230430T000000, start_date=20240725T142223, end_date=20240725T142231
[2024-07-25T14:22:32.457+0000] {local_task_job_runner.py:228} INFO - Task exited with return code 0
[2024-07-25T14:22:32.824+0000] {taskinstance.py:2778} INFO - 0 downstream tasks scheduled from follow-on schedule check
