[2024-07-25T10:07:56.881+0000] {taskinstance.py:1159} INFO - Dependencies all met for dep_context=non-requeueable deps ti=<TaskInstance: holiday_ingest.holiday_api_ingestion scheduled__2023-05-07T00:00:00+00:00 [queued]>
[2024-07-25T10:07:57.053+0000] {taskinstance.py:1159} INFO - Dependencies all met for dep_context=requeueable deps ti=<TaskInstance: holiday_ingest.holiday_api_ingestion scheduled__2023-05-07T00:00:00+00:00 [queued]>
[2024-07-25T10:07:57.057+0000] {taskinstance.py:1361} INFO - Starting attempt 1 of 2
[2024-07-25T10:07:57.356+0000] {taskinstance.py:1382} INFO - Executing <Task(HolidayAPIIngestOperator): holiday_api_ingestion> on 2023-05-07 00:00:00+00:00
[2024-07-25T10:07:57.644+0000] {standard_task_runner.py:57} INFO - Started process 4887 to run task
[2024-07-25T10:07:57.772+0000] {standard_task_runner.py:84} INFO - Running: ['***', 'tasks', 'run', 'holiday_ingest', 'holiday_api_ingestion', 'scheduled__2023-05-07T00:00:00+00:00', '--job-id', '1101', '--raw', '--subdir', 'DAGS_FOLDER/holiday_ingest/holiday_ingest_dag.py', '--cfg-path', '/tmp/tmp6dmgi94n']
[2024-07-25T10:07:57.788+0000] {standard_task_runner.py:85} INFO - Job 1101: Subtask holiday_api_ingestion
[2024-07-25T10:07:58.340+0000] {task_command.py:416} INFO - Running <TaskInstance: holiday_ingest.holiday_api_ingestion scheduled__2023-05-07T00:00:00+00:00 [running]> on host c7799c7b21e5
[2024-07-25T10:07:59.264+0000] {taskinstance.py:1662} INFO - Exporting env vars: AIRFLOW_CTX_DAG_OWNER='Ajay' AIRFLOW_CTX_DAG_ID='holiday_ingest' AIRFLOW_CTX_TASK_ID='holiday_api_ingestion' AIRFLOW_CTX_EXECUTION_DATE='2023-05-07T00:00:00+00:00' AIRFLOW_CTX_TRY_NUMBER='1' AIRFLOW_CTX_DAG_RUN_ID='scheduled__2023-05-07T00:00:00+00:00'
[2024-07-25T10:08:01.193+0000] {logging_mixin.py:154} INFO - {'status': 402, 'requests': {'used': 65, 'available': 9935, 'resets': '2024-08-01 00:00:00'}, 'error': "Free accounts are limited to last year's historical data only. Upgrade to premium for access to all holiday data. For more information, please visit https://holidayapi.com/docs"}
[2024-07-25T10:08:01.475+0000] {taskinstance.py:1400} INFO - Marking task as SUCCESS. dag_id=holiday_ingest, task_id=holiday_api_ingestion, execution_date=20230507T000000, start_date=20240725T100756, end_date=20240725T100801
[2024-07-25T10:08:01.806+0000] {local_task_job_runner.py:228} INFO - Task exited with return code 0
[2024-07-25T10:08:01.911+0000] {taskinstance.py:2778} INFO - 0 downstream tasks scheduled from follow-on schedule check
[2024-07-25T14:22:27.890+0000] {taskinstance.py:1159} INFO - Dependencies all met for dep_context=non-requeueable deps ti=<TaskInstance: holiday_ingest.holiday_api_ingestion scheduled__2023-05-07T00:00:00+00:00 [queued]>
[2024-07-25T14:22:28.185+0000] {taskinstance.py:1159} INFO - Dependencies all met for dep_context=requeueable deps ti=<TaskInstance: holiday_ingest.holiday_api_ingestion scheduled__2023-05-07T00:00:00+00:00 [queued]>
[2024-07-25T14:22:28.187+0000] {taskinstance.py:1361} INFO - Starting attempt 1 of 2
[2024-07-25T14:22:28.652+0000] {taskinstance.py:1382} INFO - Executing <Task(HolidayAPIIngestOperator): holiday_api_ingestion> on 2023-05-07 00:00:00+00:00
[2024-07-25T14:22:28.831+0000] {standard_task_runner.py:57} INFO - Started process 3457 to run task
[2024-07-25T14:22:29.059+0000] {standard_task_runner.py:84} INFO - Running: ['***', 'tasks', 'run', 'holiday_ingest', 'holiday_api_ingestion', 'scheduled__2023-05-07T00:00:00+00:00', '--job-id', '382', '--raw', '--subdir', 'DAGS_FOLDER/holiday_ingest/holiday_ingest_dag.py', '--cfg-path', '/tmp/tmp22i0h2ci']
[2024-07-25T14:22:29.077+0000] {standard_task_runner.py:85} INFO - Job 382: Subtask holiday_api_ingestion
[2024-07-25T14:22:30.015+0000] {task_command.py:416} INFO - Running <TaskInstance: holiday_ingest.holiday_api_ingestion scheduled__2023-05-07T00:00:00+00:00 [running]> on host b7334bec8397
[2024-07-25T14:22:31.912+0000] {taskinstance.py:1662} INFO - Exporting env vars: AIRFLOW_CTX_DAG_OWNER='Ajay' AIRFLOW_CTX_DAG_ID='holiday_ingest' AIRFLOW_CTX_TASK_ID='holiday_api_ingestion' AIRFLOW_CTX_EXECUTION_DATE='2023-05-07T00:00:00+00:00' AIRFLOW_CTX_TRY_NUMBER='1' AIRFLOW_CTX_DAG_RUN_ID='scheduled__2023-05-07T00:00:00+00:00'
[2024-07-25T14:22:33.142+0000] {logging_mixin.py:154} INFO - {'status': 402, 'requests': {'used': 554, 'available': 9446, 'resets': '2024-08-01 00:00:00'}, 'error': "Free accounts are limited to last year's historical data only. Upgrade to premium for access to all holiday data. For more information, please visit https://holidayapi.com/docs"}
[2024-07-25T14:22:33.558+0000] {taskinstance.py:1400} INFO - Marking task as SUCCESS. dag_id=holiday_ingest, task_id=holiday_api_ingestion, execution_date=20230507T000000, start_date=20240725T142227, end_date=20240725T142233
[2024-07-25T14:22:34.089+0000] {local_task_job_runner.py:228} INFO - Task exited with return code 0
[2024-07-25T14:22:34.511+0000] {taskinstance.py:2778} INFO - 0 downstream tasks scheduled from follow-on schedule check
