[2024-07-25T09:16:57.698+0000] {taskinstance.py:1159} INFO - Dependencies all met for dep_context=non-requeueable deps ti=<TaskInstance: simple_ids_ingest.first_task scheduled__2023-03-31T00:00:00+00:00 [queued]>
[2024-07-25T09:16:57.793+0000] {taskinstance.py:1159} INFO - Dependencies all met for dep_context=requeueable deps ti=<TaskInstance: simple_ids_ingest.first_task scheduled__2023-03-31T00:00:00+00:00 [queued]>
[2024-07-25T09:16:57.794+0000] {taskinstance.py:1361} INFO - Starting attempt 1 of 2
[2024-07-25T09:16:57.978+0000] {taskinstance.py:1382} INFO - Executing <Task(BashOperator): first_task> on 2023-03-31 00:00:00+00:00
[2024-07-25T09:16:58.081+0000] {standard_task_runner.py:57} INFO - Started process 495 to run task
[2024-07-25T09:16:58.109+0000] {standard_task_runner.py:84} INFO - Running: ['***', 'tasks', 'run', 'simple_ids_ingest', 'first_task', 'scheduled__2023-03-31T00:00:00+00:00', '--job-id', '13', '--raw', '--subdir', 'DAGS_FOLDER/ids_ingest/ids_ingest_dag.py', '--cfg-path', '/tmp/tmp5mvbvsm5']
[2024-07-25T09:16:58.131+0000] {standard_task_runner.py:85} INFO - Job 13: Subtask first_task
[2024-07-25T09:16:58.632+0000] {task_command.py:416} INFO - Running <TaskInstance: simple_ids_ingest.first_task scheduled__2023-03-31T00:00:00+00:00 [running]> on host c7799c7b21e5
[2024-07-25T09:16:59.428+0000] {taskinstance.py:1662} INFO - Exporting env vars: AIRFLOW_CTX_DAG_OWNER='Ajay' AIRFLOW_CTX_DAG_ID='simple_ids_ingest' AIRFLOW_CTX_TASK_ID='first_task' AIRFLOW_CTX_EXECUTION_DATE='2023-03-31T00:00:00+00:00' AIRFLOW_CTX_TRY_NUMBER='1' AIRFLOW_CTX_DAG_RUN_ID='scheduled__2023-03-31T00:00:00+00:00'
[2024-07-25T09:16:59.432+0000] {subprocess.py:63} INFO - Tmp dir root location: /tmp
[2024-07-25T09:16:59.433+0000] {subprocess.py:75} INFO - Running command: ['/bin/bash', '-c', 'echo $AIRFLOW_HOME']
[2024-07-25T09:16:59.547+0000] {subprocess.py:86} INFO - Output:
[2024-07-25T09:16:59.633+0000] {subprocess.py:93} INFO - /opt/***
[2024-07-25T09:16:59.634+0000] {subprocess.py:97} INFO - Command exited with return code 0
[2024-07-25T09:16:59.844+0000] {taskinstance.py:1400} INFO - Marking task as SUCCESS. dag_id=simple_ids_ingest, task_id=first_task, execution_date=20230331T000000, start_date=20240725T091657, end_date=20240725T091659
[2024-07-25T09:17:00.172+0000] {local_task_job_runner.py:228} INFO - Task exited with return code 0
[2024-07-25T09:17:00.259+0000] {taskinstance.py:2778} INFO - 0 downstream tasks scheduled from follow-on schedule check
[2024-07-25T14:21:16.357+0000] {taskinstance.py:1159} INFO - Dependencies all met for dep_context=non-requeueable deps ti=<TaskInstance: simple_ids_ingest.first_task scheduled__2023-03-31T00:00:00+00:00 [queued]>
[2024-07-25T14:21:16.664+0000] {taskinstance.py:1159} INFO - Dependencies all met for dep_context=requeueable deps ti=<TaskInstance: simple_ids_ingest.first_task scheduled__2023-03-31T00:00:00+00:00 [queued]>
[2024-07-25T14:21:16.700+0000] {taskinstance.py:1361} INFO - Starting attempt 1 of 2
[2024-07-25T14:21:17.540+0000] {taskinstance.py:1382} INFO - Executing <Task(BashOperator): first_task> on 2023-03-31 00:00:00+00:00
[2024-07-25T14:21:17.787+0000] {standard_task_runner.py:57} INFO - Started process 3272 to run task
[2024-07-25T14:21:17.825+0000] {standard_task_runner.py:84} INFO - Running: ['***', 'tasks', 'run', 'simple_ids_ingest', 'first_task', 'scheduled__2023-03-31T00:00:00+00:00', '--job-id', '312', '--raw', '--subdir', 'DAGS_FOLDER/ids_ingest/ids_ingest_dag.py', '--cfg-path', '/tmp/tmp6bviz2by']
[2024-07-25T14:21:17.838+0000] {standard_task_runner.py:85} INFO - Job 312: Subtask first_task
[2024-07-25T14:21:19.421+0000] {task_command.py:416} INFO - Running <TaskInstance: simple_ids_ingest.first_task scheduled__2023-03-31T00:00:00+00:00 [running]> on host b7334bec8397
[2024-07-25T14:21:21.558+0000] {taskinstance.py:1662} INFO - Exporting env vars: AIRFLOW_CTX_DAG_OWNER='Ajay' AIRFLOW_CTX_DAG_ID='simple_ids_ingest' AIRFLOW_CTX_TASK_ID='first_task' AIRFLOW_CTX_EXECUTION_DATE='2023-03-31T00:00:00+00:00' AIRFLOW_CTX_TRY_NUMBER='1' AIRFLOW_CTX_DAG_RUN_ID='scheduled__2023-03-31T00:00:00+00:00'
[2024-07-25T14:21:21.574+0000] {subprocess.py:63} INFO - Tmp dir root location: /tmp
[2024-07-25T14:21:21.612+0000] {subprocess.py:75} INFO - Running command: ['/bin/bash', '-c', 'echo $AIRFLOW_HOME']
[2024-07-25T14:21:22.268+0000] {subprocess.py:86} INFO - Output:
[2024-07-25T14:21:22.332+0000] {subprocess.py:93} INFO - /opt/***
[2024-07-25T14:21:22.334+0000] {subprocess.py:97} INFO - Command exited with return code 0
[2024-07-25T14:21:22.698+0000] {taskinstance.py:1400} INFO - Marking task as SUCCESS. dag_id=simple_ids_ingest, task_id=first_task, execution_date=20230331T000000, start_date=20240725T142116, end_date=20240725T142122
[2024-07-25T14:21:23.248+0000] {local_task_job_runner.py:228} INFO - Task exited with return code 0
[2024-07-25T14:21:23.639+0000] {taskinstance.py:2778} INFO - 1 downstream tasks scheduled from follow-on schedule check
