[2024-07-25T09:22:31.135+0000] {taskinstance.py:1159} INFO - Dependencies all met for dep_context=non-requeueable deps ti=<TaskInstance: simple_ids_ingest.first_task scheduled__2023-04-20T00:00:00+00:00 [queued]>
[2024-07-25T09:22:31.512+0000] {taskinstance.py:1159} INFO - Dependencies all met for dep_context=requeueable deps ti=<TaskInstance: simple_ids_ingest.first_task scheduled__2023-04-20T00:00:00+00:00 [queued]>
[2024-07-25T09:22:31.512+0000] {taskinstance.py:1361} INFO - Starting attempt 1 of 2
[2024-07-25T09:22:31.846+0000] {taskinstance.py:1382} INFO - Executing <Task(BashOperator): first_task> on 2023-04-20 00:00:00+00:00
[2024-07-25T09:22:32.076+0000] {standard_task_runner.py:57} INFO - Started process 818 to run task
[2024-07-25T09:22:32.165+0000] {standard_task_runner.py:84} INFO - Running: ['***', 'tasks', 'run', 'simple_ids_ingest', 'first_task', 'scheduled__2023-04-20T00:00:00+00:00', '--job-id', '65', '--raw', '--subdir', 'DAGS_FOLDER/ids_ingest/ids_ingest_dag.py', '--cfg-path', '/tmp/tmpyz0bl1j5']
[2024-07-25T09:22:32.209+0000] {standard_task_runner.py:85} INFO - Job 65: Subtask first_task
[2024-07-25T09:22:32.615+0000] {task_command.py:416} INFO - Running <TaskInstance: simple_ids_ingest.first_task scheduled__2023-04-20T00:00:00+00:00 [running]> on host c7799c7b21e5
[2024-07-25T09:22:34.225+0000] {taskinstance.py:1662} INFO - Exporting env vars: AIRFLOW_CTX_DAG_OWNER='Ajay' AIRFLOW_CTX_DAG_ID='simple_ids_ingest' AIRFLOW_CTX_TASK_ID='first_task' AIRFLOW_CTX_EXECUTION_DATE='2023-04-20T00:00:00+00:00' AIRFLOW_CTX_TRY_NUMBER='1' AIRFLOW_CTX_DAG_RUN_ID='scheduled__2023-04-20T00:00:00+00:00'
[2024-07-25T09:22:34.238+0000] {subprocess.py:63} INFO - Tmp dir root location: /tmp
[2024-07-25T09:22:34.239+0000] {subprocess.py:75} INFO - Running command: ['/bin/bash', '-c', 'echo $AIRFLOW_HOME']
[2024-07-25T09:22:34.734+0000] {subprocess.py:86} INFO - Output:
[2024-07-25T09:22:34.770+0000] {subprocess.py:93} INFO - /opt/***
[2024-07-25T09:22:34.792+0000] {subprocess.py:97} INFO - Command exited with return code 0
[2024-07-25T09:22:35.137+0000] {taskinstance.py:1400} INFO - Marking task as SUCCESS. dag_id=simple_ids_ingest, task_id=first_task, execution_date=20230420T000000, start_date=20240725T092231, end_date=20240725T092235
[2024-07-25T09:22:36.091+0000] {local_task_job_runner.py:228} INFO - Task exited with return code 0
[2024-07-25T09:22:36.615+0000] {taskinstance.py:2778} INFO - 0 downstream tasks scheduled from follow-on schedule check
[2024-07-25T14:22:24.340+0000] {taskinstance.py:1159} INFO - Dependencies all met for dep_context=non-requeueable deps ti=<TaskInstance: simple_ids_ingest.first_task scheduled__2023-04-20T00:00:00+00:00 [queued]>
[2024-07-25T14:22:24.552+0000] {taskinstance.py:1159} INFO - Dependencies all met for dep_context=requeueable deps ti=<TaskInstance: simple_ids_ingest.first_task scheduled__2023-04-20T00:00:00+00:00 [queued]>
[2024-07-25T14:22:24.553+0000] {taskinstance.py:1361} INFO - Starting attempt 1 of 2
[2024-07-25T14:22:24.886+0000] {taskinstance.py:1382} INFO - Executing <Task(BashOperator): first_task> on 2023-04-20 00:00:00+00:00
[2024-07-25T14:22:25.123+0000] {standard_task_runner.py:84} INFO - Running: ['***', 'tasks', 'run', 'simple_ids_ingest', 'first_task', 'scheduled__2023-04-20T00:00:00+00:00', '--job-id', '375', '--raw', '--subdir', 'DAGS_FOLDER/ids_ingest/ids_ingest_dag.py', '--cfg-path', '/tmp/tmpbinsu9jv']
[2024-07-25T14:22:25.146+0000] {standard_task_runner.py:85} INFO - Job 375: Subtask first_task
[2024-07-25T14:22:25.119+0000] {standard_task_runner.py:57} INFO - Started process 3443 to run task
[2024-07-25T14:22:25.930+0000] {task_command.py:416} INFO - Running <TaskInstance: simple_ids_ingest.first_task scheduled__2023-04-20T00:00:00+00:00 [running]> on host b7334bec8397
[2024-07-25T14:22:27.468+0000] {taskinstance.py:1662} INFO - Exporting env vars: AIRFLOW_CTX_DAG_OWNER='Ajay' AIRFLOW_CTX_DAG_ID='simple_ids_ingest' AIRFLOW_CTX_TASK_ID='first_task' AIRFLOW_CTX_EXECUTION_DATE='2023-04-20T00:00:00+00:00' AIRFLOW_CTX_TRY_NUMBER='1' AIRFLOW_CTX_DAG_RUN_ID='scheduled__2023-04-20T00:00:00+00:00'
[2024-07-25T14:22:27.485+0000] {subprocess.py:63} INFO - Tmp dir root location: /tmp
[2024-07-25T14:22:27.496+0000] {subprocess.py:75} INFO - Running command: ['/bin/bash', '-c', 'echo $AIRFLOW_HOME']
[2024-07-25T14:22:27.824+0000] {subprocess.py:86} INFO - Output:
[2024-07-25T14:22:27.882+0000] {subprocess.py:93} INFO - /opt/***
[2024-07-25T14:22:27.891+0000] {subprocess.py:97} INFO - Command exited with return code 0
[2024-07-25T14:22:28.281+0000] {taskinstance.py:1400} INFO - Marking task as SUCCESS. dag_id=simple_ids_ingest, task_id=first_task, execution_date=20230420T000000, start_date=20240725T142224, end_date=20240725T142228
[2024-07-25T14:22:28.702+0000] {local_task_job_runner.py:228} INFO - Task exited with return code 0
[2024-07-25T14:22:29.069+0000] {taskinstance.py:2778} INFO - 0 downstream tasks scheduled from follow-on schedule check
