[2024-07-25T10:07:46.073+0000] {taskinstance.py:1159} INFO - Dependencies all met for dep_context=non-requeueable deps ti=<TaskInstance: holiday_ingest.holiday_api_ingestion scheduled__2023-04-28T00:00:00+00:00 [queued]>
[2024-07-25T10:07:46.262+0000] {taskinstance.py:1159} INFO - Dependencies all met for dep_context=requeueable deps ti=<TaskInstance: holiday_ingest.holiday_api_ingestion scheduled__2023-04-28T00:00:00+00:00 [queued]>
[2024-07-25T10:07:46.270+0000] {taskinstance.py:1361} INFO - Starting attempt 1 of 2
[2024-07-25T10:07:46.444+0000] {taskinstance.py:1382} INFO - Executing <Task(HolidayAPIIngestOperator): holiday_api_ingestion> on 2023-04-28 00:00:00+00:00
[2024-07-25T10:07:46.484+0000] {standard_task_runner.py:57} INFO - Started process 4856 to run task
[2024-07-25T10:07:46.509+0000] {standard_task_runner.py:84} INFO - Running: ['***', 'tasks', 'run', 'holiday_ingest', 'holiday_api_ingestion', 'scheduled__2023-04-28T00:00:00+00:00', '--job-id', '1094', '--raw', '--subdir', 'DAGS_FOLDER/holiday_ingest/holiday_ingest_dag.py', '--cfg-path', '/tmp/tmpcsh75ufj']
[2024-07-25T10:07:46.515+0000] {standard_task_runner.py:85} INFO - Job 1094: Subtask holiday_api_ingestion
[2024-07-25T10:07:46.759+0000] {task_command.py:416} INFO - Running <TaskInstance: holiday_ingest.holiday_api_ingestion scheduled__2023-04-28T00:00:00+00:00 [running]> on host c7799c7b21e5
[2024-07-25T10:07:47.219+0000] {taskinstance.py:1662} INFO - Exporting env vars: AIRFLOW_CTX_DAG_OWNER='Ajay' AIRFLOW_CTX_DAG_ID='holiday_ingest' AIRFLOW_CTX_TASK_ID='holiday_api_ingestion' AIRFLOW_CTX_EXECUTION_DATE='2023-04-28T00:00:00+00:00' AIRFLOW_CTX_TRY_NUMBER='1' AIRFLOW_CTX_DAG_RUN_ID='scheduled__2023-04-28T00:00:00+00:00'
[2024-07-25T10:07:47.823+0000] {logging_mixin.py:154} INFO - {'status': 402, 'requests': {'used': 55, 'available': 9945, 'resets': '2024-08-01 00:00:00'}, 'error': "Free accounts are limited to last year's historical data only. Upgrade to premium for access to all holiday data. For more information, please visit https://holidayapi.com/docs"}
[2024-07-25T10:07:47.869+0000] {taskinstance.py:1400} INFO - Marking task as SUCCESS. dag_id=holiday_ingest, task_id=holiday_api_ingestion, execution_date=20230428T000000, start_date=20240725T100746, end_date=20240725T100747
[2024-07-25T10:07:47.945+0000] {local_task_job_runner.py:228} INFO - Task exited with return code 0
[2024-07-25T10:07:47.968+0000] {taskinstance.py:2778} INFO - 0 downstream tasks scheduled from follow-on schedule check
[2024-07-25T14:22:11.255+0000] {taskinstance.py:1159} INFO - Dependencies all met for dep_context=non-requeueable deps ti=<TaskInstance: holiday_ingest.holiday_api_ingestion scheduled__2023-04-28T00:00:00+00:00 [queued]>
[2024-07-25T14:22:11.563+0000] {taskinstance.py:1159} INFO - Dependencies all met for dep_context=requeueable deps ti=<TaskInstance: holiday_ingest.holiday_api_ingestion scheduled__2023-04-28T00:00:00+00:00 [queued]>
[2024-07-25T14:22:11.573+0000] {taskinstance.py:1361} INFO - Starting attempt 1 of 2
[2024-07-25T14:22:12.003+0000] {taskinstance.py:1382} INFO - Executing <Task(HolidayAPIIngestOperator): holiday_api_ingestion> on 2023-04-28 00:00:00+00:00
[2024-07-25T14:22:12.177+0000] {standard_task_runner.py:57} INFO - Started process 3408 to run task
[2024-07-25T14:22:12.349+0000] {standard_task_runner.py:84} INFO - Running: ['***', 'tasks', 'run', 'holiday_ingest', 'holiday_api_ingestion', 'scheduled__2023-04-28T00:00:00+00:00', '--job-id', '367', '--raw', '--subdir', 'DAGS_FOLDER/holiday_ingest/holiday_ingest_dag.py', '--cfg-path', '/tmp/tmp75vjmrxv']
[2024-07-25T14:22:12.382+0000] {standard_task_runner.py:85} INFO - Job 367: Subtask holiday_api_ingestion
[2024-07-25T14:22:13.596+0000] {task_command.py:416} INFO - Running <TaskInstance: holiday_ingest.holiday_api_ingestion scheduled__2023-04-28T00:00:00+00:00 [running]> on host b7334bec8397
[2024-07-25T14:22:16.257+0000] {taskinstance.py:1662} INFO - Exporting env vars: AIRFLOW_CTX_DAG_OWNER='Ajay' AIRFLOW_CTX_DAG_ID='holiday_ingest' AIRFLOW_CTX_TASK_ID='holiday_api_ingestion' AIRFLOW_CTX_EXECUTION_DATE='2023-04-28T00:00:00+00:00' AIRFLOW_CTX_TRY_NUMBER='1' AIRFLOW_CTX_DAG_RUN_ID='scheduled__2023-04-28T00:00:00+00:00'
[2024-07-25T14:22:17.513+0000] {logging_mixin.py:154} INFO - {'status': 402, 'requests': {'used': 545, 'available': 9455, 'resets': '2024-08-01 00:00:00'}, 'error': "Free accounts are limited to last year's historical data only. Upgrade to premium for access to all holiday data. For more information, please visit https://holidayapi.com/docs"}
[2024-07-25T14:22:17.892+0000] {taskinstance.py:1400} INFO - Marking task as SUCCESS. dag_id=holiday_ingest, task_id=holiday_api_ingestion, execution_date=20230428T000000, start_date=20240725T142211, end_date=20240725T142217
[2024-07-25T14:22:18.672+0000] {local_task_job_runner.py:228} INFO - Task exited with return code 0
[2024-07-25T14:22:18.788+0000] {taskinstance.py:2778} INFO - 0 downstream tasks scheduled from follow-on schedule check
