[2024-07-25T10:07:59.702+0000] {taskinstance.py:1159} INFO - Dependencies all met for dep_context=non-requeueable deps ti=<TaskInstance: holiday_ingest.holiday_api_ingestion scheduled__2023-05-12T00:00:00+00:00 [queued]>
[2024-07-25T10:07:59.816+0000] {taskinstance.py:1159} INFO - Dependencies all met for dep_context=requeueable deps ti=<TaskInstance: holiday_ingest.holiday_api_ingestion scheduled__2023-05-12T00:00:00+00:00 [queued]>
[2024-07-25T10:07:59.818+0000] {taskinstance.py:1361} INFO - Starting attempt 1 of 2
[2024-07-25T10:07:59.981+0000] {taskinstance.py:1382} INFO - Executing <Task(HolidayAPIIngestOperator): holiday_api_ingestion> on 2023-05-12 00:00:00+00:00
[2024-07-25T10:08:00.029+0000] {standard_task_runner.py:57} INFO - Started process 4894 to run task
[2024-07-25T10:08:00.103+0000] {standard_task_runner.py:84} INFO - Running: ['***', 'tasks', 'run', 'holiday_ingest', 'holiday_api_ingestion', 'scheduled__2023-05-12T00:00:00+00:00', '--job-id', '1106', '--raw', '--subdir', 'DAGS_FOLDER/holiday_ingest/holiday_ingest_dag.py', '--cfg-path', '/tmp/tmpx47e40zk']
[2024-07-25T10:08:00.113+0000] {standard_task_runner.py:85} INFO - Job 1106: Subtask holiday_api_ingestion
[2024-07-25T10:08:00.598+0000] {task_command.py:416} INFO - Running <TaskInstance: holiday_ingest.holiday_api_ingestion scheduled__2023-05-12T00:00:00+00:00 [running]> on host c7799c7b21e5
[2024-07-25T10:08:01.892+0000] {taskinstance.py:1662} INFO - Exporting env vars: AIRFLOW_CTX_DAG_OWNER='Ajay' AIRFLOW_CTX_DAG_ID='holiday_ingest' AIRFLOW_CTX_TASK_ID='holiday_api_ingestion' AIRFLOW_CTX_EXECUTION_DATE='2023-05-12T00:00:00+00:00' AIRFLOW_CTX_TRY_NUMBER='1' AIRFLOW_CTX_DAG_RUN_ID='scheduled__2023-05-12T00:00:00+00:00'
[2024-07-25T10:08:02.597+0000] {logging_mixin.py:154} INFO - {'status': 402, 'requests': {'used': 68, 'available': 9932, 'resets': '2024-08-01 00:00:00'}, 'error': "Free accounts are limited to last year's historical data only. Upgrade to premium for access to all holiday data. For more information, please visit https://holidayapi.com/docs"}
[2024-07-25T10:08:02.869+0000] {taskinstance.py:1400} INFO - Marking task as SUCCESS. dag_id=holiday_ingest, task_id=holiday_api_ingestion, execution_date=20230512T000000, start_date=20240725T100759, end_date=20240725T100802
[2024-07-25T10:08:03.640+0000] {local_task_job_runner.py:228} INFO - Task exited with return code 0
[2024-07-25T10:08:03.876+0000] {taskinstance.py:2778} INFO - 0 downstream tasks scheduled from follow-on schedule check
[2024-07-25T14:22:49.557+0000] {taskinstance.py:1159} INFO - Dependencies all met for dep_context=non-requeueable deps ti=<TaskInstance: holiday_ingest.holiday_api_ingestion scheduled__2023-05-12T00:00:00+00:00 [queued]>
[2024-07-25T14:22:49.693+0000] {taskinstance.py:1159} INFO - Dependencies all met for dep_context=requeueable deps ti=<TaskInstance: holiday_ingest.holiday_api_ingestion scheduled__2023-05-12T00:00:00+00:00 [queued]>
[2024-07-25T14:22:49.709+0000] {taskinstance.py:1361} INFO - Starting attempt 1 of 2
[2024-07-25T14:22:49.857+0000] {taskinstance.py:1382} INFO - Executing <Task(HolidayAPIIngestOperator): holiday_api_ingestion> on 2023-05-12 00:00:00+00:00
[2024-07-25T14:22:49.933+0000] {standard_task_runner.py:57} INFO - Started process 3509 to run task
[2024-07-25T14:22:49.961+0000] {standard_task_runner.py:84} INFO - Running: ['***', 'tasks', 'run', 'holiday_ingest', 'holiday_api_ingestion', 'scheduled__2023-05-12T00:00:00+00:00', '--job-id', '405', '--raw', '--subdir', 'DAGS_FOLDER/holiday_ingest/holiday_ingest_dag.py', '--cfg-path', '/tmp/tmp32rcoshk']
[2024-07-25T14:22:49.990+0000] {standard_task_runner.py:85} INFO - Job 405: Subtask holiday_api_ingestion
[2024-07-25T14:22:50.497+0000] {task_command.py:416} INFO - Running <TaskInstance: holiday_ingest.holiday_api_ingestion scheduled__2023-05-12T00:00:00+00:00 [running]> on host b7334bec8397
[2024-07-25T14:22:51.300+0000] {taskinstance.py:1662} INFO - Exporting env vars: AIRFLOW_CTX_DAG_OWNER='Ajay' AIRFLOW_CTX_DAG_ID='holiday_ingest' AIRFLOW_CTX_TASK_ID='holiday_api_ingestion' AIRFLOW_CTX_EXECUTION_DATE='2023-05-12T00:00:00+00:00' AIRFLOW_CTX_TRY_NUMBER='1' AIRFLOW_CTX_DAG_RUN_ID='scheduled__2023-05-12T00:00:00+00:00'
[2024-07-25T14:22:53.170+0000] {logging_mixin.py:154} INFO - {'status': 402, 'requests': {'used': 560, 'available': 9440, 'resets': '2024-08-01 00:00:00'}, 'error': "Free accounts are limited to last year's historical data only. Upgrade to premium for access to all holiday data. For more information, please visit https://holidayapi.com/docs"}
[2024-07-25T14:22:53.219+0000] {taskinstance.py:1400} INFO - Marking task as SUCCESS. dag_id=holiday_ingest, task_id=holiday_api_ingestion, execution_date=20230512T000000, start_date=20240725T142249, end_date=20240725T142253
[2024-07-25T14:22:53.290+0000] {local_task_job_runner.py:228} INFO - Task exited with return code 0
[2024-07-25T14:22:53.333+0000] {taskinstance.py:2778} INFO - 0 downstream tasks scheduled from follow-on schedule check
