[2024-07-25T10:07:21.702+0000] {taskinstance.py:1159} INFO - Dependencies all met for dep_context=non-requeueable deps ti=<TaskInstance: holiday_ingest.holiday_api_ingestion scheduled__2023-04-07T00:00:00+00:00 [queued]>
[2024-07-25T10:07:21.711+0000] {taskinstance.py:1159} INFO - Dependencies all met for dep_context=requeueable deps ti=<TaskInstance: holiday_ingest.holiday_api_ingestion scheduled__2023-04-07T00:00:00+00:00 [queued]>
[2024-07-25T10:07:21.711+0000] {taskinstance.py:1361} INFO - Starting attempt 1 of 2
[2024-07-25T10:07:21.738+0000] {taskinstance.py:1382} INFO - Executing <Task(HolidayAPIIngestOperator): holiday_api_ingestion> on 2023-04-07 00:00:00+00:00
[2024-07-25T10:07:21.749+0000] {standard_task_runner.py:57} INFO - Started process 4798 to run task
[2024-07-25T10:07:21.752+0000] {standard_task_runner.py:84} INFO - Running: ['***', 'tasks', 'run', 'holiday_ingest', 'holiday_api_ingestion', 'scheduled__2023-04-07T00:00:00+00:00', '--job-id', '1071', '--raw', '--subdir', 'DAGS_FOLDER/holiday_ingest/holiday_ingest_dag.py', '--cfg-path', '/tmp/tmpnvhu012e']
[2024-07-25T10:07:21.753+0000] {standard_task_runner.py:85} INFO - Job 1071: Subtask holiday_api_ingestion
[2024-07-25T10:07:21.821+0000] {task_command.py:416} INFO - Running <TaskInstance: holiday_ingest.holiday_api_ingestion scheduled__2023-04-07T00:00:00+00:00 [running]> on host c7799c7b21e5
[2024-07-25T10:07:22.097+0000] {taskinstance.py:1662} INFO - Exporting env vars: AIRFLOW_CTX_DAG_OWNER='Ajay' AIRFLOW_CTX_DAG_ID='holiday_ingest' AIRFLOW_CTX_TASK_ID='holiday_api_ingestion' AIRFLOW_CTX_EXECUTION_DATE='2023-04-07T00:00:00+00:00' AIRFLOW_CTX_TRY_NUMBER='1' AIRFLOW_CTX_DAG_RUN_ID='scheduled__2023-04-07T00:00:00+00:00'
[2024-07-25T10:07:23.770+0000] {logging_mixin.py:154} INFO - {'status': 402, 'requests': {'used': 34, 'available': 9966, 'resets': '2024-08-01 00:00:00'}, 'error': "Free accounts are limited to last year's historical data only. Upgrade to premium for access to all holiday data. For more information, please visit https://holidayapi.com/docs"}
[2024-07-25T10:07:23.833+0000] {taskinstance.py:1400} INFO - Marking task as SUCCESS. dag_id=holiday_ingest, task_id=holiday_api_ingestion, execution_date=20230407T000000, start_date=20240725T100721, end_date=20240725T100723
[2024-07-25T10:07:23.932+0000] {local_task_job_runner.py:228} INFO - Task exited with return code 0
[2024-07-25T10:07:23.972+0000] {taskinstance.py:2778} INFO - 0 downstream tasks scheduled from follow-on schedule check
[2024-07-25T14:21:17.969+0000] {taskinstance.py:1159} INFO - Dependencies all met for dep_context=non-requeueable deps ti=<TaskInstance: holiday_ingest.holiday_api_ingestion scheduled__2023-04-07T00:00:00+00:00 [queued]>
[2024-07-25T14:21:18.345+0000] {taskinstance.py:1159} INFO - Dependencies all met for dep_context=requeueable deps ti=<TaskInstance: holiday_ingest.holiday_api_ingestion scheduled__2023-04-07T00:00:00+00:00 [queued]>
[2024-07-25T14:21:18.362+0000] {taskinstance.py:1361} INFO - Starting attempt 1 of 2
[2024-07-25T14:21:19.180+0000] {taskinstance.py:1382} INFO - Executing <Task(HolidayAPIIngestOperator): holiday_api_ingestion> on 2023-04-07 00:00:00+00:00
[2024-07-25T14:21:19.326+0000] {standard_task_runner.py:84} INFO - Running: ['***', 'tasks', 'run', 'holiday_ingest', 'holiday_api_ingestion', 'scheduled__2023-04-07T00:00:00+00:00', '--job-id', '314', '--raw', '--subdir', 'DAGS_FOLDER/holiday_ingest/holiday_ingest_dag.py', '--cfg-path', '/tmp/tmp_52s_qgv']
[2024-07-25T14:21:19.262+0000] {standard_task_runner.py:57} INFO - Started process 3273 to run task
[2024-07-25T14:21:19.375+0000] {standard_task_runner.py:85} INFO - Job 314: Subtask holiday_api_ingestion
[2024-07-25T14:21:20.312+0000] {task_command.py:416} INFO - Running <TaskInstance: holiday_ingest.holiday_api_ingestion scheduled__2023-04-07T00:00:00+00:00 [running]> on host b7334bec8397
[2024-07-25T14:21:22.502+0000] {taskinstance.py:1662} INFO - Exporting env vars: AIRFLOW_CTX_DAG_OWNER='Ajay' AIRFLOW_CTX_DAG_ID='holiday_ingest' AIRFLOW_CTX_TASK_ID='holiday_api_ingestion' AIRFLOW_CTX_EXECUTION_DATE='2023-04-07T00:00:00+00:00' AIRFLOW_CTX_TRY_NUMBER='1' AIRFLOW_CTX_DAG_RUN_ID='scheduled__2023-04-07T00:00:00+00:00'
[2024-07-25T14:21:24.821+0000] {logging_mixin.py:154} INFO - {'status': 402, 'requests': {'used': 525, 'available': 9475, 'resets': '2024-08-01 00:00:00'}, 'error': "Free accounts are limited to last year's historical data only. Upgrade to premium for access to all holiday data. For more information, please visit https://holidayapi.com/docs"}
[2024-07-25T14:21:25.303+0000] {taskinstance.py:1400} INFO - Marking task as SUCCESS. dag_id=holiday_ingest, task_id=holiday_api_ingestion, execution_date=20230407T000000, start_date=20240725T142117, end_date=20240725T142125
[2024-07-25T14:21:25.768+0000] {local_task_job_runner.py:228} INFO - Task exited with return code 0
[2024-07-25T14:21:25.872+0000] {taskinstance.py:2778} INFO - 0 downstream tasks scheduled from follow-on schedule check
