[2024-07-25T10:07:44.681+0000] {taskinstance.py:1159} INFO - Dependencies all met for dep_context=non-requeueable deps ti=<TaskInstance: holiday_ingest.holiday_api_ingestion scheduled__2023-04-26T00:00:00+00:00 [queued]>
[2024-07-25T10:07:44.759+0000] {taskinstance.py:1159} INFO - Dependencies all met for dep_context=requeueable deps ti=<TaskInstance: holiday_ingest.holiday_api_ingestion scheduled__2023-04-26T00:00:00+00:00 [queued]>
[2024-07-25T10:07:44.769+0000] {taskinstance.py:1361} INFO - Starting attempt 1 of 2
[2024-07-25T10:07:44.867+0000] {taskinstance.py:1382} INFO - Executing <Task(HolidayAPIIngestOperator): holiday_api_ingestion> on 2023-04-26 00:00:00+00:00
[2024-07-25T10:07:44.895+0000] {standard_task_runner.py:57} INFO - Started process 4853 to run task
[2024-07-25T10:07:44.944+0000] {standard_task_runner.py:84} INFO - Running: ['***', 'tasks', 'run', 'holiday_ingest', 'holiday_api_ingestion', 'scheduled__2023-04-26T00:00:00+00:00', '--job-id', '1090', '--raw', '--subdir', 'DAGS_FOLDER/holiday_ingest/holiday_ingest_dag.py', '--cfg-path', '/tmp/tmp1nuhz4np']
[2024-07-25T10:07:44.960+0000] {standard_task_runner.py:85} INFO - Job 1090: Subtask holiday_api_ingestion
[2024-07-25T10:07:45.273+0000] {task_command.py:416} INFO - Running <TaskInstance: holiday_ingest.holiday_api_ingestion scheduled__2023-04-26T00:00:00+00:00 [running]> on host c7799c7b21e5
[2024-07-25T10:07:46.065+0000] {taskinstance.py:1662} INFO - Exporting env vars: AIRFLOW_CTX_DAG_OWNER='Ajay' AIRFLOW_CTX_DAG_ID='holiday_ingest' AIRFLOW_CTX_TASK_ID='holiday_api_ingestion' AIRFLOW_CTX_EXECUTION_DATE='2023-04-26T00:00:00+00:00' AIRFLOW_CTX_TRY_NUMBER='1' AIRFLOW_CTX_DAG_RUN_ID='scheduled__2023-04-26T00:00:00+00:00'
[2024-07-25T10:07:47.974+0000] {logging_mixin.py:154} INFO - {'status': 402, 'requests': {'used': 56, 'available': 9944, 'resets': '2024-08-01 00:00:00'}, 'error': "Free accounts are limited to last year's historical data only. Upgrade to premium for access to all holiday data. For more information, please visit https://holidayapi.com/docs"}
[2024-07-25T10:07:48.025+0000] {taskinstance.py:1400} INFO - Marking task as SUCCESS. dag_id=holiday_ingest, task_id=holiday_api_ingestion, execution_date=20230426T000000, start_date=20240725T100744, end_date=20240725T100748
[2024-07-25T10:07:48.085+0000] {local_task_job_runner.py:228} INFO - Task exited with return code 0
[2024-07-25T10:07:48.126+0000] {taskinstance.py:2778} INFO - 0 downstream tasks scheduled from follow-on schedule check
[2024-07-25T14:22:09.349+0000] {taskinstance.py:1159} INFO - Dependencies all met for dep_context=non-requeueable deps ti=<TaskInstance: holiday_ingest.holiday_api_ingestion scheduled__2023-04-26T00:00:00+00:00 [queued]>
[2024-07-25T14:22:09.688+0000] {taskinstance.py:1159} INFO - Dependencies all met for dep_context=requeueable deps ti=<TaskInstance: holiday_ingest.holiday_api_ingestion scheduled__2023-04-26T00:00:00+00:00 [queued]>
[2024-07-25T14:22:09.716+0000] {taskinstance.py:1361} INFO - Starting attempt 1 of 2
[2024-07-25T14:22:10.121+0000] {taskinstance.py:1382} INFO - Executing <Task(HolidayAPIIngestOperator): holiday_api_ingestion> on 2023-04-26 00:00:00+00:00
[2024-07-25T14:22:10.396+0000] {standard_task_runner.py:57} INFO - Started process 3399 to run task
[2024-07-25T14:22:10.451+0000] {standard_task_runner.py:84} INFO - Running: ['***', 'tasks', 'run', 'holiday_ingest', 'holiday_api_ingestion', 'scheduled__2023-04-26T00:00:00+00:00', '--job-id', '361', '--raw', '--subdir', 'DAGS_FOLDER/holiday_ingest/holiday_ingest_dag.py', '--cfg-path', '/tmp/tmp233ma7oa']
[2024-07-25T14:22:10.594+0000] {standard_task_runner.py:85} INFO - Job 361: Subtask holiday_api_ingestion
[2024-07-25T14:22:11.341+0000] {task_command.py:416} INFO - Running <TaskInstance: holiday_ingest.holiday_api_ingestion scheduled__2023-04-26T00:00:00+00:00 [running]> on host b7334bec8397
[2024-07-25T14:22:12.952+0000] {taskinstance.py:1662} INFO - Exporting env vars: AIRFLOW_CTX_DAG_OWNER='Ajay' AIRFLOW_CTX_DAG_ID='holiday_ingest' AIRFLOW_CTX_TASK_ID='holiday_api_ingestion' AIRFLOW_CTX_EXECUTION_DATE='2023-04-26T00:00:00+00:00' AIRFLOW_CTX_TRY_NUMBER='1' AIRFLOW_CTX_DAG_RUN_ID='scheduled__2023-04-26T00:00:00+00:00'
[2024-07-25T14:22:14.026+0000] {logging_mixin.py:154} INFO - {'status': 402, 'requests': {'used': 544, 'available': 9456, 'resets': '2024-08-01 00:00:00'}, 'error': "Free accounts are limited to last year's historical data only. Upgrade to premium for access to all holiday data. For more information, please visit https://holidayapi.com/docs"}
[2024-07-25T14:22:14.290+0000] {taskinstance.py:1400} INFO - Marking task as SUCCESS. dag_id=holiday_ingest, task_id=holiday_api_ingestion, execution_date=20230426T000000, start_date=20240725T142209, end_date=20240725T142214
[2024-07-25T14:22:15.581+0000] {local_task_job_runner.py:228} INFO - Task exited with return code 0
[2024-07-25T14:22:16.528+0000] {taskinstance.py:2778} INFO - 0 downstream tasks scheduled from follow-on schedule check
