[2024-07-25T09:16:47.272+0000] {taskinstance.py:1159} INFO - Dependencies all met for dep_context=non-requeueable deps ti=<TaskInstance: simple_ids_ingest.first_task scheduled__2023-03-22T00:00:00+00:00 [queued]>
[2024-07-25T09:16:47.453+0000] {taskinstance.py:1159} INFO - Dependencies all met for dep_context=requeueable deps ti=<TaskInstance: simple_ids_ingest.first_task scheduled__2023-03-22T00:00:00+00:00 [queued]>
[2024-07-25T09:16:47.462+0000] {taskinstance.py:1361} INFO - Starting attempt 1 of 2
[2024-07-25T09:16:47.842+0000] {taskinstance.py:1382} INFO - Executing <Task(BashOperator): first_task> on 2023-03-22 00:00:00+00:00
[2024-07-25T09:16:48.039+0000] {standard_task_runner.py:57} INFO - Started process 459 to run task
[2024-07-25T09:16:48.177+0000] {standard_task_runner.py:84} INFO - Running: ['***', 'tasks', 'run', 'simple_ids_ingest', 'first_task', 'scheduled__2023-03-22T00:00:00+00:00', '--job-id', '4', '--raw', '--subdir', 'DAGS_FOLDER/ids_ingest/ids_ingest_dag.py', '--cfg-path', '/tmp/tmp9koohz59']
[2024-07-25T09:16:48.230+0000] {standard_task_runner.py:85} INFO - Job 4: Subtask first_task
[2024-07-25T09:16:49.540+0000] {task_command.py:416} INFO - Running <TaskInstance: simple_ids_ingest.first_task scheduled__2023-03-22T00:00:00+00:00 [running]> on host c7799c7b21e5
[2024-07-25T09:16:51.524+0000] {taskinstance.py:1662} INFO - Exporting env vars: AIRFLOW_CTX_DAG_OWNER='Ajay' AIRFLOW_CTX_DAG_ID='simple_ids_ingest' AIRFLOW_CTX_TASK_ID='first_task' AIRFLOW_CTX_EXECUTION_DATE='2023-03-22T00:00:00+00:00' AIRFLOW_CTX_TRY_NUMBER='1' AIRFLOW_CTX_DAG_RUN_ID='scheduled__2023-03-22T00:00:00+00:00'
[2024-07-25T09:16:51.557+0000] {subprocess.py:63} INFO - Tmp dir root location: /tmp
[2024-07-25T09:16:51.592+0000] {subprocess.py:75} INFO - Running command: ['/bin/bash', '-c', 'echo $AIRFLOW_HOME']
[2024-07-25T09:16:52.359+0000] {subprocess.py:86} INFO - Output:
[2024-07-25T09:16:52.497+0000] {subprocess.py:93} INFO - /opt/***
[2024-07-25T09:16:52.498+0000] {subprocess.py:97} INFO - Command exited with return code 0
[2024-07-25T09:16:52.928+0000] {taskinstance.py:1400} INFO - Marking task as SUCCESS. dag_id=simple_ids_ingest, task_id=first_task, execution_date=20230322T000000, start_date=20240725T091647, end_date=20240725T091652
[2024-07-25T09:16:53.641+0000] {local_task_job_runner.py:228} INFO - Task exited with return code 0
[2024-07-25T09:16:53.894+0000] {taskinstance.py:2778} INFO - 1 downstream tasks scheduled from follow-on schedule check
[2024-07-25T14:21:03.366+0000] {taskinstance.py:1159} INFO - Dependencies all met for dep_context=non-requeueable deps ti=<TaskInstance: simple_ids_ingest.first_task scheduled__2023-03-22T00:00:00+00:00 [queued]>
[2024-07-25T14:21:03.454+0000] {taskinstance.py:1159} INFO - Dependencies all met for dep_context=requeueable deps ti=<TaskInstance: simple_ids_ingest.first_task scheduled__2023-03-22T00:00:00+00:00 [queued]>
[2024-07-25T14:21:03.457+0000] {taskinstance.py:1361} INFO - Starting attempt 1 of 2
[2024-07-25T14:21:03.964+0000] {taskinstance.py:1382} INFO - Executing <Task(BashOperator): first_task> on 2023-03-22 00:00:00+00:00
[2024-07-25T14:21:04.069+0000] {standard_task_runner.py:57} INFO - Started process 3227 to run task
[2024-07-25T14:21:04.189+0000] {standard_task_runner.py:84} INFO - Running: ['***', 'tasks', 'run', 'simple_ids_ingest', 'first_task', 'scheduled__2023-03-22T00:00:00+00:00', '--job-id', '301', '--raw', '--subdir', 'DAGS_FOLDER/ids_ingest/ids_ingest_dag.py', '--cfg-path', '/tmp/tmpirmvlx20']
[2024-07-25T14:21:04.276+0000] {standard_task_runner.py:85} INFO - Job 301: Subtask first_task
[2024-07-25T14:21:05.217+0000] {task_command.py:416} INFO - Running <TaskInstance: simple_ids_ingest.first_task scheduled__2023-03-22T00:00:00+00:00 [running]> on host b7334bec8397
[2024-07-25T14:21:07.192+0000] {taskinstance.py:1662} INFO - Exporting env vars: AIRFLOW_CTX_DAG_OWNER='Ajay' AIRFLOW_CTX_DAG_ID='simple_ids_ingest' AIRFLOW_CTX_TASK_ID='first_task' AIRFLOW_CTX_EXECUTION_DATE='2023-03-22T00:00:00+00:00' AIRFLOW_CTX_TRY_NUMBER='1' AIRFLOW_CTX_DAG_RUN_ID='scheduled__2023-03-22T00:00:00+00:00'
[2024-07-25T14:21:07.204+0000] {subprocess.py:63} INFO - Tmp dir root location: /tmp
[2024-07-25T14:21:07.205+0000] {subprocess.py:75} INFO - Running command: ['/bin/bash', '-c', 'echo $AIRFLOW_HOME']
[2024-07-25T14:21:07.695+0000] {subprocess.py:86} INFO - Output:
[2024-07-25T14:21:07.760+0000] {subprocess.py:93} INFO - /opt/***
[2024-07-25T14:21:07.761+0000] {subprocess.py:97} INFO - Command exited with return code 0
[2024-07-25T14:21:07.903+0000] {taskinstance.py:1400} INFO - Marking task as SUCCESS. dag_id=simple_ids_ingest, task_id=first_task, execution_date=20230322T000000, start_date=20240725T142103, end_date=20240725T142107
[2024-07-25T14:21:08.220+0000] {local_task_job_runner.py:228} INFO - Task exited with return code 0
[2024-07-25T14:21:08.434+0000] {taskinstance.py:2778} INFO - 1 downstream tasks scheduled from follow-on schedule check
