[2024-07-25T09:22:29.125+0000] {taskinstance.py:1159} INFO - Dependencies all met for dep_context=non-requeueable deps ti=<TaskInstance: simple_ids_ingest.first_task scheduled__2023-04-16T00:00:00+00:00 [queued]>
[2024-07-25T09:22:29.328+0000] {taskinstance.py:1159} INFO - Dependencies all met for dep_context=requeueable deps ti=<TaskInstance: simple_ids_ingest.first_task scheduled__2023-04-16T00:00:00+00:00 [queued]>
[2024-07-25T09:22:29.360+0000] {taskinstance.py:1361} INFO - Starting attempt 1 of 2
[2024-07-25T09:22:29.648+0000] {taskinstance.py:1382} INFO - Executing <Task(BashOperator): first_task> on 2023-04-16 00:00:00+00:00
[2024-07-25T09:22:29.747+0000] {standard_task_runner.py:57} INFO - Started process 803 to run task
[2024-07-25T09:22:29.842+0000] {standard_task_runner.py:84} INFO - Running: ['***', 'tasks', 'run', 'simple_ids_ingest', 'first_task', 'scheduled__2023-04-16T00:00:00+00:00', '--job-id', '60', '--raw', '--subdir', 'DAGS_FOLDER/ids_ingest/ids_ingest_dag.py', '--cfg-path', '/tmp/tmpprdcic2s']
[2024-07-25T09:22:29.904+0000] {standard_task_runner.py:85} INFO - Job 60: Subtask first_task
[2024-07-25T09:22:30.377+0000] {task_command.py:416} INFO - Running <TaskInstance: simple_ids_ingest.first_task scheduled__2023-04-16T00:00:00+00:00 [running]> on host c7799c7b21e5
[2024-07-25T09:22:31.516+0000] {taskinstance.py:1662} INFO - Exporting env vars: AIRFLOW_CTX_DAG_OWNER='Ajay' AIRFLOW_CTX_DAG_ID='simple_ids_ingest' AIRFLOW_CTX_TASK_ID='first_task' AIRFLOW_CTX_EXECUTION_DATE='2023-04-16T00:00:00+00:00' AIRFLOW_CTX_TRY_NUMBER='1' AIRFLOW_CTX_DAG_RUN_ID='scheduled__2023-04-16T00:00:00+00:00'
[2024-07-25T09:22:31.524+0000] {subprocess.py:63} INFO - Tmp dir root location: /tmp
[2024-07-25T09:22:31.556+0000] {subprocess.py:75} INFO - Running command: ['/bin/bash', '-c', 'echo $AIRFLOW_HOME']
[2024-07-25T09:22:32.078+0000] {subprocess.py:86} INFO - Output:
[2024-07-25T09:22:32.111+0000] {subprocess.py:93} INFO - /opt/***
[2024-07-25T09:22:32.146+0000] {subprocess.py:97} INFO - Command exited with return code 0
[2024-07-25T09:22:32.247+0000] {taskinstance.py:1400} INFO - Marking task as SUCCESS. dag_id=simple_ids_ingest, task_id=first_task, execution_date=20230416T000000, start_date=20240725T092229, end_date=20240725T092232
[2024-07-25T09:22:32.489+0000] {local_task_job_runner.py:228} INFO - Task exited with return code 0
[2024-07-25T09:22:32.892+0000] {taskinstance.py:2778} INFO - 1 downstream tasks scheduled from follow-on schedule check
[2024-07-25T14:22:11.377+0000] {taskinstance.py:1159} INFO - Dependencies all met for dep_context=non-requeueable deps ti=<TaskInstance: simple_ids_ingest.first_task scheduled__2023-04-16T00:00:00+00:00 [queued]>
[2024-07-25T14:22:11.565+0000] {taskinstance.py:1159} INFO - Dependencies all met for dep_context=requeueable deps ti=<TaskInstance: simple_ids_ingest.first_task scheduled__2023-04-16T00:00:00+00:00 [queued]>
[2024-07-25T14:22:11.566+0000] {taskinstance.py:1361} INFO - Starting attempt 1 of 2
[2024-07-25T14:22:11.966+0000] {taskinstance.py:1382} INFO - Executing <Task(BashOperator): first_task> on 2023-04-16 00:00:00+00:00
[2024-07-25T14:22:12.198+0000] {standard_task_runner.py:84} INFO - Running: ['***', 'tasks', 'run', 'simple_ids_ingest', 'first_task', 'scheduled__2023-04-16T00:00:00+00:00', '--job-id', '366', '--raw', '--subdir', 'DAGS_FOLDER/ids_ingest/ids_ingest_dag.py', '--cfg-path', '/tmp/tmptepy6ihp']
[2024-07-25T14:22:12.112+0000] {standard_task_runner.py:57} INFO - Started process 3406 to run task
[2024-07-25T14:22:12.338+0000] {standard_task_runner.py:85} INFO - Job 366: Subtask first_task
[2024-07-25T14:22:13.228+0000] {task_command.py:416} INFO - Running <TaskInstance: simple_ids_ingest.first_task scheduled__2023-04-16T00:00:00+00:00 [running]> on host b7334bec8397
[2024-07-25T14:22:15.931+0000] {taskinstance.py:1662} INFO - Exporting env vars: AIRFLOW_CTX_DAG_OWNER='Ajay' AIRFLOW_CTX_DAG_ID='simple_ids_ingest' AIRFLOW_CTX_TASK_ID='first_task' AIRFLOW_CTX_EXECUTION_DATE='2023-04-16T00:00:00+00:00' AIRFLOW_CTX_TRY_NUMBER='1' AIRFLOW_CTX_DAG_RUN_ID='scheduled__2023-04-16T00:00:00+00:00'
[2024-07-25T14:22:15.945+0000] {subprocess.py:63} INFO - Tmp dir root location: /tmp
[2024-07-25T14:22:15.967+0000] {subprocess.py:75} INFO - Running command: ['/bin/bash', '-c', 'echo $AIRFLOW_HOME']
[2024-07-25T14:22:16.298+0000] {subprocess.py:86} INFO - Output:
[2024-07-25T14:22:16.356+0000] {subprocess.py:93} INFO - /opt/***
[2024-07-25T14:22:16.374+0000] {subprocess.py:97} INFO - Command exited with return code 0
[2024-07-25T14:22:16.788+0000] {taskinstance.py:1400} INFO - Marking task as SUCCESS. dag_id=simple_ids_ingest, task_id=first_task, execution_date=20230416T000000, start_date=20240725T142211, end_date=20240725T142216
[2024-07-25T14:22:17.630+0000] {local_task_job_runner.py:228} INFO - Task exited with return code 0
[2024-07-25T14:22:18.209+0000] {taskinstance.py:2778} INFO - 0 downstream tasks scheduled from follow-on schedule check
