[2024-07-25T09:22:29.387+0000] {taskinstance.py:1159} INFO - Dependencies all met for dep_context=non-requeueable deps ti=<TaskInstance: simple_ids_ingest.first_task scheduled__2023-04-14T00:00:00+00:00 [queued]>
[2024-07-25T09:22:29.546+0000] {taskinstance.py:1159} INFO - Dependencies all met for dep_context=requeueable deps ti=<TaskInstance: simple_ids_ingest.first_task scheduled__2023-04-14T00:00:00+00:00 [queued]>
[2024-07-25T09:22:29.546+0000] {taskinstance.py:1361} INFO - Starting attempt 1 of 2
[2024-07-25T09:22:29.884+0000] {taskinstance.py:1382} INFO - Executing <Task(BashOperator): first_task> on 2023-04-14 00:00:00+00:00
[2024-07-25T09:22:30.000+0000] {standard_task_runner.py:57} INFO - Started process 805 to run task
[2024-07-25T09:22:30.074+0000] {standard_task_runner.py:84} INFO - Running: ['***', 'tasks', 'run', 'simple_ids_ingest', 'first_task', 'scheduled__2023-04-14T00:00:00+00:00', '--job-id', '61', '--raw', '--subdir', 'DAGS_FOLDER/ids_ingest/ids_ingest_dag.py', '--cfg-path', '/tmp/tmpq_0fu9yu']
[2024-07-25T09:22:30.096+0000] {standard_task_runner.py:85} INFO - Job 61: Subtask first_task
[2024-07-25T09:22:30.776+0000] {task_command.py:416} INFO - Running <TaskInstance: simple_ids_ingest.first_task scheduled__2023-04-14T00:00:00+00:00 [running]> on host c7799c7b21e5
[2024-07-25T09:22:32.392+0000] {taskinstance.py:1662} INFO - Exporting env vars: AIRFLOW_CTX_DAG_OWNER='Ajay' AIRFLOW_CTX_DAG_ID='simple_ids_ingest' AIRFLOW_CTX_TASK_ID='first_task' AIRFLOW_CTX_EXECUTION_DATE='2023-04-14T00:00:00+00:00' AIRFLOW_CTX_TRY_NUMBER='1' AIRFLOW_CTX_DAG_RUN_ID='scheduled__2023-04-14T00:00:00+00:00'
[2024-07-25T09:22:32.405+0000] {subprocess.py:63} INFO - Tmp dir root location: /tmp
[2024-07-25T09:22:32.405+0000] {subprocess.py:75} INFO - Running command: ['/bin/bash', '-c', 'echo $AIRFLOW_HOME']
[2024-07-25T09:22:32.840+0000] {subprocess.py:86} INFO - Output:
[2024-07-25T09:22:32.969+0000] {subprocess.py:93} INFO - /opt/***
[2024-07-25T09:22:32.970+0000] {subprocess.py:97} INFO - Command exited with return code 0
[2024-07-25T09:22:33.379+0000] {taskinstance.py:1400} INFO - Marking task as SUCCESS. dag_id=simple_ids_ingest, task_id=first_task, execution_date=20230414T000000, start_date=20240725T092229, end_date=20240725T092233
[2024-07-25T09:22:33.607+0000] {local_task_job_runner.py:228} INFO - Task exited with return code 0
[2024-07-25T09:22:33.790+0000] {taskinstance.py:2778} INFO - 0 downstream tasks scheduled from follow-on schedule check
[2024-07-25T14:22:10.734+0000] {taskinstance.py:1159} INFO - Dependencies all met for dep_context=non-requeueable deps ti=<TaskInstance: simple_ids_ingest.first_task scheduled__2023-04-14T00:00:00+00:00 [queued]>
[2024-07-25T14:22:10.885+0000] {taskinstance.py:1159} INFO - Dependencies all met for dep_context=requeueable deps ti=<TaskInstance: simple_ids_ingest.first_task scheduled__2023-04-14T00:00:00+00:00 [queued]>
[2024-07-25T14:22:10.899+0000] {taskinstance.py:1361} INFO - Starting attempt 1 of 2
[2024-07-25T14:22:11.142+0000] {taskinstance.py:1382} INFO - Executing <Task(BashOperator): first_task> on 2023-04-14 00:00:00+00:00
[2024-07-25T14:22:11.301+0000] {standard_task_runner.py:57} INFO - Started process 3403 to run task
[2024-07-25T14:22:11.403+0000] {standard_task_runner.py:84} INFO - Running: ['***', 'tasks', 'run', 'simple_ids_ingest', 'first_task', 'scheduled__2023-04-14T00:00:00+00:00', '--job-id', '363', '--raw', '--subdir', 'DAGS_FOLDER/ids_ingest/ids_ingest_dag.py', '--cfg-path', '/tmp/tmpz6r56dao']
[2024-07-25T14:22:11.432+0000] {standard_task_runner.py:85} INFO - Job 363: Subtask first_task
[2024-07-25T14:22:11.993+0000] {task_command.py:416} INFO - Running <TaskInstance: simple_ids_ingest.first_task scheduled__2023-04-14T00:00:00+00:00 [running]> on host b7334bec8397
[2024-07-25T14:22:13.914+0000] {taskinstance.py:1662} INFO - Exporting env vars: AIRFLOW_CTX_DAG_OWNER='Ajay' AIRFLOW_CTX_DAG_ID='simple_ids_ingest' AIRFLOW_CTX_TASK_ID='first_task' AIRFLOW_CTX_EXECUTION_DATE='2023-04-14T00:00:00+00:00' AIRFLOW_CTX_TRY_NUMBER='1' AIRFLOW_CTX_DAG_RUN_ID='scheduled__2023-04-14T00:00:00+00:00'
[2024-07-25T14:22:13.930+0000] {subprocess.py:63} INFO - Tmp dir root location: /tmp
[2024-07-25T14:22:13.944+0000] {subprocess.py:75} INFO - Running command: ['/bin/bash', '-c', 'echo $AIRFLOW_HOME']
[2024-07-25T14:22:15.109+0000] {subprocess.py:86} INFO - Output:
[2024-07-25T14:22:15.307+0000] {subprocess.py:93} INFO - /opt/***
[2024-07-25T14:22:15.308+0000] {subprocess.py:97} INFO - Command exited with return code 0
[2024-07-25T14:22:15.692+0000] {taskinstance.py:1400} INFO - Marking task as SUCCESS. dag_id=simple_ids_ingest, task_id=first_task, execution_date=20230414T000000, start_date=20240725T142210, end_date=20240725T142215
[2024-07-25T14:22:16.338+0000] {local_task_job_runner.py:228} INFO - Task exited with return code 0
[2024-07-25T14:22:17.110+0000] {taskinstance.py:2778} INFO - 1 downstream tasks scheduled from follow-on schedule check
