[2024-07-25T10:07:58.718+0000] {taskinstance.py:1159} INFO - Dependencies all met for dep_context=non-requeueable deps ti=<TaskInstance: holiday_ingest.holiday_api_ingestion scheduled__2023-05-10T00:00:00+00:00 [queued]>
[2024-07-25T10:07:58.841+0000] {taskinstance.py:1159} INFO - Dependencies all met for dep_context=requeueable deps ti=<TaskInstance: holiday_ingest.holiday_api_ingestion scheduled__2023-05-10T00:00:00+00:00 [queued]>
[2024-07-25T10:07:58.842+0000] {taskinstance.py:1361} INFO - Starting attempt 1 of 2
[2024-07-25T10:07:58.977+0000] {taskinstance.py:1382} INFO - Executing <Task(HolidayAPIIngestOperator): holiday_api_ingestion> on 2023-05-10 00:00:00+00:00
[2024-07-25T10:07:59.122+0000] {standard_task_runner.py:57} INFO - Started process 4891 to run task
[2024-07-25T10:07:59.159+0000] {standard_task_runner.py:84} INFO - Running: ['***', 'tasks', 'run', 'holiday_ingest', 'holiday_api_ingestion', 'scheduled__2023-05-10T00:00:00+00:00', '--job-id', '1104', '--raw', '--subdir', 'DAGS_FOLDER/holiday_ingest/holiday_ingest_dag.py', '--cfg-path', '/tmp/tmpxo2pwlxr']
[2024-07-25T10:07:59.249+0000] {standard_task_runner.py:85} INFO - Job 1104: Subtask holiday_api_ingestion
[2024-07-25T10:07:59.669+0000] {task_command.py:416} INFO - Running <TaskInstance: holiday_ingest.holiday_api_ingestion scheduled__2023-05-10T00:00:00+00:00 [running]> on host c7799c7b21e5
[2024-07-25T10:08:00.489+0000] {taskinstance.py:1662} INFO - Exporting env vars: AIRFLOW_CTX_DAG_OWNER='Ajay' AIRFLOW_CTX_DAG_ID='holiday_ingest' AIRFLOW_CTX_TASK_ID='holiday_api_ingestion' AIRFLOW_CTX_EXECUTION_DATE='2023-05-10T00:00:00+00:00' AIRFLOW_CTX_TRY_NUMBER='1' AIRFLOW_CTX_DAG_RUN_ID='scheduled__2023-05-10T00:00:00+00:00'
[2024-07-25T10:08:01.350+0000] {logging_mixin.py:154} INFO - {'status': 402, 'requests': {'used': 66, 'available': 9934, 'resets': '2024-08-01 00:00:00'}, 'error': "Free accounts are limited to last year's historical data only. Upgrade to premium for access to all holiday data. For more information, please visit https://holidayapi.com/docs"}
[2024-07-25T10:08:01.648+0000] {taskinstance.py:1400} INFO - Marking task as SUCCESS. dag_id=holiday_ingest, task_id=holiday_api_ingestion, execution_date=20230510T000000, start_date=20240725T100758, end_date=20240725T100801
[2024-07-25T10:08:01.929+0000] {local_task_job_runner.py:228} INFO - Task exited with return code 0
[2024-07-25T10:08:02.036+0000] {taskinstance.py:2778} INFO - 0 downstream tasks scheduled from follow-on schedule check
[2024-07-25T14:22:28.783+0000] {taskinstance.py:1159} INFO - Dependencies all met for dep_context=non-requeueable deps ti=<TaskInstance: holiday_ingest.holiday_api_ingestion scheduled__2023-05-10T00:00:00+00:00 [queued]>
[2024-07-25T14:22:29.182+0000] {taskinstance.py:1159} INFO - Dependencies all met for dep_context=requeueable deps ti=<TaskInstance: holiday_ingest.holiday_api_ingestion scheduled__2023-05-10T00:00:00+00:00 [queued]>
[2024-07-25T14:22:29.229+0000] {taskinstance.py:1361} INFO - Starting attempt 1 of 2
[2024-07-25T14:22:29.552+0000] {taskinstance.py:1382} INFO - Executing <Task(HolidayAPIIngestOperator): holiday_api_ingestion> on 2023-05-10 00:00:00+00:00
[2024-07-25T14:22:29.702+0000] {standard_task_runner.py:57} INFO - Started process 3460 to run task
[2024-07-25T14:22:29.810+0000] {standard_task_runner.py:84} INFO - Running: ['***', 'tasks', 'run', 'holiday_ingest', 'holiday_api_ingestion', 'scheduled__2023-05-10T00:00:00+00:00', '--job-id', '386', '--raw', '--subdir', 'DAGS_FOLDER/holiday_ingest/holiday_ingest_dag.py', '--cfg-path', '/tmp/tmpz6nbnl87']
[2024-07-25T14:22:29.936+0000] {standard_task_runner.py:85} INFO - Job 386: Subtask holiday_api_ingestion
[2024-07-25T14:22:30.966+0000] {task_command.py:416} INFO - Running <TaskInstance: holiday_ingest.holiday_api_ingestion scheduled__2023-05-10T00:00:00+00:00 [running]> on host b7334bec8397
[2024-07-25T14:22:32.846+0000] {taskinstance.py:1662} INFO - Exporting env vars: AIRFLOW_CTX_DAG_OWNER='Ajay' AIRFLOW_CTX_DAG_ID='holiday_ingest' AIRFLOW_CTX_TASK_ID='holiday_api_ingestion' AIRFLOW_CTX_EXECUTION_DATE='2023-05-10T00:00:00+00:00' AIRFLOW_CTX_TRY_NUMBER='1' AIRFLOW_CTX_DAG_RUN_ID='scheduled__2023-05-10T00:00:00+00:00'
[2024-07-25T14:22:34.144+0000] {logging_mixin.py:154} INFO - {'status': 402, 'requests': {'used': 555, 'available': 9445, 'resets': '2024-08-01 00:00:00'}, 'error': "Free accounts are limited to last year's historical data only. Upgrade to premium for access to all holiday data. For more information, please visit https://holidayapi.com/docs"}
[2024-07-25T14:22:34.513+0000] {taskinstance.py:1400} INFO - Marking task as SUCCESS. dag_id=holiday_ingest, task_id=holiday_api_ingestion, execution_date=20230510T000000, start_date=20240725T142228, end_date=20240725T142234
[2024-07-25T14:22:35.822+0000] {local_task_job_runner.py:228} INFO - Task exited with return code 0
[2024-07-25T14:22:36.411+0000] {taskinstance.py:2778} INFO - 0 downstream tasks scheduled from follow-on schedule check
