[2024-07-25T10:07:28.412+0000] {taskinstance.py:1159} INFO - Dependencies all met for dep_context=non-requeueable deps ti=<TaskInstance: holiday_ingest.holiday_api_ingestion scheduled__2023-04-10T00:00:00+00:00 [queued]>
[2024-07-25T10:07:28.494+0000] {taskinstance.py:1159} INFO - Dependencies all met for dep_context=requeueable deps ti=<TaskInstance: holiday_ingest.holiday_api_ingestion scheduled__2023-04-10T00:00:00+00:00 [queued]>
[2024-07-25T10:07:28.494+0000] {taskinstance.py:1361} INFO - Starting attempt 1 of 2
[2024-07-25T10:07:28.692+0000] {taskinstance.py:1382} INFO - Executing <Task(HolidayAPIIngestOperator): holiday_api_ingestion> on 2023-04-10 00:00:00+00:00
[2024-07-25T10:07:28.795+0000] {standard_task_runner.py:57} INFO - Started process 4816 to run task
[2024-07-25T10:07:28.835+0000] {standard_task_runner.py:84} INFO - Running: ['***', 'tasks', 'run', 'holiday_ingest', 'holiday_api_ingestion', 'scheduled__2023-04-10T00:00:00+00:00', '--job-id', '1074', '--raw', '--subdir', 'DAGS_FOLDER/holiday_ingest/holiday_ingest_dag.py', '--cfg-path', '/tmp/tmpjci1u88o']
[2024-07-25T10:07:28.881+0000] {standard_task_runner.py:85} INFO - Job 1074: Subtask holiday_api_ingestion
[2024-07-25T10:07:29.243+0000] {task_command.py:416} INFO - Running <TaskInstance: holiday_ingest.holiday_api_ingestion scheduled__2023-04-10T00:00:00+00:00 [running]> on host c7799c7b21e5
[2024-07-25T10:07:30.305+0000] {taskinstance.py:1662} INFO - Exporting env vars: AIRFLOW_CTX_DAG_OWNER='Ajay' AIRFLOW_CTX_DAG_ID='holiday_ingest' AIRFLOW_CTX_TASK_ID='holiday_api_ingestion' AIRFLOW_CTX_EXECUTION_DATE='2023-04-10T00:00:00+00:00' AIRFLOW_CTX_TRY_NUMBER='1' AIRFLOW_CTX_DAG_RUN_ID='scheduled__2023-04-10T00:00:00+00:00'
[2024-07-25T10:07:31.008+0000] {logging_mixin.py:154} INFO - {'status': 402, 'requests': {'used': 37, 'available': 9963, 'resets': '2024-08-01 00:00:00'}, 'error': "Free accounts are limited to last year's historical data only. Upgrade to premium for access to all holiday data. For more information, please visit https://holidayapi.com/docs"}
[2024-07-25T10:07:31.160+0000] {taskinstance.py:1400} INFO - Marking task as SUCCESS. dag_id=holiday_ingest, task_id=holiday_api_ingestion, execution_date=20230410T000000, start_date=20240725T100728, end_date=20240725T100731
[2024-07-25T10:07:31.410+0000] {local_task_job_runner.py:228} INFO - Task exited with return code 0
[2024-07-25T10:07:31.514+0000] {taskinstance.py:2778} INFO - 0 downstream tasks scheduled from follow-on schedule check
[2024-07-25T14:21:35.107+0000] {taskinstance.py:1159} INFO - Dependencies all met for dep_context=non-requeueable deps ti=<TaskInstance: holiday_ingest.holiday_api_ingestion scheduled__2023-04-10T00:00:00+00:00 [queued]>
[2024-07-25T14:21:35.495+0000] {taskinstance.py:1159} INFO - Dependencies all met for dep_context=requeueable deps ti=<TaskInstance: holiday_ingest.holiday_api_ingestion scheduled__2023-04-10T00:00:00+00:00 [queued]>
[2024-07-25T14:21:35.526+0000] {taskinstance.py:1361} INFO - Starting attempt 1 of 2
[2024-07-25T14:21:35.940+0000] {taskinstance.py:1382} INFO - Executing <Task(HolidayAPIIngestOperator): holiday_api_ingestion> on 2023-04-10 00:00:00+00:00
[2024-07-25T14:21:36.066+0000] {standard_task_runner.py:57} INFO - Started process 3326 to run task
[2024-07-25T14:21:36.095+0000] {standard_task_runner.py:84} INFO - Running: ['***', 'tasks', 'run', 'holiday_ingest', 'holiday_api_ingestion', 'scheduled__2023-04-10T00:00:00+00:00', '--job-id', '330', '--raw', '--subdir', 'DAGS_FOLDER/holiday_ingest/holiday_ingest_dag.py', '--cfg-path', '/tmp/tmp8uo56ihp']
[2024-07-25T14:21:36.231+0000] {standard_task_runner.py:85} INFO - Job 330: Subtask holiday_api_ingestion
[2024-07-25T14:21:36.671+0000] {task_command.py:416} INFO - Running <TaskInstance: holiday_ingest.holiday_api_ingestion scheduled__2023-04-10T00:00:00+00:00 [running]> on host b7334bec8397
[2024-07-25T14:21:38.734+0000] {taskinstance.py:1662} INFO - Exporting env vars: AIRFLOW_CTX_DAG_OWNER='Ajay' AIRFLOW_CTX_DAG_ID='holiday_ingest' AIRFLOW_CTX_TASK_ID='holiday_api_ingestion' AIRFLOW_CTX_EXECUTION_DATE='2023-04-10T00:00:00+00:00' AIRFLOW_CTX_TRY_NUMBER='1' AIRFLOW_CTX_DAG_RUN_ID='scheduled__2023-04-10T00:00:00+00:00'
[2024-07-25T14:21:45.094+0000] {logging_mixin.py:154} INFO - {'status': 402, 'requests': {'used': 531, 'available': 9469, 'resets': '2024-08-01 00:00:00'}, 'error': "Free accounts are limited to last year's historical data only. Upgrade to premium for access to all holiday data. For more information, please visit https://holidayapi.com/docs"}
[2024-07-25T14:21:45.529+0000] {taskinstance.py:1400} INFO - Marking task as SUCCESS. dag_id=holiday_ingest, task_id=holiday_api_ingestion, execution_date=20230410T000000, start_date=20240725T142135, end_date=20240725T142145
[2024-07-25T14:21:45.988+0000] {local_task_job_runner.py:228} INFO - Task exited with return code 0
[2024-07-25T14:21:46.114+0000] {taskinstance.py:2778} INFO - 0 downstream tasks scheduled from follow-on schedule check
