[2024-07-25T09:27:58.164+0000] {taskinstance.py:1159} INFO - Dependencies all met for dep_context=non-requeueable deps ti=<TaskInstance: simple_ids_ingest.first_task scheduled__2023-04-22T00:00:00+00:00 [queued]>
[2024-07-25T09:27:58.212+0000] {taskinstance.py:1159} INFO - Dependencies all met for dep_context=requeueable deps ti=<TaskInstance: simple_ids_ingest.first_task scheduled__2023-04-22T00:00:00+00:00 [queued]>
[2024-07-25T09:27:58.222+0000] {taskinstance.py:1361} INFO - Starting attempt 1 of 2
[2024-07-25T09:27:58.400+0000] {taskinstance.py:1382} INFO - Executing <Task(BashOperator): first_task> on 2023-04-22 00:00:00+00:00
[2024-07-25T09:27:58.508+0000] {standard_task_runner.py:57} INFO - Started process 1094 to run task
[2024-07-25T09:27:58.572+0000] {standard_task_runner.py:84} INFO - Running: ['***', 'tasks', 'run', 'simple_ids_ingest', 'first_task', 'scheduled__2023-04-22T00:00:00+00:00', '--job-id', '99', '--raw', '--subdir', 'DAGS_FOLDER/ids_ingest/ids_ingest_dag.py', '--cfg-path', '/tmp/tmp616yup33']
[2024-07-25T09:27:58.604+0000] {standard_task_runner.py:85} INFO - Job 99: Subtask first_task
[2024-07-25T09:27:59.313+0000] {task_command.py:416} INFO - Running <TaskInstance: simple_ids_ingest.first_task scheduled__2023-04-22T00:00:00+00:00 [running]> on host c7799c7b21e5
[2024-07-25T09:28:00.756+0000] {taskinstance.py:1662} INFO - Exporting env vars: AIRFLOW_CTX_DAG_OWNER='Ajay' AIRFLOW_CTX_DAG_ID='simple_ids_ingest' AIRFLOW_CTX_TASK_ID='first_task' AIRFLOW_CTX_EXECUTION_DATE='2023-04-22T00:00:00+00:00' AIRFLOW_CTX_TRY_NUMBER='1' AIRFLOW_CTX_DAG_RUN_ID='scheduled__2023-04-22T00:00:00+00:00'
[2024-07-25T09:28:00.771+0000] {subprocess.py:63} INFO - Tmp dir root location: /tmp
[2024-07-25T09:28:00.777+0000] {subprocess.py:75} INFO - Running command: ['/bin/bash', '-c', 'echo $AIRFLOW_HOME']
[2024-07-25T09:28:01.367+0000] {subprocess.py:86} INFO - Output:
[2024-07-25T09:28:01.418+0000] {subprocess.py:93} INFO - /opt/***
[2024-07-25T09:28:01.432+0000] {subprocess.py:97} INFO - Command exited with return code 0
[2024-07-25T09:28:01.657+0000] {taskinstance.py:1400} INFO - Marking task as SUCCESS. dag_id=simple_ids_ingest, task_id=first_task, execution_date=20230422T000000, start_date=20240725T092758, end_date=20240725T092801
[2024-07-25T09:28:01.955+0000] {local_task_job_runner.py:228} INFO - Task exited with return code 0
[2024-07-25T09:28:02.115+0000] {taskinstance.py:2778} INFO - 1 downstream tasks scheduled from follow-on schedule check
[2024-07-25T14:22:26.421+0000] {taskinstance.py:1159} INFO - Dependencies all met for dep_context=non-requeueable deps ti=<TaskInstance: simple_ids_ingest.first_task scheduled__2023-04-22T00:00:00+00:00 [queued]>
[2024-07-25T14:22:26.664+0000] {taskinstance.py:1159} INFO - Dependencies all met for dep_context=requeueable deps ti=<TaskInstance: simple_ids_ingest.first_task scheduled__2023-04-22T00:00:00+00:00 [queued]>
[2024-07-25T14:22:26.712+0000] {taskinstance.py:1361} INFO - Starting attempt 1 of 2
[2024-07-25T14:22:27.105+0000] {taskinstance.py:1382} INFO - Executing <Task(BashOperator): first_task> on 2023-04-22 00:00:00+00:00
[2024-07-25T14:22:27.185+0000] {standard_task_runner.py:57} INFO - Started process 3447 to run task
[2024-07-25T14:22:27.246+0000] {standard_task_runner.py:84} INFO - Running: ['***', 'tasks', 'run', 'simple_ids_ingest', 'first_task', 'scheduled__2023-04-22T00:00:00+00:00', '--job-id', '377', '--raw', '--subdir', 'DAGS_FOLDER/ids_ingest/ids_ingest_dag.py', '--cfg-path', '/tmp/tmppm4awqjj']
[2024-07-25T14:22:27.272+0000] {standard_task_runner.py:85} INFO - Job 377: Subtask first_task
[2024-07-25T14:22:27.883+0000] {task_command.py:416} INFO - Running <TaskInstance: simple_ids_ingest.first_task scheduled__2023-04-22T00:00:00+00:00 [running]> on host b7334bec8397
[2024-07-25T14:22:30.035+0000] {taskinstance.py:1662} INFO - Exporting env vars: AIRFLOW_CTX_DAG_OWNER='Ajay' AIRFLOW_CTX_DAG_ID='simple_ids_ingest' AIRFLOW_CTX_TASK_ID='first_task' AIRFLOW_CTX_EXECUTION_DATE='2023-04-22T00:00:00+00:00' AIRFLOW_CTX_TRY_NUMBER='1' AIRFLOW_CTX_DAG_RUN_ID='scheduled__2023-04-22T00:00:00+00:00'
[2024-07-25T14:22:30.051+0000] {subprocess.py:63} INFO - Tmp dir root location: /tmp
[2024-07-25T14:22:30.062+0000] {subprocess.py:75} INFO - Running command: ['/bin/bash', '-c', 'echo $AIRFLOW_HOME']
[2024-07-25T14:22:30.562+0000] {subprocess.py:86} INFO - Output:
[2024-07-25T14:22:30.567+0000] {subprocess.py:93} INFO - /opt/***
[2024-07-25T14:22:30.622+0000] {subprocess.py:97} INFO - Command exited with return code 0
[2024-07-25T14:22:30.810+0000] {taskinstance.py:1400} INFO - Marking task as SUCCESS. dag_id=simple_ids_ingest, task_id=first_task, execution_date=20230422T000000, start_date=20240725T142226, end_date=20240725T142230
[2024-07-25T14:22:31.596+0000] {local_task_job_runner.py:228} INFO - Task exited with return code 0
[2024-07-25T14:22:32.292+0000] {taskinstance.py:2778} INFO - 1 downstream tasks scheduled from follow-on schedule check
