[2024-07-25T10:07:33.486+0000] {taskinstance.py:1159} INFO - Dependencies all met for dep_context=non-requeueable deps ti=<TaskInstance: holiday_ingest.holiday_api_ingestion scheduled__2023-04-19T00:00:00+00:00 [queued]>
[2024-07-25T10:07:33.860+0000] {taskinstance.py:1159} INFO - Dependencies all met for dep_context=requeueable deps ti=<TaskInstance: holiday_ingest.holiday_api_ingestion scheduled__2023-04-19T00:00:00+00:00 [queued]>
[2024-07-25T10:07:33.864+0000] {taskinstance.py:1361} INFO - Starting attempt 1 of 2
[2024-07-25T10:07:34.140+0000] {taskinstance.py:1382} INFO - Executing <Task(HolidayAPIIngestOperator): holiday_api_ingestion> on 2023-04-19 00:00:00+00:00
[2024-07-25T10:07:34.255+0000] {standard_task_runner.py:57} INFO - Started process 4828 to run task
[2024-07-25T10:07:34.385+0000] {standard_task_runner.py:84} INFO - Running: ['***', 'tasks', 'run', 'holiday_ingest', 'holiday_api_ingestion', 'scheduled__2023-04-19T00:00:00+00:00', '--job-id', '1083', '--raw', '--subdir', 'DAGS_FOLDER/holiday_ingest/holiday_ingest_dag.py', '--cfg-path', '/tmp/tmp_m9vwq1t']
[2024-07-25T10:07:34.468+0000] {standard_task_runner.py:85} INFO - Job 1083: Subtask holiday_api_ingestion
[2024-07-25T10:07:35.337+0000] {task_command.py:416} INFO - Running <TaskInstance: holiday_ingest.holiday_api_ingestion scheduled__2023-04-19T00:00:00+00:00 [running]> on host c7799c7b21e5
[2024-07-25T10:07:36.282+0000] {taskinstance.py:1662} INFO - Exporting env vars: AIRFLOW_CTX_DAG_OWNER='Ajay' AIRFLOW_CTX_DAG_ID='holiday_ingest' AIRFLOW_CTX_TASK_ID='holiday_api_ingestion' AIRFLOW_CTX_EXECUTION_DATE='2023-04-19T00:00:00+00:00' AIRFLOW_CTX_TRY_NUMBER='1' AIRFLOW_CTX_DAG_RUN_ID='scheduled__2023-04-19T00:00:00+00:00'
[2024-07-25T10:07:37.055+0000] {logging_mixin.py:154} INFO - {'status': 402, 'requests': {'used': 47, 'available': 9953, 'resets': '2024-08-01 00:00:00'}, 'error': "Free accounts are limited to last year's historical data only. Upgrade to premium for access to all holiday data. For more information, please visit https://holidayapi.com/docs"}
[2024-07-25T10:07:37.189+0000] {taskinstance.py:1400} INFO - Marking task as SUCCESS. dag_id=holiday_ingest, task_id=holiday_api_ingestion, execution_date=20230419T000000, start_date=20240725T100733, end_date=20240725T100737
[2024-07-25T10:07:37.323+0000] {local_task_job_runner.py:228} INFO - Task exited with return code 0
[2024-07-25T10:07:37.413+0000] {taskinstance.py:2778} INFO - 0 downstream tasks scheduled from follow-on schedule check
[2024-07-25T14:21:46.032+0000] {taskinstance.py:1159} INFO - Dependencies all met for dep_context=non-requeueable deps ti=<TaskInstance: holiday_ingest.holiday_api_ingestion scheduled__2023-04-19T00:00:00+00:00 [queued]>
[2024-07-25T14:21:46.230+0000] {taskinstance.py:1159} INFO - Dependencies all met for dep_context=requeueable deps ti=<TaskInstance: holiday_ingest.holiday_api_ingestion scheduled__2023-04-19T00:00:00+00:00 [queued]>
[2024-07-25T14:21:46.257+0000] {taskinstance.py:1361} INFO - Starting attempt 1 of 2
[2024-07-25T14:21:46.754+0000] {taskinstance.py:1382} INFO - Executing <Task(HolidayAPIIngestOperator): holiday_api_ingestion> on 2023-04-19 00:00:00+00:00
[2024-07-25T14:21:46.940+0000] {standard_task_runner.py:57} INFO - Started process 3352 to run task
[2024-07-25T14:21:46.963+0000] {standard_task_runner.py:84} INFO - Running: ['***', 'tasks', 'run', 'holiday_ingest', 'holiday_api_ingestion', 'scheduled__2023-04-19T00:00:00+00:00', '--job-id', '343', '--raw', '--subdir', 'DAGS_FOLDER/holiday_ingest/holiday_ingest_dag.py', '--cfg-path', '/tmp/tmpmet268br']
[2024-07-25T14:21:47.040+0000] {standard_task_runner.py:85} INFO - Job 343: Subtask holiday_api_ingestion
[2024-07-25T14:21:47.572+0000] {task_command.py:416} INFO - Running <TaskInstance: holiday_ingest.holiday_api_ingestion scheduled__2023-04-19T00:00:00+00:00 [running]> on host b7334bec8397
[2024-07-25T14:21:49.217+0000] {taskinstance.py:1662} INFO - Exporting env vars: AIRFLOW_CTX_DAG_OWNER='Ajay' AIRFLOW_CTX_DAG_ID='holiday_ingest' AIRFLOW_CTX_TASK_ID='holiday_api_ingestion' AIRFLOW_CTX_EXECUTION_DATE='2023-04-19T00:00:00+00:00' AIRFLOW_CTX_TRY_NUMBER='1' AIRFLOW_CTX_DAG_RUN_ID='scheduled__2023-04-19T00:00:00+00:00'
[2024-07-25T14:21:50.062+0000] {logging_mixin.py:154} INFO - {'status': 402, 'requests': {'used': 536, 'available': 9464, 'resets': '2024-08-01 00:00:00'}, 'error': "Free accounts are limited to last year's historical data only. Upgrade to premium for access to all holiday data. For more information, please visit https://holidayapi.com/docs"}
[2024-07-25T14:21:50.255+0000] {taskinstance.py:1400} INFO - Marking task as SUCCESS. dag_id=holiday_ingest, task_id=holiday_api_ingestion, execution_date=20230419T000000, start_date=20240725T142146, end_date=20240725T142150
[2024-07-25T14:21:50.516+0000] {local_task_job_runner.py:228} INFO - Task exited with return code 0
[2024-07-25T14:21:50.737+0000] {taskinstance.py:2778} INFO - 0 downstream tasks scheduled from follow-on schedule check
