[2024-07-25T10:02:04.740+0000] {taskinstance.py:1159} INFO - Dependencies all met for dep_context=non-requeueable deps ti=<TaskInstance: holiday_ingest.holiday_api_ingestion scheduled__2023-03-25T00:00:00+00:00 [queued]>
[2024-07-25T10:02:04.954+0000] {taskinstance.py:1159} INFO - Dependencies all met for dep_context=requeueable deps ti=<TaskInstance: holiday_ingest.holiday_api_ingestion scheduled__2023-03-25T00:00:00+00:00 [queued]>
[2024-07-25T10:02:04.957+0000] {taskinstance.py:1361} INFO - Starting attempt 1 of 2
[2024-07-25T10:02:05.705+0000] {taskinstance.py:1382} INFO - Executing <Task(HolidayAPIIngestOperator): holiday_api_ingestion> on 2023-03-25 00:00:00+00:00
[2024-07-25T10:02:05.910+0000] {standard_task_runner.py:57} INFO - Started process 4533 to run task
[2024-07-25T10:02:06.011+0000] {standard_task_runner.py:84} INFO - Running: ['***', 'tasks', 'run', 'holiday_ingest', 'holiday_api_ingestion', 'scheduled__2023-03-25T00:00:00+00:00', '--job-id', '1041', '--raw', '--subdir', 'DAGS_FOLDER/holiday_ingest/holiday_ingest_dag.py', '--cfg-path', '/tmp/tmp9_x5u5ia']
[2024-07-25T10:02:06.061+0000] {standard_task_runner.py:85} INFO - Job 1041: Subtask holiday_api_ingestion
[2024-07-25T10:02:07.040+0000] {task_command.py:416} INFO - Running <TaskInstance: holiday_ingest.holiday_api_ingestion scheduled__2023-03-25T00:00:00+00:00 [running]> on host c7799c7b21e5
[2024-07-25T10:02:08.201+0000] {taskinstance.py:1662} INFO - Exporting env vars: AIRFLOW_CTX_DAG_OWNER='Ajay' AIRFLOW_CTX_DAG_ID='holiday_ingest' AIRFLOW_CTX_TASK_ID='holiday_api_ingestion' AIRFLOW_CTX_EXECUTION_DATE='2023-03-25T00:00:00+00:00' AIRFLOW_CTX_TRY_NUMBER='1' AIRFLOW_CTX_DAG_RUN_ID='scheduled__2023-03-25T00:00:00+00:00'
[2024-07-25T10:02:09.063+0000] {logging_mixin.py:154} INFO - {'status': 402, 'requests': {'used': 4, 'available': 9996, 'resets': '2024-08-01 00:00:00'}, 'error': "Free accounts are limited to last year's historical data only. Upgrade to premium for access to all holiday data. For more information, please visit https://holidayapi.com/docs"}
[2024-07-25T10:02:09.071+0000] {taskinstance.py:1937} ERROR - Task failed with exception
Traceback (most recent call last):
  File "/opt/airflow/plugins/operators/holiday_api_plugin.py", line 36, in execute
    raise e
  File "/opt/airflow/plugins/operators/holiday_api_plugin.py", line 32, in execute
    with open(output_file, "w") as f:
FileNotFoundError: [Errno 2] No such file or directory: '/opt/airflow/files_to_test/output_files/holiday_brazil.json'
[2024-07-25T10:02:09.114+0000] {taskinstance.py:1400} INFO - Marking task as UP_FOR_RETRY. dag_id=holiday_ingest, task_id=holiday_api_ingestion, execution_date=20230325T000000, start_date=20240725T100204, end_date=20240725T100209
[2024-07-25T10:02:09.343+0000] {standard_task_runner.py:104} ERROR - Failed to execute job 1041 for task holiday_api_ingestion ([Errno 2] No such file or directory: '/opt/airflow/files_to_test/output_files/holiday_brazil.json'; 4533)
[2024-07-25T10:02:09.557+0000] {local_task_job_runner.py:228} INFO - Task exited with return code 1
[2024-07-25T10:02:09.605+0000] {taskinstance.py:2778} INFO - 0 downstream tasks scheduled from follow-on schedule check
[2024-07-25T14:20:53.391+0000] {taskinstance.py:1159} INFO - Dependencies all met for dep_context=non-requeueable deps ti=<TaskInstance: holiday_ingest.holiday_api_ingestion scheduled__2023-03-25T00:00:00+00:00 [queued]>
[2024-07-25T14:20:53.937+0000] {taskinstance.py:1159} INFO - Dependencies all met for dep_context=requeueable deps ti=<TaskInstance: holiday_ingest.holiday_api_ingestion scheduled__2023-03-25T00:00:00+00:00 [queued]>
[2024-07-25T14:20:53.951+0000] {taskinstance.py:1361} INFO - Starting attempt 1 of 2
[2024-07-25T14:20:54.685+0000] {taskinstance.py:1382} INFO - Executing <Task(HolidayAPIIngestOperator): holiday_api_ingestion> on 2023-03-25 00:00:00+00:00
[2024-07-25T14:20:54.961+0000] {standard_task_runner.py:57} INFO - Started process 3213 to run task
[2024-07-25T14:20:55.206+0000] {standard_task_runner.py:84} INFO - Running: ['***', 'tasks', 'run', 'holiday_ingest', 'holiday_api_ingestion', 'scheduled__2023-03-25T00:00:00+00:00', '--job-id', '289', '--raw', '--subdir', 'DAGS_FOLDER/holiday_ingest/holiday_ingest_dag.py', '--cfg-path', '/tmp/tmp3w1tl4ng']
[2024-07-25T14:20:55.308+0000] {standard_task_runner.py:85} INFO - Job 289: Subtask holiday_api_ingestion
[2024-07-25T14:20:57.217+0000] {task_command.py:416} INFO - Running <TaskInstance: holiday_ingest.holiday_api_ingestion scheduled__2023-03-25T00:00:00+00:00 [running]> on host b7334bec8397
[2024-07-25T14:20:59.897+0000] {taskinstance.py:1662} INFO - Exporting env vars: AIRFLOW_CTX_DAG_OWNER='Ajay' AIRFLOW_CTX_DAG_ID='holiday_ingest' AIRFLOW_CTX_TASK_ID='holiday_api_ingestion' AIRFLOW_CTX_EXECUTION_DATE='2023-03-25T00:00:00+00:00' AIRFLOW_CTX_TRY_NUMBER='1' AIRFLOW_CTX_DAG_RUN_ID='scheduled__2023-03-25T00:00:00+00:00'
[2024-07-25T14:21:00.990+0000] {logging_mixin.py:154} INFO - {'status': 402, 'requests': {'used': 512, 'available': 9488, 'resets': '2024-08-01 00:00:00'}, 'error': "Free accounts are limited to last year's historical data only. Upgrade to premium for access to all holiday data. For more information, please visit https://holidayapi.com/docs"}
[2024-07-25T14:21:01.111+0000] {taskinstance.py:1400} INFO - Marking task as SUCCESS. dag_id=holiday_ingest, task_id=holiday_api_ingestion, execution_date=20230325T000000, start_date=20240725T142053, end_date=20240725T142101
[2024-07-25T14:21:01.723+0000] {local_task_job_runner.py:228} INFO - Task exited with return code 0
[2024-07-25T14:21:01.819+0000] {taskinstance.py:2778} INFO - 0 downstream tasks scheduled from follow-on schedule check
