[2024-07-25T09:22:25.569+0000] {taskinstance.py:1159} INFO - Dependencies all met for dep_context=non-requeueable deps ti=<TaskInstance: simple_ids_ingest.first_task scheduled__2023-04-08T00:00:00+00:00 [queued]>
[2024-07-25T09:22:25.970+0000] {taskinstance.py:1159} INFO - Dependencies all met for dep_context=requeueable deps ti=<TaskInstance: simple_ids_ingest.first_task scheduled__2023-04-08T00:00:00+00:00 [queued]>
[2024-07-25T09:22:25.990+0000] {taskinstance.py:1361} INFO - Starting attempt 1 of 2
[2024-07-25T09:22:26.355+0000] {taskinstance.py:1382} INFO - Executing <Task(BashOperator): first_task> on 2023-04-08 00:00:00+00:00
[2024-07-25T09:22:26.574+0000] {standard_task_runner.py:57} INFO - Started process 793 to run task
[2024-07-25T09:22:26.609+0000] {standard_task_runner.py:84} INFO - Running: ['***', 'tasks', 'run', 'simple_ids_ingest', 'first_task', 'scheduled__2023-04-08T00:00:00+00:00', '--job-id', '54', '--raw', '--subdir', 'DAGS_FOLDER/ids_ingest/ids_ingest_dag.py', '--cfg-path', '/tmp/tmpali8jw9k']
[2024-07-25T09:22:26.687+0000] {standard_task_runner.py:85} INFO - Job 54: Subtask first_task
[2024-07-25T09:22:27.574+0000] {task_command.py:416} INFO - Running <TaskInstance: simple_ids_ingest.first_task scheduled__2023-04-08T00:00:00+00:00 [running]> on host c7799c7b21e5
[2024-07-25T09:22:28.657+0000] {taskinstance.py:1662} INFO - Exporting env vars: AIRFLOW_CTX_DAG_OWNER='Ajay' AIRFLOW_CTX_DAG_ID='simple_ids_ingest' AIRFLOW_CTX_TASK_ID='first_task' AIRFLOW_CTX_EXECUTION_DATE='2023-04-08T00:00:00+00:00' AIRFLOW_CTX_TRY_NUMBER='1' AIRFLOW_CTX_DAG_RUN_ID='scheduled__2023-04-08T00:00:00+00:00'
[2024-07-25T09:22:28.663+0000] {subprocess.py:63} INFO - Tmp dir root location: /tmp
[2024-07-25T09:22:28.674+0000] {subprocess.py:75} INFO - Running command: ['/bin/bash', '-c', 'echo $AIRFLOW_HOME']
[2024-07-25T09:22:28.841+0000] {subprocess.py:86} INFO - Output:
[2024-07-25T09:22:28.871+0000] {subprocess.py:93} INFO - /opt/***
[2024-07-25T09:22:28.882+0000] {subprocess.py:97} INFO - Command exited with return code 0
[2024-07-25T09:22:29.034+0000] {taskinstance.py:1400} INFO - Marking task as SUCCESS. dag_id=simple_ids_ingest, task_id=first_task, execution_date=20230408T000000, start_date=20240725T092225, end_date=20240725T092229
[2024-07-25T09:22:29.435+0000] {local_task_job_runner.py:228} INFO - Task exited with return code 0
[2024-07-25T09:22:29.592+0000] {taskinstance.py:2778} INFO - 0 downstream tasks scheduled from follow-on schedule check
[2024-07-25T14:22:03.536+0000] {taskinstance.py:1159} INFO - Dependencies all met for dep_context=non-requeueable deps ti=<TaskInstance: simple_ids_ingest.first_task scheduled__2023-04-08T00:00:00+00:00 [queued]>
[2024-07-25T14:22:03.878+0000] {taskinstance.py:1159} INFO - Dependencies all met for dep_context=requeueable deps ti=<TaskInstance: simple_ids_ingest.first_task scheduled__2023-04-08T00:00:00+00:00 [queued]>
[2024-07-25T14:22:03.892+0000] {taskinstance.py:1361} INFO - Starting attempt 1 of 2
[2024-07-25T14:22:04.644+0000] {taskinstance.py:1382} INFO - Executing <Task(BashOperator): first_task> on 2023-04-08 00:00:00+00:00
[2024-07-25T14:22:04.767+0000] {standard_task_runner.py:57} INFO - Started process 3391 to run task
[2024-07-25T14:22:05.017+0000] {standard_task_runner.py:84} INFO - Running: ['***', 'tasks', 'run', 'simple_ids_ingest', 'first_task', 'scheduled__2023-04-08T00:00:00+00:00', '--job-id', '355', '--raw', '--subdir', 'DAGS_FOLDER/ids_ingest/ids_ingest_dag.py', '--cfg-path', '/tmp/tmp1n9ojpa1']
[2024-07-25T14:22:05.018+0000] {standard_task_runner.py:85} INFO - Job 355: Subtask first_task
[2024-07-25T14:22:06.248+0000] {task_command.py:416} INFO - Running <TaskInstance: simple_ids_ingest.first_task scheduled__2023-04-08T00:00:00+00:00 [running]> on host b7334bec8397
[2024-07-25T14:22:08.467+0000] {taskinstance.py:1662} INFO - Exporting env vars: AIRFLOW_CTX_DAG_OWNER='Ajay' AIRFLOW_CTX_DAG_ID='simple_ids_ingest' AIRFLOW_CTX_TASK_ID='first_task' AIRFLOW_CTX_EXECUTION_DATE='2023-04-08T00:00:00+00:00' AIRFLOW_CTX_TRY_NUMBER='1' AIRFLOW_CTX_DAG_RUN_ID='scheduled__2023-04-08T00:00:00+00:00'
[2024-07-25T14:22:08.475+0000] {subprocess.py:63} INFO - Tmp dir root location: /tmp
[2024-07-25T14:22:08.477+0000] {subprocess.py:75} INFO - Running command: ['/bin/bash', '-c', 'echo $AIRFLOW_HOME']
[2024-07-25T14:22:08.857+0000] {subprocess.py:86} INFO - Output:
[2024-07-25T14:22:08.866+0000] {subprocess.py:93} INFO - /opt/***
[2024-07-25T14:22:08.867+0000] {subprocess.py:97} INFO - Command exited with return code 0
[2024-07-25T14:22:09.357+0000] {taskinstance.py:1400} INFO - Marking task as SUCCESS. dag_id=simple_ids_ingest, task_id=first_task, execution_date=20230408T000000, start_date=20240725T142203, end_date=20240725T142209
[2024-07-25T14:22:09.901+0000] {local_task_job_runner.py:228} INFO - Task exited with return code 0
[2024-07-25T14:22:10.345+0000] {taskinstance.py:2778} INFO - 1 downstream tasks scheduled from follow-on schedule check
