[2024-07-25T09:17:00.170+0000] {taskinstance.py:1159} INFO - Dependencies all met for dep_context=non-requeueable deps ti=<TaskInstance: simple_ids_ingest.first_task scheduled__2023-04-05T00:00:00+00:00 [queued]>
[2024-07-25T09:17:00.407+0000] {taskinstance.py:1159} INFO - Dependencies all met for dep_context=requeueable deps ti=<TaskInstance: simple_ids_ingest.first_task scheduled__2023-04-05T00:00:00+00:00 [queued]>
[2024-07-25T09:17:00.436+0000] {taskinstance.py:1361} INFO - Starting attempt 1 of 2
[2024-07-25T09:17:00.819+0000] {taskinstance.py:1382} INFO - Executing <Task(BashOperator): first_task> on 2023-04-05 00:00:00+00:00
[2024-07-25T09:17:00.959+0000] {standard_task_runner.py:57} INFO - Started process 510 to run task
[2024-07-25T09:17:01.021+0000] {standard_task_runner.py:84} INFO - Running: ['***', 'tasks', 'run', 'simple_ids_ingest', 'first_task', 'scheduled__2023-04-05T00:00:00+00:00', '--job-id', '19', '--raw', '--subdir', 'DAGS_FOLDER/ids_ingest/ids_ingest_dag.py', '--cfg-path', '/tmp/tmpoqqhc4rr']
[2024-07-25T09:17:01.022+0000] {standard_task_runner.py:85} INFO - Job 19: Subtask first_task
[2024-07-25T09:17:01.497+0000] {task_command.py:416} INFO - Running <TaskInstance: simple_ids_ingest.first_task scheduled__2023-04-05T00:00:00+00:00 [running]> on host c7799c7b21e5
[2024-07-25T09:17:02.668+0000] {taskinstance.py:1662} INFO - Exporting env vars: AIRFLOW_CTX_DAG_OWNER='Ajay' AIRFLOW_CTX_DAG_ID='simple_ids_ingest' AIRFLOW_CTX_TASK_ID='first_task' AIRFLOW_CTX_EXECUTION_DATE='2023-04-05T00:00:00+00:00' AIRFLOW_CTX_TRY_NUMBER='1' AIRFLOW_CTX_DAG_RUN_ID='scheduled__2023-04-05T00:00:00+00:00'
[2024-07-25T09:17:02.669+0000] {subprocess.py:63} INFO - Tmp dir root location: /tmp
[2024-07-25T09:17:02.670+0000] {subprocess.py:75} INFO - Running command: ['/bin/bash', '-c', 'echo $AIRFLOW_HOME']
[2024-07-25T09:17:02.979+0000] {subprocess.py:86} INFO - Output:
[2024-07-25T09:17:03.045+0000] {subprocess.py:93} INFO - /opt/***
[2024-07-25T09:17:03.046+0000] {subprocess.py:97} INFO - Command exited with return code 0
[2024-07-25T09:17:03.354+0000] {taskinstance.py:1400} INFO - Marking task as SUCCESS. dag_id=simple_ids_ingest, task_id=first_task, execution_date=20230405T000000, start_date=20240725T091700, end_date=20240725T091703
[2024-07-25T09:17:03.852+0000] {local_task_job_runner.py:228} INFO - Task exited with return code 0
[2024-07-25T09:17:04.136+0000] {taskinstance.py:2778} INFO - 1 downstream tasks scheduled from follow-on schedule check
[2024-07-25T14:21:24.186+0000] {taskinstance.py:1159} INFO - Dependencies all met for dep_context=non-requeueable deps ti=<TaskInstance: simple_ids_ingest.first_task scheduled__2023-04-05T00:00:00+00:00 [queued]>
[2024-07-25T14:21:24.372+0000] {taskinstance.py:1159} INFO - Dependencies all met for dep_context=requeueable deps ti=<TaskInstance: simple_ids_ingest.first_task scheduled__2023-04-05T00:00:00+00:00 [queued]>
[2024-07-25T14:21:24.373+0000] {taskinstance.py:1361} INFO - Starting attempt 1 of 2
[2024-07-25T14:21:24.777+0000] {taskinstance.py:1382} INFO - Executing <Task(BashOperator): first_task> on 2023-04-05 00:00:00+00:00
[2024-07-25T14:21:24.903+0000] {standard_task_runner.py:57} INFO - Started process 3292 to run task
[2024-07-25T14:21:24.942+0000] {standard_task_runner.py:84} INFO - Running: ['***', 'tasks', 'run', 'simple_ids_ingest', 'first_task', 'scheduled__2023-04-05T00:00:00+00:00', '--job-id', '319', '--raw', '--subdir', 'DAGS_FOLDER/ids_ingest/ids_ingest_dag.py', '--cfg-path', '/tmp/tmpy5xm98c_']
[2024-07-25T14:21:24.943+0000] {standard_task_runner.py:85} INFO - Job 319: Subtask first_task
[2024-07-25T14:21:25.991+0000] {task_command.py:416} INFO - Running <TaskInstance: simple_ids_ingest.first_task scheduled__2023-04-05T00:00:00+00:00 [running]> on host b7334bec8397
[2024-07-25T14:21:27.099+0000] {taskinstance.py:1662} INFO - Exporting env vars: AIRFLOW_CTX_DAG_OWNER='Ajay' AIRFLOW_CTX_DAG_ID='simple_ids_ingest' AIRFLOW_CTX_TASK_ID='first_task' AIRFLOW_CTX_EXECUTION_DATE='2023-04-05T00:00:00+00:00' AIRFLOW_CTX_TRY_NUMBER='1' AIRFLOW_CTX_DAG_RUN_ID='scheduled__2023-04-05T00:00:00+00:00'
[2024-07-25T14:21:27.117+0000] {subprocess.py:63} INFO - Tmp dir root location: /tmp
[2024-07-25T14:21:27.132+0000] {subprocess.py:75} INFO - Running command: ['/bin/bash', '-c', 'echo $AIRFLOW_HOME']
[2024-07-25T14:21:27.452+0000] {subprocess.py:86} INFO - Output:
[2024-07-25T14:21:27.509+0000] {subprocess.py:93} INFO - /opt/***
[2024-07-25T14:21:27.520+0000] {subprocess.py:97} INFO - Command exited with return code 0
[2024-07-25T14:21:27.762+0000] {taskinstance.py:1400} INFO - Marking task as SUCCESS. dag_id=simple_ids_ingest, task_id=first_task, execution_date=20230405T000000, start_date=20240725T142124, end_date=20240725T142127
[2024-07-25T14:21:28.307+0000] {local_task_job_runner.py:228} INFO - Task exited with return code 0
[2024-07-25T14:21:28.649+0000] {taskinstance.py:2778} INFO - 1 downstream tasks scheduled from follow-on schedule check
