[2024-07-25T09:16:58.746+0000] {taskinstance.py:1159} INFO - Dependencies all met for dep_context=non-requeueable deps ti=<TaskInstance: simple_ids_ingest.first_task scheduled__2023-04-02T00:00:00+00:00 [queued]>
[2024-07-25T09:16:58.854+0000] {taskinstance.py:1159} INFO - Dependencies all met for dep_context=requeueable deps ti=<TaskInstance: simple_ids_ingest.first_task scheduled__2023-04-02T00:00:00+00:00 [queued]>
[2024-07-25T09:16:58.859+0000] {taskinstance.py:1361} INFO - Starting attempt 1 of 2
[2024-07-25T09:16:59.362+0000] {taskinstance.py:1382} INFO - Executing <Task(BashOperator): first_task> on 2023-04-02 00:00:00+00:00
[2024-07-25T09:16:59.649+0000] {standard_task_runner.py:57} INFO - Started process 502 to run task
[2024-07-25T09:16:59.765+0000] {standard_task_runner.py:84} INFO - Running: ['***', 'tasks', 'run', 'simple_ids_ingest', 'first_task', 'scheduled__2023-04-02T00:00:00+00:00', '--job-id', '16', '--raw', '--subdir', 'DAGS_FOLDER/ids_ingest/ids_ingest_dag.py', '--cfg-path', '/tmp/tmpv06hgmvz']
[2024-07-25T09:16:59.766+0000] {standard_task_runner.py:85} INFO - Job 16: Subtask first_task
[2024-07-25T09:17:00.274+0000] {task_command.py:416} INFO - Running <TaskInstance: simple_ids_ingest.first_task scheduled__2023-04-02T00:00:00+00:00 [running]> on host c7799c7b21e5
[2024-07-25T09:17:01.316+0000] {taskinstance.py:1662} INFO - Exporting env vars: AIRFLOW_CTX_DAG_OWNER='Ajay' AIRFLOW_CTX_DAG_ID='simple_ids_ingest' AIRFLOW_CTX_TASK_ID='first_task' AIRFLOW_CTX_EXECUTION_DATE='2023-04-02T00:00:00+00:00' AIRFLOW_CTX_TRY_NUMBER='1' AIRFLOW_CTX_DAG_RUN_ID='scheduled__2023-04-02T00:00:00+00:00'
[2024-07-25T09:17:01.317+0000] {subprocess.py:63} INFO - Tmp dir root location: /tmp
[2024-07-25T09:17:01.318+0000] {subprocess.py:75} INFO - Running command: ['/bin/bash', '-c', 'echo $AIRFLOW_HOME']
[2024-07-25T09:17:01.518+0000] {subprocess.py:86} INFO - Output:
[2024-07-25T09:17:01.521+0000] {subprocess.py:93} INFO - /opt/***
[2024-07-25T09:17:01.605+0000] {subprocess.py:97} INFO - Command exited with return code 0
[2024-07-25T09:17:02.089+0000] {taskinstance.py:1400} INFO - Marking task as SUCCESS. dag_id=simple_ids_ingest, task_id=first_task, execution_date=20230402T000000, start_date=20240725T091658, end_date=20240725T091702
[2024-07-25T09:17:02.605+0000] {local_task_job_runner.py:228} INFO - Task exited with return code 0
[2024-07-25T09:17:02.755+0000] {taskinstance.py:2778} INFO - 0 downstream tasks scheduled from follow-on schedule check
[2024-07-25T14:21:18.103+0000] {taskinstance.py:1159} INFO - Dependencies all met for dep_context=non-requeueable deps ti=<TaskInstance: simple_ids_ingest.first_task scheduled__2023-04-02T00:00:00+00:00 [queued]>
[2024-07-25T14:21:18.566+0000] {taskinstance.py:1159} INFO - Dependencies all met for dep_context=requeueable deps ti=<TaskInstance: simple_ids_ingest.first_task scheduled__2023-04-02T00:00:00+00:00 [queued]>
[2024-07-25T14:21:18.632+0000] {taskinstance.py:1361} INFO - Starting attempt 1 of 2
[2024-07-25T14:21:19.188+0000] {taskinstance.py:1382} INFO - Executing <Task(BashOperator): first_task> on 2023-04-02 00:00:00+00:00
[2024-07-25T14:21:19.442+0000] {standard_task_runner.py:57} INFO - Started process 3274 to run task
[2024-07-25T14:21:19.551+0000] {standard_task_runner.py:84} INFO - Running: ['***', 'tasks', 'run', 'simple_ids_ingest', 'first_task', 'scheduled__2023-04-02T00:00:00+00:00', '--job-id', '315', '--raw', '--subdir', 'DAGS_FOLDER/ids_ingest/ids_ingest_dag.py', '--cfg-path', '/tmp/tmp1xe9ebpa']
[2024-07-25T14:21:19.611+0000] {standard_task_runner.py:85} INFO - Job 315: Subtask first_task
[2024-07-25T14:21:20.421+0000] {task_command.py:416} INFO - Running <TaskInstance: simple_ids_ingest.first_task scheduled__2023-04-02T00:00:00+00:00 [running]> on host b7334bec8397
[2024-07-25T14:21:22.188+0000] {taskinstance.py:1662} INFO - Exporting env vars: AIRFLOW_CTX_DAG_OWNER='Ajay' AIRFLOW_CTX_DAG_ID='simple_ids_ingest' AIRFLOW_CTX_TASK_ID='first_task' AIRFLOW_CTX_EXECUTION_DATE='2023-04-02T00:00:00+00:00' AIRFLOW_CTX_TRY_NUMBER='1' AIRFLOW_CTX_DAG_RUN_ID='scheduled__2023-04-02T00:00:00+00:00'
[2024-07-25T14:21:22.212+0000] {subprocess.py:63} INFO - Tmp dir root location: /tmp
[2024-07-25T14:21:22.242+0000] {subprocess.py:75} INFO - Running command: ['/bin/bash', '-c', 'echo $AIRFLOW_HOME']
[2024-07-25T14:21:22.554+0000] {subprocess.py:86} INFO - Output:
[2024-07-25T14:21:22.597+0000] {subprocess.py:93} INFO - /opt/***
[2024-07-25T14:21:22.628+0000] {subprocess.py:97} INFO - Command exited with return code 0
[2024-07-25T14:21:23.009+0000] {taskinstance.py:1400} INFO - Marking task as SUCCESS. dag_id=simple_ids_ingest, task_id=first_task, execution_date=20230402T000000, start_date=20240725T142118, end_date=20240725T142123
[2024-07-25T14:21:23.628+0000] {local_task_job_runner.py:228} INFO - Task exited with return code 0
[2024-07-25T14:21:23.902+0000] {taskinstance.py:2778} INFO - 0 downstream tasks scheduled from follow-on schedule check
