[2024-07-25T09:16:55.885+0000] {taskinstance.py:1159} INFO - Dependencies all met for dep_context=non-requeueable deps ti=<TaskInstance: simple_ids_ingest.first_task scheduled__2023-03-28T00:00:00+00:00 [queued]>
[2024-07-25T09:16:56.128+0000] {taskinstance.py:1159} INFO - Dependencies all met for dep_context=requeueable deps ti=<TaskInstance: simple_ids_ingest.first_task scheduled__2023-03-28T00:00:00+00:00 [queued]>
[2024-07-25T09:16:56.131+0000] {taskinstance.py:1361} INFO - Starting attempt 1 of 2
[2024-07-25T09:16:56.276+0000] {taskinstance.py:1382} INFO - Executing <Task(BashOperator): first_task> on 2023-03-28 00:00:00+00:00
[2024-07-25T09:16:56.363+0000] {standard_task_runner.py:84} INFO - Running: ['***', 'tasks', 'run', 'simple_ids_ingest', 'first_task', 'scheduled__2023-03-28T00:00:00+00:00', '--job-id', '9', '--raw', '--subdir', 'DAGS_FOLDER/ids_ingest/ids_ingest_dag.py', '--cfg-path', '/tmp/tmpa3rlolvv']
[2024-07-25T09:16:56.380+0000] {standard_task_runner.py:85} INFO - Job 9: Subtask first_task
[2024-07-25T09:16:56.336+0000] {standard_task_runner.py:57} INFO - Started process 487 to run task
[2024-07-25T09:16:56.589+0000] {task_command.py:416} INFO - Running <TaskInstance: simple_ids_ingest.first_task scheduled__2023-03-28T00:00:00+00:00 [running]> on host c7799c7b21e5
[2024-07-25T09:16:57.746+0000] {taskinstance.py:1662} INFO - Exporting env vars: AIRFLOW_CTX_DAG_OWNER='Ajay' AIRFLOW_CTX_DAG_ID='simple_ids_ingest' AIRFLOW_CTX_TASK_ID='first_task' AIRFLOW_CTX_EXECUTION_DATE='2023-03-28T00:00:00+00:00' AIRFLOW_CTX_TRY_NUMBER='1' AIRFLOW_CTX_DAG_RUN_ID='scheduled__2023-03-28T00:00:00+00:00'
[2024-07-25T09:16:57.757+0000] {subprocess.py:63} INFO - Tmp dir root location: /tmp
[2024-07-25T09:16:57.773+0000] {subprocess.py:75} INFO - Running command: ['/bin/bash', '-c', 'echo $AIRFLOW_HOME']
[2024-07-25T09:16:57.987+0000] {subprocess.py:86} INFO - Output:
[2024-07-25T09:16:58.038+0000] {subprocess.py:93} INFO - /opt/***
[2024-07-25T09:16:58.041+0000] {subprocess.py:97} INFO - Command exited with return code 0
[2024-07-25T09:16:58.139+0000] {taskinstance.py:1400} INFO - Marking task as SUCCESS. dag_id=simple_ids_ingest, task_id=first_task, execution_date=20230328T000000, start_date=20240725T091655, end_date=20240725T091658
[2024-07-25T09:16:58.304+0000] {local_task_job_runner.py:228} INFO - Task exited with return code 0
[2024-07-25T09:16:58.441+0000] {taskinstance.py:2778} INFO - 1 downstream tasks scheduled from follow-on schedule check
[2024-07-25T14:21:13.534+0000] {taskinstance.py:1159} INFO - Dependencies all met for dep_context=non-requeueable deps ti=<TaskInstance: simple_ids_ingest.first_task scheduled__2023-03-28T00:00:00+00:00 [queued]>
[2024-07-25T14:21:13.923+0000] {taskinstance.py:1159} INFO - Dependencies all met for dep_context=requeueable deps ti=<TaskInstance: simple_ids_ingest.first_task scheduled__2023-03-28T00:00:00+00:00 [queued]>
[2024-07-25T14:21:13.923+0000] {taskinstance.py:1361} INFO - Starting attempt 1 of 2
[2024-07-25T14:21:14.711+0000] {taskinstance.py:1382} INFO - Executing <Task(BashOperator): first_task> on 2023-03-28 00:00:00+00:00
[2024-07-25T14:21:14.895+0000] {standard_task_runner.py:57} INFO - Started process 3263 to run task
[2024-07-25T14:21:15.023+0000] {standard_task_runner.py:84} INFO - Running: ['***', 'tasks', 'run', 'simple_ids_ingest', 'first_task', 'scheduled__2023-03-28T00:00:00+00:00', '--job-id', '310', '--raw', '--subdir', 'DAGS_FOLDER/ids_ingest/ids_ingest_dag.py', '--cfg-path', '/tmp/tmp2qv7081y']
[2024-07-25T14:21:15.220+0000] {standard_task_runner.py:85} INFO - Job 310: Subtask first_task
[2024-07-25T14:21:16.765+0000] {task_command.py:416} INFO - Running <TaskInstance: simple_ids_ingest.first_task scheduled__2023-03-28T00:00:00+00:00 [running]> on host b7334bec8397
[2024-07-25T14:21:19.644+0000] {taskinstance.py:1662} INFO - Exporting env vars: AIRFLOW_CTX_DAG_OWNER='Ajay' AIRFLOW_CTX_DAG_ID='simple_ids_ingest' AIRFLOW_CTX_TASK_ID='first_task' AIRFLOW_CTX_EXECUTION_DATE='2023-03-28T00:00:00+00:00' AIRFLOW_CTX_TRY_NUMBER='1' AIRFLOW_CTX_DAG_RUN_ID='scheduled__2023-03-28T00:00:00+00:00'
[2024-07-25T14:21:19.674+0000] {subprocess.py:63} INFO - Tmp dir root location: /tmp
[2024-07-25T14:21:19.701+0000] {subprocess.py:75} INFO - Running command: ['/bin/bash', '-c', 'echo $AIRFLOW_HOME']
[2024-07-25T14:21:20.374+0000] {subprocess.py:86} INFO - Output:
[2024-07-25T14:21:20.509+0000] {subprocess.py:93} INFO - /opt/***
[2024-07-25T14:21:20.511+0000] {subprocess.py:97} INFO - Command exited with return code 0
[2024-07-25T14:21:20.895+0000] {taskinstance.py:1400} INFO - Marking task as SUCCESS. dag_id=simple_ids_ingest, task_id=first_task, execution_date=20230328T000000, start_date=20240725T142113, end_date=20240725T142120
[2024-07-25T14:21:21.367+0000] {local_task_job_runner.py:228} INFO - Task exited with return code 0
[2024-07-25T14:21:21.553+0000] {taskinstance.py:2778} INFO - 0 downstream tasks scheduled from follow-on schedule check
