[2024-07-25T10:07:31.655+0000] {taskinstance.py:1159} INFO - Dependencies all met for dep_context=non-requeueable deps ti=<TaskInstance: holiday_ingest.holiday_api_ingestion scheduled__2023-04-16T00:00:00+00:00 [queued]>
[2024-07-25T10:07:31.843+0000] {taskinstance.py:1159} INFO - Dependencies all met for dep_context=requeueable deps ti=<TaskInstance: holiday_ingest.holiday_api_ingestion scheduled__2023-04-16T00:00:00+00:00 [queued]>
[2024-07-25T10:07:31.863+0000] {taskinstance.py:1361} INFO - Starting attempt 1 of 2
[2024-07-25T10:07:32.335+0000] {taskinstance.py:1382} INFO - Executing <Task(HolidayAPIIngestOperator): holiday_api_ingestion> on 2023-04-16 00:00:00+00:00
[2024-07-25T10:07:32.413+0000] {standard_task_runner.py:57} INFO - Started process 4825 to run task
[2024-07-25T10:07:32.440+0000] {standard_task_runner.py:84} INFO - Running: ['***', 'tasks', 'run', 'holiday_ingest', 'holiday_api_ingestion', 'scheduled__2023-04-16T00:00:00+00:00', '--job-id', '1081', '--raw', '--subdir', 'DAGS_FOLDER/holiday_ingest/holiday_ingest_dag.py', '--cfg-path', '/tmp/tmpzud3684g']
[2024-07-25T10:07:32.472+0000] {standard_task_runner.py:85} INFO - Job 1081: Subtask holiday_api_ingestion
[2024-07-25T10:07:33.165+0000] {task_command.py:416} INFO - Running <TaskInstance: holiday_ingest.holiday_api_ingestion scheduled__2023-04-16T00:00:00+00:00 [running]> on host c7799c7b21e5
[2024-07-25T10:07:34.462+0000] {taskinstance.py:1662} INFO - Exporting env vars: AIRFLOW_CTX_DAG_OWNER='Ajay' AIRFLOW_CTX_DAG_ID='holiday_ingest' AIRFLOW_CTX_TASK_ID='holiday_api_ingestion' AIRFLOW_CTX_EXECUTION_DATE='2023-04-16T00:00:00+00:00' AIRFLOW_CTX_TRY_NUMBER='1' AIRFLOW_CTX_DAG_RUN_ID='scheduled__2023-04-16T00:00:00+00:00'
[2024-07-25T10:07:35.306+0000] {logging_mixin.py:154} INFO - {'status': 402, 'requests': {'used': 44, 'available': 9956, 'resets': '2024-08-01 00:00:00'}, 'error': "Free accounts are limited to last year's historical data only. Upgrade to premium for access to all holiday data. For more information, please visit https://holidayapi.com/docs"}
[2024-07-25T10:07:35.463+0000] {taskinstance.py:1400} INFO - Marking task as SUCCESS. dag_id=holiday_ingest, task_id=holiday_api_ingestion, execution_date=20230416T000000, start_date=20240725T100731, end_date=20240725T100735
[2024-07-25T10:07:35.733+0000] {local_task_job_runner.py:228} INFO - Task exited with return code 0
[2024-07-25T10:07:35.806+0000] {taskinstance.py:2778} INFO - 0 downstream tasks scheduled from follow-on schedule check
[2024-07-25T14:21:44.247+0000] {taskinstance.py:1159} INFO - Dependencies all met for dep_context=non-requeueable deps ti=<TaskInstance: holiday_ingest.holiday_api_ingestion scheduled__2023-04-16T00:00:00+00:00 [queued]>
[2024-07-25T14:21:44.396+0000] {taskinstance.py:1159} INFO - Dependencies all met for dep_context=requeueable deps ti=<TaskInstance: holiday_ingest.holiday_api_ingestion scheduled__2023-04-16T00:00:00+00:00 [queued]>
[2024-07-25T14:21:44.407+0000] {taskinstance.py:1361} INFO - Starting attempt 1 of 2
[2024-07-25T14:21:44.824+0000] {taskinstance.py:1382} INFO - Executing <Task(HolidayAPIIngestOperator): holiday_api_ingestion> on 2023-04-16 00:00:00+00:00
[2024-07-25T14:21:45.172+0000] {standard_task_runner.py:57} INFO - Started process 3345 to run task
[2024-07-25T14:21:45.211+0000] {standard_task_runner.py:84} INFO - Running: ['***', 'tasks', 'run', 'holiday_ingest', 'holiday_api_ingestion', 'scheduled__2023-04-16T00:00:00+00:00', '--job-id', '341', '--raw', '--subdir', 'DAGS_FOLDER/holiday_ingest/holiday_ingest_dag.py', '--cfg-path', '/tmp/tmp6pp0redu']
[2024-07-25T14:21:45.509+0000] {standard_task_runner.py:85} INFO - Job 341: Subtask holiday_api_ingestion
[2024-07-25T14:21:46.231+0000] {task_command.py:416} INFO - Running <TaskInstance: holiday_ingest.holiday_api_ingestion scheduled__2023-04-16T00:00:00+00:00 [running]> on host b7334bec8397
[2024-07-25T14:21:47.755+0000] {taskinstance.py:1662} INFO - Exporting env vars: AIRFLOW_CTX_DAG_OWNER='Ajay' AIRFLOW_CTX_DAG_ID='holiday_ingest' AIRFLOW_CTX_TASK_ID='holiday_api_ingestion' AIRFLOW_CTX_EXECUTION_DATE='2023-04-16T00:00:00+00:00' AIRFLOW_CTX_TRY_NUMBER='1' AIRFLOW_CTX_DAG_RUN_ID='scheduled__2023-04-16T00:00:00+00:00'
[2024-07-25T14:21:48.909+0000] {logging_mixin.py:154} INFO - {'status': 402, 'requests': {'used': 535, 'available': 9465, 'resets': '2024-08-01 00:00:00'}, 'error': "Free accounts are limited to last year's historical data only. Upgrade to premium for access to all holiday data. For more information, please visit https://holidayapi.com/docs"}
[2024-07-25T14:21:49.277+0000] {taskinstance.py:1400} INFO - Marking task as SUCCESS. dag_id=holiday_ingest, task_id=holiday_api_ingestion, execution_date=20230416T000000, start_date=20240725T142144, end_date=20240725T142149
[2024-07-25T14:21:49.688+0000] {local_task_job_runner.py:228} INFO - Task exited with return code 0
[2024-07-25T14:21:49.809+0000] {taskinstance.py:2778} INFO - 0 downstream tasks scheduled from follow-on schedule check
