[2024-07-25T10:49:21.734+0000] {taskinstance.py:1159} INFO - Dependencies all met for dep_context=non-requeueable deps ti=<TaskInstance: sensors_move_file.move_file_task manual__2024-07-25T10:49:18.253190+00:00 [queued]>
[2024-07-25T10:49:21.745+0000] {taskinstance.py:1159} INFO - Dependencies all met for dep_context=requeueable deps ti=<TaskInstance: sensors_move_file.move_file_task manual__2024-07-25T10:49:18.253190+00:00 [queued]>
[2024-07-25T10:49:21.745+0000] {taskinstance.py:1361} INFO - Starting attempt 1 of 1
[2024-07-25T10:49:21.789+0000] {taskinstance.py:1382} INFO - Executing <Task(BashOperator): move_file_task> on 2024-07-25 10:49:18.253190+00:00
[2024-07-25T10:49:21.799+0000] {standard_task_runner.py:57} INFO - Started process 7264 to run task
[2024-07-25T10:49:21.806+0000] {standard_task_runner.py:84} INFO - Running: ['***', 'tasks', 'run', 'sensors_move_file', 'move_file_task', 'manual__2024-07-25T10:49:18.253190+00:00', '--job-id', '1551', '--raw', '--subdir', 'DAGS_FOLDER/move_file/move_file_to_output_dag.py', '--cfg-path', '/tmp/tmp2f_rvi66']
[2024-07-25T10:49:21.808+0000] {standard_task_runner.py:85} INFO - Job 1551: Subtask move_file_task
[2024-07-25T10:49:21.912+0000] {task_command.py:416} INFO - Running <TaskInstance: sensors_move_file.move_file_task manual__2024-07-25T10:49:18.253190+00:00 [running]> on host c7799c7b21e5
[2024-07-25T10:49:22.136+0000] {taskinstance.py:1662} INFO - Exporting env vars: AIRFLOW_CTX_DAG_OWNER='***' AIRFLOW_CTX_DAG_ID='sensors_move_file' AIRFLOW_CTX_TASK_ID='move_file_task' AIRFLOW_CTX_EXECUTION_DATE='2024-07-25T10:49:18.253190+00:00' AIRFLOW_CTX_TRY_NUMBER='1' AIRFLOW_CTX_DAG_RUN_ID='manual__2024-07-25T10:49:18.253190+00:00'
[2024-07-25T10:49:22.138+0000] {subprocess.py:63} INFO - Tmp dir root location: /tmp
[2024-07-25T10:49:22.138+0000] {subprocess.py:75} INFO - Running command: ['/bin/bash', '-c', 'mv $AIRFLOW_HOME/files_to_test/sensors_files/*.json $AIRFLOW_HOME/files_to_test/output_files/']
[2024-07-25T10:49:22.171+0000] {subprocess.py:86} INFO - Output:
[2024-07-25T10:49:22.185+0000] {subprocess.py:93} INFO - mv: cannot stat '/opt/***/files_to_test/sensors_files/*.json': No such file or directory
[2024-07-25T10:49:22.186+0000] {subprocess.py:97} INFO - Command exited with return code 1
[2024-07-25T10:49:22.201+0000] {taskinstance.py:1937} ERROR - Task failed with exception
Traceback (most recent call last):
  File "/home/airflow/.local/lib/python3.8/site-packages/airflow/operators/bash.py", line 210, in execute
    raise AirflowException(
airflow.exceptions.AirflowException: Bash command failed. The command returned a non-zero exit code 1.
[2024-07-25T10:49:22.211+0000] {taskinstance.py:1400} INFO - Marking task as FAILED. dag_id=sensors_move_file, task_id=move_file_task, execution_date=20240725T104918, start_date=20240725T104921, end_date=20240725T104922
[2024-07-25T10:49:22.244+0000] {standard_task_runner.py:104} ERROR - Failed to execute job 1551 for task move_file_task (Bash command failed. The command returned a non-zero exit code 1.; 7264)
[2024-07-25T10:49:22.279+0000] {local_task_job_runner.py:228} INFO - Task exited with return code 1
[2024-07-25T10:49:22.329+0000] {taskinstance.py:2778} INFO - 0 downstream tasks scheduled from follow-on schedule check
