[2024-07-25T10:02:10.696+0000] {taskinstance.py:1159} INFO - Dependencies all met for dep_context=non-requeueable deps ti=<TaskInstance: holiday_ingest.holiday_api_ingestion scheduled__2023-04-01T00:00:00+00:00 [queued]>
[2024-07-25T10:02:10.826+0000] {taskinstance.py:1159} INFO - Dependencies all met for dep_context=requeueable deps ti=<TaskInstance: holiday_ingest.holiday_api_ingestion scheduled__2023-04-01T00:00:00+00:00 [queued]>
[2024-07-25T10:02:10.889+0000] {taskinstance.py:1361} INFO - Starting attempt 1 of 2
[2024-07-25T10:02:11.098+0000] {taskinstance.py:1382} INFO - Executing <Task(HolidayAPIIngestOperator): holiday_api_ingestion> on 2023-04-01 00:00:00+00:00
[2024-07-25T10:02:11.117+0000] {standard_task_runner.py:57} INFO - Started process 4550 to run task
[2024-07-25T10:02:11.167+0000] {standard_task_runner.py:84} INFO - Running: ['***', 'tasks', 'run', 'holiday_ingest', 'holiday_api_ingestion', 'scheduled__2023-04-01T00:00:00+00:00', '--job-id', '1048', '--raw', '--subdir', 'DAGS_FOLDER/holiday_ingest/holiday_ingest_dag.py', '--cfg-path', '/tmp/tmpvq8tcj6n']
[2024-07-25T10:02:11.204+0000] {standard_task_runner.py:85} INFO - Job 1048: Subtask holiday_api_ingestion
[2024-07-25T10:02:11.627+0000] {task_command.py:416} INFO - Running <TaskInstance: holiday_ingest.holiday_api_ingestion scheduled__2023-04-01T00:00:00+00:00 [running]> on host c7799c7b21e5
[2024-07-25T10:02:12.189+0000] {taskinstance.py:1662} INFO - Exporting env vars: AIRFLOW_CTX_DAG_OWNER='Ajay' AIRFLOW_CTX_DAG_ID='holiday_ingest' AIRFLOW_CTX_TASK_ID='holiday_api_ingestion' AIRFLOW_CTX_EXECUTION_DATE='2023-04-01T00:00:00+00:00' AIRFLOW_CTX_TRY_NUMBER='1' AIRFLOW_CTX_DAG_RUN_ID='scheduled__2023-04-01T00:00:00+00:00'
[2024-07-25T10:02:12.792+0000] {logging_mixin.py:154} INFO - {'status': 402, 'requests': {'used': 8, 'available': 9992, 'resets': '2024-08-01 00:00:00'}, 'error': "Free accounts are limited to last year's historical data only. Upgrade to premium for access to all holiday data. For more information, please visit https://holidayapi.com/docs"}
[2024-07-25T10:02:12.793+0000] {taskinstance.py:1937} ERROR - Task failed with exception
Traceback (most recent call last):
  File "/opt/airflow/plugins/operators/holiday_api_plugin.py", line 36, in execute
    raise e
  File "/opt/airflow/plugins/operators/holiday_api_plugin.py", line 32, in execute
    with open(output_file, "w") as f:
FileNotFoundError: [Errno 2] No such file or directory: '/opt/airflow/files_to_test/output_files/holiday_brazil.json'
[2024-07-25T10:02:12.805+0000] {taskinstance.py:1400} INFO - Marking task as UP_FOR_RETRY. dag_id=holiday_ingest, task_id=holiday_api_ingestion, execution_date=20230401T000000, start_date=20240725T100210, end_date=20240725T100212
[2024-07-25T10:02:12.840+0000] {standard_task_runner.py:104} ERROR - Failed to execute job 1048 for task holiday_api_ingestion ([Errno 2] No such file or directory: '/opt/airflow/files_to_test/output_files/holiday_brazil.json'; 4550)
[2024-07-25T10:02:12.879+0000] {local_task_job_runner.py:228} INFO - Task exited with return code 1
[2024-07-25T10:02:12.924+0000] {taskinstance.py:2778} INFO - 0 downstream tasks scheduled from follow-on schedule check
[2024-07-25T14:21:01.883+0000] {taskinstance.py:1159} INFO - Dependencies all met for dep_context=non-requeueable deps ti=<TaskInstance: holiday_ingest.holiday_api_ingestion scheduled__2023-04-01T00:00:00+00:00 [queued]>
[2024-07-25T14:21:02.103+0000] {taskinstance.py:1159} INFO - Dependencies all met for dep_context=requeueable deps ti=<TaskInstance: holiday_ingest.holiday_api_ingestion scheduled__2023-04-01T00:00:00+00:00 [queued]>
[2024-07-25T14:21:02.137+0000] {taskinstance.py:1361} INFO - Starting attempt 1 of 2
[2024-07-25T14:21:02.893+0000] {taskinstance.py:1382} INFO - Executing <Task(HolidayAPIIngestOperator): holiday_api_ingestion> on 2023-04-01 00:00:00+00:00
[2024-07-25T14:21:03.125+0000] {standard_task_runner.py:57} INFO - Started process 3224 to run task
[2024-07-25T14:21:03.175+0000] {standard_task_runner.py:84} INFO - Running: ['***', 'tasks', 'run', 'holiday_ingest', 'holiday_api_ingestion', 'scheduled__2023-04-01T00:00:00+00:00', '--job-id', '297', '--raw', '--subdir', 'DAGS_FOLDER/holiday_ingest/holiday_ingest_dag.py', '--cfg-path', '/tmp/tmp5g7nx8wj']
[2024-07-25T14:21:03.205+0000] {standard_task_runner.py:85} INFO - Job 297: Subtask holiday_api_ingestion
[2024-07-25T14:21:03.849+0000] {task_command.py:416} INFO - Running <TaskInstance: holiday_ingest.holiday_api_ingestion scheduled__2023-04-01T00:00:00+00:00 [running]> on host b7334bec8397
[2024-07-25T14:21:06.217+0000] {taskinstance.py:1662} INFO - Exporting env vars: AIRFLOW_CTX_DAG_OWNER='Ajay' AIRFLOW_CTX_DAG_ID='holiday_ingest' AIRFLOW_CTX_TASK_ID='holiday_api_ingestion' AIRFLOW_CTX_EXECUTION_DATE='2023-04-01T00:00:00+00:00' AIRFLOW_CTX_TRY_NUMBER='1' AIRFLOW_CTX_DAG_RUN_ID='scheduled__2023-04-01T00:00:00+00:00'
[2024-07-25T14:21:07.286+0000] {logging_mixin.py:154} INFO - {'status': 402, 'requests': {'used': 518, 'available': 9482, 'resets': '2024-08-01 00:00:00'}, 'error': "Free accounts are limited to last year's historical data only. Upgrade to premium for access to all holiday data. For more information, please visit https://holidayapi.com/docs"}
[2024-07-25T14:21:07.686+0000] {taskinstance.py:1400} INFO - Marking task as SUCCESS. dag_id=holiday_ingest, task_id=holiday_api_ingestion, execution_date=20230401T000000, start_date=20240725T142101, end_date=20240725T142107
[2024-07-25T14:21:07.879+0000] {local_task_job_runner.py:228} INFO - Task exited with return code 0
[2024-07-25T14:21:07.956+0000] {taskinstance.py:2778} INFO - 0 downstream tasks scheduled from follow-on schedule check
