[2024-07-25T09:22:32.089+0000] {taskinstance.py:1159} INFO - Dependencies all met for dep_context=non-requeueable deps ti=<TaskInstance: simple_ids_ingest.first_task scheduled__2023-04-21T00:00:00+00:00 [queued]>
[2024-07-25T09:22:32.272+0000] {taskinstance.py:1159} INFO - Dependencies all met for dep_context=requeueable deps ti=<TaskInstance: simple_ids_ingest.first_task scheduled__2023-04-21T00:00:00+00:00 [queued]>
[2024-07-25T09:22:32.284+0000] {taskinstance.py:1361} INFO - Starting attempt 1 of 2
[2024-07-25T09:22:32.448+0000] {taskinstance.py:1382} INFO - Executing <Task(BashOperator): first_task> on 2023-04-21 00:00:00+00:00
[2024-07-25T09:22:32.628+0000] {standard_task_runner.py:57} INFO - Started process 822 to run task
[2024-07-25T09:22:32.687+0000] {standard_task_runner.py:84} INFO - Running: ['***', 'tasks', 'run', 'simple_ids_ingest', 'first_task', 'scheduled__2023-04-21T00:00:00+00:00', '--job-id', '67', '--raw', '--subdir', 'DAGS_FOLDER/ids_ingest/ids_ingest_dag.py', '--cfg-path', '/tmp/tmpbldzlgr4']
[2024-07-25T09:22:32.723+0000] {standard_task_runner.py:85} INFO - Job 67: Subtask first_task
[2024-07-25T09:22:33.731+0000] {task_command.py:416} INFO - Running <TaskInstance: simple_ids_ingest.first_task scheduled__2023-04-21T00:00:00+00:00 [running]> on host c7799c7b21e5
[2024-07-25T09:22:35.253+0000] {taskinstance.py:1662} INFO - Exporting env vars: AIRFLOW_CTX_DAG_OWNER='Ajay' AIRFLOW_CTX_DAG_ID='simple_ids_ingest' AIRFLOW_CTX_TASK_ID='first_task' AIRFLOW_CTX_EXECUTION_DATE='2023-04-21T00:00:00+00:00' AIRFLOW_CTX_TRY_NUMBER='1' AIRFLOW_CTX_DAG_RUN_ID='scheduled__2023-04-21T00:00:00+00:00'
[2024-07-25T09:22:35.254+0000] {subprocess.py:63} INFO - Tmp dir root location: /tmp
[2024-07-25T09:22:35.317+0000] {subprocess.py:75} INFO - Running command: ['/bin/bash', '-c', 'echo $AIRFLOW_HOME']
[2024-07-25T09:22:36.032+0000] {subprocess.py:86} INFO - Output:
[2024-07-25T09:22:36.152+0000] {subprocess.py:93} INFO - /opt/***
[2024-07-25T09:22:36.289+0000] {subprocess.py:97} INFO - Command exited with return code 0
[2024-07-25T09:22:36.907+0000] {taskinstance.py:1400} INFO - Marking task as SUCCESS. dag_id=simple_ids_ingest, task_id=first_task, execution_date=20230421T000000, start_date=20240725T092232, end_date=20240725T092236
[2024-07-25T09:22:37.688+0000] {local_task_job_runner.py:228} INFO - Task exited with return code 0
[2024-07-25T09:22:38.227+0000] {taskinstance.py:2778} INFO - 0 downstream tasks scheduled from follow-on schedule check
[2024-07-25T14:22:26.662+0000] {taskinstance.py:1159} INFO - Dependencies all met for dep_context=non-requeueable deps ti=<TaskInstance: simple_ids_ingest.first_task scheduled__2023-04-21T00:00:00+00:00 [queued]>
[2024-07-25T14:22:26.768+0000] {taskinstance.py:1159} INFO - Dependencies all met for dep_context=requeueable deps ti=<TaskInstance: simple_ids_ingest.first_task scheduled__2023-04-21T00:00:00+00:00 [queued]>
[2024-07-25T14:22:26.809+0000] {taskinstance.py:1361} INFO - Starting attempt 1 of 2
[2024-07-25T14:22:27.027+0000] {taskinstance.py:1382} INFO - Executing <Task(BashOperator): first_task> on 2023-04-21 00:00:00+00:00
[2024-07-25T14:22:27.100+0000] {standard_task_runner.py:57} INFO - Started process 3446 to run task
[2024-07-25T14:22:27.146+0000] {standard_task_runner.py:84} INFO - Running: ['***', 'tasks', 'run', 'simple_ids_ingest', 'first_task', 'scheduled__2023-04-21T00:00:00+00:00', '--job-id', '376', '--raw', '--subdir', 'DAGS_FOLDER/ids_ingest/ids_ingest_dag.py', '--cfg-path', '/tmp/tmp1n76b_yi']
[2024-07-25T14:22:27.206+0000] {standard_task_runner.py:85} INFO - Job 376: Subtask first_task
[2024-07-25T14:22:27.782+0000] {task_command.py:416} INFO - Running <TaskInstance: simple_ids_ingest.first_task scheduled__2023-04-21T00:00:00+00:00 [running]> on host b7334bec8397
[2024-07-25T14:22:29.966+0000] {taskinstance.py:1662} INFO - Exporting env vars: AIRFLOW_CTX_DAG_OWNER='Ajay' AIRFLOW_CTX_DAG_ID='simple_ids_ingest' AIRFLOW_CTX_TASK_ID='first_task' AIRFLOW_CTX_EXECUTION_DATE='2023-04-21T00:00:00+00:00' AIRFLOW_CTX_TRY_NUMBER='1' AIRFLOW_CTX_DAG_RUN_ID='scheduled__2023-04-21T00:00:00+00:00'
[2024-07-25T14:22:29.988+0000] {subprocess.py:63} INFO - Tmp dir root location: /tmp
[2024-07-25T14:22:30.006+0000] {subprocess.py:75} INFO - Running command: ['/bin/bash', '-c', 'echo $AIRFLOW_HOME']
[2024-07-25T14:22:30.433+0000] {subprocess.py:86} INFO - Output:
[2024-07-25T14:22:30.544+0000] {subprocess.py:93} INFO - /opt/***
[2024-07-25T14:22:30.546+0000] {subprocess.py:97} INFO - Command exited with return code 0
[2024-07-25T14:22:30.932+0000] {taskinstance.py:1400} INFO - Marking task as SUCCESS. dag_id=simple_ids_ingest, task_id=first_task, execution_date=20230421T000000, start_date=20240725T142226, end_date=20240725T142230
[2024-07-25T14:22:31.594+0000] {local_task_job_runner.py:228} INFO - Task exited with return code 0
[2024-07-25T14:22:31.876+0000] {taskinstance.py:2778} INFO - 1 downstream tasks scheduled from follow-on schedule check
