[2024-07-25T09:16:53.718+0000] {taskinstance.py:1159} INFO - Dependencies all met for dep_context=non-requeueable deps ti=<TaskInstance: simple_ids_ingest.first_task scheduled__2023-03-26T00:00:00+00:00 [queued]>
[2024-07-25T09:16:53.937+0000] {taskinstance.py:1159} INFO - Dependencies all met for dep_context=requeueable deps ti=<TaskInstance: simple_ids_ingest.first_task scheduled__2023-03-26T00:00:00+00:00 [queued]>
[2024-07-25T09:16:53.938+0000] {taskinstance.py:1361} INFO - Starting attempt 1 of 2
[2024-07-25T09:16:54.332+0000] {taskinstance.py:1382} INFO - Executing <Task(BashOperator): first_task> on 2023-03-26 00:00:00+00:00
[2024-07-25T09:16:54.601+0000] {standard_task_runner.py:57} INFO - Started process 481 to run task
[2024-07-25T09:16:54.713+0000] {standard_task_runner.py:84} INFO - Running: ['***', 'tasks', 'run', 'simple_ids_ingest', 'first_task', 'scheduled__2023-03-26T00:00:00+00:00', '--job-id', '7', '--raw', '--subdir', 'DAGS_FOLDER/ids_ingest/ids_ingest_dag.py', '--cfg-path', '/tmp/tmp_kc7y__x']
[2024-07-25T09:16:54.720+0000] {standard_task_runner.py:85} INFO - Job 7: Subtask first_task
[2024-07-25T09:16:55.482+0000] {task_command.py:416} INFO - Running <TaskInstance: simple_ids_ingest.first_task scheduled__2023-03-26T00:00:00+00:00 [running]> on host c7799c7b21e5
[2024-07-25T09:16:56.156+0000] {taskinstance.py:1662} INFO - Exporting env vars: AIRFLOW_CTX_DAG_OWNER='Ajay' AIRFLOW_CTX_DAG_ID='simple_ids_ingest' AIRFLOW_CTX_TASK_ID='first_task' AIRFLOW_CTX_EXECUTION_DATE='2023-03-26T00:00:00+00:00' AIRFLOW_CTX_TRY_NUMBER='1' AIRFLOW_CTX_DAG_RUN_ID='scheduled__2023-03-26T00:00:00+00:00'
[2024-07-25T09:16:56.194+0000] {subprocess.py:63} INFO - Tmp dir root location: /tmp
[2024-07-25T09:16:56.201+0000] {subprocess.py:75} INFO - Running command: ['/bin/bash', '-c', 'echo $AIRFLOW_HOME']
[2024-07-25T09:16:56.374+0000] {subprocess.py:86} INFO - Output:
[2024-07-25T09:16:56.400+0000] {subprocess.py:93} INFO - /opt/***
[2024-07-25T09:16:56.402+0000] {subprocess.py:97} INFO - Command exited with return code 0
[2024-07-25T09:16:56.488+0000] {taskinstance.py:1400} INFO - Marking task as SUCCESS. dag_id=simple_ids_ingest, task_id=first_task, execution_date=20230326T000000, start_date=20240725T091653, end_date=20240725T091656
[2024-07-25T09:16:56.565+0000] {local_task_job_runner.py:228} INFO - Task exited with return code 0
[2024-07-25T09:16:56.712+0000] {taskinstance.py:2778} INFO - 1 downstream tasks scheduled from follow-on schedule check
[2024-07-25T14:21:12.250+0000] {taskinstance.py:1159} INFO - Dependencies all met for dep_context=non-requeueable deps ti=<TaskInstance: simple_ids_ingest.first_task scheduled__2023-03-26T00:00:00+00:00 [queued]>
[2024-07-25T14:21:12.808+0000] {taskinstance.py:1159} INFO - Dependencies all met for dep_context=requeueable deps ti=<TaskInstance: simple_ids_ingest.first_task scheduled__2023-03-26T00:00:00+00:00 [queued]>
[2024-07-25T14:21:12.809+0000] {taskinstance.py:1361} INFO - Starting attempt 1 of 2
[2024-07-25T14:21:13.108+0000] {taskinstance.py:1382} INFO - Executing <Task(BashOperator): first_task> on 2023-03-26 00:00:00+00:00
[2024-07-25T14:21:13.230+0000] {standard_task_runner.py:57} INFO - Started process 3253 to run task
[2024-07-25T14:21:13.267+0000] {standard_task_runner.py:84} INFO - Running: ['***', 'tasks', 'run', 'simple_ids_ingest', 'first_task', 'scheduled__2023-03-26T00:00:00+00:00', '--job-id', '308', '--raw', '--subdir', 'DAGS_FOLDER/ids_ingest/ids_ingest_dag.py', '--cfg-path', '/tmp/tmpjn9ueot2']
[2024-07-25T14:21:13.396+0000] {standard_task_runner.py:85} INFO - Job 308: Subtask first_task
[2024-07-25T14:21:14.611+0000] {task_command.py:416} INFO - Running <TaskInstance: simple_ids_ingest.first_task scheduled__2023-03-26T00:00:00+00:00 [running]> on host b7334bec8397
[2024-07-25T14:21:17.079+0000] {taskinstance.py:1662} INFO - Exporting env vars: AIRFLOW_CTX_DAG_OWNER='Ajay' AIRFLOW_CTX_DAG_ID='simple_ids_ingest' AIRFLOW_CTX_TASK_ID='first_task' AIRFLOW_CTX_EXECUTION_DATE='2023-03-26T00:00:00+00:00' AIRFLOW_CTX_TRY_NUMBER='1' AIRFLOW_CTX_DAG_RUN_ID='scheduled__2023-03-26T00:00:00+00:00'
[2024-07-25T14:21:17.090+0000] {subprocess.py:63} INFO - Tmp dir root location: /tmp
[2024-07-25T14:21:17.091+0000] {subprocess.py:75} INFO - Running command: ['/bin/bash', '-c', 'echo $AIRFLOW_HOME']
[2024-07-25T14:21:18.004+0000] {subprocess.py:86} INFO - Output:
[2024-07-25T14:21:18.187+0000] {subprocess.py:93} INFO - /opt/***
[2024-07-25T14:21:18.190+0000] {subprocess.py:97} INFO - Command exited with return code 0
[2024-07-25T14:21:18.589+0000] {taskinstance.py:1400} INFO - Marking task as SUCCESS. dag_id=simple_ids_ingest, task_id=first_task, execution_date=20230326T000000, start_date=20240725T142112, end_date=20240725T142118
[2024-07-25T14:21:19.470+0000] {local_task_job_runner.py:228} INFO - Task exited with return code 0
[2024-07-25T14:21:19.702+0000] {taskinstance.py:2778} INFO - 0 downstream tasks scheduled from follow-on schedule check
